718127629
1042884967
2060205781
266736189
1772934297
1777974199
1380947053
752867233
38562.09
6
981759648
2025361592
1412005401
44340.48
20778.26
15624
293665947
762230178
1312519935
36928.67
564134460
695094715
2108501582
817126548
404496962
681276307
1808336779
29312.49
2018509109
624
1650406140
654937088
1007243856
909452104
1527022110
156091973
602751722
16231680
59049
644820016
15145.04
117649
5764801
2063253533
1800636837
1163349900
1751335331
2027119397
44004.03
565563233
206944637
1750865704
282475249
784985348
43292.93
715238902
925185005
1947029802
1082069775
35722.94
1935521644
38025.92
22905.13
395621423
40082373
7
24
1886739864
1507537405
835115930
83788102
1324445311
1272270501
1634777093
32898.01
1324233753
34114.18
1183176961
998694091
1025605319
1679616
16
802523826
1
49
1329063469
104707664
1575687924
7776
10000000
531441
1308094295
17552.40
31216.69
2065448327
2013265006
1467512003
1592947930
1223483648
4750.38
