1192801721
229645751
1423435492
2140143297
9
347756134
332125495
652445847
1397443905
1749238285
384745657
8183.14
595817486
2
279293985
456982471
426841173
123650586
932066593
22975.66
282475249
1759601216
750222305
117067362
635310167
10000000
570064820
1
158066722
668648779
9
867482012
427169406
1179774047
832448744
1636550992
1717577676
1000
44628.58
391369597
4
2013882516
99
1024
377277211
894544210
823542
1528547313
404279987
45082.45
6583692
1029384254
1024
22287.07
36417.61
2401
8
208450324
1859192926
1296
1459612048
43225.33
1756093313
687949146
1
1033612600
46656
31293.17
1084671381
1078246575
1329413772
99
28317.76
42467.10
1822605954
5764801
47320449
29691.26
659010517
1489791287
1273042974
366299995
1020329184
1809181282
1732198567
40279.42
15624
1513143527
6561
20708.76
36755.40
1924817557
948358094
1163665263
40094.89
234456884
1
870614693
5764801
22845.14
1349511043
1609290611
1022186545
1692826594
21402.53
829393780
38208060
533232984
4
1255177563
999999999
999999999
8465.05
2119797486
1296
902543299
1025394193
216
35984.94
987608678
1457311472
911885379
21962.94
46142.15
22187.79
