54700
60573
77336
78722
77598
55172
71332
-1
77091
78559
-1
23750
-1
-1
71908
94226
96217
3593
58594
84268
13070
91108
-1
47398
2739
-1
95721
25355
80040
51604
42828
94959
58392
79421
7642
26508
69368
47351
7502
39450
7155
44162
97670
33772
13525
73259
42691
41594
49450
91633
67653
76954
93139
82498
49117
22613
57193
75073
17766
74023
75061
61098
81774
34226
15471
-1
-1
86973
55935
65117
3619
69842
27247
3987
19248
73716
53790
281
99572
55146
35463
41824
58623
58328
76895
46490
63342
74490
99662
81114
31805
56149
52346
12471
68493
99502
90644
52439
45156
28728
64580
31478
396
69094
32252
44181
31964
16031
73804
40935
29124
26305
72377
91878
4392
21412
71894
59893
17966
94302
85363
11336
56538
2370
93385
86173
29593
50914
47331
82398
66155
39742
36550
6548
53021
96192
42007
58512
9390
99775
80311
87651
70378
29696
35986
21960
18679
61037
57066
95041
19261
42994
24168
11487
54288
97423
30805
45725
60676
22937
46635
2083
38217
38103
89014
64882
45947
19330
45461
80614
98810
72906
23851
13180
399
73196
71506
66719
11919
41673
13013
56986
63631
73838
89195
35953
19665
98923
13497
81656
53911
48195
37831
57354
22728
29200
86078
14756
77328
65856
97429
37976
48697
79505
83492
13233
80324
80191
56061
88986
37918
39979
88326
40815
35514
67536
72913
80051
11522
11065
41097
21317
9040
57304
43684
20377
43790
15129
2521
32301
33434
39606
38142
64197
37884
9776
95640
65577
59067
95559
41432
45689
96419
52658
31389
70382
12186
12885
46092
2562
37289
78580
8685
71468
98240
90134
61649
73407
17772
34121
63493
58661
38972
60879
6186
38036
41676
75188
73992
94017
32323
59155
14085
56470
32684
11472
31389
84128
41081
3257
59629
72163
44858
49169
76855
88227
26158
81176
136
50004
15057
62325
36876
76761
5598
40407
50945
56197
92186
19594
7596
61442
79787
17951
78975
67546
45958
72726
91453
56984
14586
38345
92720
75096
89720
5529
24282
680
54518
96925
6530
45680
5906
29738
70015
99715
48223
24990
26220
53866
7931
38020
96553
35420
64449
85544
92086
67985
48560
12829
91728
93381
99488
13392
71823
74301
46585
27332
34229
46637
73199
58665
15755
75429
34456
15066
84060
79803
38381
88510
24267
84413
19271
80172
1190
34971
84743
66612
99662
39661
21250
65433
76404
81449
65321
84228
87454
15089
75088
66412
76888
67388
44589
79673
23460
42899
55796
70012
53891
12843
27263
89896
61079
65688
9317
97169
37542
46328
45574
2689
26908
81282
97530
79470
18652
99537
7159
97437
32052
90248
2158
69067
68691
27694
44204
13145
33237
54354
45837
65371
48795
80846
60193
89894
76210
46969
5715
40592
32094
48406
68558
68093
80869
91398
82014
54359
59000
47209
65717
22369
92526
50938
67483
11009
-1
-1
-1
-1
-1
-1
-1
57782
51418
68989
88926
54460
98696
46872
59195
64924
37015
81644
4482
94828
76049
59924
69220
56376
57975
67615
96682
23090
8177
30747
29245
15455
20866
72466
29201
88132
92592
42383
64333
57325
47211
65990
6665
20356
84395
88927
64370
89668
438
78223
73153
19245
30279
9648
65375
20454
-1
87833
88450
-1

