-1
28972
28291
31640
20178
3470
99395
43730
34640
69046
92052
53331
11383
37487
13006
-1
-1
12411
22933
81508
53055
8465
33002
36553
29014
60910
61916
41315
30014
-1
-1
62031
80275
77279
30642
45898
9215
56368
-1
-1
-1
-1
-1
7128
88750
56858
59993
18402
-1
53648
32863
-1
-1
35622
94173
-1
-1
67358
-1
7702
8746
-1
98227
-1
33477
83095
-1
91634
54314
29704
20018
96767
57666
85960
-1
-1
-1
-1
74392
11438
25665
93794
89093
20231
7692
5503
-1
97867
83139
-1
-1
59542
51679
52594
79757
17945
19971
68226
39269
73510
29920
78392
29878
51083
87201
78331
50312
35497
14033
29782
80479
24138
45342
38153
31095
39780
81246
34203
51821
-1
49870
71359
27946
65733
-1
65981
69262
97665
19810
76978
-1
58315
13205
69878
17678
-1
56672
14682
94050
16017
82708
91800
49160
47097
24799
74368
42500
49956
46647
25846
91885
46239
94960
77948
64054
68223
48657
48085
20385
80525
57184
-1
-1
81681
65428
35284
67378
65918
23953
13584
35821
4729
68528
-1
-1
-1
48699
96473
7169
77287
-1
52235
-1
67271
73481
-1
96396
-1
23753
-1
54853
43985
50579
-1
31828
-1
-1
-1
38848
4227
47652
44459
94393
63062
-1
218
85530
-1
38104
-1
-1
-1
24397
56796
-1
69677
52949
-1
21274
49671
-1
92266
99142
57570
20414
35907
48468
-1
-1
87382
-1
87338
54429
83392
64898
48395
22725
1763
4623
72649
45085
98773
35311
67979
12118
78983
19730
98530
27133
21009
93592
53296
89195
45447
55409
16762
14089
57582
59115
61645
34338
35672
50761
6377
19216
88537
78319
27717
47947
70857
26835
45622
42727
12376
79140
48049
96309
70035
94210
20040
55805
6304
-1
1716
95902
13802
129
32139
8618
60688
47573
2471
66030
62150
56792
11458
65060
70663
92033
83964
6492
87655
50940
14793
39140
99182
71886
23312
12331
71350
21605
28214
27744
86561
35014
68547
35631
17857
71302
22955
12095
44203
75774
76388
2476
99489
94767
27545
16938
29727
93247
10727
59676
26216
94662
36935
67356
44337
85639
78034
38088
4727
78604
28032
32334
14702
74621
38950
57586
11368
13386
97290
24452
15383
55835
3307
51183
40341
82319
26143
4666
38808
79100
65828
5664
9724
25575
61171
54628
4712
50219
9364
1672
23873
49662
62273
63428
74871
89212
16265
1656
-1
-1
20931
39657
21786
73283
55927
95001
60911
89038
67710
61718
94412
84449
59415
86834
67602
57502
79622
31868
89896
88683
26825
35854
59889
29807
23921
74288
52046
90179
81904
78671
7448
35127
11988
32725
41997
60465
74781
43355
93596
99130
31327
42146
38669
23174
31440
52401
55211
68323
77784
27175
99460
50547
12294
70418
43188
48903
9421
76329
56174
90195
11422
96501
54
18525
97317
48193
58789
83214
14620
90338
81171
32423
26201
47285
22861
54276
25580
81123
50103
5458
73183
2284
26334
6592
65513
98224
91969
41913
69933
9095
56787
71541
52167
27730
17483
26826
54708
45782
94698
55823
59405
12843
12863
75856
98693
71352
53618
11161
43969
9381
50397
79806
10878
109
49867
12970
28168
85785
71561
59611
45243
44565
7578
98215
75147
11517
23040
57025
31028
8122
65418
4631
99905
25963
27832
23856
71901
97542
97902
5369
84424
56946
7130
29260
88406
12586
44318
68445
28879
75075
98407
79700
77367
23788
16962
56136
17569
76865
53684
38896
95742
38281
882
50020
71523
82296
83206
82909
62510
91953
31239
66902
4778
66484
48279
77078
15841
72405
11164
75390
90087
-1
76270
91471
88835
-1
-1
21665
-1
41382
69387
91521
86073
51161
23557
63399
58857
75242
29220
29408
77975
90419
66750
99596
80319
72577
31309
7615
32305
58902
16682
14019
12505
18307
22552
17876
-1
13573
-1
-1
73541
88022
89358
97471
-1
-1
29370
39497
50360
19696
73479
87215
45315
59595
6971
21803
17055
98001
96865
1348
98241
36662
48882
63964
46455
67469
37811
40201
30292
52276
74363
92679
26222
94215
49749
53632
25654
51182
4172
47185
83411
52410
34496
86410
37080
70134
51730
23614
42635
69477
23159
54861
74748
56880
53837
87044
19218
33561
95688
43388
42337
80414
50146
87715
60749
4658
75522
99538
25822
46399
93327
64142
52303
22551
14432
57803
36652
95059
25927
13433
89032
28047
56340
87177
37162
88269
70798
17030
25522
46646
42859
57657
19801
17985
42903
90645
76613
54030
14200
9271
91710
40099
8423
7196
58646
34805
37450
86144
65077
19410
53813
36539
62623
49499
52241
73543
9976
58741
31819
67199
78737
22722
84253
9908
17802
74481
4846
11307
74316
91402
18951
54751
87047
43579
159
66003
24803
66295
4389
76847
24381
13661
88478
79689
43812
17788
13062
-1
37713
-1
48532
-1
-1
67291
69729
50270
88294
39857
63135
49015
82669
25452
47356
21956
3793
26646
5592
40172
36312
83550
41120
45734
82309
9223
9419
2227
-1
-1
-1
41917
-1
34183
34859
52675
64490
39112
96184
9511
52564
58851
85277
45544
47687
51934
6238
23329
96226
83582
76049
55832
15241
26154
86044
93327
88361
62275
84617
53163
32944
48769
98537
63207
77938
69175
7418
26604
61841
51137
59311
84287
47523
18853
75207
28267
28779
52621
47481
8087
58734
58257
30963
72564
31993
87683
28819
99682
64872
37240
51405
36980
55531
37152
68814
88017
58522
67340
80420

