-1
7562
74664
70885
-1
-1
-1
-1
-1
53439
-1
71703
19117
88421
83977
99921
86301
42224
36777
5415
66290
87809
48388
17354
4391
69582
82818
2566
3113
15445
69398
15112
35471
42706
43231
63327
92963
95538
53974
78545
32574
63800
75715
71379
7282
35462
49292
66152
42536
74476
19163
23157
71782
78227
78323
99312
30578
10745
82797
50564
61581
73243
51112
96827
11199
59372
92072
72451
99834
54086
26691
27596
46957
30148
54926
71335
64778
32709
58338
70317
53864
68668
81494
7824
72351
81703
78727
52834
10096
47811
28680
3141
1974
11779
8485
27508
94626
87152
6094
74229

