-1
92937
71958
13321
39055
90223
73418
42507
66954
90433
76493
94022
26017
47003
86847
76448
91535
78174
59041
76632
55684
33887
87289
91876
14521
21448
91866
83774
19331
5390
73851
35754
81008
88029
57107
81333
15334
55369
798
51841
69392
9508
79767
61886
93241
94631
3556
46494
81362
49324
22872
80051
59410
63132
24183
59093
21779
13237
44338
59568
96867
64783
94268
2267
85015
76786
22467
75685
28384
91810
974
16628
75972
91387
62777
96068
56704
97382
65427
13431
85708
32660
37398
59849
52652
99609
50096
31328
1583
14000
20113
82361
78005
62066
26779
299
77587
7502
47554
1699
5552
64675
25324
1695
32300
21852
12264
7679
50494
67744
74351
36624
90529
50719
797
86161
67531
99810
44531
2871
32356
51031
50076
58584
18035
6161
80319
47536
28803
1297
53035
45382
37795
43184
94400
1450
67114
72440
20614
71048
63081
22387
94745
52465
73698
62929
91106
51778
32922
44886
60418
55317
93811
58560
1712
40367
73098
93471
49470
87780
95623
20824
37648
53228
90694
41533
54135
18264
98540
80509
68629
25067
80283
56224
84357
66743
62008
81117
25271
93370
43030
50954
64770
87441
43123
33376
71639
82642
47745
44032
44483
15607
91014
15330
27339
63117
25486
98121
66949
50686
87164
85378
43716
47185
72143
88411
47666
85127
12445
90400
7512
80907
94039
747
80491
86051
37662
85407
50297
82044
15807
73964
11785
32615
16437
77592
49988
37011
64679
68157
5175
48287
93310
59562
54791
79452
20901
43306
29927
78343
60666
80302
97607
62983
55859
92420
11300
9543
46160
22979
84592
9296
41946
81302
8718
68337
45276
96366
15430
60110
6329
93198
33284
74972
33992
83473
90560
26078
75857
37709
23901
5131
24066
19472
53314
81129
25290
38446
10865
32990
83416
75010
58021
44502
73052
88551
44844
85241
87331
72275
63231
40054
64306
69282
73474
28541
38431
24203
3378
6431
1472
6918
77874
96294
24053
80752
57082
41050
65466
84272
99143
78591
70224
4897
61720
84133
94781
33328
10567
96211
11095
84378
87335
17599
40819
77209
33451
94124
73159
30410
72699
51065
90125
95308
83958
69597
90093
13072
39783
34878
87932
18737
10754
61013
50936
21981
41354
5164
48166
96643
4195
4151
25995
65401
23490
4121
2243
9241
75721
14711
22203
16705
19334
66825
82688
74144
92407
1178
45515
83572
98589
35987
34199
59889
84663
83456
17606
82402
20923
99721
52144
5153
97987
54009
26988
33463
65345
77263
8888
77493
85995
79377
58560
32228
78307
29452
80047
69623
3045
35153
70840
46616
88139
61107
73859
70927
47986
55275
99447
84917
80619
85482
14818
67515
17466
51853
87211
43142
76307
67611
7778
13693
35326
12347
75288
70765
18603
5448
24702
28218
68563
28307
28441
73414
90098
90380
27494
71945
55320
75497
54221
62201
24893
74877
44766
8769
32566
8611
17383
25987
24806
87180
22848
34990
46118
30315
79681
49622
59372
75870
92101
62401
36352
26914
53865
77362
63165
60389
71604
44695
67346
77220
21247
69452
75748
45550
39877
6871
38738
7886
4564
83589
41313
77749
14768
57667
34435
86549
40225
68869
5644
58645
31502
91190
67985
62675
11525
75484
6342
48153
77156
62262
25835
14321
7180
11020
73192
27876
17870
26280
51904
41110
73455
79109
63007
57269
38365
13831
7443
10399
79014
69250
33961
99555
82199
62553
21583
69941
82669
20014
30954
37881
26357
55690
7001
52582
52371
73401
17118
50510
30065
10100
48348
14289
68001
78183
54534
60692
89261
70201
49597
17071
5558
95291
66863
33926
71714
28344
12188
54093
19016
40609
65280
50690
32495
42561
87780
26662
24900
82490
10651
28398
8652
98691
95952
5353
25179
69030
6268
10515
46643
9082
56651
28108
89068
82847
65131
88749
44796
69397
85899
79118
25719
35426
82683
56753
35695
77254
98658
50523
25198
76278
48449
73644
87824
73458
74269
32640
37455
61684
46086
43747
40831
69934
38512
74738
72591
71943
90532
27806
3117
1944
63421
12169
15596
7138
60585
35623
91417
41441
74221
17853
53925
10012
92657
81171
47173
86420
86766
87949
58774
14041
90872
51083
95129
13041
76060
12890
64384
68244
14283
85715
76761
15460
49506
38541
95792
21148
42378
7076
88474
10721
48071
68005
78708
28794
37353
63419
3365
74976
39828
89604
56233
6370
21077
46764
49763
25339
79329
87537
78780
60287
31011
4642
1079
41278
72981
2970
27685
63750
50565
72383
97377
59480
31375
34896
76499
18807
63341
69657
89766
59929
36455
51490
3718
99120
43949
66460
70131
82510
9159
99449
19267
49463
89235
38480
12381
52798
91116
43569
4245
16099
83610
34832
12719
35091
29035
67446
69737
93286
59345
53324
55161
44403
29014
19189
14279
25555
79753
52101
81188
68670
34091
70659
54705
40904
67467
4074
2270
75325
12059
77953
42565
4266
32023
3542
81742
93071
25690
61680
57924
72290
871
15202
7323
44437
23020
19032
37407
33769
32191
52796
99782
60892
32586
90988
86539
4701

