39044
94598
59670
50848
97242
56794
88375
50611
98636
59619
55252
2582
4472
10396
24556
7645
50012
11410
15046
71992
98176
4101
46248
60708
5862
61377
62061
62588
88602
76811
41294
36959
-1
-1
27719
9649
85864
78319
67234
39052
7269
59160
26319
35224
55812
39993
89427
97992
78792
420
12391
7630
23779
73126
2200
30603
3011
8691
14411
14922
33573
98776
69124
65786
29250
99517
19116
10956
6850
89179
11006
56955
87036
93069
74707
85285
26459
44301
68575
57249
79059
39891
36805
75299
41003
34942
5249
56566
72713
49832
89671
19686
36585
55825
78728
74374
69128
87095
29120
28339
93623
18756
50947
44190
65760
23891
19006
20371
79055
76534
56742
21288
74884
56112
32011
88646
7419
33594
8382
15397
93585
82968
3216
33414
54266
5701
13715
94142
78530
29490
74747
36268
46852
81273
55614
86391
13508
73719
94152
42525
60927
84138
45101
16721
66863
73887
39591
2102
26360
78183
78167
54626
10716
64652
54134
7559
12192
10773
25405
74735
19772
60246
47856
77151
8812
39212
90930
78761
56699
16119
3877
74687
47336
91386
33203
74823
68460
14207
35509
60005
-1
96819
53770
52811
66654
28988
91026
77720
34962
88062
96132
56662
6063
94462
84762
-1
26322
1083
18281
23029
-1
-1
46208
-1
6876
43114
6248
61942
20132
35032
-1
-1
77948
55255
92477
-1
-1
66928
11176
39525
56915
87713
51542
-1
26573
-1
88536
26805
90882
42051
6654
-1
-1
-1
-1
76402
25138
55263
90042
19336
45686
72881
16723
49692
31411
88947
33286
7584
-1
-1
-1
62207
55012
-1
94339
-1
-1
13003
53933
-1
-1
38531
9140
54294
58049
7673
22339
31499
26399
85846
29345
93442
62614
74573
28099
26416
85712
62604
33055
97847
61892
42061
48147
74257
69730
49083
60432
55909
32846
28376
19064
21266
65919
53260
49767
32090
26074
18527
86039
37646
15933
61233
92174
17383
52737
42084
7463
48390
89052
49638
77857
33751
24138
64401
42546
20273
33141
60951
40938
96633
57789
38162
92918
31634
1857
62348
25447
3683
16770
22904
47466
24752
36637
59145
76602
9866
82813
23950
60726
79623
19645
89395
37337
25074
54563
71495
31055
21637
63251
84691
91444
66957
81239
16876
70606
97920
65097
10066
45821
22621
16275
87222
61862
92863
56213
48621
53291
79400
19326
11542
14236
96755
49775
74319
11563
58601
74479
82440
75244
18239
77558
69392
12174
76222
11225
70558
34682
92194
15740
63294
68792
70892
49175
80122
29857
81458
89622
18995
72742
90396
68655
53511
62492
7887
13222
69572
69674
38766
60245
61405
99498
17563
82654
78955
63199
5358
22344
93698
39465
24301
52084
42976
50805
66610
59545
7067
45863
82914
22300
20192
32040
77567
16178
75449
8362
49643
50404
59792
52264
99931
3745
81231
14976
22687
80474
69416
19424
1659
19977
98013
34106
20129
40103
5012
85236
85071
36706
22925
77656
9040
63344
53825
10488
84015
68295
75452
93962
61775
77583
61121
5067
96340
64143
51717
4732
50193
90373
66260
76379
51138
51926
87012
73784
82230
13822
80569
8398
77940
95662
58406
8263
98982
7330
80460
68373
65502
42091
84460
3083
17486
92996
63258
42170
29007
43348
94452
81997
52259
62486
89050
96176
13137
30324
72246
48127
16234
0
98878
48146
26955
73002
96279
93276
78960
63147
63840
50530
22340
29122
10907
14740
88868
96103
63290
18497
22477
68966
99918
78677
67774
80203
91311
49497
61079
13906
75836
76788
38160
73038
92223
9502
46327
26273
41691
83384
69858
3284
91658
80094
66124
67001
83969
84292
53008
98593
63190
23378
97771
93062
7403
70566
67285
35289
73479
56018
45576
82803
60962
73289
12768
99824
4028
24087
80447
49993
95157
1551
16341
8200
42171
61759
17243
26924
8275
44328
52393
1085
58323
24735
98888
72960
6043
70555
86557
81864
48750
52586
45171
44831
78856
91250
54805
23966
99931
95925
14633
45041
29577
74177
73623
99776
78565
24924
79148
41305
74601
87475
65877
72142
12570
6938
14408
81946
81802
46884
47326
31524
682
40907
42914
39838
90802
54876
56852
34364
31269
87125
25536
45183
71984
40241
61247
13136
52319
71222
87248
71268
71870
90049
48403
69141
15010
87020
37868
78168
60999
95590
44004
78966
27863
72634
94009
81405
41815
77329
37763
28583
49733
31993
82377
2128
27910
19783
54349
90855
14907
88520
37087
10105
59664
30158
20743
76248
13416
17881
2897
6256
34363
35181
88626
50645
62568
92593
31480
88087
20353
10992
20365
80410
22706
28272
60633
49080
52906
96834
88273
99287
33928
68393
15756
45263
5476
87686
78541
34354
83854
674
59595
85562
79337
11072
62744
57533
48725
84764
90469
37841
6855
10254
98222
83246
49457
89634
61839
80186
24383
27997
62088
83602
62782
98204
10222
16900
96504
41974
46241
96988
90732
64496
45524
47229
44410
97095
83398
38626
67322
29255
99015
53700
76886
80651
84520
80624
7366
72512
84343
98958
81777
5914
25446
6132
60186
1840
93215
60948
46237
62325
92902
22287
49499
83125
18928
76891
19662
69549
8366
69854
57985
42954
21246
73983
37427
71697
43344
3612
19682
99989
73489
49337
72229
85614
68847
17158
55646
87119
64835
39643
7424
75276
48118
23269
92028
88837
36588
73890
22935
6478
34050
44689
82698
96235
21887
31752
34681
16882
48212
40639
19001
82975
97700
47729
95527
28159
91166
93126
30516
93432
70923
20446
77054
9928
81875
59848
46492
40538
83793
24749
54885
29781
30837
57542
10889
43586
84816
16491
61800
45607
19007
63824
33069
9268
15368
77393
75031
19455
20662
73427
40844
3749
95236
1066
69125
88459
90222
78581
40026
43320
35820
59045
3295
33913
94095
89997
73891
13558
10309
10677
54470
1442
94613
45140
45501
79412
53497
53160
98834
72801
37207
32551
8148
76604
79479
59781
53816
30585
36923
59201
74040
22970
49841
70481
60708
30361
12265
47045
67265
85331
92063
83589
55245
57519
6424
13827
65439
21818
85281
61650
2512
40988
22063
63886
34560
85792
72286
45789
76598
43396
23627
89089
73636
27879
93407
4900
10216
6856
52574
45346
34437
90105
77976
33835
60699
39413
41859
79873
42496
94598
93075
43375
23891
97378
71412
37861
77829
25622
14357
4869
72941
7729
52728
56044
18511
75581
62353
88350
52488
9223
55683
74755
81577
60046
46415
57943
35986
41160
7478
90699
24418
38682
12851
70939
30829
3265
81147
60474
-1
-1
-1
78563
-1
-1
93374
31194
47994
24160
-1
-1
15181
-1
-1
-1
69242
22340
51789
50062
11665
97837
21997
63198
66896
41532
10846
72618
94827
69845
12386
3501
3650
53774
51612
30400
48240
5557
47998
16967
60425
56317
71436
91007
13766
87814
93572
75425
12292
82199
-1
48535
73812
363
11430
91229
73612
-1
5243
71061
42194
15260
17771
14496
44292
12538
85508
74508
68320
33724
10664
93719
42517
10728
91450
51087
92090
77627
80945
93
82102
67551
33418
25811
23702
53625
28931
44276
10937
87286
64742
96087
55513
25873
67731
67871
12964
23671
63053
53036
99423
89178
56677
25866
83965
27209
20191
37462
47806
59408
68825
63546
36728
92450
47039
8115
72639
35652
2341
4957
49009
173
81486
76773
82375
56626
43402
75811
66311
34367
36636
17489
72921
10005
60746
40986
14603
56251
42923
22643
1343
74741
34564
85759
5317
12885
75630
26179
86556
84393
59277
33708
93980
46669
46327
77615
95214
2821
13718
93522
43075
98224
12240
28085
74093
18376
93112
27902
74935
69780
53280
91748
1527
87792
62847
50042
99554
87158
21486
72838
11996
25377
54561
56898
88820
43663
36523
32612
54135
69967
30279
65605
87376
96077
31884
17507
47832
33044
12093
45052
89436
35092
60850
52464
80316
35093
36949
53018
36734
14660
59509
88712
96641
41373
95871
37202
17282
90850
30591
40802
51120
63999
94735
99477
32486
74543
94413
23443
14364
31622
37966
96556
53855
20124
77792
18778
54960
2950
381
56634
92959
96358
34075
90253
8931
18053
89923
70202
44545
91557
55610
93876
28361
38160
664
32111
30138
50394
78795
27888
28642
33474
34762
18037
57460
70519
14731
67636
64623
10940
58346
61245
97059
26654
94334
3420
17566
35793
70220
73591
32190
99806
61096
24465
32078
78440
62296
93215
3048
43986
99357
32101
10809
26844
84391
92852
84606
68332
69084
55689
19583
29778
94080
57733
45150
17289
2430
20979
7618
98591
29735
67279
60055
18376
2549
23803
43700
41285
2848
35236
7172
35260
70060
67017
30773
20195
46228
1820
38790
44329
69582
13363
14968
46680
5286
26915
32955
34626
32001
21953
62062
58806
76053
44444
5566
85145
77385
73590
5419
98507
82909
81652
65342
37423
74290
9482
-1
26264
61549
91973
15481
11774
39245
90312
15536
94276
73577
68525
72742
39340
69122
92063
77846
96630
62345
57386
83612
10496
12142
32874
30015
61899
83929
96303
78903
72199
34337
85263
28821
7949
20300
53813
30440
7866
73731
5558
60857
42723
21594
29600
18056
54758
4093
27351
54397
77355
51592
7371
27676
8953
94513
29309
71539
70784
23890
71643
2814
63645
60408
52578
89615
28375
43603
69168
95189
97028
18688
10913
51810
42306
16566
52131
41310
72596
43848
26708
1419
52503
1195
70373
80342
85354
86601
65128
11855
47847
26572
368
58266
87331
48385
37045
11253
17273
90935
84785
79585
280
14357
50076
21862
43739
96913
43946
58245
71387
89710
22968
46938
12620
35401
10192
47862
94618
66846
44477
49031
37784
6462
86595
77217
47669
41373
30912
84316
19460
20113
90312
78477
63220
57015
21936
53709
53862
45404
80605
49571
94757
19246
14715
83726
80558
37429
62935
30160
42204
40201
30199
48674
1495
45130
50092
1900
32337
67494
55596
93589
2594
62762
42398
89861
45633
83025
72612
85502
55931
94521
31795
96923
41815
15656
44209
61799
53881
228
88214
37243
74673
40806
63108
56012
72214
16679
88425
79070
41568
23372
69258
64729
14664
3410
20084
30325
61047
63471
20610
98898
37275
15663
66434
89943
47274
92351
34893
17986
68197
97773
82596
78863
59229
19822
11104
43859
40802
62760
69903
53951
11991
20038
42192
58733
54244
59688
47074
32550
95494
80000
11446
71868
59024
93164
91779
99864
80925
39304
89055
44188
93746
25725
3958
4525
91758
91665
10325
910
92618
86799
46482
36876
16143
18307
86866
80163
48344
96406
38141
30981
16801
41936
19154
98290
24908
66764
64013
60984
160
16008
29210
55671
29990
45707
93955
93211
98020
89108
74632
46745
31181
23101
71702
22771
71742
28722
16400
6569
4237
18365
31321
35792
27437
22975
55708
47313
33257
61783
80916
16635
89194
72680
3496
12986
23094
51813
87927
55221
43692
49686
37113
78353
14065
6455
41440
37516
84696
29392
13143
944
4209
65769
25219
89258
16504
63751
83370
34253
80070
92284
67835
71570
56442
11962
19497
42244
78043
49294
73364
18904
6969
73625
1907
61010
64070
7785
4347
12975
56340
66755
59619
6686
84782
58992
57960
26696
12449
18547
91396
59715
64143
38795
90057
66155
12703
69378
8067
82672
72779
48226
95815
72037
82103
78761
29140
81789
50997
30827
20443
79218
51526
97720
51084
40013
25785
35910
82687
25711
9397
49448
17795
37378
64218
95247
50192
38595
95693
17490
32640
4563
4916
12412
1502
4988
85509
47536
10852
57193
85770
523
44922
80324
24651
1792
98854
73356
34928
27288
75533
69863
64384
93310
18664
50388
31080
87449
7958
20037
6056
23543
39253
69251
96009
8600
27754
48996
3184
57069
61327
75293
35447
48477
1945
83008
63006
41426
90260
68878
28971
7610
23753
90056
11025
99406
17380
11182
24595
58206
13757
281
19055
92879
12577
61197
1487
25157
90947
33720
32667
88801
50290
20522
75605
4543
78265
20843
56308
23753
48869
18873
72213
72563
21183
95729
76578
77540
57369
57948
40950
73595
24002
39048
9525
27157
94889
20770
35661
89156
94865
29813
45064
74386
79026
40025
88264
79636
33312
43330
70228
45832
74644
71210
87295
33971
49147
33134
32762
23632
76229
83155
63975
29184
80487
44914
47979
3402
46400
91112
89374
38583
98092
4800
95631
617
7270
41541
46224
23700
45191
52031
7703
5686
16113
92016
2135
92297
19319
97670
35937
49105
21945
48369
73402
67187
73625
36017
55462
52617
39210
51406
13340
1527
96351
43350
88646
66607
34654
80108
82343
32491
78885
44430
81778
83932
6911
8487
33985
14974
74339
73312
62581
94691
71464
475
83410
85150
9149
59060
88296
47169
84974
87693
32554
77807
99728
93196
48653
7465
91413
27670
59143
16057
58974
34687
17593
81299
17848
44470
31809
87004
73613
24962
24571
38189
87695
11517
6347
39582
42007
14809
16737
8540
20999
34164
74016
92640
15992
84544
54889
46468
81907
26077
41867
48914
46219
16074
31522
24732
77003
65870
4831
54443
56822
63795
2484
14817
74623
30274
85157
21787
98927
7443
97500
21213
49365
77791
48289
52140
6320
25167
52137
26231
2823
59616
32130
49156
16657
68926
76493
30054
66007
43695
15386
58561
52391
53403
58557
67556
53456
94923
5100
21064
7116
36921
44159

