31456
71332
60573
97896
54700
58460
12880
-1
55172
52814
77598
77336
81504
65139
19882
78722
19559
16365
64326
44100
29090
92999
55761
59621
65073
27351
78559
77091
84363
-1
-1
63174
23750
9445
6243
-1
56648
94226
71908
72384
44790
59122
76889
42478
58594
3593
96217
6674
57889
65095
95318
56364
91108
83855
13070
2189
84268
93900
28723
-1
76577
2739
47398
4350
65531
86008
41030
319
15471
25355
60529
61273
20368
95721
58677
72335
41697
42609
34226
39450
80040
51604
78910
73337
99480
26508
9553
7642
58392
45428
94959
42828
83500
15139
72945
19144
33247
79421
-1
68293
58178
69368
26334
47351
-1
69195
7502
70359
32111
53751
62801
72870
61098
2560
91633
41594
86043
77102
42691
73259
35704
13525
97670
22699
69894
7155
88200
37414
44162
71333
60635
14824
238
33772
13707
11802
49450
-1
-1
-1
-1
75061
2742
74023
87008
67653
76954
-1
82498
93139
-1
-1
-1
67366
49117
-1
17741
51959
22613
92316
75073
50859
48394
88763
57193
90628
1573
39682
17766
27980
6847
36381
9309
81774
3282
28422
-1
-1
-1
55701
-1
23648
86973
-1
-1
55935
-1
-1
58623
55146
19248
69842
3619
52443
65117
48566
-1
-1
-1
-1
27247
-1
77995
3987
-1
-1
-1
51470
73716
47713
98712
3972
281
53790
81978
85622
10836
38448
76887
99572
47905
41824
35463
30801
-1
-1
54730
11889
59535
4713
50938
71072
30063
74490
63342
16187
58328
31195
23336
6497
46490
76895
32712
34501
98142
73162
22369
47209
99662
59000
31805
93929
81114
10418
68449
82014
70175
29124
12471
52346
91550
56149
6785
32519
74776
79316
40935
16031
68493
71437
22905
99502
19798
6646
31964
64580
90644
52898
52439
-1
45156
-1
70221
28728
96865
-1
-1
-1
69094
396
32429
77381
69124
763
31478
91135
-1
44181
32252
20151
49035
69809
49064
65646
67451
51439
68260
77057
54728
73804
23751
15569
-1
62422
17966
71894
91878
72377
39224
26305
90630
57386
48761
81126
97927
63136
70240
74246
16045
72354
79024
7152
21412
4392
84144
40216
30905
59893
41137
48668
36020
27952
94302
23013
11336
36357
85363
29031
20695
80869
8566
69067
90248
54767
28870
97437
7159
43085
99537
56538
76761
93385
2370
40470
84093
46247
9272
18652
42899
96700
80690
58512
39742
86173
75563
66155
65061
82398
47421
73597
94736
29593
79269
36517
50914
47331
32028
86558
88443
36550
12863
9691
6548
60798
42007
96192
32128
53021
88056
98297
17848
61965
27302
60278
76200
23460
84743
18679
63515
70378
87651
35576
56191
80311
99775
9390
68755
99971
51919
22408
21825
81019
97975
81042
59015
35986
29696
4301
21960
11577
1190
61037
69432
21610
72881
80516
18350
80172
76592
72906
98810
64882
48696
56142
89014
38103
38217
36803
2083
91496
8569
57066
24128
7108
95041
7400
97423
54288
6951
11487
19261
42994
9149
24168
7173
37426
65686
76136
28597
30805
45725
67557
46635
80409
22937
41314
95019
60676
55886
53555
20809
49724
70782
87141
13912
39647
99077
17507
57378
5864
91281
80614
78041
19330
20729
45947
66101
36110
3640
39366
42511
15983
44664
45461
97404
96129
26618
36705
61234
23851
93835
33711
63631
14929
35349
399
84827
8580
13180
28692
23169
78814
96353
29862
97379
72551
88726
15223
90213
56986
75361
89852
11834
73196
10290
66719
68438
27399
36262
71506
80091
56429
96538
2170
13013
11919
41673
24947
41212
19271
73838
84413
24267
79803
69900
12745
73418
27332
44345
46585
14055
3767
74301
89195
99958
4695
8602
59155
35953
94116
13497
23333
16474
23492
98923
19665
5534
48195
57429
53911
82822
46082
92188
97653
57610
81656
32448
74131
60847
79505
22728
81070
57354
8879
37831
83818
87227
47234
97429
65856
77328
36071
86078
78116
29200
14756
982
79367
39997
48697
29457
31567
37976
19056
70034
31370
98144
78331
6540
38142
74045
15129
64775
98848
76052
43684
41745
57304
61358
83492
62304
56061
80324
13233
40786
36793
80191
40815
88986
70159
89174
5109
37918
88326
39979
38712
26927
98271
92858
13190
97000
9040
35514
33019
70949
29684
67536
75386
11522
5829
80051
72913
42622
47072
75539
4941
91171
15639
21317
11065
41097
86501
90783
20377
2657
43790
7569
32301
2521
1718
39606
33434
91352
81335
7393
4086
51503
64197
49524
12186
27267
59067
65577
92112
60032
37884
83622
58295
95640
92137
5068
9776
13774
10793
95559
41432
45689
39285
82589
85590
83415
70382
96419
94156
5105
47453
31389
52658
67995
99575
16446
32383
63493
90134
23046
98240
40935
2562
45254
93805
80994
12885
14956
81738
46092
87101
47007
48889
37289
74321
71468
90443
78580
37324
8685
86010
84559
77164
50338
58364
87989
61426
46527
84751
61649
98857
78326
34121
64662
17772
73407
77417
68305
58661
38802
60879
38972
32323
94017
37994
38036
6186
26750
70781
73992
69181
75188
34286
41676
1638
9206
73972
78525
71823
11472
32684
14085
66471
58435
42391
76185
29105
86696
67690
56470
18963
31628
7040
61834
55894
4865
13392
70568
99488
85544
50945
84128
66822
31389
57772
4836
6526
40407
77094
39372
56681
5598
76761
39886
36876
1279
41081
62325
15057
10398
50004
70841
3257
63887
25142
13505
59629
73168
19211
72163
30682
136
26158
49169
56474
44858
88243
42071
88227
64500
76855
33003
44639
19312
39904
64624
47039
81176
56968
98073
63302
99903
52128
11379
13283
5718
35932
41247
86206
68971
73272
73768
76989
49322
37850
10364
96159
23336
40961
72190
35420
56197
95064
63713
73499
21214
25729
40306
67474
96553
92186
78975
95221
10760
7596
19594
27892
14617
79787
66602
61442
66873
85142
4092
17951
32384
59962
7931
89720
67546
84355
45958
68888
20636
83321
6177
91453
72726
40444
98151
75096
8134
38345
14586
92268
81949
56984
46891
27373
89623
72930
2418
89316
92720
97401
50348
80714
5340
680
24282
5529
45680
62113
96925
54518
28375
6530
9244
5906
3309
53866
19467
70015
29738
45943
86420
98745
52156
86284
26220
99715
159
98126
55063
48223
46225
24990
1455
38020
64449
58733
44854
77076
93381
48560
67985
92086
32315
69730
17681
33350
9775
83132
12829
91728
45385
15008
48019
76841
49075
67651
24722
35713
55100
67923
33346
7520
99944
34456
46637
34229
23446
-1
48274
15755
73199
53054
-1
58665
2451
-1
71821
97499
75429
44681
40962
-1
84060
15066
53306
14809
14693
26869
60989
29968
38381
36911
71092
88510
-1
-1
-1
67647
63761
-1
-1
-1
-1
-1
-1
80628
91595
67956
70655
94432
48623
34971
53143
9896
79673
80794
81087
44589
87454
54140
50192
39661
99662
66612
95926
15738
34902
84228
21250
65208
22073
97200
1990
81449
76404
65433
50130
62755
97686
23785
65321
3562
57165
28455
84778
55140
73506
76888
56574
22185
41068
87475
15089
32727
75088
42530
1252
66412
89969
89400
67388
73334
45944
26688
79470
25078
97530
81282
46328
9317
34786
65688
61079
71645
29136
53891
16910
55796
50429
70012
25451
96017
75818
68658
89896
82776
12843
48528
27263
33414
42868
-1
7294
37542
97169
47187
19126
1338
-1
26908
45574
-1
-1
2689
-1
82042
60956
80849
-1
62764
92236
43911
-1
-1
-1
-1
-1
43714
25485
28840
-1
-1
32052
752
11557
98115
99821
31849
38666
88832
2158
93864
39049
2358
43555
13145
68691
79874
16287
27694
64817
96715
44204
98487
26747
49347
48406
71106
32094
89894
60193
52611
80846
88410
33237
61625
54354
55104
65371
45837
59843
48795
50422
63188
73352
35718
66763
63720
87296
1482
5715
16253
57094
56828
76210
34017
46969
68570
40592
97497
-1
-1
-1
-1
68093
14120
56656
5611
68558
43773
31985
14056
56993
96900
86858
83774
43869
91398
30580
54359
33701
25867
48568
56804
65717
15831
94879
63106
43962
68337
39052
92497
5407
92526
6426
45826
46650
11009
67483
-1
-1
-1
-1
-1
58144
-1
-1
-1
24816
-1
19133
20356
64001
72892
9893
57782
57687
51418
52886
71920
6651
29201
76395
21618
98140
84092
22240
47205
10484
59195
68989
38181
84528
46872
88926
54460
98696
35301
15025
76049
94828
23192
4482
94434
64924
43656
95779
37015
63754
6130
81644
23162
70896
91004
36115
50623
59924
61400
69220
57975
56376
82429
82232
37513
19725
67615
33990
5971
14419
23090
96682
-1
72466
20866
2430
8177
54522
15455
30747
73880
23168
29245
-1
-1
36805
-1
-1
-1
-1
-1
-1
6665
6968
65990
44976
46680
88132
85568
37724
42383
92592
86966
54852
64333
42561
57325
20642
47211
-1
-1
-1
21110
26707
21154
90516
36827
84395
73847
-1
9648
15554
30279
68412
438
18661
64370
58367
14336
79825
88927
94093
89668
-1
78223
-1
-1
19245
73153
-1
59353
-1
-1
-1
36770
-1
37436
34844
19299
18748
20454
18468
65375
-1
-1
88450
11443
85181
27251
87833
21390
90786
41328
81393
-1
69514
48184
24764
2301
4024
99987
34741
34983
50047
51332
44614
46204
86952
79415
34060
-1
-1
60967
32672
33654
21184
97597
-1
-1
-1
25112
81146
-1
-1
40126
78264
61226
-1
12994
-1
11312
24238
56787
28967
70267
48273
83579
33653
78698
7961
67321
36634
61024
48498
14719
50081
12078
9759
3923
23755
57787
87626
15652
63140
-1
-1
81979
62804
74892
-1
68741
-1
-1
39890
-1
-1
-1
-1
-1
-1
55430
25871
-1
-1
-1
67884
73325
-1
21620
-1
25546
-1
-1
70930
65155
44389
-1
-1
-1
-1
81625
-1
-1
40969
4120
25848
41243
15100
57034
77631
55376
86706
31586
10253
88549
58476
15043
86014
51795
50147
64726
91341
14786
81683
94188
56094
14429
42912
28916
48757
8923
88805
84827
49049
33623
-1
89647
18735
89233
38812
99338
7720
-1
-1
23584
-1
-1
54012
-1
-1
-1
79405
57043
86903
45556
82084
80564
11352
52262
43910
14405
70091
53047
23698
15789
2477
9103
95529
57699
75344
41556
20930
11809
54309
77321
74517
97926
67124
93520
70887
44690
45062
1906
23678
35824
18269
44313
23700
46830
49634
65653
72421
5986
52618
19541
61118
45447
55406
15835
15568
1137
42901
81018
10062
51180
41435
1390
77473
3508
24584
33421
28148
49816
96506
-1
54460
24238
59646
79922
9729
26624
34127
33274
10620
10886
61634
74589
97442
67751
90179
75420
99510
73332
45011
24245
32409
34965
78115
20022
80881
84735
71872
90234
36176
51846
84034
51572
34205
79539
42250
21112
31678
51881
35675
21795
11631
60354
21306
22773
64193
64796
45623
7471
698
10820
89411
1652
91868
43948
23054
12629
45007
76718
90724
90874
25992
18471
25470
27910
49514
19289
13367
28564
60372
38411
77853
53454
73447
57314
68872
63270
65142
15247
17142
4698
8713
99218
64900
61826
80556
10468
26179
31390
66226
34846
19399
93251
51973
10231
86409
31796
41661
25853
33364
63283
69075
19719
89340
47545
75819
8594
29659
30586
3641
67688
84464
81298
18555
74223
86090
38419
92102
10858
46447
64561
1014
15206
12258
52454
81188

