-1
-1
-1
28291
78645
28972
-1
-1
88791
53331
74334
69046
92087
31640
75093
40916
34640
3470
20178
57950
9323
43730
30768
99395
4282
95548
53384
-1
87853
29313
92052
-1
-1
-1
11383
47243
60790
38692
37487
39392
47054
45807
79396
17085
51751
13006
52499
36225
30014
41315
29014
36553
54444
64583
8465
12411
5067
22933
45282
52801
53055
38756
83715
81508
41842
79004
93694
90770
33002
1442
89970
60910
37101
90043
13615
98822
61916
97708
28703
-1
62628
76593
7137
14968
48837
5246
45898
62031
30642
80275
5541
7924
77279
390
59739
30870
76761
63914
56368
9215
-1
-1
-1
-1
-1
50582
-1
-1
-1
58253
-1
-1
18402
59993
89754
56858
7128
30492
70302
43341
65450
27523
88750
5779
11244
28061
-1
39634
68813
87460
53648
92147
96169
32863
63677
59519
69300
91847
45996
71466
9518
35622
94173
-1
-1
-1
-1
67358
-1
23516
4776
7702
28536
56174
91250
44539
23839
8746
96128
69983
93917
88585
34324
98227
79994
72758
33477
83095
45705
12167
97711
9261
54314
91634
58463
65293
51902
79234
85960
48096
29704
20018
-1
-1
57666
74154
76820
96767
2173
-1
23663
-1
67539
31743
-1
-1
-1
-1
-1
74392
576
78968
99188
42088
95530
63004
97206
11438
57
5503
25665
65493
72912
93794
23298
52919
20231
44682
89093
80448
30137
7692
66677
74396
7494
97867
17805
83139
-1
-1
4851
-1
59542
45310
486
34255
98961
22338
51821
46628
34203
55254
6763
81246
88668
20503
48442
27399
39780
68011
51679
6552
56008
37589
31095
51083
20975
79757
566
52594
95851
97919
12909
78392
29920
88205
73510
39269
68226
81917
19971
12226
76904
17945
98365
21687
2598
29878
16366
47961
38153
87201
59768
18922
4503
45342
84311
78331
55235
50312
24138
93068
35497
12352
88407
56313
80479
14033
34259
14995
28335
29782
19000
79631
76626
48507
36080
4638
18102
28331
65198
60093
28292
97759
49870
39931
97423
65733
37190
71103
69729
97642
94028
17112
13079
71359
88039
81749
61193
65131
27946
24924
15087
69262
9711
65981
76935
58456
57359
8547
97665
69707
76978
70564
19810
18485
20345
76157
82723
58315
33948
13205
19391
51919
17678
49158
75118
69878
90814
43909
19478
64408
73271
79297
67310
41718
66233
72968
57184
56868
71038
63542
20385
14682
56672
13237
78768
13864
29714
20544
48085
68240
94050
12374
11342
16017
74368
47097
91800
82708
61452
49160
8554
84761
24799
57504
16261
3245
39867
11900
42500
7393
48657
6728
68223
77948
94960
46239
62980
96307
10996
46647
49956
31844
65687
23205
25846
78430
81697
10556
10597
69714
91885
82894
23744
83366
64054
85028
70375
99133
9818
97608
78699
11651
62414
8919
80525
91490
15065
76816
24008
8159
68528
99859
4729
60149
35284
79273
65428
81681
9584
91270
36395
84703
67378
33494
41945
85067
35367
20379
65918
35174
30304
23129
23953
60192
13584
64379
32896
35821
61708
1787
91129
25140
88174
71249
22162
24865
26951
27940
85618
48699
54437
63190
28391
77287
49059
7169
57769
36908
40925
14011
96473
42775
46731
75755
89305
26436
28736
10888
9883
52235
1492
73481
64989
67271
97743
87145
28144
61266
24391
96396
1580
4361
23753
54853
87163
49288
91262
20292
22626
50579
8148
43985
14424
21816
26476
18918
31828
59531
79283
24715
96872
38848
54295
97524
4227
69338
47652
94393
16278
44459
3393
63062
19875
19383
218
85530
46715
38104
24397
60845
5425
88851
56796
32632
18008
12768
29567
23842
14961
12312
22610
50871
52949
69677
21274
-1
49671
50362
-1
-1
42341
20414
68217
57570
99142
92266
-1
-1
-1
-1
87396
-1
-1
35907
-1
16917
63235
67519
48468
24647
72973
29367
64961
10478
27507
16183
8992
10628
61237
87382
63918
38342
63235
6304
91131
78720
87338
79578
91462
81543
7028
42727
47877
1763
13643
64898
44252
7293
54429
83392
2517
40967
48395
22725
33930
50095
80100
4623
72112
45622
76686
72649
17213
62863
21292
70840
7390
45085
91214
37166
98773
96995
20294
91889
94854
90247
35311
50311
22945
48858
13806
61645
67471
14089
67979
87729
46499
29215
55409
12118
50045
27133
78983
98530
19730
11069
34513
78109
89195
89125
44494
75841
21009
60371
93592
53296
60873
45447
92735
14936
73943
77281
58068
17389
16762
39187
76260
62149
17468
25821
57582
59115
96486
9639
78819
98911
95683
88557
27717
78319
613
30656
88537
75036
6377
24320
48263
56973
34338
89830
50761
35672
19216
94839
20297
86656
70452
97746
75412
41603
56465
5386
47947
37814
26835
70857
67736
26889
84810
30730
65629
20040
96793
92178
1815
94210
79140
12376
14654
67132
64031
57858
11467
3868
70035
86562
18613
3611
48049
21047
12039
3044
58760
96309
56568
49296
58411
2137
55805
72181
86288
74889
71676
31091
79844
94093
1716
11664
39339
69191
15449
32173
88809
41539
87655
13802
95902
87008
22738
45419
74887
85913
64482
84097
39134
27804
6492
21943
7121
83964
129
94489
16737
68858
19379
74954
50766
1111
74564
41129
32139
8618
48140
60688
40152
2471
7998
47573
22343
77027
26845
15345
14163
16674
81778
13564
30502
66030
97918
15751
23129
416
92033
54499
91221
10319
75878
32739
62150
56792
59811
65060
15920
64387
67223
65793
48354
11458
11013
70663
62795
81260
6692
37185
77488
23312
71886
16460
1128
50940
83694
20895
68603
39140
14793
76250
57380
83455
91483
26645
97659
99182
16318
1683
11152
90422
38255
62650
62909
18305
96378
24997
18454
50827
28214
12331
15639
28982
60332
64111
1895
71350
94619
21605
53318
70391
26924
44145
50311
97812
1656
44337
64957
85910
66295
50239
67356
79966
15197
43307
82643
27744
61576
69229
94506
35014
94359
86561
8170
73183
75066
27545
94767
62250
68547
23486
17857
7097
35631
20997
15786
74696
5939
99489
71302
42437
22955
94773
66719
12095
44203
37554
76388
16690
84266
75774
26746
71442
8149
2476
97148
68044
89453
93247
82599
49250
91100
37182
33054
29727
76152
85656
26209
16938
6868
36935
26216
59676
10727
20013
31578
94662
72232
64862
67625
5435
12685
85639
92981
78034
4950
91000
74621
38088
32334
4727
50268
1310
28032
7477
78604
92752
26603
26589
47666
82923
14702
53954
54628
94679
964
92974
15383
38950
19060
57586
4973
97290
11368
97053
13386
27887
59232
24452
64138
61171
55835
74060
59135
628
47327
22368
10720
51032
10418
65828
86357
3307
53905
51183
56401
79100
37643
18768
57197
82319
40341
75548
49237
50048
52440
26143
38808
60833
4666
99487
42657
25575
9724
23049
30373
5664
96790
39624
56890
5159
16265
70794
43931
17254
89212
39312
6944
1672
2424
50219
12566
68131
97177
4712
61369
32881
9364
53713
23873
74871
63428
49662
62273
71366
76189
92122
39652
77758
65176
83903
23788
29014
64009
77367
79700
39657
20931
95190
77027
41625
60465
66438
89870
86834
67710
21786
73283
35931
29976
55927
58857
17677
45274
44973
89038
49238
95001
45379
13635
60911
34022
30280
28409
53327
89517
79027
94456
45366
25765
67328
58990
61718
94412
88606
49
59415
84449
49337
61812
84473
81904
67602
52724
74288
41387
88683
58738
83351
59158
98659
1833
57502
23511
748
96758
9383
31868
79622
27859
97491
9850
89896
778
25238
64946
81106
63438
23921
26825
2388
78965
46582
29807
50297
59889
91722
23811
35854
48757
49637
42821
13052
88676
97338
58457
16864
52046
90179
9799
35127
78671
7448
30703
11303
99999
11988
80043
98012
20610
32725
40100
41997
78533
42019
84338
90338
52970
4345
76329
56210
74781
62363
63554
99460
27345
99130
15012
75062
8877
93596
55778
83283
43355
30734
76428
61202
80374
51751
3487
24526
903
27175
52401
48449
31327
52998
28402
25199
96086
59498
42146
8934
23174
38669
60799
61047
31440
34997
77268
86246
46700
64969
68323
2311
55211
76251
22725
39197
77784
9421
52385
12090
48903
19703
50547
56489
9910
12294
43188
70418
80555
99632
19772
90195
56174
29051
10864
48193
70414
97317
18525
11422
87667
55642
96501
20918
26822
99520
42679
16264
45697
11137
54
96566
30429
6250
19682
173
99329
60028
81581
77623
58789
28337
83214
14620
87411
81171
75075
98086
32423
96030
24713
78040
26201
47285
82416
31447
96660
36523
74017
22288
81123
22861
69687
18204
25580
54276
5458
6938
50103
79777
92683
88406
73183
14245
29260
98917
26334
12817
2284
58816
99066
32080
7130
56946
84424
65513
6592
59329
56325
23651
5369
85585
80647
3722
97902
97542
25336
62748
9095
41913
94415
98224
82404
16558
91969
84447
51905
69933
91036
85724
52737
14136
19829
56787
23856
71541
93136
52167
14806
11026
11379
14913
53618
14950
25975
62993
71352
27730
80440
79984
1682
17483
10100
98693
26826
12863
79164
94698
54708
45782
76895
12843
59405
27030
55823
24438
15160
74143
34528
75856
84842
36979
91900
22670
27832
43969
11164
11161
5941
94566
25963
99905
31496
10878
77450
97370
62123
9381
79806
50397
26400
13216
51334
19544
12436
109
4387
31028
52124
49867
40568
59140
90392
57025
12970
11517
37323
98215
28168
66804
49013
68090
77234
47204
85785
13581
71561
68905
19396
59611
29167
44565
31154
13723
45243
46655
7578
66851
22719
96436
18149
75147
94045
23040
26053
87958
62608
9296
27410
71364
65418
8122
59744
8366
97860
31591
4631
65730
51619
90311
71901
77156
26904
55673
9157
87655
44318
12586
80091
28879
73489
16901
45846
60503
20240
93465
68445
31653
11772
85851
98407
51774
95202
71500
17569
99867
38799
49147
58764
24240
16962
77347
56112
15602
38325
16680
56136
75390
52350
15841
77078
50020
7282
76865
28488
59290
882
68478
97591
53684
95742
38896
5514
38281
48279
82296
86240
90751
36024
71523
42090
67395
83206
93442
6949
62510
82909
40475
71399
53008
28970
66902
51098
24548
99979
79143
66906
3455
31239
91953
89003
86868
25986
96556
45636
36013
56357
66484
87960
11730
2964
4778
38749
49757
80380
45710
79158
76009
32528
74328
28474
11164
72405
50612
36769
83213
46497
47275
42373
75725
47856
4368
37116
31668
90087
88835
91471
76270
86182
92990
78433
93670
25057
99602
5203
82128
76110
21665
15693
52129
69387
46509
41382
90605
91521
23557
72163
30760
86073
51161
87545
53366
89733
30152
53764
17876
58902
80488
81912
84737
58857
63399
67958
71439
62570
63140
29408
42135
75242
73448
45923
12369
29220
31085
31309
77975
80319
46447
90419
37428
24875
8
23764
97701
99596
66750
40490
3680
73337
68100
48772
16471
52055
61563
47690
72577
32305
7615
62372
39017
24022
89406
19420
22552
42748
16682
53639
74341
14019
9136
7091
18307
12505
61792
92249
57628
83480
13573
99512
98979
93228
410
9828
97471
88022
73541
23041
24576
64055
89358
73544
58237
36643
32038
37685
13062
28162
26689
73479
50360
12823
29370
51399
98840
59186
39497
22630
63168
28643
69800
19696
33157
53643
80359
40966
17055
87215
60647
62997
23268
45315
6204
33637
6971
81890
46541
59595
74132
21803
81941
58568
43812
79689
88478
73246
24381
93656
96865
46213
66711
85132
11919
98001
9452
77507
4389
66295
24803
159
47222
4666
11307
83771
52410
50500
29545
87798
63964
93201
1348
48882
98241
36662
34554
46455
36232
30125
83411
35663
67469
67637
31870
53632
82091
59031
40201
37811
98515
59614
44650
49749
182
83412
42417
30292
74363
43088
77222
45021
93262
52276
89136
32626
92679
44129
67774
43258
94215
2985
26222
49045
47185
86025
4172
51182
25654
6998
24496
25870
31347
6040
9976
22850
43388
6099
23159
16223
86410
82311
32422
54027
6292
34496
97870
75821
69477
14652
27859
41437
29369
7963
42635
37080
91634
70134
52020
75453
23614
6895
51730
18929
9618
54861
83052
95688
82465
19218
2117
56880
25494
74417
17685
12989
74748
10078
37338
1517
53837
18929
32865
87044
31441
46801
53867
33561
63325
89485
6276
42337
84279
49499
88795
80414
63345
37368
50146
2617
62623
54030
59816
41660
87715
34455
32999
71695
56614
97589
76347
34690
28655
34739
61921
8899
42903
77903
25522
35495
60749
70798
78132
88269
27767
47500
75522
4658
59363
65058
30152
27546
46533
57644
55403
12768
22551
99538
38422
22576
52303
64142
25822
43882
93327
46399
85714
34203
14432
87177
56340
95059
89797
59832
68372
36652
48880
66713
57803
55885
36595
62753
28047
13433
80374
24194
2723
25927
68603
45497
89032
91330
33775
37162
49077
42086
17030
95674
46646
65058
17985
20925
19801
57657
75987
64381
42859
17626
31915
11724
90645
76613
75123
58646
7196
40099
20235
14200
9271
32739
91710
8423
80277
82359
30846
38331
85781
45104
25951
53813
19410
28415
71187
54181
70461
34805
61883
70171
37450
22598
54318
6108
86144
89085
18237
65077
63607
21104
46605
97857
36539
54474
96918
40164
98703
19017
34521
52241
34941
73543
46477
88029
24631
58741
31819
22722
89964
92063
6973
78737
67199
52279
4846
84253
9908
6549
17802
76761
74481
44965
74323
22749
20342
43579
13871
74316
60611
81173
91402
78694
87047
80402
54751
28690
8063
18951
38164
34445
86593
83705
66175
34889
2752
5417
28817
66003
76847
30929
84889
22306
13661
90544
35436
44633
10749
31682
34986
96381
26422
17788
48671
35103
8257
52631
52027
48180
81798
37713
45776
42212
35420
78250
48532
74560
54659
87635
45734
67291
7459
63135
75639
88294
50270
58386
69729
90305
45286
991
66154
30687
18893
74497
59120
14804
39857
94790
26646
50936
3793
49015
25452
82669
56020
33215
86121
22131
25116
21956
4572
47356
36366
88503
28559
85169
64945
36312
68656
54739
99024
7863
5592
40172
77525
99498
58464
29047
41531
83550
55936
51444
47286
41120
61868
33083
45155
2382
82309
48955
88017
9223
9419
30146
28314
17253
6916
2227
57658
84751
72191
51410
85400
41917
44580
38485
83455
55146
30708
66367
97296
60217
72528
2622
34859
34183
32641
1211
52638
63568
52601
64490
52675
33234
40384
63598
60350
83959
94615
77490
16291
53591
17775
85637
63207
62275
58851
68774
52564
3719
9511
67282
95474
39112
13722
29619
38525
62328
96184
36339
81440
22617
49002
69817
47232
79749
88361
83582
89918
96226
6238
95602
39246
90996
53980
80674
85277
88175
45544
68924
47801
40813
19186
30348
19769
47687
53388
95703
51934
63161
95958
19384
37360
6991
70189
89821
23329
85713
38711
74995
48302
65617
86044
76049
51360
74823
9250
26154
5630
15241
55832
33314
32266
50197
41135
47166
98300
41573
82899
98195
73459
74542
86872
1411
93327
81643
6442
98537
48769
53163
18066
84617
17714
37078
86669
83785
76299
81345
86826
23711
32944
25844
34628
21359
28697
66602
88561
98292
49983
72438
57079
82117
63345
77938
42542
67606
38547
94644
38152
14334
74307
26604
65599
69175
7418
44556
7801
13869
61841
43191
59311
51137
42677
82983
84287
48698
47523
8493
18853
52913
82894
33475
68617
22640
79739
95001
87650
8441
75207
36920
28267
65205
95955
86236
89292
89129
83572
50796
11707
41038
90720
59309
70828
65225
20287
49611
58734
8087
74678
52621
27762
28779
13378
97658
47481
73864
3229
30963
50982
16192
7579
58257
15817
4383
50452
31993
72564
93303
77743
87683
69712
17484
24849
94656
98601
39666
28819
64872
79505
99190
41031
99682
80393
46500
48438
46562
56897
66896
37240
18634
59533
77037
82847
54864
94914
51405
95338
39049
77812
37152
36980
26610
41267
802
45630
55531
95961
90525
60773
54981
68814
36747
49984
34339
97660
40148
19069
31384
62068
99248
1810
58522
88017
83518
15403
2390
67340
77528
71586
47673
90615
80420
93798
55543
28453
50495
64435
91539
56800
20084
21333
99078
35816
37846
67466
44636
38399
33570
8052
88420
42644
70264
62919
21810
358
45783
4640
9473
62662
11104
89032
95897
15708
91617
91900
47052
12707
83514
21298
90031
8359
89541
49410
27376
2446
53715
76725
75030
94626
80861
22741
3914
872
89928
51719
94543
25303
70490
75712
87830
44932
57167
86528
10748
69841
65652
12968
54807
40598
20638
43938
30840
51756
3619
21506
90328
71207
70820
15012
88270
90981
88231
22937
38324
13227
12406
61060
11112
41872
30841
73569
50124
32675
82977
74815
42027
91232
2323
21946
47934
41328
68085
19644
75296
14052
1887
59451
7838
41569
67502
17924
70307
88307
74313
63018
46912
94203
77373
9917
4370
8426
4827
57468
2860
66931
22885
80650
92831
32620
52410
36153
16228
83833
84369
70447
77488
25168
61394
88278
3194
22661
83266
68934
6543
70183
61099
37498
73967
29326
75519
88105
93536
23821
53709
99695
32587
82503
88850
80175
8357
7405
34763
98673
37053
44751
30683
21182
26286
73550
63976
363
80771
83186
73670
80537
31127
75011
41908
41421
51019
28307
24275
3249
60439
59885
75368
63035
3074
45527
48590
4111
90763
55052
18264
74781
89165
76984
27388
82353
71784
48926
42604
56202
71470
17159
71248
69259
9315
62663
7873
93264
2018
65420
15894
92960
28328
50477
54220
95664
14382
59652
76843
90143
70922
55202
32431
13825
59980
41333
61858
97253
4896
77071
19125
77404
48125
76815
31611
65408
96849
37025
78848
53371
4267
16087
78705
51111
82090
99906
84182
55335
38081
61775
96814
86431
25226
44302
37504
46424
17926
33639
1908
68184
24458
10818
78128
99720
84536
15347
16470
94463
78325
1574
71602
9688
97970
30015
53584
30362
94770
81909
22728
49125
77518
26323
31869
11136
78063
59311
79576
81452
49349
80543
61911
37939
4368
66600
21156
83448
91621
68976
19203
11925
73630
6698
9645
12011
10554
57844
54553
56920
78241
93139
70574
63187
89581
85491
69020
87232
69686
63930
52173
88582
26766
34682
37817
22420
99770
58289
33217
40515
13541
6462
46201
90663
12147
91769
12708
86095
10634
65944
46949
46705
4686
79081
36668
44739
87291
45478
96489
62488
56355
65623
9653
6331
42796
6348
52846
19770
76864
73267
39032
98069
9026
31942
27304
9312
68654
63350
51563
92695
97766
91223
2677
68740
35539
44956
38336
64096
79164
88228
5042
35682
48214
48626
20124
41278
96185
20271
66392
14504
53468
17736
26463
31045
5313
61237
68026
77190
80993
32269
51633
70968
14497
52742
50587
12664
3314
71949
67974
3744
31742
8194
27170
99640
82848
96900
97868
34977
14632
82752
24059
61537
19948
86628
99027
10750
65850
71263
6529
94879
52847
82278
1952
58836
17195
39025
25101
31902
25557
518
22789
81097
14716
46022
69677
48739
52778
51410
42005
57984
80706
50980
27430
181
73987
34331
82950
23651
6567
24528
46156
67394
32789
23151
12837
15477
99148
69690
50171
12507
33961
87863
28863
66025
64480
87317
80708
32361
55493
53993
69060
83926
26529
69777
30993
60882
86302
36822
19718
44803
58506
49896
31460
79467
67861
4609
50618
19303
59803
61608
33546
2473
68264
71789
56841
25567
76222
21930
72417
18434
31420
43477
18519
92498
89489
59637
77297
76166
42327
79073
94345
44783
80887
84698
29258
55162
90185
47094
83224
3401
35507
95087
43506
77634
48557
63395
68266
83703
28816
11752
23014
66756
27362
72729
59154
7480
41967
57528
11087
70880
24711
41606
99358
70070
10839
11223
59723
2653
16743
60353
27593
5790
14819
55276
71671
40156
75241
17213
44814
88466
28256
29408
39930
50051
81171
50298
62007
30900
99183
81626
86791
35609
20717
80549
88380
24195
53091
58914
49641
40215
49698
98587
61963
47594
31852
49619
40749
5502
55440
65151
40420
6312
80564
48579
9311
11769
79338
25118
7081
71772
4014
59031
63294
53276
38814
24691
92809
6287
33327
73270
32926
60631
19951
96024
44460
2021
5271
27324
67755
96538
54938
53947
23833
75965
32554
56791
4029
50735
11370
82415
88866
76068
26410
38508
51620
33623
70624
495
56530
904
65427
76008
91241
97922
73186
82318
34927
3587
50820
60965
26402
64326
24935
46945
89569
49015
739
522
89291
86623
41275
54182
54440
91391
31540
42060
47961
91096
64304
1131
93593
45952

