96701
-1
31298
30848
20843
91036
60362
12259
13537
40950
98710
50392
60758
92937
50892
67693
23681
44742
26782
73448
71958
20101
79951
86457
85982
27611
41798
39055
63290
13321
62059
68094
71914
61687
76493
68372
3961
42507
90223
73418
35617
10512
90433
66954
81383
76448
26017
53931
30197
94022
71484
34655
86847
3230
47003
63746
40776
27170
40423
57388
67794
93434
52973
73038
29166
50237
93469
52685
91535
19468
538
23785
87505
46188
78174
40622
88078
37726
40728
44907
93379
91876
87289
88186
59041
68242
4049
33288
1178
76632
11373
26144
95411
55684
64849
15006
22866
33887
50921
49114
14521
1807
91866
9899
21448
29252
58998
21812
62873
78235
66660
14525
49908
91611
5390
83774
33124
14427
19331
46859
73851
32525
94537
35754
31603
49055
4326
10276
10905
82336
88029
81008
60133
95433
20020
32270
82558
42977
23967
20956
90117
57107
31163
798
28613
25571
5190
55369
81333
43366
41307
15334
88298
48659
69392
14403
7444
51841
89620
3556
91176
38745
357
99639
85528
71029
81492
21072
70784
54393
48983
30331
87533
9508
5881
22231
62546
56579
49182
57935
79767
7874
61886
68618
64675
77587
21400
65774
22965
78005
43151
93730
96257
93241
47007
20113
1221
14000
72077
56704
94631
12505
20599
22467
76786
5534
2267
3556
6124
59410
46494
68131
80051
49324
70365
33693
63294
93451
41449
81362
5807
22872
42031
63132
91297
21779
59093
24183
1676
84587
16767
54795
87201
78062
13237
94268
31596
77097
44338
53466
40929
56382
95542
90731
23907
6863
64783
59568
7186
96867
28115
84311
74454
85015
33819
44683
87508
80342
62777
12633
75685
3911
8051
91387
75972
67024
16628
28384
32519
94792
71754
974
91810
32365
91157
19451
59729
93732
49193
93980
96068
7085
39969
63613
97382
65427
32660
87361
308
49782
85708
54503
13431
37966
64741
37398
70750
37667
40681
49614
8299
31328
91267
59849
32218
99609
83381
41271
96303
52652
43253
10128
50096
20987
1583
8955
80022
10304
75163
82361
5019
76279
33225
48281
17291
80350
16223
73274
39281
55119
84358
96238
299
29205
91904
38494
60858
62066
13172
91219
20223
63196
50209
26779
48830
15425
29764
7527
5552
1699
84751
69148
7502
81676
12682
47554
7022
65571
43437
25324
50059
98580
4128
28219
32300
1695
81063
74351
21852
67744
50494
62203
12264
62999
27288
7679
71306
97293
57617
40089
95671
52917
36624
36094
93708
797
50719
90529
87363
55911
11920
56155
86161
81922
70907
79970
73369
34317
67114
99810
69054
89112
37482
67531
49384
65572
47199
99678
41506
87138
1450
58584
44531
18494
97129
29277
2871
16432
12689
22839
91516
50076
51031
32356
41738
41335
24438
91468
10612
66284
9210
80236
9163
72408
71279
54379
94400
18035
79197
43184
34684
6161
71257
18512
97711
80319
89198
37795
16842
45382
95939
47536
11140
28803
97617
86232
43204
37132
1297
53035
26692
30910
21029
36944
41137
14642
71146
6180
1794
72440
58944
97080
30590
32580
71048
20614
88469
93549
32766
67657
10059
45769
32011
34285
16619
29912
36528
63081
86512
68927
89292
49155
22848
87180
25987
14529
83473
44886
51778
52465
94745
22387
76986
63993
91106
62929
73698
42035
73635
22834
32922
87978
57735
69224
25623
55317
64805
54036
31293
60418
46623
6902
55479
51154
79193
93811
93198
58560
77026
41543
14032
1712
9099
8718
50954
82691
65232
56994
74786
40367
54269
18181
76063
95623
42065
87780
61036
93471
6600
73098
94470
58784
41737
35237
49470
87943
3287
68967
20824
84411
43030
54135
96035
53228
36271
37648
41533
24476
79778
7164
90694
93314
68208
4443
75308
56819
66743
94218
32201
18264
77538
84357
18067
78671
59023
20884
12441
98540
80509
1577
80283
208
90129
79471
10161
65594
68629
20120
64967
63422
65082
21484
52305
8099
25067
49053
56224
4478
46673
25215
43999
62008
33827
81968
28979
93370
81117
86138
28442
63075
99978
74868
25271
28730
37190
5399
99672
65554
10721
64770
12371
20617
87441
43123
7293
71639
73433
80114
33376
78092
81302
37015
82642
79452
64035
47185
43716
44483
44032
47745
73172
65500
14566
87164
91014
15607
10381
78903
36859
50686
15330
26124
63117
27339
66949
98121
25486
31400
80673
4343
47310
60368
7654
85378
76022
56815
83490
21161
88411
72143
77496
78784
12445
29558
85127
47666
63407
61412
47332
97841
67876
54791
15807
80907
7512
90400
7180
47494
85018
55689
75328
88591
747
94039
13781
84562
82044
85407
80491
86051
94678
54268
37662
50297
13107
28292
75973
3387
59562
84079
90115
94458
97953
93310
86907
48287
73964
33853
2015
11785
54510
78388
77966
74914
34105
37591
16437
98402
32615
59481
39050
83794
79208
22235
32689
5175
18742
98825
9477
77592
49988
41201
41664
37011
85876
38128
54171
64679
88999
73847
7931
68157
42632
22675
71706
57406
4819
56239
1455
18677
9296
62983
80302
20901
48074
98722
78343
29927
43306
5301
60666
70199
91578
97607
7717
83667
55859
11300
89390
92420
2235
84592
25713
9543
46160
928
22979
95740
14727
41946
76894
22459
19340
18763
68337
14732
82222
6329
96366
84503
45276
60110
47941
72909
6923
15430
67705
33185
86416
58995
69292
32990
73608
74972
33284
66232
73727
34144
30213
53087
33992
83718
70034
4824
17383
87335
10567
37709
50373
54980
84140
90560
47748
44612
35755
26078
61479
74350
75857
98037
62767
65985
55114
10402
19903
46141
85559
23264
11331
14148
64347
23901
94781
4227
4897
36010
10313
53314
41247
19472
36127
24066
65237
28416
5131
17391
95703
17470
81129
90661
78781
40083
70224
85831
76849
84050
99143
84272
65466
66040
53453
44844
94836
28082
50478
88551
44502
25290
71696
58021
75010
38446
40188
4195
83416
31228
32990
10865
47688
13966
10536
74264
35432
48317
73052
12051
52039
48370
57082
30121
66916
80752
25086
32430
85241
60668
65627
87331
47486
24053
96294
40054
72275
63013
63231
12611
69814
19735
36079
25003
6918
28541
73474
93151
64306
56969
52651
69282
45417
89227
92665
79574
98463
12856
38431
13201
88314
49504
1472
58028
6431
88255
99569
15258
90485
3378
55420
50997
46863
24203
81936
58595
6420
61680
77874
76760
48591
37429
88773
52726
60761
16277
8837
6684
41050
17811
53727
74356
25380
96380
55840
45963
24378
78591
91444
61720
84133
33328
37379
71125
84378
11095
54940
92819
96211
35987
41007
33451
28776
77209
17599
26807
40819
84820
60300
26780
89554
70398
77170
94124
73159
45472
30410
90125
66144
11499
51065
72699
4259
95308
98589
34472
83958
26952
69597
5212
90093
20599
39783
13072
96790
27512
89434
83572
18737
47406
38234
34878
91178
87932
54129
1178
16705
22203
61013
10754
35264
10688
31328
65455
59626
50936
4195
26412
48166
97150
41354
21981
9466
5164
62844
80135
96643
75515
52457
38295
82333
14711
4151
48317
65401
25995
21746
23490
43416
84464
45764
89471
83691
48165
93437
75721
9241
51763
2243
4121
68588
83148
35111
92407
37034
78446
66825
65678
19334
33518
54012
82688
94438
77452
75709
74144
75720
73017
36675
37509
45515
51984
27804
23440
62954
5136
84663
34199
70568
64729
96622
59889
1529
67516
82053
81976
20923
17606
83456
94943
63099
90628
82402
78287
10929
32451
98285
19891
8611
75353
32566
56839
99721
22334
97987
3873
52144
60415
54275
37318
75236
5153
16211
65345
70229
33463
74649
43637
42532
54009
42022
73359
26988
30934
96670
62580
78321
77263
1867
98174
8888
82803
61819
4452
27494
28218
5041
24702
51072
5448
38502
18603
80047
58170
594
12524
92030
77493
57799
54312
54794
45720
29452
78307
85995
32375
79377
58560
4744
32228
75595
39497
6139
92270
79169
94674
75288
22929
12347
69623
30479
13693
84950
2840
46616
3045
95339
50806
35153
14536
94619
70840
22799
79567
7073
628
6603
88139
82544
61107
51853
79317
3537
17466
67515
21129
10725
14818
84917
86490
70927
73859
92601
40078
57844
55275
47986
40530
99447
88632
21140
80619
25527
14997
200
85482
23833
55426
13262
70688
68616
89123
25352
78998
87211
94970
59037
81866
30032
12939
86909
22114
43142
7778
76307
7456
69650
67611
16917
94588
20688
35895
43827
35326
97393
34612
82839
98875
44954
18798
43353
6107
70765
53832
84117
32288
78771
68563
46536
10630
15955
90380
80170
28307
28441
63410
72937
11936
87140
41275
24845
90098
73414
55070
27228
66000
24899
11513
71945
22081
72304
16904
64618
24893
49131
62201
55320
13317
54221
75497
50130
16435
14711
8769
5356
44766
74877
87130
39868
70400
1255
75389
74401
24806
52637
26868
13573
4181
7324
36396
84891
90506
61877
24227
70175
34990
27328
46927
89329
18738
46118
68001
79681
30315
34176
63388
29813
99560
64431
92101
49622
24838
6013
75870
35923
59372
56236
34669
96131
49219
84567
45787
18251
17388
49770
18134
86098
72704
96141
36352
20002
62401
74748
54337
51853
63811
57085
53865
77629
26914
14645
72486
26071
32117
34922
67346
44695
25678
20727
45154
13729
15849
63165
81525
77362
97052
71604
92045
91398
60389
16652
79696
11712
40225
97504
20598
26520
86549
78228
4926
34435
38738
29468
39877
65565
739
7172
75748
69452
77220
6806
99255
21247
24772
72653
30070
65207
11381
56827
45550
67352
6871
63436
10626
24201
67007
77368
57667
41313
83589
65382
4564
7886
48842
17543
9340
14768
77749
15011
75004
69398
68869
58645
5644
45015
6269
15368
27876
88330
1449
31502
91190
96991
40206
52791
67985
38859
15008
39359
96499
6398
77156
28180
49877
42299
48153
62675
89988
22658
11525
77276
42293
49670
54867
65461
75484
78501
60489
99561
6342
88975
67736
33529
81084
62262
39540
73192
25835
99277
44916
1945
11020
7180
14321
75285
39171
74868
570
80506
89450
29809
12857
77339
13094
83333
2502
368
95835
52897
34265
10399
93048
84999
57269
73455
17870
59064
41110
26280
78108
63919
51904
48934
6389
97986
25231
41652
79109
20443
85193
91760
12871
63007
83026
54453
45352
55059
38365
13831
93092
7443
70731
50313
98056
47750
10499
35431
28811
24900
48918
72
69250
79014
94322
4009
31490
6132
23698
13301
26662
65280
24627
40609
23263
33961
42552
56566
89019
40800
54729
7001
66598
37881
62553
36831
82199
99555
42693
70227
9651
30954
20014
86165
82669
21583
22220
24361
69941
68520
18631
3085
56414
33246
55690
26357
72586
80999
68502
13930
52582
54093
51135
12188
67
28344
52371
71714
84385
5565
10100
73401
48944
12114
17118
56673
30065
41087
8261
50510
84532
80235
68590
44731
17484
38085
46989
68766
86223
58270
93255
70201
99046
5274
48348
3154
60692
78183
68001
88171
78967
14289
76285
45606
54697
96784
54534
76657
7474
89261
64431
69186
62624
38341
97857
49597
43855
17071
95794
5558
29893
25018
33926
94605
66863
95291
29957
34819
65280
25671
19016
91869
44418
87780
71417
50690
83242
24797
1838
61408
60015
58127
28028
32495
84211
42561
30284
33669
55797
27440
50268
68345
10651
6994
82490
14403
28398
77427
8197
21607
35426
19803
98691
8652
45065
60843
3756
57271
30952
278
79118
630
92605
82847
19200
37745
25179
95952
23397
95987
77777
48709
5353
98336
42684
45413
40296
89068
61301
22760
20712
69030
67250
69240
28108
31399
10515
6268
12481
9067
35334
29585
43167
1432
10704
19395
56651
46643
9416
9082
20691
55838
95865
99796
23411
22601
6173
17035
85899
51361
65131
1646
85570
44796
88749
69397
11478
25719
36396
64198
93355
36202
48026
82683
35695
56753
25674
30306
29860
48613
76984
92641
87786
77650
18094
67635
24485
61279
33406
64929
77254
21708
9038
98658
43353
25198
56128
93174
50442
38064
43710
50523
76610
28616
56186
32398
34360
96220
76278
71425
56607
83102
68537
48449
90004
72589
88510
61095
25012
33206
6461
73644
93394
53777
7003
4340
24965
39495
15413
65937
74269
87824
16473
73458
30686
3180
37455
32403
32403
32640
61684
46086
43747
56312
71294
8328
85853
85667
54384
87052
61463
55288
43501
34491
40831
34815
31081
34639
1185
92220
24731
89197
56943
7608
72438
67467
54705
70659
49506
48324
14283
87949
87130
86766
41441
85705
3117
69934
87770
47036
64874
72591
74738
69396
38512
73652
86917
17615
19507
71943
27806
90532
41497
1944
63421
26226
48215
12169
24874
71409
70262
19209
91417
91309
19922
51623
15596
5720
35623
60585
7138
57313
67184
81171
74221
55629
29933
44757
13384
10012
1829
53925
17853
53467
49592
77047
98154
63259
1192
92657
1562
47173
30552
3343
21838
86420
73004
44776
24374
68244
58774
51958
64384
12890
86156
14041
47815
86078
46756
93369
90872
51083
66596
51735
61085
84644
33362
2145
10926
25737
13041
95129
29698
4477
76060
85715
76761
1177
28098
15460
53737
58277
86713
38541
97201
34091
95792
44388
31594
45548
46114
90792
66460
21148
15895
99120
13943
43020
42378
89033
17634
3718
11802
27685
72981
7076
94235
88474
4469
48071
7450
10721
68005
71306
39828
74976
78827
81542
66688
36727
28794
78708
98794
3365
37353
63419
93794
63484
62147
41278
89604
88377
46764
16910
92971
56233
53975
21077
6370
49763
76960
1079
60287
32295
25339
87537
79329
43152
78780
51594
82443
4642
9129
31011
44002
4114
18968
70655
58782
2970
30812
36275
8026
50911
83933
72383
50565
63750
65027
49982
84567
16381
68888
97377
68004
77355
51490
59480
36455
90339
69841
69452
28684
76499
34896
31375
8436
57802
97471
64534
63341
18807
59929
89766
51461
69657
62965
13525
36604
12006
19615
99359
45231
3785
43949
84062
42770
19207
58712
70131
45943
34602
68670
55732
48633
68449
92123
23766
19189
29014
82510
4430
26845
9159
19795
47010
61620
88759
11892
19267
74943
99449
44403
49463
18653
20050
35091
95060
58820
27152
12381
89235
38480
84981
12719
48726
52798
20706
91116
84799
34832
83610
80893
16099
43569
4245
86883
24450
33392
79260
69737
44866
29035
67446
81404
79549
29511
80695
55161
18242
53324
45662
91850
79365
93286
59345
2197
40764
28237
33405
45161
81188
79753
14279
25555
82162
52101
4308
41758
94014
14383
20075
95157
46326
53747
80949
33061
31111
40904
85577
97249
54215
35132
25535
79474
61856
68421
61212
58386
16125
3542
32023
42565
7669
77953
77213
75325
4074
2270
79689
58043
56636
12059
60901
96516
6963
51739
4266
35229
10432
25884
91741
34780
26562
22743
57191
2570
5786
42399
67745
72290
57924
202
78680
1677
25690
93071
24912
43095
73469
81742
31139
61680
94053
89557
32564
15202
871
95734
26121
13726
12958
97153
7323
96096
51827
29354
45858
27946
69777
1695
37407
66093
43436
38021
19032
59529
44437
23020
74999
95336
45976
40819
85754
61629
277
23654
86098
67555
27777
13225
33769
73166
4090
46782
32191
90061
19074
49285
6190
19288
87955
90988
32586
10979
50479
47782
44927
3594
52796
60892
64618
43283
99782
33827
21485
38635
67530
21098
60790
86539
72512
58439
4701
45903
72171
49615
33086
81557
85336
8948
94728
33186
21937
4490
77832
52156
68765
80904
7077
9205
38548
35718
47269
81367
84630
17513
73610
98021
55682
74038
15521
51570
91168
21939
36296
36111
6730
32503
53604
58467
71995
72821
5607
33351
90467
58539
20852
59290
37700
85579
67510
49092
33718
50922
58228
9699
98043
40696
82316
87355
76117
10642
94259
50711
35810
80931
60719
43180
15509
79778
61952
61225
75758
59886
85324
48492
93501
67544
26406
56824
15006
58052
15489
77582
38346
94197
3548
23370
20788
59663
91321
56196
23431
15333
92376
92225
7327
97600
59255
29034
91388
85124
80753
28538
34724
70147
29579
73458
52448
61420
74128
60093
33429
14510
5098
53270
45422
93827
59525
20151
39275
59445
40990
7903
88320
87211
69123
26552
1878
34169
60810
85936
60776
2650
40501
99009
18070
41922
44952
85935
689
98007
89431
36129
75595
89066
37762
25157
56265
23614
16783
63484
44992
5439
18153
99439
70676
48068
7335
6950
53755
79598
63345
17655
76112
21715
90002
50200
69178
25641
56441
54936
93804
45204
40798
12166
31061
50567
51528
18432
50355
96388
7261
81049
44032
7876
39607
32883
52541
88677
6535
699
93063
33341
65777
6199
85246
69722
32800
37022
19809
24575
79970
68986
60908
83010
92259
60091
45685
74078
7599
57863
4057
30359
79665
8983
6696
46248
28981
41548
28148
53021
30410
57644
4722
87807
36138
86460
4198
25287
54553
26296
60062
33257
83118
97384
9720
4854
23635
80774
66679
6106
91295
11193
30023
61992
68350
2374
5012
70872
73441
16243
78604
84098
32396
36837
42191
42835
77466
87176
2759
12146
95316
22092
32333
64473
87676
18614
31466
28893
3620
13594
57644
20538
66237
99002
40230
73960
4688
2624
27091
95972
28067
27519
68866
61534
26833
83231
20803
27302
16859
12781
45817
45781
89234
71206
72979
6791
24687
41607
56955
94747
10815
49801
58744
38596
24539
87610
59365
97664
96787
45602
87199
4828
6797
45961
30382
68464
44417
76224
29708
5768
97847
15928
56331
95896
351
65056
20496
96192
68444
13859
77007
31656
73621
7170
81172
3340
72326
73479
13011
66376
15940
93848
81172
85109
3055
80312
39904
99495
46991
56088
47478
60936
25405
34453
78148
69770
14021
39163
67512
47364
84764
7814
76518
89788
60358
60393
51315
13118
75543
8410
4475
42735
42499
37186
89188
7695
5326
7594
14665
3124
43442
58487
64699
7607
12149
58499
40489
69140
98791
60653
90107
32412
57723
32042
80602
40586
44114
77750
23343
86862
29106
97770
71954
98980
77672
39433
34999
81379
27283
69242
75117
86683
68485
18980
92519
77428
32355
7552
5885
23080
99826
85456
48540
80075
84082
53139
89817
43900
95698
25756
29188
84186
51824
12259
71995
34770
74160
60223
63308
42593
49850
44585
96374
15216
23902
11251
30609
70290
1533
20129
24399
15784
8977
57111
17517
77525
10857
40746
93212
78997
43866
77475
13572
25183
12050
75028
82915
75618
50293
27249
26628
9250
48347
85243
17293
46035
21261
88915
90480
52944
97504
44856
92166
21490
51623
32705
93111
45406
29220
92767
77189
1667
59361
95587
87441
43878
17614
32154
24421
86367
38189
25510
7512
14764
44296
47738
98248
68535
23587
83545
43760
65951
64352
38009
65101
58884
76042
91259
71689
25648
94428
66756
16627
24580
25695
26928
2928
83288
37198
28619
45550
78749
86113
50684
50877
85626
95598
91038
47436
4666
30608
6862
45660
90306
90257
47636
65591
32142
73624
77940
82123
57110
61377
5336
69606
2032
58199
63658
13822
1776
11099
23747
21156
40268
68344
16192
21780
22438
10532
30238
42788
10018
89405
83939
55161
83824
50420
37469
50297
83539
95639
61899
29168
30151
34965
69590
78205
5552
32459
78115
11415
6413
43522
53898
37290
31294
92239
64128
2338
39903
35901
37983
44526
82019
56251
39723

