68380
-1
-1
-1
-1
-1
63671
-1
8324
33498
35163
-1
-1
68053
39765
84763
-1
-1
64053
14949
81024
2049
67467
89562
91707
53517
55793
71682
62039
69657
11580
91405
40190
41598
62345
20500
51933
35415
46054
66627
67374
88995
83204
21548
11147
91827
37105
83552
40737
46634
53779
2441
29782
30657
36112
82860
90665
16937
91253
42995
19191
50103
60019
72027
39108
48583
67228
88743
15028
14348
19385
97921
12827
20980
38384
12125
62004
38485
93410
2995
56276
11355
54419
69655
29525
89694
15079
12891
5159
23207
53268
92109
73239
72895
26051
38573
74839
64111
68817
69019
48376
35353
89050
97342
15602
19240
73711
57233
6840
46799
39981
38760
90894
76317
34569
88615
33253
31646
92093
21800
93206
16547
87659
68787
93205
94476
78464
74053
50293
74113
44987
75022
95803
33797
35071
8869
25701
40955
2064
16804
72455
4966
58006
20185
32783
16979
68880
18861
95743
21998
50395
33007
41462
36353
51901
81118
31441
97389
40432
82695
94962
12367
72711
47191
85939
91682
73316
60577
84278
69503
6616
16223
34871
91385
63734
49773
40908
64151
42230
53881
34421
40196
11364
4476
219
65538
65982
89457
18886
65648
51483
52523
90165
17850
9896
53125
57357
17972
17948
46746
96539
45645
43617
90351
90022
16800
41124
95798
71746
5529
42509
79129
70243
59127
913
84585
54268
68827
96761
58817
54467
72752
48712
42582
24107
66444
39959
5057
8656
96909
21671
34341
18224
95679
24597
122
57188
6085
38425
98296
34032
71697
40250
24191
12416
98701
6785
15240
68413
33362
46996
95622
62998
-1
-1
67922
18644
76293
208
20116
41655
57665
68537
837
87616
14640
2212
79446
3714
59954
69578
75853
89726
39629
36900
23980
84958
30473
21119
81716
13664
14451
57078
66186
-1
60268
77367
90677
66270
38396
64147
15351
89780
95207
31309
1409
42310
31058
-1
-1
92174
56149
97753
69729
69046
56800
96913
14229
65149
45873
42787
20890
62629
89242
46991
52429
95979
18142
66105
32614
94778
94693
53576
31475
49878
22940
88499
47894
771
47975
29007
82492
72659
34334
1581
20683
16371
10282
94004
89128
22829
76233
84634
75265
90164
33071
57791
34958
69766
1852
96363
96253
51447
55264
60545
88001
84150
44047
60185
30394
73595
72023
44572
51353
25085
892
93494
99125
64667
35109
31177
33660
70080
6471
31741
63130
8501
96681
8308
75516
85324
98454
20147
76067
92930
18358
37856
38989
36425
48071
85368
30637
42565
87214
54592
44734
783
58058
41701
12377
49014
4260
33782
81159
29055
28741
63323
45626
48636
97931
97345
2780
81864
78376
78988
71689
62222
88007
21041
35172
25640
63993
1891
60302
229
52950
9986
84388
51195
75353
72455
11015
-1
-1
-1
-1
65788
5300
97546
69846
47574
82504
24359
37342
37157
5511
66879
92277
25763
36797
25727
40018
1013
66574
92026
46581
11426
51321
36310
75548
95194
63424
89500
34150
11308
77333
66689
40377
20242
49953
25023
59344
73561
69876
45018
90433
37730
40546
30525
44427
27375
95711
36114
68256
51580
65942
66300
3304
16125
71308
-1
-1
-1
64128
23101
17907
32334
70803
30733
69076
31002
20140
4182
63053
38258
5738
42244
29981
83912
85010
60467
2040
25561
31187
99269
14185
59229
13335
93800
86526
68460
53789
91025
2097
54104
19672
27170
91265
49674
65320
6387
74590
80692
32646
60691
84234
36325
58153
29139
58512
57263
67647
57596
67548
26070
92058
63045
17297
82564
97768
51991
87956
66519
869
55576
48593
93901
30511
64825
21460
99485
47335
90572
18851
39920
55838
28582
84444
24117
22148
93151
89020
63153
42370
54054
73768
7597
30411
46886
3761
20585
55438
33970
73882
41999
83800
17543
17170
86389
40511
82772
47462
25165
88898
54214
36325
91773
58902
28020
78061
80554
8734
47171
62563
39075
42328
98248
15797
2102
61271
89312
57668
701
31308
17467
75649
71900
44410
16929
84792
79899
11289
83488
62106
10942
54895
66063
58848
66567
557
66018
90853
30892
22315
61099
99190
78121
68493
77221
33150
99147
60017
29733
35623
86669
85706
66468
9291
15679
55513
42716
4613
18714
-1
-1
78918
78962
-1
-1
-1
-1
-1
21396
19801
25551
-1
-1
42821
55054
-1
46247
22152
45303
67783
34117
54010
53194
1000
39649
7641
69755
26112
38134
16019
86295
97323
34702
68495
41480
-1
-1
-1
-1
-1
20037
5037
-1
-1
-1
-1
84509
57688
66056
30280
-1
-1
66972
30990
72564
52470
45571
95355
74766
36457
2011
71089
70329
14352
67317
59249
71858
25489
46922
19661
27536
12659
98986
34783
73123
63212
79745
20701
77242
53660
43294
37494
28722
77213
53297
48681
88592
61519
98162
42097
74341
9248
33811
9720
40320
66385
99901
86873
7271
99433
13492
29412
5017
28374
76206
96318
69037
35049
3081
56136
91404
48997
71344
33021
16045
4874
10155
20987
88709
10169
31498
96079
3720
92565
46390
64360
10127
55296
28064
21792
87989
42903
11767
7474
32213
62593
17886
81852
65608
20517
4571
17576
72736
54211
40582
84025
32841
87332
8796
33568
59592
52271
65830
36268
97890
29754
85382
37116
54038
41332
35040
88719
70168
29432
57751
59032
12512
73947
51602
98859
92223
83931
15920
67916
73034
73979
1708
40673
18094
15667
73264
12682
29156
51083
25370
59036
47358
65784
31437
98880
23166
2153
96606
29911
33266
65118
34806
27271
34481
75978
11089
69713
8602
84430
17198
11797
98448
13595
40946
76191
61537
83745
13370
21159
27414
36206
83741
98505
30137
50603
25882
64683
73901
74799
90752
82868
72529
31698
74039
17263
64247
9379
11687
6402
82992
69110
76766
68312
82129
42365
41659
57985
62476
86977
31206
42812
11017
87227
90789
97222
27535
22333
23133
46873
82784
2260
73852
66366
95677
7926
5191
9188
1480
45571
55641
20346
76653
19118
90670
9673
83407
38910
21313
52373
56946
45044
10433
72965
80800
85218
21863
19585
44340
29937
66159
84699
21225
89819
77376
29496
46488
46325
10712
53219
61929
35927
84895
86798
7166
71902
54252
3368
83083
54999
27950
855
99888
59251
19429
19261
45759
86249
70644
65811
23524
19742
17691
31964
42230
99519
82932
32981
55271
69205
45101
94367
15863
14216
7675
13298
38981
69399
6652
33998
86380
36282
98173
2413
65778
80481
83504
86331
81412
93264
35564
10201
40059
87799
51349
74601
67697
94197
44717
42862
99673
4986
48297
19970
46697
65881
86552
61921
88614
84588
84304
78358
71481
74689
50349
18005
54019
38522
60042
31721
56315
98109
18063
74526
97619
69781
10213
81333
91755
52635
16118
25781
47583
85605
86385
57825
45521
36113
47245
15884
98250
82575
21423
22344
75722
69867
95778
30724
52705
88013
21570
26476
10136
30255
41036
37642
48546
93
86658
76751
42807
1180
50941
51369
13309
8479
74160
98363
14813
12675
80073
83371
72718
12526
76780
9541
72341
40304
62539
86943
9035
98819
34957
50165
77413
98693
29799
9543
87089
8544
87371
42248
43170
58741
53931
73038
79583
58907
14981
40480
12777
15494
25603
69215
59704
26277
60055
87000
5083
89360
62944
92264
57033
23129
83749
54201
26957
49207
11423
88361
88702
74857
19130
93636
95047
5874
75905
87976
23285
95306
65274
93079
47252
47758
22324
99614
87774
94992
49708
53691
82783
87150
27390
48718
67945
38874
93537
65193
93547
68935
51317
38605
75209
37487
42396
46844
83830
37071
65169
86672
39165
82151
53259
49465
75931
19788
92180
35136
20839
11984
87489
21324
9778
70462
6357
1899
77142
49040
14148
88663
16553
75082
28147
40940
28328
40612
30362
54723
87996
3155
33323
56497
73524
60765
40241
55245
84243
37157
59185
98003
19078
83059
74478
39626
47995
44842
87465
94911
13226
23551
59185
64778
7384
19757
94449
78890
35901
75595
16205
50359
44534
44381
54820
76014
39801
59541
14401
14515
80195
90975
7175
71359
91876
89674
83882
85897
3939
72627
87192
90386
58720
49698
33705
93583
20438
63645
60432
25124
38699
38946
28372
44571
62508
45214
95732
38359
98851
59932
57521
88416
20331
23327
44627
24187
21621
64735
87626
77555
53285
88077
38133
75644
86831
44740
77158
45829
70091
27534
71519
7970
87738
86996
44209
26699
80716
87159
97009
75124
89942
3333
95370
73811
57259
60433
14919
43311
17145
71525
1213
62748
3164
90685
85130
47951
38489
14243
77522
4214
36373
76585
30454
71181
80463
34955
94679
37320
24834
38859
44654
53384
2442
66675
20388
37430
62876
28138
80817
60114
11087
53768
43229
71915
44525
49603
17854
93217
49094
34490
43022
35048
70386
41023
78195
62648
73907
98169
70854
36678
44230
95217
73822
41778
95282
82
75496
14305
16748
61020
2737
7818
33377
36176
83072
65698
96020
28676
18288
9847
53823
83871
24340
36047
65681
79728
92681
88675
41675
46833
85045
73756
44783
68659
75357
47946
45716
79332
26142
85832
37062
13960
99475
8198
60510
54561
24165
78001
61683
62813
59316
4406
86199
46880
59972
66885
78059
87157
6948
28937
11112
90366
94464
67144
63649
188
69614
53558
69991
95696
9083
70563
15644
66758
34490
189
25109
16146
86546
40849
75490
79607
99949
48725
78344
38043
17885
83095
26955
58516
94389
6587
84964
77704
29376
35771
40735
15071
14256
9539
74385
83670
86584
29579
64097
76340
37682
62347
42219
64621
26442
53750
96159
92126
3564
55680
5617
96222
20796
64846
79916
92278
55972
76487
26801
87720
38112
92816
91346
38401
49515
33414
52870
41166
76746
79659
47478
46417
24051
75208
6244
98054
72763
65043
62473
38500
7928
57075
32074
30954
59905
6853
43061
95958
38703
39881
89780
99708
58606
85300
20254
79721
4281
59170
96340
30286
91889
56459
78383
99100
77840
77765
32832
25779
66251
17767
97530
24202
50963
48785
18392
1210
63475
85162
30903
30343
28997
16900
78352
30689
34407
38277
64698
99589
34592
64497
19449
38809
94778
87454
6019
9414
64834
59397
39970
24633
28996
43092
95821
95011
91182
83032
80193
74756
88929
62264
64925
88408
83816
93406
80556
70143
85539
63152
85162
27499
93180
31608
35094
24033
70542
91278
25990
93051
56314
20765
582
16557
10546
57173
57780
58703
21532
47391
82827
51093
11706
98028
18897
19944
73549
47999
5151
96769
85859
34813
65361
3334
81038
56960
23841
44897
36690
57582
76464
92535
50190
96504
32665
90102
83883
14503
75601
95218
82191
95751
90718
48465
14992
26557
90018
50756
22605
4818
86965
98695
25420
49497
18935
11225
22949
51475
91533
22776
35920
35518
77258
62753
61209
45785
2958
54668
99862
39941
10891
62903
37225
73608
32581
19275
14069
98075
56137
30641
88013
53732
2407
75498
46343
60573
4000
5610
89711
42990
51653
57031
49853
73194
78886
13200
66164
59934
35539
82025
13434
97944
84609
26551
79817
29503
1462
16739
97801
93145
21621
84612
40387
55765
64633
37313
59949
32791
85065
28411
52622
25290
82145
66448
72150
48455
67224
64395
56464
82856
15736
67553
24764
93882
83361
21992
78027
65377
21193
14375
42899
67631
34269
62288
1451
30191
24815
29537
70410
73952
89999
38070
58795
29448
90587
61364
70138
50579
71161
33746
27645
36265
45306
14997
82659
44631
49048
90594
5745
10211
42647
91466
50305
31808
72109
40273
31271
70587
20282
32461
72418
22609
84889
66118
41596
59039
5027
52946
98456
99706
845
42420
87596
57048
86041
61537
86718
71682
91431
80928
15814
33069
98370
64718
39570
8391
77502
77483
9777
36894
78726
20392
98222
95648
89810
44311
22002
98025
22182
21593
71304
48649
93875
45117
1195
85711
61611
11655
28111
60248
12425
40579
43774
33280
6000
91114
12822
83417
55194
37733
61525
59713
87648
44947
340
98505
6471
19525
62624
73390
37087
5137
15947
26703
6709
58853
73236
37738
3185
37772
26054
28960
637
51298
30377
44922
67354
83306
37748
43075
87816
49468
48885
68756
11280
49774
90461
13570
47190
15938
90533
22705
88384
84185
42761
56441
64508
39127
24586
40291
33811
72952
93832
43481
28204
76432
79536
18112
12310
94846
47380
64674
11116
58160
90999
75295
21763
9918
18187
35977
55870
57393
42267
77933
98541
46917
17572
82158
86699
10522
17012
27383
39868
7227
47356
12826
84829
86349
87088
91848
49080
71236
62819
97423
16787
83919
37678
47012
21424
6093
77843
64050
31742
10118
65409
42716
64707
67000
82473
43605
66935
23788
85358
58733
6437
96547
48695
68870
58302
44587
48933
64517
36879
59931
15521
10242
64747
38418
50299
25930
22659
41330
54646
52338
47354
42919
51925
296
56285
644
35986
68768
33855
29548
84024
25094
87810
54980
77635
24088
54479
32850
66287
947
95844
64773
75627
90738
77427
33347
66706
8885
8721
55148
6345
63314
21303
9742
55643
92380
48731
51371
14989
41343
57599
48727
96454
13832
50521
88664
52163
91671
9068
74294
38575
41739
33803
56391
24620
33930
34317
45059
5280
66041
4166
21681
90178
92298
68803
59144
17535
28934
62710
61983
87560
10582
37736
36716
7687
67040
13545
22437
25535
96572
99862
98740
74892
44578
88286
73906
9456
23013
63480
43794
34055
79978
64455
10727
79407
87717
42586
99710
41787
78449
10782
31269
95573
43239
70144
43857
33837
57037
45699
58827
11097
77707
5949
82982
77752
70081
19390
63478
14851
7030
86741
72998
80520
10163
50119
48456
31534
18008
31021
51504
3730
41242
98567
10575
7208
78505
59282
90803
94353
11057
51828
18535
63804
14831
82228
72427
73521
11863
43459
71916
81523
45367
424
32144
55690
64273
44521
41627
39444
70346
93654
99810
40791
15011
7420
90099
20645
57786
63989
73724
66444
80656
92869
87152
75878
46823
41068
86158
85187
55705
15856
96519
33345
43184
30799
50300
19829
62857
13602
41699
62903
93432
16650
31277
60961
33438
168
9796
18830
71292
83838
66660
80252
9209
31619
76369
28220
50520
54599
64465
90585
89834
48203
17846
44180
5348
82740
18492
55467
36964
93359
84647
96202
22675
54863
86088
43748
68636
44540
23354
66267
25107
12028
85612
42693
25929
88599
11514
14167
86854
56451
41467
55563
23440
59870
62311
61333
89958
15442
84075
8876
44992
82094
70453
38547
17120
38655
78444
57070
76987
65943
16957
24882
94047
49778
9873
27088
99186
36887
31615
96268
22768
84560
75954
31589
81929
44591
75625
51580
33041
56027
55264
36979
8088
60152
70934
74879
15690
7629
38647
47466
71099
57760
53732
25674
55453
20279
69884
78880
5975
30912
4492
41324
38055
21350
39098
1386
68281
48461
65205
72663
6732
40114
61670
47013
44944
34141
82617
62943
57679
8372
11796
30716
35952
55184
52694
58748
10621
88440
48280
25309
69779
48340
95081
68301
67968
16374
25896
92628
88387
14511
86323
14328
13497
78372
58400
44004
10763
98100
49663
29284
70966
55358
58509
88024
84029
45381
5995
88885
37889
73517
27209
93531
62846
78287
46913
52071
43264
232
14813
35401
96949
34376
30125
93578
15410
55430
72175
20501
99067
60692
18876
40820
26902
84863
82213
75339
82686
74549
56705
84899
32021
50817
59069
29391
3421
50244
29744
80503
50244
19116
31149
28002
30171
97675
42522
65113
64581
76579
90473
51199
90321
43934
56033
59853
87685
12916
60093
98920
52333
68965
88510
52607
85674
55189
52735
44637
46508
8734
69116
25263
71660
16029
31290
22667
36826
4560
29581
53066
60411
77143
13933
41966
52394
78256
40034
86709
37777
12041
41915
1199
25581
26562
97914
21660
59015
78288
53467
34821
63151
29284
32577
19140
65163
56749
55578
45929
96671
45166
86610
83020
68687
97599
64607
62941
86942
52519
15887
4511
9204
60270
59972
10253
29815
10616
63874
48527
63843
12178
29871
55586
2974
71593
50579
12027
34506
22708
64873
47999
44591
89956
12891
75589
3495
40801
41592
23053
33662
25920
47255
20765
52312
41138
58174
12819
46550
6577
23256
66600
60577
62021
11245
43905
2409
57594
40880
21131
45118
30705
85457
68261
71603
35318
32141
31303
90958
5702
38304
35113
38962
50285
7065
12071
51077
80273
57920
84215
25539
48267
82050
27205
80720
20036
17240
80796
11483
71644
5793
18025
51021
79730
95119
52477
36648
76920
45955
26935
70206
61032
54178
49814
55088
37000
47357
37517
50471
62051
12887
75011
32770
41267
21069
40380
51502
59131
74335
86262
76179
30398
21009
20223
63605
21509
63207
48012
1099
8213
17248
44493
64958
93201
26106
76228
72394
2797
35425
31201
54937
55116
47567
98192
40565
37534
57047
34741
8640
32055
96121
36601
49103
83236
71944
92704
90216
40812
49838
51155
18082
44374
73843
89487
7370
21098
89692
31029
54264
91436
50101
78904
92823
91667
57234
11779
91073
36031
15658
87096
15503
16927
90243
64085
50993
92709
12134
58198
41080
89698
87639
90571
59191
4496
19928
2722
10286
14512
68197
96103
49983
94641
4709
5164
95870
15491
16285
43694
86307
1107
8799
57141
12733
9733
57238
43977
77315
63919
97365
99323
66107
59031
39256
33706
5626
92948
64596
99054
79786
23328
49635
34669
78665
92015
93493
1186
59781
10640
46297
40637
33825
75393
76145
42389
56418
3214
39090
21437
70404
69480
76024
59555
69754
53120
38596
51592
58553
54402
75788
18086
35663
10105
18156
8164
38268
19607
6092
63235
87838
98525
1916
52423
75654
20008
43275
67084
90634
12941
72491
94680
87499
36309
54497
80797
84379
52446
86871
10694
36721
48818
39027
92951
4488
40104
35919
99235
16897
95637
64539
52017
15048
69349
67889
1716
65024
62006
20372
63419
41051
72598
46520
52645
41982
49524
21177
86430
38759
31744
99935
5155
90915
3994
9452
46050
91875
37978
29765
99183
84230
24807
83667
19652
71984
44552
11245
76068
90382
12228
95014
91086
33852
73347
13518
94542
36317
75740
41734
45542
88273
95215
27936
46468
64147
98714
49573
32231
31485
95195
72527
26650
757
57926
20675
34172
93729
99796
26381
80730
1553
18156
63876
8768
29230
65657
75086
93387
93442
81359
86253
56497
95539
59249
56760
82774
80166
87496
94443
38996
96916
72942
36184
64384
22749
74672
62823
11806
65673
80739
16040
6120
73839
89241
94938
44140
94882
80182
28695
71405
28458
18112
60300
73699
4437
53198
74094
34848
92360
19003
7897
9999
63434
71108
71779
93207
31397
75717
96981
77146
8046
38077
3117
50239
72266
33249
76444
91184
5052
44676
13473
89474
96985
68444
64257
68004
13378
68859
14348
91495
67787
58628
98573
86825
57427
40603
46822
16997
92894
39817
98520
74453
22556
36150
84305
10436
66870
61848
98785
95737
79082
59628
38947
9397
87321
60745
85505
77362
40620
64165
39099
46145
86468
22462
110
9013
23281
16975
60991
76931
15291
71389
57182
46131
51300
43964
34119
28524
41437
61427
39817
91001
86378
52851
10449
18017
60360
67601
17369
45848
15168
79876
37584
58433
66467
44538
6411
74700
39268
32794
99251
26316
17655
62190
53196
37329
69603
82688
81562
93187
1372
1174
38337
98335
47566
43314
36579
39340
23956
74907
93939
34722
15536
23169
93228
8080
81989
3140
60607
21930
33890
34910
29345
21446
61444
46119
52740
80273
47739
85106
92269
92553
79740
41973
88420
75003
11180
13563
41795
11438
78611
24496
85360
70509
49062
74338
90598
48529
10912
3469
91640
78563
27531
68973
69315
73107
27143
7416
61147
23722
23894
37477
40716
53728
40835
59262
38938
61882
37706
69325
34528
93166
61208
56220
32444
25504
2614
48971
77083
34394
10302
33661
74193
35212
51729
17511
21434
65386
15966
97285
46537
34532
76927
31348
37396
55676
6475
52748
43690
33874
79848
69701
64505
47131
56161
38210
70847
99414
59199
72750
46148
86811
15383
46767
62486
24770
67268
72559
98318
76697
37011
47971
66712
15405
70922
16036
26674
20652
57977
11797
72936
88664
14109
74030
50610
36503
92651
30552
5586
63776
46980
75235
94390
12236
99437
83855
62390
9908
72192
90888
2366
23268
5907
45043
16156
50981
27659
76482
82011
7339
15902
58209
92111
55855
42640
58066
87874
32828
67837
93445
74872
63780
2667
51687
50103
85271
7729
83800
65962
61354
30347
29184
98445
62621
1155
57615
1365
2613
49343
9704
97536
77593
91595
96794
60618
88548
4695
88727
77594
94374
4489
54659
35743
88307
65202
23133
79506
47127
87411
86688
78864
14268
99683
18527
76080
34017
42101
78822
23192
22949
48333
80733
78023
42723
9793
64857
34054
9135
71702
15859
69161
49722
56972
40468
82989
79798
61344
87799
93919
45986
6493
30432
39580
93186
67305
675
72861
78886
6008
61350
8776
73262
45322
17389
71278
60528
80186
5309
80622
66707
7604
6582
16205
23544
73127
89810
15160
70369
89305
40534
75990
42420
22026
89307
23764
44907
11260
62647
10909
47110
12854
68237
55166
26615
26483
29756
3999
2277
54410
68063
30655
4571
79477
36894
39409
99716
73566
52772
56045
45062
76746
20563
35631
29141
81083
23985
7192
67198
64506
96091
89841
25251
29771
78066
37791
41660
76088
69604
8798
17479
3657
84461
24067
36991
8096
59614
74659
31621
35600
7166
34257
38180
17785
17887
15787
63324
90104
99661
76032
88870
48473
29479
88557
16022
81212
84322
55814
9165
32618
35507
93466
69744
24315
56929
96000
19241
23582
85901
7030
73520
92185
74440
26343
75909
97713
41921
60893
50496
34845
38130
93071
48518
25308
79678
39368
92172
5417
46403
81331
47866
53495
47202
45091
45692
94741
82364
49110
70934
77352
52910
21870
78255
25182
41791
6881
29069
14246
20656
52800
76580
19474
36614
97560
35262
90100
12019
11717
88376
45175
67491
19510
38371
78833
96464
85894
8394
3504
868
44911
91195
27966
93371
89798
79859
60617
81773
15813
387
98477
15853
12792
16436
80489
33084
16600
93469
49888
92767
49459
55354
74267
97333
30794
41955
14069
43350
84495
44444
24147
75146
367
25230
28739
44593
32483
78232
43181
62504
64720
19376
99799
65574
45192
93112
76659
57914
58882
78760
40341
33255
5483
81653
79276
37273
59286
9369
33918
767
10630
70171
26522
89588
21030
64856
91323
85079
32786
55841
76024
11793
67273
2034
33813
88485
91134
80779
55588
62411
7121
88590
92646
50365
56153
67718
95079
60318
99570
27651
13931
32556
51161
96568
28845
43584
36422
74025
74875
31406
45276
29259
79440
83713
96512
32736
25745
12208
72689
82815
68577
73298
56645
15601
25660
25544
37780
3189
69039
95703
50758
19260
76296
84064
43811
13248
76392
37142
22254
99611
24476
74277
92292
51687
10425
92763
91396
45845
81856
5209
67022
20937
35428
47260
81466
15843
4719
96139
84598
41038
38793
90035
89998
88243
15112
67885
47774
32543
95636
67011
19845
19228
92144
11400
9338
55757
56818
13804
61115
56724
55526
48137
45974
64566
90228
61329
14387
17958
3366
50773
39436
19303
4292
87739
8060
12894
3294
11643
56817
23049
35489
29291
8021
41783
22790
94206
14100
46404
93392
63036
85610
33240
47522
80467
48236
32212
84345
90596
75896
32459
80149
8525
19759
42917
89087
32242
3918
20840
14199
88634
60673
91751
10652
89908
91825
26346
10434
7128
37808
48018
55164
28884
37526
27099
7607
30508
42142
10382
52914
53956
96207
52534
50378
38164
18371
39412
59608
25105
52161
40374
12128
68181
38487
28795
88942
12521
83331
75886
30763
94096
26515
71678
55596
64472
50277
93983
19986
81038
92009
5853
73415
46473
92596
69768
13628
75250
6378
99122
21105
12260
53485
23503
22878
58501
27557
70214
72327
24536
41537
67792
68262
5645
68705
88293
78732
70509
91417
61283
88718
398
2804
96551
17852
32333
63804
81064
51086
15541
54790
83495
59429
75187
27614
10178
69960
59079
94527
61133
50979
91832
69365
56054
94331
50066
1870
88818
82088
78761
2526
41145
38694
21718
14076
47958
89708
65018
95868
62327
57939
50878
80015
61789
66750
40760
86906
78215
15744
16617
81834
53649
71801
88673
91037
52544
99243
46603
16906
63365
98840
22195
89763
73499
83825
12380
74277
54881
50684
17954
68776
90388
55447
52596
69528

