0
0
2
2
2
4998
0
1
0
3
5
12
12
11
11
11
11
13
11
10
13075
6
8
15120
5
6
6
9
8
8
9
9
11
19952
20534
20534
9
11
11
21155
12
11
13
30529
31500
15
32484
13
14
14
13
34057
16
14
37250
39154
14
14
41600
16
14
13
46175
14
46175
16
17
15
19
17
17
17
20
20
56967
56967
19
20
60028
60028
19
63404
26
26
29
30
29
29
31
30
29
69367
30
70888
28
28
28
29
28
28
28
27
75997
26
21
78513
21
79390
79437
79437
22
20
19
14
16
16
85607
15
15
87100
17
90033
18
19
19
18
90585
92474
21
21
97824
22
22
97916
24
27
27
27
21
107595
107627
20
20
20
22
23
23
110536
110536
24
113006
113144
113460
113460
24
24
23
21
19
19
22
19
19
18
18
17
131089
21
20
20
20
20
19
19
134665
18
136180
15
14
13
13
138278
13
12
12
14
15
15
141349
14
14
14
14
145956
18
18
146708
16
13
14
16
16
17
12
153799
11
9
161631
12
15
14
15
16
16
168153
168153
15
15
16
16
171724
171724
21
20
172816
20
20
172816
176343
17
16
179077
12
12
8
7
189348
6
5
191599
8
6
6
5
195753
195753
196484
197218
197218
6
198329
9
11
198462
11
201951
202526
203048
204313
10
204313
11
14
14
12
12
12
14
14
14
13
207464
17
19
18
20
207582
23
22
21
209170
20
210036
23
20
212428
20
20
21
214046
29
28
28
27
27
27
33
34
221218
221218
35
37
223799
223799
36
223799
34
34
36
227362
34
37
39
38
38
37
37
39
40
40
35
35
35
35
237899
30
31
31
32
32
33
33
33
29
28
246724
25
247589
247589
26
22
21
21
31
254427
32
35
256207
37
38
256504
41
36
34
35
35
265360
31
30
30
30
268106
30
31
30
26
26
26
26
276687
26
278678
27
28
278678
31
281828
282328
31
31
32
31
31
285754
285754
29
29
27
288757
24
293962
16
19
296066
19
18
297478
298225
299183
15
302247
14
13
13
303941
12
12
11
10
14
13
11
312813
9
10
313842
9
10
12
8
5
6
5
4
4
6
5
7
325126
325218
7
6
6
6
6
7
6
327860
7
7
8
10
15
13
13
330691
333293
333293
19
18
337555
18
338440
339535
23
23
339935
24
24
18
18
19
19
22
22
23
23
24
24
23
23
24
351411
21
17
20
21
23
16
15
14
14
15
15
15
360798
16
16
16
363684
16
364387
364387
16
15
16
367356
17
17
17
17
16
8
8
7
375323
10
11
9
9
9
380721
9
9
10
382415
11
13
383669
383669
385200
9
387227
11
9
8
388740
8
8
8
6
6
393859
1
394720
2
4
394912
394912
1
1
1
0
1
0
400386
401813
6
5
5
4
5
5
5
5
3
3
4
408694
1
0
2
413586
3
3
414657
0
1
1
0
0
420032
1
4
4
2
0
423353
0
0
0
0
0
424415
2
2
2
3
2
425388
425388
2
2
426056
426955
3
2
433666
1
433666
3
434240
6
7
6
2
2
2
437878
438676
1
439545
440498
1
1
3
3
3
2
1
1
3
4
3
3
3
450286
1
451136
6
9
8
9
6
457846
458066
1
3
2
1
463268
0
465120
0
2
2
2
1
3
4
1
0
0
0
0
1
2
2
474784
6
476615
4
2
2
2
1
0
1
1
481952
0
0
1
2
488277
0
488968
2
1
490039
490039
4
492167
3
0
494271
0
3
5
496865
498063
10
10
9
501474
5
6
6
505898
508571
509304
8
10
12
12
12
14
14
12
11
12
517797
13
12
12
520233
13
520734
19
18
19
18
18
19
18
18
19
529960
18
535797
535797
536787
539599
16
16
17
19
20
20
19
546045
17
17
547044
14
14
14
15
14
15
14
14
15
16
16
18
20
17
17
11
13
15
17
561204
20
20
19
562730
562730
22
22
569171
20
23
22
22
21
23
19
20
580938
16
16
15
17
17
17
587142
587142
589559
24
26
589559
24
592281
23
24
26
27
25
25
25
25
28
596612
598744
598744
598744
600954
600954
31
32
30
31
31
31
605229
29
28
27
607801
27
609301
27
27
28
25
614751
27
28
28
31
29
32
33
32
32
30
31
32
623923
31
31
28
630882
631296
26
27
28
632146
632385
26
634301
26
636072
23
22
24
640355
640355
24
20
642594
20
642594
20
19
16
15
19
19
652775
20
19
18
654653
18
16
660068
17
17
18
18
663339
18
17
20
22
22
23
22
19
670591
18
18
20
15
675674
17
15
13
13
678520
9
683891
8
685402
686006
687275
8
9
9
10
9
690226
6
6
5
7
692574
9
9
693048
694519
8
8
11
9
11
12
13
12
13
699509
14
14
14
15
16
704510
15
14
12
13
6
7
5
719878
723705
4
4
4
4
3
3
734407
1
735516
736155
4
2
2
1
1
2
1
747777
0
3
750247
750645
751876
0
1
1
1
1
753088
7
11
755553
9
755553
756520
8
8
6
758419
5
4
5
7
760556
7
11
11
762169
762601
10
764400
8
9
12
768348
14
15
14
771262
9
772998
772998
13
12
12
10
10
10
11
11
775642
776238
776238
10
12
12
779337
13
13
779337
782223
17
785317
17
18
18
19
16
17
17
789443
17
791183
13
14
13
13
18
17
15
16
18
22
22
800129
800194
22
24
23
23
24
24
26
27
26
25
23
22
810548
23
24
23
22
812409
812409
21
21
21
19
19
19
818068
18
819919
12
13
820965
12
12
11
11
10
10
14
12
12
10
833956
835009
11
11
838514
10
13
12
13
13
13
15
847377
14
12
11
11
11
11
11
9
8
4
5
5
860274
862541
4
3
3
3
865418
866127
866995
3
2
3
3
2
2
0
0
0
0
872993
1
3
3
2
1
4
3
874975
3
2
3
3
3
878955
4
4
6
6
11
880277
11
11
11
13
17
882694
15
16
15
13
11
9
8
894868
9
12
11
898941
898941
5
3
3
904688
904688
904688
4
7
6
5
0
0
0
909950
909950
911667
1
7
913430
6
914936
915578
1
2
917811
0
4
2
920891
2
3
3
6
11
11
11
16
16
17
15
15
21
22
23
23
931778
19
19
936148
16
17
936817
17
938093
18
18
18
941253
945285
13
945285
10
947317
947442
947754
9
7
7
8
951631
9
7
8
954509
956172
13
12
13
958268
14
16
17
16
16
17
16
961087
17
962674
962773
20
21
22
20
966569
21
17
969683
969683
18
17
17
977933
20
20
21
20
22
21
21
14
11
989309
10
10
9
10
10
9
999495
1000379
9
9
10
10
8
1002122
6
10
1004550
9
8
7
1011939
2
0
1018121
2
2
3
4
7
7
1027027
13
13
15
14
15
1033564
15
14
14
1035463
15
15
17
1036097
1036097
19
19
19
18
17
17
1039295
1041450
13
12
15
15
1043788
13
14
11
11
1049585
9
1053459
1053459
8
6
7
6
2
1061973
1
1
2
2
2
1
1
0
1
1
1
1
0
1
1068982
3
1071103
4
3
3
1073044
1074010
6
6
7
7
1074010
8
7
1076777
7
10
11
1078088
1078471
12
14
14
1079221
14
14
22
1081906
17
18
15
1091705
12
12
12
12
17
17
1095805
11
12
1099618
13
1101170
17
16
16
16
1107629
20
19
19
20
20
20
21
21
21
21
17
1116398
1117053
14
17
18
18
18
1120561
18
20
22
23
1121892
23
24
24
24
24
25
1122436
29
29
29
27
26
1125638
28
1135474
28
1135738
30
29
27
28
28
29
30
30
30
1143233
1143373
1144217
34
35
35
35
36
36
35
1147019
32
32
32
33
32
32
34
32
1156287
32
31
30
1158321
35
35
35
40
40
39
43
43
41
1169586
44
44
45
1170890
1170890
50
50
48
47
47
1174807
1176911
1177002
47
48
44
1183194
1183201
44
44
41
44
45
46
1185492
41
39
40
40
1194105
1195056
41
42
46
46
48
49
1196709
48
1196709
47
47
1196987
46
47
49
50
53
1200471
57
1201715
1201715
55
1202070
56
1204130
52
51
1212144
52
52
53
51
51
51
53
1213462
60
58
58
1215318
54
54
1218860
56
56
57
56
54
53
51
56
1227883
1228876
58
1229254
58
59
1229737
1229737
59
1229963
57
58
1231702
62
1231702
61
1233255
58
59
59
1236791
54
54
1237043
54
53
53
1239210
55
55
59
1240774
58
1241971
57
1249798
55
53
53
52
58
59
58
54
53
54
54
54
54
56
58
59
59
59
58
59
60
60
60
61
58
58
59
1268598
61
1269997
59
59
59
1271257
59
1271257
58
57
1280026
1280026
56
56
1280026
57
57
58
60
60
63
64
64
63
1284964
64
67
69
1287077
1287077
1287077
1287077
73
71
71
1288687
72
73
75
77
78
1293980
1295086
1299758
76
1301878
71
71
69
68
68
66
65
66
70
70
1311348
69
70
70
71
1315520
1315520
1317162
72
72
1318236
70
1321573
67
67
67
69
72
72
1325460
72
73
72
75
73
70
71
70
70
71
1337175
73
1337175
73
73
78
78
79
80
1342071
80
79
78
1345972
74
76
77
78
79
77
76
76
79
81
1354205
81
81
1354591
85
85
91
91
1358551
92
1360563
1361058
96
96
1363335
103
101
100
100
103
101
100
1374423
98
1374698
1374698
97
97
97
96
96
96
95
95
97
1378011
97
97
1382657
96
100
103
101
100
100
1389751
99
99
94
96
97
96
96
96
102
101
1398805
1399200
1400414
1401245
1402619
1402778
107
1410062
1412951
108
1413146
108
110
110
108
109
109
1423158
108
109
111
111
112
109
109
1432228
103
103
106
1438929
107
1438929
108
110
1440407
111
110
110
1441509
110
109
109
1444680
1448077
107
118
119
120
120
121
122
121
1461357
119
119
119
1462086
116
1463028
1463028
115
115
114
112
113
112
111
112
112
1472883
115
116
114
1475372
117
115
114
114
114
1477024
116
1477688
119
119
1486010
114
113
1489401
113
113
1491038
111
1491311
108
1495473
111
1496156
1496156
113
113
108
109
111
112
113
111
112
1505316
1505316
111
112
115
1506635
114
114
113
111
111
112
107
106
103
99
99
99
99
100
99
100
1521394
98
1523714
1523714
107
106
103
103
1526611
103
100
1528185
100
97
97
1531899
1531899
1536062
97
1536725
97
94
91
91
91
88
88
88
1542364
86
86
87
87
88
89
87
86
88
88
1546647
86
93
94
95
1548723
1548723
96
96
94
94
94
90
1552720
89
1553853
89
88
87
91
92
91
1563617
91
1564471
93
94
1564471
95
95
1565794
92
94
1565794
95
1566574
1566813
97
98
1566813
99
99
1570208
95
95
95
1573833
93
92
90
88
1578615
84
84
1582135
85
87
86
87
1584009
89
86
89
90
90
1588007
1588419
92
92
92
97
99
100
100
1593358
1593478
102
102
101
102
100
1596306
1596422
102
100
101
101
101
100
103
102
101
101
100
98
101
101
1607686
101
99
95
1613566
1613566
99
1613566
101
99
100
100
100
99
94
1622863
98
97
98
94
93
94
1631900
1632331
91
88
90
90
90
89
85
1638561
85
85
85
87
87
85
84
89
89
89
1645612
92
1645920
90
89
1648125
90
90
92
91
89
88
88
1652860
1652860
88
86
1656928
1656928
89
1657289
94
94
92
1663090
93
1663090
1667807
90
91
91
1673216
92
91
95
98
1678674
94
93
95
1690638
97
99
105
104
104
104
103
102
101
102
1700604
101
98
97
99
1705684
100
99
99
99
99
98
98
99
1710033
99
1714011
100
97
1716771
1717440
1718714
101
100
101
102
102
102
102
102
100
100
102
1726288
102
102
106
103
102
102
104
1728601
1728756
1729929
106
106
105
105
1731984
106
106
1731984
107
105
106
1735728
106
106
1736456
103
103
103
103
102
102
1745323
106
1747544
104
104
105
1749870
107
110
1751503
111
111
111
1755777
108
1759167
105
1760195
1760195
109
108
108
112
113
1762765
114
1764946
110
109
110
110
110
110
109
108
108
108
108
112
1782071
113
110
1784697
102
101
97
97
1794950
96
94
94
1799951
95
94
1800563
94
95
95
94
95
93
1813586
93
92
93
94
94
89
89
90
91
91
90
90
90
90
88
1824260
86
1825030
91
92
1825959
92
92
91
88
87
87
86
85
85
83
1835611
81
1836011
1837716
80
85
85
84
83
1839041
83
1840483
85
88
90
90
92
92
92
1843746
1844454
98
1846735
97
98
98
1851851
100
101
98
97
1855328
96
1856300
102
101
106
106
105
