0
308
0
308
308
308
3
1
2
0
0
1
2
1
9462
4
4
3
6
6
7
7
9
9
11
18775
4
4
21837
5
24318
24318
0
0
26477
3
4
27748
28541
5
5
3
3
33060
4
35190
13
13
13
13
13
15
19
19
19
19
19
19
21
43550
22
21
21
21
20
19
46418
27
26
26
49549
49549
25
24
23
22
20
20
18
18
18
16
16
15
15
62723
18
62723
21
65813
21
66601
20
19
19
19
70128
18
19
22
20
21
22
72337
20
73291
23
73920
21
21
21
21
77930
21
21
79020
19
79020
18
19
21
81909
84086
21
21
20
20
85528
23
22
19
20
88812
18
91618
15
15
15
95699
9
9
8
8
9
97023
13
13
105031
6
6
8
8
7
6
6
5
5
111560
111560
6
4
3
3
2
1
1
116038
1
0
0
0
3
116489
116489
4
4
6
120181
5
5
9
10
125774
10
10
8
7
6
132978
9
8
136038
8
5
5
0
0
0
0
0
144610
145558
146167
147006
1
0
0
3
3
4
5
152916
6
6
9
9
9
7
7
158461
8
8
9
9
9
159614
9
9
5
161910
3
161954
161954
3
3
165376
2
3
3
4
0
0
167907
167907
4
1
1
170403
1
0
0
1
1
173415
2
173415
10
11
10
9
16
