1
816
0
871
2
0
3662
3662
5
4
6
5
10476
12
13
12
12
13
13
12
12
12
16477
12
19584
11
12
13
14
16
22003
24
22003
22003
26
26
28
23278
26393
24
20
20
31025
22
20
20
37548
17
19
19
39872
20
20
20
20
39901
21
19
19
20
18
17
21
19
18
18
17
53121
17
16
15
17
18
57177
19
20
21
22
22
22
22
22
21
22
22
21
60519
23
30
31
31
28
65133
65133
27
27
27
24
23
71250
71250
22
21
21
22
72925
72925
21
21
23
22
21
79370
20
20
21
21
24
25
29
82263
30
30
85297
31
85310
32
86129
86129
86780
86780
38
38
41
39
38
35
34
34
34
34
35
37
37
97486
98061
37
37
99805
40
39
37
38
37
36
35
36
105126
36
36
36
36
106930
35
33
110192
30
29
28
116481
22
120425
21
21
19
16
15
15
15
15
14
14
11
9
129622
130738
12
13
13
16
133397
16
16
135096
12
11
11
139687
8
8
10
141195
143718
11
15
16
18
150962
152077
17
18
154160
19
20
20
20
20
21
22
156810
25
23
27
29
29
29
23
18
17
18
17
166558
18
167319
22
23
23
25
27
27
27
27
31
31
31
30
34
36
38
37
35
34
34
178959
35
35
35
180311
36
36
36
36
37
37
37
40
40
185001
37
42
187634
42
41
43
43
45
47
192230
192230
49
49
50
50
193743
194993
198158
53
55
200055
56
55
204329
55
205337
53
52
53
53
55
54
54
54
54
211361
212359
58
58
56
52
217568
52
221175
221359
221359
221802
51
222077
49
222950
50
50
51
49
49
47
49
49
50
50
48
48
50
50
227942
228959
49
228959
53
52
50
55
56
55
53
236717
55
237826
237826
58
238397
238397
57
59
240968
58
57
57
241694
53
243303
53
243303
243303
59
58
59
62
245702
62
62
65
245751
245751
65
65
246777
66
65
66
248844
62
256048
56
57
57
55
56
57
260530
59
59
