0
0
2919
0
0
0
0
4398
2
3
1
9836
2
0
1
2
2
2
3
7
8
8
8
8
8
9
16820
18622
6
8
9
9
8
20693
9
9
6
6
26114
7
7
5
28382
5
30698
5
10
8
11
11
10
10
10
40636
10
42621
8
8
8
6
6
6
4
4
51769
51769
7
5
6
6
53249
8
55253
9
7
7
60240
61963
64213
1
3
4
4
3
2
0
0
69799
69799
7
8
8
10
11
12
12
18
19
18
15
16
19
20
18
18
82742
17
18
17
88684
14
14
90796
90796
91941
92842
7
5
4
5
6
10
10
10
9
11
11
11
12
95781
11
11
11
11
10
96869
96869
12
13
98945
11
98945
99726
102101
8
4
4
4
4
6
6
5
6
5
110853
2
115169
5
3
118587
0
1
121332
2
122019
3
123803
2
2
123803
4
125117
7
128305
9
8
9
135149
135982
11
135982
135982
12
12
12
136790
14
15
138252
14
14
12
10
10
145647
12
10
7
6
151738
11
151738
11
11
11
152385
10
152500
8
9
9
9
155832
7
7
6
158742
7
159220
160173
11
11
11
161132
165566
3
2
170607
5
8
171219
8
9
9
10
12
10
9
10
10
10
9
182338
9
9
9
7
7
7
6
2
2
186955
188046
190780
4
5
5
5
7
6
195092
6
6
195092
8
195092
8
6
10
196923
11
11
11
11
9
200159
200476
10
10
10
201118
202817
8
6
7
5
5
5
7
8
9
211235
211977
7
0
217236
218503
0
0
1
219431
219842
1
0
0
1
2
2
3
4
223780
4
5
5
225184
225184
5
8
5
4
228378
2
0
2
231265
4
3
3
5
232232
3
2
2
4
5
5
5
5
5
1
0
240106
2
0
244339
244339
2
1
0
246021
7
246910
246910
7
247478
7
7
6
5
248226
250638
5
4
5
6
254248
4
3
3
2
4
5
5
5
260918
9
261641
262606
6
268411
269629
270270
7
271761
7
274797
9
275795
15
15
14
11
13
15
282115
16
15
15
15
14
284381
15
287848
11
12
287972
13
288435
288435
19
15
14
16
20
19
18
16
15
16
298530
21
20
21
19
304326
304326
14
14
308463
14
309449
12
11
11
11
10
315334
9
9
9
10
12
12
12
14
15
322691
13
14
15
15
16
325446
20
20
19
19
16
17
17
337773
18
339479
17
17
15
17
340656
340656
19
21
21
21
346555
346555
347549
23
23
23
23
26
26
26
25
27
27
350618
28
31
31
29
30
30
30
356026
25
360084
23
362305
19
363475
363740
19
22
366108
19
19
19
19
20
369746
22
22
22
23
373204
21
20
373866
375297
18
19
375999
378748
378748
17
17
380802
381281
17
19
382260
17
16
384846
16
12
388902
12
12
390696
9
11
11
394393
10
9
10
10
9
397181
10
10
10
14
15
14
14
398751
15
14
17
403314
18
19
19
407028
408649
16
16
16
15
411966
24
27
28
28
29
28
414093
28
27
28
27
416126
24
24
23
419592
23
25
25
420218
25
25
27
26
423102
22
425699
21
22
425699
21
18
428372
428372
18
430015
430353
25
23
21
21
21
21
437293
21
22
23
22
441068
21
22
441830
442596
19
19
18
20
20
20
447442
450864
17
17
20
453989
17
17
17
16
19
454880
455945
18
17
