1
1
1631
8
1631
1631
8
9
9
9
9
7
7587
3
9619
1
3
3
1
3
3
3
13241
4
13241
4
1
16971
2
0
3
5
5
22213
10
22213
12
12
12
22325
11
12
13
12
12
11
28087
10
11
12
29201
34204
34204
7
7
5
5
6
39089
3
41680
42836
7
5
6
7
46238
47364
4
4
3
48410
3
4
5
52038
3
3
3
52818
52818
52818
4
53310
53310
53547
2
3
1
2
2
2
1
1
56852
2
1
60549
2
4
62331
62868
5
65467
9
9
9
12
66799
13
14
15
15
69283
15
72308
11
8
74570
7
6
7
7
6
6
7
7
8
78882
5
78882
6
81190
17
81190
21
81225
24
23
24
83745
25
25
24
25
25
87444
87444
25
23
89665
24
25
26
25
26
26
26
25
92223
25
25
25
23
97517
18
18
14
14
98944
98950
19
19
103241
18
18
104110
20
106874
20
20
20
16
17
19
16
112034
12
12
12
12
14
14
15
16
18
20
19
17
18
119682
18
17
18
16
14
13
13
13
127901
13
129404
9
11
15
14
14
15
132167
132167
13
12
11
15
15
143215
15
144239
14
144239
14
14
15
15
145755
15
15
17
18
17
17
17
15
149436
15
150084
15
14
13
13
154197
13
12
154582
9
9
156637
10
12
12
11
11
11
13
14
15
15
169287
18
170980
16
16
15
15
15
16
16
16
16
179714
180731
16
16
181923
181923
184174
17
14
14
186340
13
11
191370
15
17
17
16
20
194069
22
194069
194832
21
21
22
22
196968
19
19
200885
18
17
16
16
15
13
11
206673
15
206673
17
17
22
21
22
21
20
208948
210743
19
16
15
15
14
216438
15
217228
217228
17
217228
18
18
16
16
19
18
18
18
18
224911
21
21
21
20
20
18
16
228335
13
234220
13
13
234220
13
234220
18
18
18
16
241261
18
243469
18
16
16
245188
16
18
17
248261
248261
15
250796
13
12
255841
5
258465
6
8
7
7
6
6
5
3
3
0
1
1
1
1
269891
3
271530
3
2
2
2
3
3
273343
2
274404
2
277144
277971
1
1
3
0
1
1
1
0
1
0
284914
0
287046
1
4
5
3
3
3
2
3
4
294791
6
5
3
1
3
4
4
4
2
304191
1
306543
1
2
2
5
308100
308100
8
8
8
8
8
8
6
6
5
4
5
5
314780
314780
316656
3
316656
2
3
319652
3
4
6
6
8
9
10
323735
12
14
14
14
327693
328956
11
14
10
11
9
335874
13
12
11
9
341268
12
10
10
8
351982
10
10
354618
11
12
10
356537
356593
10
10
9
358122
9
9
358122
12
16
16
16
361441
21
21
21
21
25
366763
28
368532
27
368972
28
27
27
25
24
24
24
372710
26
373836
25
25
25
25
24
24
25
27
26
26
25
24
24
24
25
380302
25
380302
25
25
383562
385641
23
23
385706
25
27
22
21
390649
390649
20
24
26
397549
24
22
22
21
402011
19
19
19
19
20
25
25
25
23
27
27
24
26
415972
25
419855
23
419855
25
26
27
421283
422557
25
25
424701
22
425623
22
25
24
429171
433479
23
433479
434177
23
435649
23
23
24
441294
25
25
26
27
27
25
22
12
11
11
13
13
13
12
4
4
5
462573
6
6
6
6
464785
6
7
5
7
12
467469
12
9
8
7
6
471804
6
1
477857
1
0
1
1
1
1
2
1
0
2
481999
0
481999
0
1
485209
0
0
1
1
1
2
2
2
2
489329
4
6
490561
491781
491781
3
3
1
495754
0
0
0
1
1
497791
1
1
2
2
1
503409
3
3
3
503409
503409
4
4
5
505038
505545
2
2
3
511080
7
9
6
4
6
6
518008
4
2
2
7
523955
8
8
8
8
527074
8
8
10
528422
11
14
17
529422
19
20
21
21
533876
18
17
17
535450
535450
18
16
536683
15
538408
539132
13
13
544595
545098
547514
11
10
13
13
12
548664
10
10
11
11
11
13
14
552253
13
12
11
555803
11
10
10
11
11
6
4
4
564110
564110
5
5
5
565896
566353
6
566353
6
6
5
9
10
9
5
576047
8
7
7
5
5
4
7
7
7
6
7
6
6
7
5
5
6
6
7
6
7
6
7
596910
596910
7
8
598714
598714
12
12
13
14
16
18
601334
21
21
21
24
24
21
20
20
20
610036
18
16
16
615062
615485
16
18
19
618744
19
20
22
23
22
17
629431
10
11
636335
10
6
7
7
4
646152
3
0
0
647493
1
4
5
7
5
4
651389
3
2
653990
655315
1
0
0
8
7
7
13
9
667109
5
5
5
5
5
6
674919
4
5
6
678945
678945
6
2
3
2
0
0
2
2
0
0
2
0
689872
1
2
2
0
0
697982
0
697982
0
0
698243
0
0
0
0
0
1
1
699977
0
0
0
701279
2
702769
4
5
6
11
12
707734
13
10
709299
9
711046
9
6
713616
7
6
714904
5
3
718636
4
2
3
0
722199
722729
722729
3
3
5
5
4
6
6
6
6
4
5
730852
730903
7
7
734439
7
6
6
7
9
738778
10
10
10
10
10
11
11
12
742390
15
12
9
10
748824
9
9
751739
9
751831
12
13
12
18
21
22
21
22
757921
22
22
20
759746
19
19
20
763824
764831
20
21
21
765169
765169
19
19
20
23
22
24
773602
26
26
774294
25
25
775293
26
27
776320
777863
34
33
32
36
784634
41
785569
40
41
785569
42
42
40
37
39
39
39
39
39
39
38
39
795503
795503
38
38
797116
38
38
799626
38
35
801205
39
39
39
803480
40
41
35
811827
812210
35
35
36
36
35
35
36
37
37
34
817989
33
33
28
27
824330
29
27
28
828133
30
828981
29
30
31
33
830807
30
30
30
30
31
32
32
32
30
30
31
34
36
35
36
839090
839090
37
840681
841984
842996
842996
35
846719
38
847718
848392
35
851600
852528
852528
31
30
29
854958
27
27
855785
25
24
22
22
23
22
23
22
22
20
20
864639
865592
22
869592
872220
20
20
873057
21
22
22
22
20
17
17
877270
16
18
18
18
18
18
16
21
21
17
17
888059
888059
23
26
30
888878
32
33
33
36
36
39
35
35
34
35
898496
36
36
36
36
38
44
50
50
