13791
15906
25161
29260
25265
8412
5489
1622
2246
31658
22960
19588
32617
28219
3514
25161
8399
17839
29624
21297
4549
6393
30752
10600
8471
18302
20475
23146
23223
17072
22960
24178
20976
14249
1286
28929
11877
25877
28842
29139
29072
30502
4505
26312
23993
10373
11073
2770
284
21168
7124
23961
4560
32570
9697
10210
16714
22456
21761
12368
22014
22645
3717
15473
81
21020
1400
4201
15066
11953
26550
11651
21644
29561
3660
21685
29867
5894
11826
15187
12240
30155
1322
6440
524
181
14238
9594
13450
20657
7102
12670
3368
24216
5749
23515
20457
14716
5939
11953
11579
3725
29065
29740
17996
15540
7030
13941
30543
11920
12937
10320
13214
21314
382
31574
10618
4841
22417
10373
10319
3896
14786
22455
13401
20848
29251
14249
17637
11246
14447
5856
20166
15906
27084
22855
15594
32463
9697
15287
31086
22591
24527
29343
4579
6659
18194
26249
20125
11322
3977
9876
7996
2996
1415
14569
5209
23969
19192
30064
29446
21168
25029
5749
25299
14572
31682
7847
10923
17277
20310
12915
1180
28716
27643
4589
26417
7763
9968
30955
31203
20290
3514
5232
8563
25097
22260
8020
20028
19597
8027
17148
25977
6119
13558
12481
7678
30024
30431
17072
4783
7046
30676
19574
10285
26147
28146
3458
16231
28949
20547
29177
30122
27520
18317
5644
4779
9143
8537
18302
22962
14794
16389
6475
10188
28716
7364
29565
3514
18865
16953
13533
26028
