1001127828
45755.61
43433.26
21992.21
1745743588
905495558
1441980708
692469780
1520268853
409141676
246866783
140859685
409638364
1524627759
980817835
100000
584847657
1004477999
43541.31
720900977
42536.18
36868.25
176220842
1930058623
273584398
872962434
581879909
2042604668
262144
702268472
1007289563
1413543669
16777216
100000
1490797588
1477442725
358752376
1859147575
1012208971
438989400
1927652970
-2147483648
1895696992
768712145
723500202
1364555188
1
41418.84
879125493
1946954331
81
310686256
1231168983
181155570
162361789
282475249
279936
1249476983
1715531184
1073741824
1048576
28193.30
1994501005
1091735750
1646144946
359795495
46232.76
170578290
383206933
5
27057.94
7
1591665003
999999999
64
1627398116
184176997
1
2000263533
2101771332
34359.81
45612.66
381227965
99999999
1843657934
1221535972
45463.77
546972744
146956930
843522027
1099088430
25785.71
37905.87
5764801
26212.05
1679616
19683
174379806
163392227
1011898513
167248847
7800.42
781744185
1765724737
309383556
20082.99
392045368
1487353763
5764801
37336.67
1718582021
1793565008
1476279724
38528.44
212879972
24
44492.10
338611656
23601.98
1001658075
1211009094
483834714
24977.74
1619389601
1764577866
1953124
641960091
1623757383
700999765
464503210
763387697
1886588825
1959612251
110454292
416100210
588311036
691536614
2020422187
1701662650
336289256
41995.79
35224.37
20172.49
1629361772
520245969
27615.26
7403.14
6561
2075372120
729
1435185457
1876954907
19683
44066.27
138323850
36
841614249
60466176
8
1638116730
1368545146
729
1148587308
884260698
5
128
954982626
237710588
15374.08
10077696
2104988520
1024
5764801
243
1139941881
26027.82
2015630089
1426742038
81
1735819455
1103548580
1358672354
1030367646
869958895
752622265
740732130
803153125
45248.91
37470.36
161159723
43369.67
10077696
2101349140
1923503287
49
675343062
31815.77
33385328
6561
191263334
7207.32
25551.67
38966.96
776852844
1679616
1470037288
225296660
9
1714131875
18499.14
1026105440
1469806017
2015752558
1602511065
1556672815
16
343
40353606
1508728664
1216737540
79517075
208304973
1486503427
78125
1914297286
21187.22
7
936472911
-2147483648
2097152
531441
99999999
26628.35
2001924903
1
136943969
481768918
23627.32
505552645
574948328
4
28810.14
22735.22
14913028
999999999
1032602459
99999999
540189518
2022010371
1000000
361977574
1538003734
16257.96
16807
124
1554332109
20422.13
87700984
30987.68
32768
1507138140
49
458730554
15043.81
226656773
324915201
1015668320
1265285305
823542
203988639
1
1148857716
1615561943
563935552
1469150340
1568128335
343
42377.72
1024
105653262
33558.87
123215290
881646243
1264362955
41667.11
33005.02
14153.58
877998744
2043192594
24985.49
243
36882.89
9506249
1523109252
1893808031
2068008807
1257590062
1091385691
729
729
842263008
19683
49
23259.86
1048576
36510.79
7
965541239
528567127
1862884777
1261277372
36
1935472138
507530458
216
3
9999
488305734
8
1490703080
9257.79
568405025
216
1329527537
18555.21
451408286
44444.96
40854.49
1104112327
1280142119
729
324003377
2024126065
483642346
783796852
90321258
1366190622
1131238538
1511972289
531221167
1362813982
328168315
262144
33178.69
64
262144
24
39228.37
1048576
4977293
1904286224
65536
1278037165
625388838
467543725
334806552
1801592873
36
39301.20
176504419
1582562626
15624
1206625051
37069.68
589256809
845340777
850001061
342271986
1472865
7418.04
19467.48
1170651370
2003138683
695243535
1092793621
2097152
19683
1
9765625
6561
1155385479
39450.24
657915319
31911.24
22125661
1834744813
428953922
28154.69
25032.53
108407474
30036.22
1589893777
552958046
1704328855
44095.89
45873553
1693617701
889686647
863836674
155725582
895578504
4096
1884674182
688091459
24
1555334746
1419740540
1563507712
1376077388
550612170
909881690
9765625
1024
30451.21
24741684
1024
669341042
10000000
118237300
576816333
134217728
1275329740
34461.36
25218.61
1353658453
64554742
1064020377
30324.11
484019894
45253.25
124
42516.48
501565619
53828221
1054288386
9765625
41364.19
1053774600
200561885
1911232535
16404.02
865090158
1470043313
41990.80
1688909785
46247.65
1338101668
39748.96
216
2049971847
38751.05
15210.91
269923737
543574259
1874162215
388456286
34736.90
353041154
1382968685
1484359229
654215063
116904248
1301549727
686720637
1585557299
34586.87
99999999
2646.76
10077696
1619795451
1652660080
456097113
959255824
31315.47
812376526
45482.61
1258686505
9
1671114801
1283044346
1644981845
1355044289
451715377
1
1281303463
27685.83
2127006485
636556758
1252327687
353690696
23812.96
55993232
117649
1188205349
1773107360
1991175484
1116122904
1073741824
38418.72
64
1296
604956443
12642.98
1000000
1228341320
19927.61
2015524762
116642873
41614.90
678796360
35802.66
10077696
761859090
1073741824
6561
1184663548
1777142203
26785.51
256
729
1448028050
36462.78
262144
1936400649
33514.29
9765625
1085519389
572519976
1785597518
576672156
1163377509
2064016448
726617322
949152548
1103285241
1494184045
3
1684952761
46069.26
43580.20
978959828
1514548984
43142.00
45190.90
211124552
1024
16384
1881470865
1722959182
999999999
22367.00
1
1053470189
935374198
9
276527809
17704.52
4
30341.55
57370325
980826621
19683
484096634
279147727
1127656723
41369.42
18566.62
10000000
734555478
19586.03
16714.37
1653738885
1462932199
423008220
1
581857975
243
25428.69
29303.34
294967195
1809042871
124
16
10077696
823542
24
16
2092787941
21624.70
1081399323
279936
161071723
509973790
512
1156788798
2032505426
324807025
1438593758
653084375
1242140796
942537684
2092280128
624
1685018470
910963412
43052.04
393026261
106368559
20711.85
1004247869
1907163937
19683
32043.79
512
1630121110
419200392
155973253
1379976612
42040.73
117127561
36803.78
1
65536
1849772952
1474771647
293393020
1925965186
1070092582
474903334
878242249
1737682342
1235916868
127055105
1711102006
1295610795
1796284595
1429737070
11988.75
1930194974
793436569
1275560572
32940.04
430550311
1963492947
534877515
693928934
43531.83
795455978
1049934932
10920.29
1460575579
1036148510
32117.18
1025572496
8
6561
39127.83
1000
488389686
43853.40
4096
1036485090
1591398515
1675586413
168919600
1
873106234
1953124
1024
2097152
29729.13
44319.79
1711385498
30302.46
23248.49
2135714959
4096
117649
976688812
343654739
16807
64
1234356042
1
47454803
35261.24
42719.21
1119121908
202942393
4
1551850678
209264752
1678346156
1842385121
15624
1920477888
1747719163
99999999
29307.25
1803554163
18148.84
9
44578.15
1858270396
2145360795
32629.40
6561
81
11115222
1102702226
1201786417
32762.24
1
1085081279
512
336089950
500171481
124540008
1024
81
10000000
1342341204
729
1000
35120.38
64
542683283
19683
48985396
42864.79
32525.21
1223977246
215540949
262144
635363623
98947127
440215193
41836.75
617166210
33782.02
1615376009
587689910
1640436146
624
42077.72
558873344
1352276427
1
830666420
1325995208
1714871276
1149526938
1073741824
1551775186
1282734043
178113452
2036399638
902360098
17121.00
2086359270
360906985
1655183440
1616471445
1119721097
2034570111
608522205
1045277747
1134395354
880868377
666123971
918409748
1666538353
2026044525
1170348121
16
1887834645
886521178
1716900563
61428445
835439430
257900102
65590325
5764801
33920.08
1093645624
2016211677
16
29784.40
32768
1531531394
40384.97
1145930160
1908708425
38236.59
1571142491
1870248019
1913051963
2101023188
1758532725
755614970
19017.17
93282573
32
343252747
216
512
282475249
1959676688
39809.07
9
12500.29
1755475572
1216607258
9297.48
99
1908035293
17237.31
498948231
16807
1846687161
1
406316074
45801.46
8694112
1606550069
1349184723
868959311
23018.96
926296150
2047260802
2076401272
115770561
281586814
1392894378
709945166
29645.23
16807
58286823
10000000
998479566
27
512
31287.81
1592168407
31851.30
18889.74
1043788421
44145.18
16
1833162911
65536
1451335298
45739.34
70596614
78125
843114946
122370564
1928925053
256
1433091336
121852256
42629934
1450609243
406544794
1146700710
37950.16
1589957802
1838204353
34321.97
1503664152
155618034
1163187108
27
11785.76
1997810277
40598.38
28627797
408480547
1842994357
43136.16
1918056860
1
1365104386
958226399
1325078630
640554800
60295903
2054110635
1377673135
698766588
664894155
5
100000
1044556390
1134816162
33210.25
14749.30
14202.40
25299.25
2020327482
1
16777216
50689661
981146663
100000
1438861241
539858155
1887390063
37153.14
1048576
44720.42
1073741824
208681847
602818125
3125
5764801
7037.90
1751261815
1669225446
2110822454
-2147483648
23880.37
669546145
17670.06
1233302974
1160741063
20339.01
19252062
5140.13
37437.82
32115.86
42856.91
282475249
3125
1607393430
1972645507
30991.64
285743036
2401
2126333388
627350046
1394071071
2068225352
36557.17
1919097033
1215954942
646191926
24987.44
404229045
1603322214
41619.52
1
4096
146523681
1
13470.73
2097152
1390231894
2055526633
17602.10
108741468
1798543878
941109075
1990351125
1794165134
1561203547
1642364770
1991489499
3
2097152
2111081222
43362.79
59049
858001834
1242615523
8555.07
1
1721941707
1669330444
1437324805
1118665644
128158239
983743723
434868671
1951020236
230173085
729480419
1468384682
1149055522
78125
554000257
1687942288
662700821
355451250
99999999
390624
201085814
1898347138
625954427
497438006
