1523587282
42824.61
9503.90
1773513236
1474084479
8
37561.58
6
1509981194
799629095
5764801
1040367949
5764801
21228.90
28206.45
23967.37
800187192
1756210141
1454248749
64
399255488
37088.03
26672.22
6561
100000
1912439891
6561
1510399369
1000
1912278597
487345145
288999918
19947.39
16777216
1740085405
42093.20
59049
365440033
715334663
162188849
34269.47
1793840435
15513.38
1101608508
36
1246249320
179579522
32768
1003794591
1117204258
161085832
30557.61
528030340
1896820475
2060139604
1411612872
32768
65536
20016.55
9496.44
555592010
2074070718
1026768055
29055.18
390624
375153735
5764801
799124085
44456.99
33044.03
7
1599811975
270022211
15108.15
1726073105
60466176
624
898191156
1250178543
262144
37341.72
37773.02
675768371
6561
17001.28
314787074
7
128
993734163
45468.22
1464905679
1813265254
328969460
43534.07
633749604
64
7
394346312
1183963065
1929879088
1812908527
27955.07
19294.23
2057542407
45932.07
1509668373
59049
1372552852
825996089
673673518
128
7776
731713586
695016812
35859.45
1500945609
10077696
578757018
7
458971273
20535.95
516995917
112927114
1278288965
30755.06
531441
1404576478
768646830
3
1498247767
1669903361
823542
262144
316620149
30595.35
1
783369479
847825204
492493561
274897172
1548988012
847887003
43015.01
379335626
1635507258
1334503026
825533259
29777.14
646974401
1487118964
-2147483648
1146427706
38973.19
288703016
49
973793668
542411685
1
93798110
1501551129
1673980386
559826958
40353606
31570.85
1846262053
512
1133657495
1312723169
1024
4
554202143
1014125147
1961148175
1894519469
9
56879007
1
870611816
155770791
3
65536
34529.40
42367.91
990885225
1727507473
1638017794
27
902661920
237399359
1313755066
1686747862
6954850
39027.51
32280.44
25053.08
20008.19
1036496463
1004050381
1383803882
587393196
44184.50
583165689
2027384349
44462.90
10959.22
405186142
233054651
34004.52
282475249
12405.07
862339649
530093537
35336.55
23725.65
545873651
134741497
773919598
16
1335659353
81
8
352457768
43046721
1960367479
1792724517
1929942094
387420489
2102993192
1
1500600449
1272864444
489829453
1416678721
9
35831.29
15272.46
16777216
1301737307
1258446003
708138255
1155845413
256
1134239282
29215.10
23826507
1998750465
45558.49
896675354
829474610
545280464
