42515.54
1914431060
36174.65
72336617
1649053627
1623581470
1296
8
1385420185
1787884457
916019049
406099973
1073354958
1905850943
3
1
243
19834.82
1261383958
16777216
1767223957
1163995171
440171469
1547847267
634506327
78125
280380653
729
25346.32
550909247
1140637765
1
832012722
16384
350852945
15386.54
1996877638
650049426
1995781500
1197408936
1679616
6561
2121058533
934876048
1077567878
843555672
521735228
45136.25
647743885
2083137539
20905.60
1186729771
626078605
584885829
8067.81
1998872526
16
8451.70
162536057
2012692622
2093942349
9
1592878708
2143329416
237504029
32783.50
1454789690
13341.85
2033083819
206389251
1940527898
81
417600656
1624978384
1
361886500
362699318
2401
1029699441
2109991494
823542
33862.34
3296.55
5057.00
1740578851
1433627000
4096
653887525
24898.37
1684357085
441527615
670541238
1686366593
1085702521
21577.66
20092.84
1679616
547819486
1483045299
17570.86
1000000
35942.56
256
1095274572
40182.48
1000194178
1999619695
1809077056
30907.65
6561
1829523599
123705990
40053.99
664662374
1430858249
45761.52
275955263
32958.44
245468328
430256426
42199.24
588074591
1876684075
624
40403.87
1778462491
2116061863
215961357
13673.84
24688.52
1271254502
559190792
33159.78
1769630600
550914746
43046721
70064985
1857781868
243
2100698762
1
16807
39859.02
30924.10
31720.88
547674424
81
1270078744
369101847
29538.58
1155972556
893987010
36
12128.29
44244.31
59049
315087230
256
30002.45
2086183282
1370599890
39235.96
46656
413467480
24066.45
16777216
2101927330
1250491240
822414636
6561
237967028
37281.45
1840188569
16
21962.62
1
279936
43480.92
1048576
398295841
481140158
675760946
372402739
299007975
176220621
1438482500
34940.98
43527.25
1509239578
14430814
1307258923
1204644446
1506179520
1394379932
1449921046
1413582827
368167149
11168826
30399.31
1683470653
1009862995
1884203948
515147981
1488001290
328959031
35282.64
1862268104
1900337469
592151367
243
37889.65
556149819
263672624
602620419
2061636092
4
26355.53
1096990757
1
1369014909
1
1536473058
44709.52
99
1569890236
1949174563
5764801
27693.12
1258326325
575283583
203994366
512
117649
44437.82
33119.30
35570.68
1116539898
37161.91
1057045193
1943192214
35747.77
42746.68
34738.61
9
9999
16777216
829115628
523620127
59049
256
1129580061
4
791497070
893925125
1
67435857
206164615
24212.02
158430588
33299.59
1069775112
1318890814
1873789113
990756700
1521346722
855671392
1462453204
6
369746996
134217728
1993020420
-2147483648
556108171
1387979543
729
78125
600077132
166744943
1804329536
512
1413852883
34640.22
5399.78
1136221893
1901909725
4782969
1919347340
32768
1000
1432099185
1257958868
101147744
934941153
1341210903
1053420174
1994335578
1849685442
13562.41
531484015
1509737098
1809905965
2067214086
2092033865
1412835316
30447.74
2102326210
675769496
1597412127
282880316
1996446568
18965.19
243
15624
569959004
1093584398
729
1124756130
1370229478
2056072841
1265474152
539615867
1839316654
1048576
26370.25
1321147104
1721352281
1198601231
13320.80
652211775
423572504
7176.78
1433129190
1950968067
44863.45
906807124
1949224418
21441.06
1248400068
955221021
29294284
1705595921
1145993193
512
793410729
1378506620
153236775
1661814658
500091568
1951972540
23132.59
39673.19
29709116
45840.14
1917311141
1370059751
21157.80
1639538835
446765066
1024
1296
262144
335392540
1557165545
15624
1427092051
501981284
81
478255863
1699421000
7
1347743254
38116.45
39241774
841672899
1
936616643
1
635616510
1523499566
39569.40
1875058426
175128017
128750804
68659811
10077696
7
111154952
316186290
761540042
1543939961
1547613926
331212782
1362275767
30425.81
1225256788
1000
4096
995710914
40783.85
1169431231
33241.26
308649366
165194262
1724861593
46031.83
1107083866
43863.88
1024
713691791
2061423993
892250410
1485944044
2143777398
971870828
41732.75
660388577
4096
44933.19
1077796469
1563033565
1385444338
1251677591
16018.69
1214647641
39694.27
22223.92
1004131322
627850871
335563439
115524727
687806125
1780478322
757899004
1557379599
17286.06
7816.82
2030835499
89675533
1077137526
1837054934
10077696
42750.99
1299727875
19683
198074022
16
1069461148
1765197826
838517998
30895.72
40353606
1
1636841681
658064226
311313685
4720.63
662722400
1995858720
18604.87
999999999
1094038163
696014982
1896584112
4610389
1648279984
40479.36
831090384
765897983
1580075989
39453.51
1156608806
41570.97
2401
37250.57
175985752
1270492782
1169218097
890625922
39776.14
213546862
1
893574675
348173238
1702548179
1613253394
38991.80
2401
1309292562
1623133025
1
1563328388
7178.64
26284.63
27397.58
1000000
64
32238.76
193502518
1990836475
212488815
