-10503
82185
-92595
87400
40998
-38522
-34197
37320
-27000
-55535
42389
-30730
56190
89682
-96779
-22799
-91884
-88258
18644
65711
66033
-26528
40068
40425
-67507
11215
-17844
11704
-8802
19951
88940
-11835
-68810
-40565
72969
87601
32644
96871
-32287
63018
64671
44684
-49951
2792
27108
17715
-40916
-7557
4160
19910
-38696
85756
-52044
86943
24496
27765
-8537
-25394
77432
-98986
-80380
30012
56620
49022
5831
-38530
87482
-42683
-20405
91258
-97992
-56553
-95755
-19693
61004
-5353
-86096
27116
-20896
-93356
41005
23731
-71216
49666
54684
-78640
86658
84452
-63568
-9889
-44192
13021
-17260
85017
-50631
49051
-76135
29030
47960
78557
-2016
81886
-46929
11448
-39179
-62187
-41522
73933
-56521
-29527
-16348
-84957
-11601
40023
11810
-68801
-88785
2519
26290
79556
-62955
82201
27833
83681
-28300
-8076
38454
48383
37588
-18384
-8890
41821
70300
28987
-47548
-90371
-22433
-82620
46727
77177
26470
39333
41144
-80806
-79131
82962
42962
3561
31713
-2402
-2449
-99961
-8738
20401
-54175
87125
28183
73876
62765
68506
-44906
-37446
51738
-66538
6551
68900
14931
13850
62335
-34871
-71345
35279
-96372
88122
-53019
54932
-69147
C?
2928
-39419
-43420
57423
-50300
-88352
-66384
9597
48133
-13823
3177
-23834
18961
53286
21425
66476
-67661
-75757
11474
-70740
51959
6574
-12031
52368
22497
-98052
-58964
-40048
-53900
21209
-82872
-71246
97643
-5100
79840
-63074
-90902
-81557
-12122
67818
54433
-54097
-80851
90580
-20575
-80470
-74561
67951
45069
-30593
1282
-32667
-24980
-60008
98890
-55331
-58900
49247
-91278
-66897
85692
-47518
-78454
-67208
35221
-68132
-40898
-9105
20436
49785
61088
56692
-61097
-57271
55790
-5263
68941
-68418
-62625
-81479
42468
81975
-53043
-22343
79142
-92968
-15629
-74914
62461
71344
-44605
-28634
-22237
18111
-21144
-65897
20879
12504
86815
-40502
-10735
-87353
-47014
-44923
10542
-68937
-1936
88117
26281
59354
-89366
16902
-78903
-95258
-69294
-24135
-69271
-85297
6576
-50794
-62182
-50066
53387
-615
58223
-70279
3916
34856
437
26571
42008
52465
C?
-19104
78256
-60075
37993
-4676
-49180
-61690
22966
-45419
35171
-863
42359
-50568
23114
-62994
24272
65
58906
-72587
27447
72857
-47558
78268
62874
-52904
-69626
-86465
90983
74977
83477
-87060
-82050
87283
23333
-66630
61580
-27624
-66741
47635
-6325
19293
60662
26642
-9669
77586
85201
35932
48483
88544
58499
91615
-65078
91849
-21923
59371
-44946
86129
-62622
-52281
-93390
44655
65808
96174
-39171
39296
-37678
-65762
-44372
-8128
-62389
-16367
95933
29024
91645
62093
-29220
17997
46102
-14782
-17774
-70154
-57420
49096
-62499
48002
94377
69805
24862
-40287
-49470
-25909
-99394
61754
29935
1317
85059
66837
-35173
51115
53084
65180
-3444
98375
18364
-9062
13223
-35412
39882
-18855
-84904
-87496
-25911
-86999
12003
56558
28994
77333
27940
-72539
-93325
95597
-43472
-99662
79811
23862
-58574
41541
85931
-12692
-11091
-47485
-11717
-20741
61411
78673
-5767
19826
-41836
97521
-46782
99522
-55937
-85303
60616
38411
-54885
-20363
84859
68798
-33483
-30689
-77454
-51180
30530
-27438
-76825
48595
46267
-78242
18214
-5315
4408
-14095
86338
-48792
-61636
-26315
39378
67081
-88228
61598
29068
-28978
-65106
13407
-72228
-16580
76364
33251
-56462
18800
-62352
-43214
3775
49240
30888
26656
-22153
-44373
-39057
-13010
-20737
-46322
-60283
11276
12992
-94748
-78172
