19416
36561
79487
77836
84059
7732
41641
47737
30592
31354
41260
22972
40625
23353
76566
78471
73010
48118
21321
-1920
52690
42911
68311
33259
74280
48372
25766
43419
44181
73645
58151
18527
C?
14971
61580
45959
24496
11796
4938
81392
63104
17003
25258
22845
81646
3033
28433
32624
50404
6970
22337
66660
31227
35545
32243
4049
77455
27544
39736
50658
86345
1636
42530
60310
15479
3795
60818
46086
35164
14463
65263
-1031
42403
36434
11669
87107
79741
38974
76185
8748
83678
78852
66152
33132
80249
51420
112
65009
88631
66914
46721
22718
42784
28941
34910
38847
43165
50912
47610
48499
24877
35037
28560
56500
29703
27798
48753
82916
51801
64247
34021
85583
39355
60056
11542
16876
63485
50531
78090
26655
14209
7986
44308
5827
7605
10526
61834
48880
49769
30973
73518
58278
87615
75296
39101
31608
72502
55103
3668
13701
30719
58405
81011
57135
5446
4303
85202
63612
10272
80757
62977
26782
35799
71359
7351
59421
34148
13193
33386
45324
-650
-1158
19924
88123
18146
21956
68946
63358
10780
70851
87488
42657
74026
16241
85964
82662
41768
65390
61199
-1793
16114
30465
65136
35291
78598
76947
49388
29068
75169
54214
39482
7478
57643
47483
32751
86218
73391
56881
12304
-396
15733
47991
67422
50785
2652
19797
60564
19670
84186
75804
23226
82281
1255
5192
23988
67930
46467
25893
28814
17638
82154
5954
27290
62596
73137
47356
3922
37323
18781
80122
4684
83043
23480
59040
C?
10145
-2047
37958
6081
6462
24115
60945
25512
46340
19035
69581
43038
68057
12685
87234
43800
24242
71740
45705
2271
78725
30211
43927
5573
68692
63993
52944
42022
36307
40371
78344
14082
3287
12812
14844
6335
74661
55230
19162
65898
2017
71994
8875
7097
40498
1763
85329
10653
74788
49134
29195
49642
42149
81773
58786
61326
55357
C?
36815
2906
60183
69073
14590
48626
37577
83424
76312
51039
77582
55484
66025
29576
C?
84948
66406
65517
51547
18273
86472
4430
55738
57897
9256
72121
40117
49007
89139
29322
18654
15352
-142
5319
80503
8494
61707
30338
11288
79233
38720
44054
3541
68819
17257
82535
89266
49896
69708
66533
52563
19543
87742
66787
37831
45197
45832
65771
34783
9891
52436
61453
72248
13447
39609
44816
35926
25385
35672
15987
60437
36053
41133
50277
29830
60691
19289
1890
47864
54722
38339
2525
7224
84440
77074
87996
45070
53579
76820
46594
-1666
53833
88504
71105
15606
41006
77963
45451
54849
27925
72375
86853
8621
23861
36942
54468
26274
10399
53960
70216
64755
15225
75423
80884
62469
31481
62215
62723
67168
31100
71613
23734
74534
26147
85075
70470
81900
17130
64501
71486
41514
20686
20305
74153
64628
87869
50023
83805
82789
54087
64882
70089
84821
28052
20940
86726
37069
52055
75677
15860
47229
16749
72756
77328
17384
1001
28687
85456
88885
28306
18908
34529
80376
69200
4557
76439
53706
47102
10907
20178
67295
62088
39863
69327
54595
86091
69454
4811
68438
38466
77709
16622
72883
8367
14336
40244
48245
24369
46848
86980
26528
56373
34402
-777
13828
44562
26020
20813
72629
51166
33640
29957
15098
57389
3414
63739
9383
17511
6843
5700
69962
37704
39990
11923
24623
54976
C?
81265
21575
9129
64120
83932
1509
62850
46213
54341
37450
2779
89012
58659
78979
85710
25131
C?
88377
53071
52182
36688
84694
874
61961
70597
30846
88250
11161
22591
13066
37196
67803
73264
620
75931
64374
493
21829
82408
9637
62342
12558
49261
-269
51293
53452
63866
52817
79868
13955
58024
38212
73899
27163
17765
13574
16368
366
27671
9002
83297
3160
58532
59802
-1285
79614
C?
18400
6716
80630
55865
41895
18019
44943
55611
70978
57008
74915
83551
-904
23099
25639
41387
83170
20432
86599
45578
27036
42276
57770
29449
38593
2398
58913
747
56627
33513
16495
68184
32116
56119
69835
-1539
43673
11415
21067
6589
12939
31862
63231
67549
56246
4176
59294
56754
79360
66279
46975
70343
24750
53325
25004
78217
73772
27417
71867
53198
5065
43292
52309
57516
22464
9510
20559
36180
12431
14717
40879
57262
81519
2144
67676
76693
32878
88758
59167
84313
30084
87361
59675
68565
79995
9764
32370
17892
51674
7859
70724
22210
49515
-523
10018
61072
11034
12050
76058
-15
-1412
21194
82027
34656
6208
59548
239
38085
33767
23607
31989
71232
51928
59929
26909
31735
67041
20051
21702
75550
33005
21448
34275
28179
55992
43546
84567
65644
35418
75042
85837
1382
1128
44689
33894
8113
12177
50150
77201
32497
13320
26401
79106
74407
22083
81138
39228
40752
44435
8240
