C?
1201750770
-148870424
-782404579
-1810547745
C?
1036319532
C?
149981883
C?
-461734690
-1954716822
-1966895454
-817375758
-1726522940
1480250999
-403130354
1081507815
C?
C?
492738579
1411822274
-1905554069
C?
74154762
-815013472
1567430115
158293969
1086708753
-635957818
C?
-1003187978
1702380388
929608704
390227330
1002449357
1736668225
-1760150930
-1453623981
C?
-1082725024
-1957406606
C?
-1488492379
-785205748
850790917
617093899
-1448508241
-1876728441
-571072498
-553587672
-1023517674
-721837054
1237665779
-521413329
1910951151
1944490644
-683179184
1629941708
227309614
302129981
-1649968775
1874316738
-1115288433
1248910212
-731912840
-478280410
-949642299
-1851167247
-147467158
C?
-1942641584
1491822328
-1633577251
-1388208527
C?
C?
474516094
1402644869
1082487598
-85590220
-944621687
459013198
C?
-1541941593
1748912548
1064287433
-169467858
1276450
1404583108
C?
C?
-439426035
C?
-452364684
495748723
687943168
1285041356
-242794862
C?
-1353443197
60821579
-1214915366
-720595323
C?
1461172225
715862475
1561406144
-1190141622
-321561484
844867674
585949409
754526105
C?
160342934
-9166974
1869455612
-652400968
C?
-973043992
480553627
738354008
-832344120
-1355046951
795858788
1898683380
-478378889
274488064
1103428242
C?
393933223
-1603075514
-1820699827
-107588858
C?
1249193709
764186990
325059875
-769388487
1216700259
-1156149955
-1826493009
-1734174783
-329761477
C?
-1477779920
801263281
-229978565
C?
1747086191
-1014374632
-1545272611
1775739648
-1108262755
-1654692851
447886767
-513980810
C?
-1099934484
1276408428
C?
-719643458
1944477856
95151047
299306772
933419584
-1991643095
C?
C?
-1796946142
378354496
384605243
-1324281089
1936874307
-1381467767
C?
-424180045
C?
-1451225557
774002038
-1275120110
C?
-628988925
1941256827
-426247737
1550327999
C?
1074984425
-1720420836
1635774658
1835018656
-1366400456
C?
-1906416497
C?
-734076619
404039545
769015095
-857285387
-385132886
C?
-908793145
C?
1009144653
1723253958
C?
420990851
C?
C?
1444499451
-1287299367
-333787733
1630092324
-197863623
-1855462583
1307899948
280805014
118334007
1668269630
1216238100
C?
C?
1689747548
793510942
286084058
106624471
616028991
-1912526797
-1425042842
1502021704
-1394469451
-1538330035
111569782
1176243657
828525904
-839772050
-481234095
317366689
1534159383
1459908354
-1349431013
1131192684
500108215
1434793663
-456968346
C?
628995537
1403880932
1764190742
212904491
-149892056
1405222362
-1303798551
-1221916072
1634727773
1093006202
-1419393
C?
1730523941
-581356708
954702944
1437622154
-1659116151
1497498066
C?
C?
1574189870
1944743685
C?
C?
873918694
-716918737
-173075306
-713238087
-1366400669
-563445712
-564091809
487141718
C?
607492859
C?
127372274
1638337316
1860851397
1958602088
-1098356332
-1807865657
-913336687
-1334986180
700650958
1406694719
-1702490112
-455797795
-1230254852
1398243130
-962841188
-771101543
-473170401
-789652308
1010805663
C?
258515932
C?
C?
-1713611457
1358333960
1615971048
1785059181
-403869440
137338725
1140041995
-1149949933
1651225853
C?
312171118
-1250076408
-97520117
C?
1675610856
-945550398
1686170528
-55174298
-319870694
-1085204548
368576020
C?
-1195757334
C?
1285793727
1115631852
C?
C?
-1507742168
-809598542
1285737644
193970903
-1914987002
C?
1799599536
1705605722
C?
1688617990
C?
-1520172905
1077642732
C?
-1016861430
528163641
C?
-605271370
1050240461
544708734
C?
-1872564203
-931688821
1440281309
1035764246
309664785
-1282477792
1274574280
C?
-732668850
1274330387
433866187
794618364
-936661665
-366406604
472787345
-1690502204
447679558
803641446
C?
-1655746300
1770273441
C?
353852344
320206479
1824022917
C?
356824219
1520263491
1733532778
-1373602686
-331597479
41988348
-1070371719
766800647
C?
-922154506
C?
-539297700
-123939459
-658312207
C?
C?
1250146884
-1760744467
-1939700218
C?
166989540
-1376513163
-1000083109
-1476324069
1764775169
1168000218
182244368
188338473
1884892090
1805620304
-502011659
1421975187
-1514744033
1835600780
-1278311595
-1957025510
-1316733613
557594390
723516589
1919409631
1630579250
-525174006
421785213
1023423552
-481786782
-54075858
298464271
-97040002
-1187553978
-1512040162
351999293
C?
1663391321
1309810355
C?
-1955028231
1734757819
-1430029313
C?
-1148901988
-1092407860
-1387354454
-1259031773
1548656014
1460589626
-1093756189
-1343812236
1473573612
1624992357
1716633621
1104447364
1281232345
-1327989885
-115183199
C?
501361880
-1814420860
1944024516
-527950332
888969501
1309794535
C?
C?
-1876348521
-1508023731
-659932533
-694620454
1554163350
-228699012
C?
-315889526
C?
-1477027293
985966165
-1064861025
-1512455146
1464543481
-1436027318
986904545
-1734812356
-286913077
-806077013
-312817831
1035427881
C?
251091049
C?
1975440709
-757017127
-248414673
-649336714
-1435855412
1636030263
-1455293650
833019402
C?
-1086934000
C?
-1112555694
1036802024
573961992
-1462227994
649656331
-39862722
723403609
C?
1556384800
33142389
C?
1446575591
1297421499
C?
-465574062
24541618
70870408
1900033875
384119186
1745424547
-1225441158
-607576295
-404981029
708513428
256724697
866701217
697801073
819223280
-1309059794
-1503295185
1205195558
855297864
-1858084498
-33713525
C?
1978846908
C?
556217948
686142861
1253979267
704108153
1220706663
1724950724
945543606
-1936113667
471038706
-845366609
-1546293197
-1977704215
-1409564654
1327212797
-1677729919
619009303
-468810619
-471681586
1321178803
-1623260970
463677799
672619384
-374139932
-105536399
-1057601907
1119928035
-1497858974
-1270592416
-540513086
C?
1181663285
-1422814313
301055316
440776559
1070894144
519001017
-1450796969
500287211
-145271794
-1471561754
-708400932
1314241341
-1694873703
53761750
C?
-1770066551
-1890010255
-244654831
148599123
214370530
-712724969
C?
-1137286776
-752472338
-407498018
307339501
C?
320085660
-1485235881
-213555245
-1083070474
1092274917
-1360369215
-450443331
136994461
-1675855280
106247138
-561433180
C?
-634319426
-1379720558
1393878948
-196226155
-43070899
C?
285976778
983177151
-453895994
-1100912887
C?
59183524
C?
-1909523489
-73846893
884036285
-1712034090
430633005
C?
620365306
-360946612
1153658898
