91535
-1
-1
-1
33605
65367
70241
56032
60553
70296
3097
-1
-1
-1
-1
-1
17796
-1
83943
-1
-1
-1
-1
-1
-1
-1
17077
-1
-1
-1
-1
63575
83140
67806
98834
18722
56264
96019
54967
86694
37589
31072
31766
64991
23733
16682
5264
21101
88433
85874
35744
51977
75387
50908
2549
84719
71120
15105
16305
30681
32368
14273
27999
64108
43693
85310
21408
58261
93717
70655
9344
76485
12421
77617
6248
12552
22449
-1
15998
-1
236
13799
5792
73545
58711
9614
17025
25051
35240
18224
61423
75015
49566
81487
94728
8434
42157
52308
79822
61906
26514
23520
26119
64925
42894
27188
50272
71302
28696
89632
69493
87203
18826
9560
67749
30275
6487
82202
31136
19339
20924
30495
21860
8535
33038
46965
63074
11106
7957
89841
85710
98686
-1
25807
51298
58666
95934
88603
89874
68502
27766
67536
43322
3360
12574
23835
-1
-1
-1
-1
-1
-1
-1
84438
93815
11672
909
64800
-1
65483
19010
18904
41729
5463
69768
35793
544
-1
-1
-1
-1
9819
-1
-1
87055
55427
47960
-1
52790
22141
7800
38493
-1
-1
-1
66686
29959
78546
65911
58653
39922
69862
29763
24684
20090
18895
98395
66323
99886
55258
93906
83042
18576
83097
17162
15912
7256
5518
26662
75830
30682
7637
78203
36715
35328
41862
9757
58771
55085
58302
92241
72078
2676
39505
93081
17407
23028
71318
49641
91628
33854
59168
63349
99924
30474
87709
30163
73718
69664
14679
745
71138
55289
78570
55790
31007
26039
10056
27855
42594
27845
70434
38897
25503
29369
71609
31930
34931
14672
38850
84932
12777
70407
85846
6958
19253
29826
14715
96097
15318
27574
25405
63184
32091
25303
51083
31117
44135
55711
67518
64931
80070
64687
56658
86512
25051
65829
6667
671
88061
87268
14086
34821
9554
37648
38819
92808
80857
49611
38400
83890
67437
52910
51228
13985
22119
4710
65791
23549
31795
44572
59871
98708
53656
6880
24500
55815
60789
37092
88177
86241
474
16575
1383
43746
31550
47157
81699
52058
10091
19868
59115
58686
83187
15554
86030
8499
83082
52031
63911
58573
1085
92600
9800
35280
61696
61342
41755
1448
56916
47453
-1
-1
-1
-1
54365
-1
60871
-1
91496
50158
-1
66057
88147
-1
18309
82408
1160
32411
17772
26852
-1
76966
41473
79282
70678
29518
74104
46843
50446
22152
95997
55161
39875
65794
25665
24430
39027
26488
7014
23025
7033
-1
90533
28747
35796
-1
-1
-1
-1
79886
62882
26591
89396
65375
37122
85759
17106
47179
76375
7580
81129
86000
50935
41566
87475
15283
9913
75409
19376
15659
48679
70165
75874
87403
79420
36247
31040
10678
76799
22530
46644
89453
41573
92369
81386
25470
56883
94954
9190
3135
34384
37400
36810
6652
47980
9980
76655
89571
74285
74298
8906
47824
27433
28802
48202
72489
74623
92060
80954
98424
41084
60468
32915
-1
-1
-1
1725
27253
87278
23055
80850
29858
-1
82011
55702
92212
35978
97729
53621
31936
80725
-1
5737
-1
-1
-1
-1
34449
96300
-1
-1
92657
-1
-1
-1
-1
18425
98073
20545
22738
15859
-1
38091
-1
52991
50845
71010
17715
799
95033
82194
43514
67799
25194
55479
31215
93715
73484
91880
54046
87566
29461
32385
25640
96877
95719
55298
47724
59388
10532
14317
27786
49094
22406
5842
54334
62311
78369
75667
87273
36920
55887
31978
32594
93427
97218
41158
37543
68874
14130
18440
96278
22082
99494
9369
55483
76994
40279
93035
48415
7120
31627
77323
2760
58736
96008
92977
-1
-1
52974
-1
-1
-1
-1
35154
96462
-1
51187
96623
39594
-1
-1
-1
-1
64288
80232
9831
88621
25620
41878
17964
82835
62892
65415
35090
73338
43593
15445
19164
27226
94382
30277
34655
5454
15762
74951
7480
66578
8560
19474
62018
16665
94358
86877
74863
58709
99618
71280
3694
7866
69898
7337
20049
59705
35559
80786
60359
88390
24788
6550
9379
9744
96819
34963
32684
68958
99467
20499
63803
4607
14548
27366
64607
2507
75349
59732
86687
30072
34854
1910
57390
11547
76198
8948
99399
50927
36842
81747
91255
81687
9583
28069
54020
80428
96691
40464
43663
8112
9056
63326
15307
84435
748
91712
39824
69923
83848
15025
13151
25800
44621
47054
82803
24506
46532
16405
54159
9827
2360
96773
2807
89199
61100
51099
89317
61260
896
795
32391
46020
25631
36894
48311
96533
92737
46667
17435
92684
86349
16930
46432
87756
35981
16552
8482
75557
88326
34212
47411
90483
67560
89194
86096
87107
3534
56530
25200
79049
71310
26662
90897
66994
8827
49543
26799
56288
67215
22020
5462
43440
77596
161
11223
55184
6124
83986
79440
45433
95719
10898
53385
23707
6823
84335
22163
30202
59733
95776
95766
63404
87946
48032
59235
44096
47658
58583
61268
51551
17525
45613
91599
31076
25663
38207
92743
98998
51703
3507
84997
80238
50312
91347
36656
24133
64489
23182
98320
21919
42440
46782
28764
38768
85154
59733
87982
24066
58518
57238
34726
47642
94155
1674
81674
31693

