-1
-1
37573
41329
66617
97129
67540
-1
3615
43560
20235
32716
63166
43627
13663
97909
77763
31544
-1
61326
-1
72717
90284
58497
796
60918
12321
3751
90066
70984
68150
57857
44623
107
82174
61310
31486
84007
-1
22434
5856
-1
-1
-1
52552
73203
36167
39865
62423
84730
-1
38889
9885
41229
12752
-1
33944
-1
-1
-1
47367
33237
64180
28738
51855
62819
76469
1440
26031
5517
38545
15653
78493
89581
30743
28116
23858
40188
79400
131
43263
8988
9209
13083
3817
22246
13372
17304
23600
69316
64745
35950
43189
48921
70360
43535
87959
90101
7895
36731
75524
34886
65171
41696
60795
96981
-1
95215
-1
2322
-1
92248
-1
50517
-1
-1
21316
31982
-1
-1
-1
72049
85710
78394
80334
9194
24264
63025
83637
82273
94788
42300
94810
96599
51088
47109
14198
61383
50015
2916
69329
28481
30141
71094
75781
22107
0
60895
97376
31712
19922
228
40181
40816
84522
74494
86235
-1
-1
86340
-1
98450
83447
98699
75103
31683
16972
99115
64286
15951
98604
1240
66562
85210
34201
94410
37875
91836
36640
33786
89789
19382
-1
-1
-1
-1
10368
14189
1468
45692
35844
26398
17789
56729
62540
55303
99016
81453
32045
56837
23259
20115
2728
23516
92918
71185
5461
42796
48976
22587
7103
31301
16284
76081
39688
65007
45695
93145
5752
87321
6336
91421
6949
83395
8497
50778
55814
72867
76003
69441
33545
44623
23982
55267
80349
14748
19906
57803
85705
60663
14447
2626
1494
8043
11402
17157
33486
26989
25324
3364
72049
21682
48800
53522
6640
61655
3760
87858
24497
61843
99552
71781
63345
17
12458
50236
18757
90156
61347
88360
64113
2240
19952
72139
85779
60056
37545
86157
85215
14764
75832
79597
53121
62647
25339
15971
5256
-1

