-1
-1
10396
4472
50012
15046
55252
-1
-1
-1
61377
-1
-1
41294
-1
27719
85864
-1
89427
-1
-1
-1
-1
-1
-1
-1
-1
29250
74707
89179
6850
98776
-1
56566
34942
41003
87095
50947
56742
19006
33594
18756
93623
69128
36585
13715
33414
49832
57249
68575
-1
-1
55614
42525
-1
-1
60927
84138
26360
78183
39591
12192
10773
7559
-1
47856
60246
90930
39212
74687
35509
60005
66654
53770
96819
14207
91386
3877
19772
23029
46208
18281
61942
20132
1083
-1
-1
66928
-1
-1
26573
6654
42051
-1
90042
45686
55263
76402
7584
-1
-1
94339
53933
22339
54294
38531
97847
49083
15933
52737
48390
77857
92174
37646
62348
47466
24752
59145
89395
60726
25074
23950
31055
22621
70606
66957
56213
92863
79400
91444
84691
49775
58601
77558
74319
12174
69392
49175
70892
72742
53511
81458
38766
15740
92194
96755
86039
5358
82914
20192
49643
99931
81231
69416
19977
14976
40103
75449
85236
36706
63344
22300
75452
61121
77583
68295
66260
51926
50193
51717
8398
98982
68373
84015
45863
59545
29007
17486
62486
66610
50805
42976
98878
26955
16234
78960
50530
63147
93276
18497
48127
93698
78955
49497
76788
26273
46327
9502
91658
75836
23378
7403
82803
93062
4028
1551
61759
1085
42171
95157
99824
97771
98593
53008
67001
66124
80203
99498
54805
18527
32090
29577
21266
62604
79148
24924
72142
65877
31524
47326
25536
87125
74601
45183
71984
71222
48403
69141
37868
87020
15010
90049
87248
52319
61247
28583
27910
37087
59664
30158
90855
13003
92593
88626
-1
80410
99287
-1
87686
45263
48725
79337
6855
674
-1
-1
-1
-1
49457
-1
61839
-1
44410
83398
10222
98204
62782
84520
25446
81777
92902
46237
19662
60948
1840
84343
8366
7366
57985
42954
99015
-1
-1
-1
43344
99989
19682
55646
-1
7424
23269
75276
64835
21887
82975
19001
31752
82698
20446
30837
84816
54885
83793
59848
9928
9268
34050
22935
73427
95236
78581
35820
33913
69125
10309
54470
73891
73890
79479
76604
49841
30361
22970
37207
53497
83589
92063
13827
67265
47045
22063
63886
40988
34560
2512
4900
10216
45789
-1
45346
-1
-1
39413
42496
14357
52728
18511
62353
52488
72941
57943
81577
74755
90699
77829
71412
70939
12851
23891
41859
90105
-1
78563
47994
93374
15181
-1
50062
-1
41532
3650
12386
47998
60425
30400
13766
63198
-1
-1
12292
48535
11430
-1
71061
68320
42517
93
74508
85508
44292
-1
87286
67871
55513
-1
53036
56677
63053
27209
83965
-1
8115
72639
-1
173
49009
-1
-1
34367
-1
40986
42923
-1
-1
59277
93980
2821
12240
43075
11996
36523
69967
88820
56898
14660
37202
95871
30591
41373
94413
14364
23443
53855
18778
96358
92959
381
54960
77792
89923
18053
78795
74543
28642
96641
18037
70519
61245
70220
35793
17566
32190
32078
26654
3048
10809
29778
55689
68332
45150
84606
7618
20979
23803
2549
60055
67279
84391
32101
36734
70060
67017
35093
1820
80316
89436
45052
96077
34626
62062
32001
73590
77385
65605
65342
81652
98507
21486
26264
72742
68525
83612
57386
78903
96630
94276
87158
53813
30440
50042
1527
42723
21594
27676
51592
2814
71643
23890
70784
10913
69168
52503
43848
11855
90935
17273
280
21862
14357
89710
22968
44477
47669
86595
94618
43946
19460
57015
20113
53709
11253
37045
58266
42204
30160
67494
32337
37429
2594
15656
85502
72612
83025
42398
26572
86601
82596
11104
53951
59688
69903
43859
78863
91779
80925

