31456
71332
97896
12880
58460
54700
60573
-1
52814
77598
19882
65139
81504
64326
16365
29090
44100
59621
55761
65073
92999
19559
78722
27351
78559
77091
77336
84363
55172
-1
-1
63174
9445
6243
23750
-1
56648
94226
59122
44790
72384
71908
42478
58594
3593
6674
65095
57889
95318
96217
56364
83855
84268
2189
28723
93900
13070
91108
76889
-1
76577
2739
4350
86008
65531
41030
47398
319
15471
20368
58677
95721
72335
61273
42609
34226
39450
80040
41697
60529
73337
78910
99480
7642
45428
94959
15139
83500
42828
58392
72945
9553
33247
79421
19144
26508
51604
25355
-1
58178
26334
69368
68293
47351
-1
69195
53751
32111
62801
70359
72870
91633
77102
42691
35704
13525
69894
7155
22699
37414
71333
44162
14824
60635
238
33772
88200
97670
73259
86043
41594
11802
13707
2560
61098
7502
49450
-1
-1
-1
-1
87008
67653
74023
2742
76954
75061
-1
82498
93139
-1
-1
-1
67366
49117
-1
51959
22613
17741
92316
88763
90628
57193
1573
39682
27980
17766
48394
50859
6847
9309
36381
3282
28422
81774
75073
-1
-1
-1
55701
-1
23648
86973
-1
-1
55935
-1
-1
58623
55146
19248
69842
52443
48566
65117
3619
-1
-1
-1
-1
27247
-1
77995
3987
-1
-1
-1
51470
98712
47713
281
81978
53790
76887
38448
10836
99572
85622
3972
73716
47905
41824
30801
35463
-1
-1
59535
11889
30063
74490
16187
31195
58328
46490
76895
6497
34501
32712
23336
63342
73162
98142
71072
22369
47209
99662
50938
4713
59000
93929
10418
81114
31805
54730
68449
70175
29124
12471
91550
6785
56149
52346
79316
74776
32519
40935
16031
68493
82014
22905
6646
19798
31964
64580
90644
99502
52898
52439
71437
-1
45156
-1
70221
96865
28728
-1
-1
-1
69094
763
31478
69124
91135
77381
32429
396
-1
44181
69809
49035
67451
65646
68260
51439
54728
77057
49064
23751
73804
15569
20151
32252
-1
62422
17966
71894
91878
39224
97927
81126
16045
74246
7152
79024
21412
40216
84144
4392
72354
70240
63136
30905
48668
41137
59893
48761
27952
94302
36020
23013
36357
29031
85363
11336
57386
20695
69067
28870
97437
43085
99537
56538
7159
76761
93385
84093
40470
46247
2370
18652
80690
58512
39742
86173
96700
75563
65061
94736
36517
79269
29593
50914
73597
47421
47331
82398
32028
66155
42899
9272
86558
54767
88443
9691
12863
6548
36550
60798
42007
32128
88056
53021
17848
98297
96192
90248
8566
80869
76200
23460
84743
63515
70378
56191
80311
99775
68755
9390
99971
35576
22408
51919
21825
87651
59015
81042
97975
35986
4301
29696
81019
18679
11577
21960
60278
27302
61965
1190
80516
72881
18350
76592
72906
98810
56142
89014
38103
36803
7108
24128
95041
57066
97423
11487
19261
6951
54288
9149
42994
7173
24168
7400
37426
8569
76136
65686
28597
30805
91496
2083
67557
45725
38217
80409
95019
70782
49724
17507
99077
57378
39647
13912
87141
5864
20809
53555
55886
60676
91281
41314
22937
78041
20729
45947
19330
3640
44664
96129
97404
26618
45461
36705
15983
42511
39366
61234
23851
36110
33711
35349
13180
8580
84827
399
90213
11834
10290
73196
89852
36262
80091
71506
2170
96538
13013
11919
56429
27399
41673
68438
66719
75361
56986
15223
24947
88726
41212
19271
73838
72551
97379
84413
24267
73418
44345
74301
4695
59155
94116
35953
8602
23492
98923
5534
19665
16474
23333
13497
99958
57429
57610
74131
32448
81656
97653
92188
46082
60847
79505
81070
83818
37831
8879
57354
87227
22728
47234
97429
65856
36071
78116
29200
86078
77328
82822
53911
14756
48195
39997
79367
982
89195
3767
14055
46585
31567
19056
37976
29457
48697
31370
70034
74045
76052
41745
61358
83492
57304
62304
56061
80324
36793
40786
13233
43684
98848
80191
64775
15129
38142
6540
40815
5109
89174
37918
70159
88986
88326
39979
78331
98144
27332
12745
69900
97000
9040
29684
70949
33019
75386
67536
35514
80051
72913
5829
4941
15639
91171
75539
21317
11065
47072
42622
41097
11522
86501
13190
92858
98271
26927
38712
90783
79803
29862
2657
20377
43790
96353
78814
23169
32301
2521
7569
28692
14929
39606
7393
81335
91352
4086
51503
49524
64197
33434
27267
59067
60032
83622
37884
58295
9776
5068
92137
95640
92112
65577
10793
13774
12186
95559
1718
63631
41432
93835
66101
82589
39285
83415
70382
5105
47453
31389
52658
94156
96419
85590
99575
67995
32383
16446
45689
63493
23046
40935
80994
81738
14956
12885
46092
93805
87101
45254
48889
74321
37289
47007
90443
37324
78580
71468
86010
8685
84559
2562
58364
50338
87989
77164
84751
78326
98857
61649
64662
17772
73407
34121
46527
61426
77417
98240
68305
90134
80614
58661
46635
38802
60879
38972
48696
64882
80172
21610
32323
37994
38036
26750
6186
70781
94017
69432
69181
34286
1638
9206
41676
75188
73992
61037
78525
73972
90630
26305
72377
71823
11472
32684
66471
14085
67690
18963
56470
86696
29105
7040
70568
99488
85544
50945
66822
57772
31389
4836
56681
5598
39886
41081
1279
36876
62325
10398
70841
63887
3257
13505
19211
73168
59629
30682
72163
25142
136
26158
56474
44858
49169
88243
50004
42071
64500
19312
44639
33003
76855
47039
64624
39904
98073
56968
63302
81176
5718
13283
11379
52128
99903
35932
88227
41247
15057
76761
39372
73272
68971
10364
37850
72190
35420
73499
63713
67474
96553
92186
40306
25729
10760
7596
19594
95221
27892
78975
14617
66602
66873
61442
85142
79787
32384
17951
4092
21214
59962
7931
89720
67546
95064
84355
20636
68888
91453
72726
6177
40444
83321
98151
38345
81949
46891
56984
27373
92268
2418
89316
50348
97401
80714
92720
5340
72930
680
24282
5529
89623
14586
8134
75096
45958
56197
62113
96925
28375
54518
45680
40961
23336
6530
96159
9244
49322
3309
5906
19467
70015
86420
45943
52156
98745
86284
26220
159
99715
55063
48223
98126
46225
24990
29738
53866
76989
73768
86206
1455
77094
38020
40407
6526
84128
13392
4865
55894
58733
64449
77076
44854
61834
93381
48560
67985
33350
17681
69730
32315
9775
83132
12829
92086
31628
48019
15008
45385
91728
76185
42391
49075
76841
35713
24722
67651
58435
67923
55100
7520
99944
34456
46637
34229
33346
23446
-1
48274
15755
53054
73199
-1
2451
58665
-1
97499
75429
71821
40962
44681
-1
84060
14693
14809
29968
60989
26869
53306
15066
36911
38381
71092
88510
-1
-1
-1
63761
67647
-1
-1
-1
-1
-1
-1
48623
34971
94432
70655
67956
81087
44589
50192
39661
99662
66612
54140
15738
95926
87454
80794
34902
84228
1990
97200
81449
76404
65433
22073
50130
65208
21250
79673
23785
3562
84778
28455
73506
55140
57165
87475
32727
15089
41068
75088
22185
89400
89969
66412
1252
42530
73334
67388
56574
76888
45944
65321
26688
97686
62755
9896
53143
25078
97530
81282
46328
34786
65688
29136
16910
50429
55796
53891
70012
71645
96017
25451
68658
82776
48528
12843
89896
42868
33414
27263
75818
61079
9317
79470
91595
80628
-1
37542
47187
97169
19126
7294
1338
-1
26908
45574
-1
-1
2689
-1
60956
82042
80849
-1
43911
92236
62764
-1
-1
-1
-1
-1
25485
43714
28840
-1
-1
11557
752
99821
98115
88832
39049
93864
2358
43555
13145
68691
2158
16287
27694
79874
96715
44204
64817
26747
98487
49347
71106
32094
89894
52611
88410
33237
80846
61625
55104
54354
60193
65371
45837
48406
38666
31849
59843
66763
35718
63720
73352
87296
63188
1482
50422
56828
76210
57094
34017
46969
16253
5715
48795
68570
97497
40592
32052
-1
-1
-1
-1
56993
14056
31985
43773
86858
96900
43869
91398
83774
30580
68558
5611
54359
56656
25867
33701
48568
14120
56804
15831
65717
94879
68093
6426
92526
5407
46650
11009
67483
45826
92497
39052
68337
43962
63106
-1
-1
-1
-1
-1
58144
-1
-1
-1
24816
-1
19133
57687
57782
9893
51418
72892
10484
59195
68989
47205
84528
46872
88926
38181
22240
54460
84092
98140
98696
21618
76395
29201
6651
71920
15025
76049
23192
94434
43656
64924
95779
6130
63754
70896
23162
36115
91004
81644
37015
50623
4482
94828
59924
35301
61400
69220
52886
64001
57975
56376
20356
19725
37513
82232
5971
14419
23090
96682
33990
67615
82429
-1
72466
54522
8177
2430
15455
30747
20866
23168
29245
73880
-1
-1
36805
-1
-1
-1
-1
-1
-1
46680
85568
88132
37724
42383
54852
86966
92592
44976
65990
42561
64333
6968
20642
57325
6665
47211
-1
-1
-1
90516
21154
36827
26707
21110
73847
84395
-1
15554
68412
18661
79825
88927
14336
94093
58367
64370
89668
438
30279
9648
-1
78223
-1
-1
19245
73153
-1
59353
-1
-1
-1
36770
-1
18748
18468
65375
20454
19299
34844
37436
-1
-1
27251
90786
21390
87833
85181
11443
88450
81393
41328
-1
2301
24764
34983
34741
44614
51332
46204
50047
99987
4024
48184
34060
79415
86952
69514
-1
-1
32672
60967
21184
97597
33654
-1
-1
-1
81146
25112
-1
-1
61226
78264
40126
-1
12994
-1
24238
28967
56787
83579
48273
33653
70267
78698
11312
36634
67321
50081
14719
48498
61024
7961
3923
23755
57787
87626
15652
63140
9759
12078
-1
-1
62804
81979
74892
-1
68741
-1
-1
39890
-1
-1
-1
-1
-1
-1
55430
25871
-1
-1
-1
73325
67884
-1
21620
-1
25546
-1
-1
70930
65155
44389
-1
-1
-1
-1
81625
-1
-1
40969
4120
57034
55376
77631
15100
88549
58476
10253
86014
15043
31586
50147
51795
86706
91341
14786
64726
81683
41243
94188
25848
28916
42912
14429
84827
88805
8923
33623
49049
48757
56094
-1
89647
38812
7720
99338
89233
18735
-1
-1
23584
-1
-1
54012
-1
-1
-1
79405
86903
80564
82084
45556
52262
11352
43910
57043
14405
53047
23698
9103
2477
54309
11809
20930
77321
70887
45062
44690
1906
93520
67124
35824
18269
23678
97926
44313
23700
74517
46830
41556
5986
72421
19541
45447
15835
55406
61118
52618
15568
42901
1137
65653
10062
51180
81018
49634
75344
1390
41435
77473
57699
3508
28148
49816
96506
33421
24584
95529
15789
70091
-1
54460
9729
79922
59646
97442
74589
61634
73332
99510
75420
24245
45011
32409
90179
67751
20022
80881
31678
21112
42250
35675
11631
21795
51881
79539
698
23054
43948
45007
76718
12629
91868
1652
89411
10820
7471
25470
28564
38411
77853
73447
68872
57314
53454
60372
15247
65142
8713
4698
17142
63270
13367
99218
64900
80556
61826
19289
10468
49514
27910
18471
25992
90874
31390
66226
34846
19399
51973
93251
10231
26179
90724
45623
64796
31796
86409
33364
25853
41661
63283
89340
19719
69075
47545
64193
22773
21306
75819
60354
34205
8594
51572
29659
84034
51846
30586
36176
90234
81298
84464
92102
10858
38419
86090
46447
74223
64561
1014
18555
15206
67688
12258
52454
81188
82943
3641
14225
89211
28479
71872
84735
55526
79351
28573
80420

