-1
-1
-1
78645
28972
28291
-1
-1
88791
74334
92087
40916
75093
31640
34640
3470
20178
69046
9323
57950
30768
4282
99395
43730
53384
95548
53331
-1
29313
92052
87853
-1
-1
-1
47243
11383
38692
51751
17085
79396
52499
13006
36225
45807
47054
39392
37487
30014
41315
29014
64583
8465
12411
54444
45282
22933
52801
83715
79004
41842
93694
81508
90770
38756
53055
33002
5067
36553
60790
1442
89970
98822
13615
90043
97708
61916
37101
60910
28703
-1
7137
76593
62628
45898
62031
5246
48837
30642
5541
59739
390
63914
76761
30870
77279
7924
56368
9215
80275
14968
-1
-1
-1
-1
-1
50582
-1
-1
-1
58253
-1
-1
18402
89754
56858
65450
43341
27523
5779
28061
11244
88750
70302
30492
7128
59993
-1
87460
53648
68813
96169
69300
59519
45996
91847
63677
32863
35622
9518
71466
94173
92147
39634
-1
-1
-1
-1
67358
-1
4776
23516
56174
28536
23839
93917
69983
34324
88585
96128
79994
98227
8746
44539
72758
33477
91250
7702
45705
83095
97711
12167
54314
65293
58463
91634
9261
79234
48096
29704
85960
51902
20018
-1
-1
76820
96767
74154
2173
57666
-1
23663
-1
31743
67539
-1
-1
-1
-1
-1
99188
78968
97206
57
11438
5503
65493
25665
72912
52919
23298
93794
44682
80448
89093
30137
20231
63004
66677
7692
95530
42088
576
74392
97867
7494
17805
83139
74396
-1
-1
4851
-1
486
45310
22338
46628
27399
68011
6552
37589
31095
20975
566
97919
95851
52594
79757
12909
78392
88205
73510
39269
81917
76904
17945
12226
19971
68226
29920
51083
56008
51679
98365
39780
2598
21687
48442
20503
29878
88668
47961
16366
81246
38153
87201
6763
84311
78331
45342
55235
50312
4503
18922
93068
56313
88407
12352
80479
14033
35497
28335
29782
14995
79631
19000
76626
34259
24138
59768
55254
34203
4638
28292
60093
65198
28331
97759
18102
36080
48507
51821
98961
34255
49870
59542
97423
13079
88039
71359
65131
24924
27946
61193
81749
15087
17112
94028
8547
57359
58456
76935
97665
65981
69707
70564
76157
20345
18485
19810
82723
76978
9711
33948
58315
69262
51919
19391
13205
75118
79297
73271
67310
64408
19478
43909
72968
63542
20385
14682
56672
71038
56868
57184
20544
68240
11342
12374
94050
16017
48085
29714
74368
47097
91800
82708
13864
61452
78768
13237
49160
66233
8554
84761
57504
24799
3245
11900
42500
39867
68223
77948
94960
10996
46647
49956
96307
31844
62980
23205
81697
78430
69714
82894
91885
23744
10597
83366
10556
25846
65687
46239
64054
6728
48657
7393
85028
16261
41718
90814
9818
80525
8919
62414
11651
76816
15065
8159
24008
99859
60149
79273
65428
81681
35284
9584
36395
91270
84703
35367
85067
20379
30304
35174
23129
60192
23953
65918
13584
41945
32896
61708
35821
1787
64379
33494
67378
4729
91129
68528
91490
78699
85618
63190
54437
28391
49059
14011
26436
89305
28736
75755
10888
46731
9883
42775
52235
96473
1492
40925
64989
87145
97743
67271
73481
36908
57769
24391
1580
4361
96396
23753
61266
28144
7169
77287
91262
49288
22626
21816
14424
43985
8148
18918
26476
50579
59531
31828
20292
87163
24715
79283
96872
54853
48699
54295
38848
97524
4227
27940
69338
47652
26951
24865
16278
44459
94393
3393
22162
19875
63062
19383
71249
88174
218
25140
97608
46715
85530
99133
70375
69878
38104
49158
17678
97642
69729
71103
37190
65733
39931
5425
88851
56796
60845
18008
32632
50871
52949
69677
22610
12312
14961
23842
29567
12768
21274
24397
-1
50362
49671
-1
-1
42341
68217
57570
99142
92266
20414
-1
-1
-1
-1
87396
-1
-1
35907
-1
67519
48468
63235
24647
16917
8992
61237
87382
10628
63235
38342
63918
78720
87338
91131
47877
13643
54429
7293
44252
2517
83392
64898
40967
48395
1763
42727
22725
7028
50095
33930
80100
72112
4623
81543
76686
7390
70840
45085
21292
37166
98773
91214
90247
13806
48858
22945
67471
14089
46499
87729
29215
55409
50045
12118
67979
27133
78983
61645
50311
98530
78109
34513
11069
19730
35311
94854
91889
75841
21009
44494
60371
93592
89125
89195
60873
53296
20294
96995
62863
73943
14936
58068
77281
17389
76260
39187
62149
16762
25821
57582
17468
92735
9639
78819
96486
88557
27717
30656
75036
56973
34338
48263
89830
50761
35672
24320
6377
88537
613
78319
95683
19216
98911
5386
56465
41603
75412
97746
70452
47947
86656
37814
26835
70857
20297
94839
59115
45447
17213
67736
72649
65629
94210
79140
64031
67132
3868
11467
3044
58760
96309
12039
21047
48049
49296
56568
58411
3611
71676
74889
86288
72181
94093
79844
31091
15449
69191
41539
87655
13802
64482
85913
74887
45419
27804
83964
1111
41129
32139
74564
50766
8618
74954
48140
60688
19379
40152
22343
47573
14163
15345
30502
23129
15751
416
32739
62150
75878
10319
59811
56792
91221
48354
11458
65793
67223
64387
11013
62795
70663
15920
65060
6692
81260
54499
92033
97918
77488
23312
50940
1128
68603
39140
83455
57380
76250
14793
97659
1683
90422
11152
62909
62650
50827
28214
60332
28982
94619
71350
1895
53318
21605
50311
44145
97812
1656
50239
82643
27744
43307
94506
94359
8170
73183
86561
75066
27545
62250
23486
68547
94767
20997
35631
7097
17857
99489
71302
5939
42437
22955
74696
66719
12095
94773
15786
37554
44203
35014
84266
26746
75774
16690
76388
2476
8149
71442
69229
61576
15197
68044
97148
89453
33054
26209
6868
16938
85656
76152
29727
37182
36935
26216
59676
10727
91100
20013
49250
82599
93247
31578
72232
94662
5435
12685
67625
64862
79966
67356
85639
66295
92981
4950
91000
74621
38088
78034
85910
32334
1310
50268
92752
78604
47666
26589
26603
7477
82923
14702
28032
4727
64957
53954
92974
15383
19060
38950
964
57586
94679
97290
97053
11368
4973
13386
54628
59232
27887
44337
64138
24452
26924
70391
64111
61171
628
59135
10418
86357
53905
3307
65828
51183
51032
56401
57197
82319
40341
18768
75548
37643
52440
26143
50048
49237
60833
99487
4666
38808
79100
10720
22368
42657
47327
74060
25575
30373
39624
96790
5664
23049
56890
9724
55835
15639
5159
12331
17254
97177
4712
68131
12566
50219
32881
9364
61369
53713
2424
1672
23873
6944
39312
74871
63428
49662
89212
43931
92122
76189
77758
39652
71366
62273
70794
16265
18454
24997
96378
18305
65176
38255
83903
16318
99182
64009
77367
79700
39657
41625
77027
95190
20931
29014
89870
86834
67710
21786
66438
60465
73283
23788
29976
44973
45274
17677
49238
13635
45379
95001
60911
89038
94456
79027
67328
25765
58990
61718
45366
89517
88606
94412
59415
84449
49
53327
28409
49337
30280
84473
81904
52724
67602
61812
41387
748
23511
31868
79622
9383
97491
27859
81106
64946
63438
25238
778
23921
2388
46582
50297
23811
49637
48757
42821
35854
91722
59889
13052
29807
78965
26825
16864
52046
58457
97338
9799
90179
88676
89896
35127
78671
9850
96758
7448
57502
1833
98659
99999
80043
11988
20610
32725
98012
40100
78533
41997
84338
42019
11303
56210
62363
74781
63554
27345
83283
76428
30734
3487
903
24526
51751
27175
48449
59498
96086
25199
42146
28402
23174
38669
8934
61047
60799
52998
31440
31327
34997
52401
64969
39197
22725
76251
55211
2311
77784
68323
46700
86246
77268
80374
61202
12090
19703
56489
50547
12294
9910
48903
43188
80555
70418
52385
9421
19772
99632
43355
55778
93596
8877
75062
90195
29051
56174
10864
15012
99130
70414
97317
18525
55642
87667
11422
45697
16264
11137
54
42679
6250
19682
30429
96566
99520
77623
58789
81581
28337
83214
60028
99329
14620
173
26822
20918
87411
81171
96501
48193
98086
78040
24713
96030
26201
32423
75075
36523
96660
22288
81123
22861
74017
18204
25580
54276
69687
31447
82416
47285
99460
76329
92683
79777
50103
6938
5458
88406
14245
73183
4345
98917
12817
58816
2284
26334
29260
32080
7130
56946
84424
65513
6592
99066
56325
59329
23651
97902
62748
9095
94415
98224
41913
16558
91969
82404
51905
84447
25336
19829
14136
52737
85724
91036
56787
69933
97542
23856
93136
71541
3722
52167
80647
14913
62993
71352
79984
80440
17483
1682
10100
98693
26826
27730
25975
79164
94698
54708
12863
14950
45782
53618
76895
11379
11026
12843
27030
74143
15160
24438
55823
34528
59405
14806
85585
5369
84842
75856
52970
90338
91900
36979
22670
30703
59158
27832
11164
5941
11161
43969
94566
25963
31496
62123
9381
97370
77450
79806
13216
26400
51334
50397
10878
99905
12436
4387
109
52124
49867
31028
90392
57025
12970
59140
40568
37323
98215
47204
77234
68090
13581
85785
49013
68905
71561
19396
29167
59611
66804
13723
45243
31154
46655
44565
28168
7578
11517
22719
66851
18149
75147
96436
19544
83351
94045
23040
58738
62608
87958
9296
71364
65418
8366
97860
59744
31591
4631
8122
51619
65730
90311
27410
26053
88683
74288
34022
58857
71901
55927
77156
35931
26645
91483
20895
83694
26904
16460
71886
37185
55673
66030
9157
87655
13564
81778
44318
80091
12586
16674
26845
77027
93465
68445
20240
85851
11772
31653
60503
45846
98407
16901
73489
28879
7998
2471
95202
51774
71500
24240
16680
38325
15602
56136
56112
77347
16962
58764
52350
15841
77078
28488
76865
59290
97591
53684
68478
882
95742
38896
7282
5514
50020
38281
75390
49147
38799
99867
17569
68858
48279
36024
71523
90751
67395
42090
86240
93442
83206
62510
53008
71399
28970
40475
82909
31239
91953
3455
96556
25986
56357
36013
45636
45710
80380
79158
49757
76009
38749
4778
2964
32528
11730
28474
11164
4368
47856
75725
37116
42373
31668
90087
47275
46497
83213
36769
88835
91471
76270
50612
78433
92990
5203
99602
25057
76110
82128
93670
21665
86182
72405
74328
52129
46509
41382
69387
90605
15693
87960
91521
66484
86868
30760
86073
72163
23557
51161
89003
53764
30152
89733
17876
84737
58857
63399
81912
71439
67958
63140
42135
12369
45923
73448
29220
75242
31085
29408
62570
31309
77975
80488
58902
46447
37428
90419
97701
99596
66750
23764
3680
16471
48772
47690
72577
61563
52055
68100
73337
32305
62372
7615
40490
8
89406
24022
19420
42748
74341
53639
16682
9136
18307
83480
57628
92249
61792
12505
7091
14019
22552
39017
24875
80319
13573
53366
98979
99512
93228
87545
97471
88022
24576
23041
73541
9828
64055
89358
410
66906
79143
73544
99979
36643
58237
37685
26689
73479
12823
29370
50360
59186
63168
22630
39497
98840
69800
19696
28643
33157
51399
40966
17055
23268
62997
60647
6204
33637
46541
59595
81890
6971
45315
74132
21803
87215
81941
80359
58568
43812
79689
73246
93656
11919
9452
98001
85132
77507
4389
66295
24803
83771
87798
93201
1348
63964
29545
48882
98241
50500
52410
36662
11307
4666
47222
34554
159
66711
36232
46455
30125
35663
67637
67469
31870
59031
40201
98515
37811
82091
53632
44650
42417
30292
83412
182
93262
32626
89136
52276
45021
77222
43258
67774
44129
26222
2985
94215
92679
43088
74363
49749
59614
49045
86025
4172
51182
6998
24496
25654
25870
47185
83411
46213
31347
96865
24381
88478
22850
16223
34496
6292
54027
32422
75821
42635
91634
37080
7963
70134
29369
75453
18929
51730
9618
6895
23614
52020
41437
27859
14652
69477
54861
97870
83052
82465
12989
74748
17685
74417
25494
18929
53837
32865
46801
31441
53867
87044
1517
33561
37338
10078
56880
63325
2117
84279
42337
6276
88795
37368
63345
80414
50146
49499
62623
41660
97589
56614
77903
35495
60749
25522
42903
78132
47500
75522
12768
55403
57644
46533
27546
22551
22576
38422
99538
52303
64142
25822
30152
43882
93327
85714
46399
65058
59363
4658
27767
34203
88269
70798
8899
61921
14432
34739
28655
87177
56340
68372
66713
55885
57803
36595
48880
36652
59832
62753
28047
68603
25927
45497
2723
24194
89032
80374
33775
91330
13433
89797
95059
34690
76347
37162
71695
32999
34455
87715
59816
42086
95674
17030
49077
54030
2617
65058
46646
89485
20925
19801
64381
17626
42859
31915
75987
57657
17985
19218
95688
82311
86410
11724
90645
23159
6099
76613
43388
9976
6040
75123
58646
7196
20235
14200
40099
53643
32739
9271
28162
91710
13062
32038
24548
51098
80277
8423
38331
30846
25951
45104
85781
53813
70461
34805
54181
70171
22598
37450
86144
6108
18237
65077
89085
54318
61883
97857
46605
21104
36539
63607
54474
71187
34521
19017
98703
52241
40164
34941
46477
73543
24631
88029
96918
58741
28415
19410
31819
82359
66902
78737
52279
67199
6973
92063
89964
22722
6949
4846
84253
82296
16737
6549
9908
76761
17802
94489
74481
129
22749
74323
20342
44965
7121
13871
74316
43579
81173
91402
60611
78694
80402
34445
38164
18951
8063
34889
66175
2752
5417
28817
66003
83705
86593
28690
54751
87047
21943
6492
39134
76847
84097
22306
84889
30929
35436
90544
10749
44633
31682
13661
96381
34986
26422
8257
52027
52631
48180
35103
81798
45776
37713
78250
35420
42212
54659
74560
87635
48532
48671
17788
22738
45734
7459
67291
75639
88294
58386
69729
50270
66154
991
14804
59120
74497
94790
39857
18893
30687
45286
50936
3793
49015
26646
90305
25452
56020
82669
22131
86121
25116
47356
4572
21956
33215
85169
28559
64945
88503
36366
5592
7863
99024
77525
40172
58464
99498
41531
51444
55936
47286
41120
83550
29047
54739
48955
82309
88017
9223
2382
45155
9419
33083
57658
2227
51410
72191
84751
6916
85400
17253
28314
83455
38485
72528
60217
34859
32641
34183
2622
97296
52601
64490
33234
52675
83959
60350
94615
16291
53591
17775
85637
63207
62275
68774
95474
62328
38525
29619
22617
81440
47232
69817
79749
49002
36339
96184
13722
88361
89918
96226
80674
85277
53980
88175
68924
45544
19769
47687
30348
95703
63161
51934
6991
89821
38711
85713
48302
74995
23329
70189
65617
86044
9250
74823
15241
55832
5630
73459
98195
86872
74542
82899
41573
6442
81643
93327
1411
98300
47166
98537
48769
18066
83785
86669
86826
81345
23711
88561
66602
28697
21359
34628
25844
82117
57079
72438
63345
77938
49983
98292
42542
67606
94644
74307
65599
69175
26604
14334
7418
38152
38547
32944
13869
43191
61841
7801
59311
51137
44556
42677
76299
82983
48698
84287
37078
8493
47523
52913
18853
17714
82894
95001
36920
75207
8441
86236
95955
83572
11707
90720
65225
49611
58734
74678
27762
28779
52621
97658
13378
8087
47481
20287
70828
59309
3229
73864
58257
7579
4383
50452
31993
72564
15817
16192
50982
30963
93303
77743
17484
69712
24849
94656
39666
28819
98601
87683
41031
80393
99682
46500
99190
66896
59533
18634
94914
51405
54864
82847
77812
37152
802
41267
45630
55531
26610
54981
60773
90525
68814
95961
97660
40148
31384
58522
83518
88017
1810
99248
62068
90615
47673
71586
93798
80420
77528
55543
20084
21333
56800
91539
67466
44636
38399
33570
37846
8052
88420
35816
99078
45783
358
21810
62919
70264
62662
9473
11104
89032
4640
95897
15708
42644
91617
64435
12707
47052
83514
21298
49410
89541
8359
2446
53715
76725
27376
94626
80861
75030
90031
22741
872
3914
91900
50495
28453
51719
89928
94543
25303
67340
2390
15403
70490
75712
87830
86528
57167
65652
69841
10748
54807
12968
44932
40598
19069
34339
49984
43938
21506
70820
71207
22937
38324
88231
90981
13227
12406
88270
61060
30841
32675
82977
74815
42027
91232
2323
50124
73569
41872
21946
41328
47934
19644
68085
11112
15012
90328
3619
75296
17924
74313
63018
88307
77373
94203
4827
8426
57468
2860
4370
9917
22885
92831
16228
83833
84369
36153
52410
32620
80650
61394
88278
3194
25168
22661
68934
29326
88105
93536
75519
23821
73967
37498
61099
70183
99695
53709
6543
83266
77488
70447
66931
46912
70307
32587
82503
67502
41569
88850
7838
8357
80175
59451
30683
44751
63976
73550
26286
21182
80771
73670
80537
41908
75011
24275
28307
3249
59885
63035
75368
60439
51019
3074
4111
90763
55052
48590
45527
41421
74781
89165
76984
27388
18264
31127
71784
82353
83186
363
37053
98673
56202
42604
48926
69259
71248
7873
93264
2018
62663
65420
9315
17159
92960
28328
15894
50477
71470
54220
34763
7405
1887
95664
14052
51756
59652
14382
30840
55202
70922
13825
41333
59980
32431
61858
97253
90143
19125
48125
76815
96849
65408
37025
31611
77404
78848
16087
99906
84182
86431
25226
96814
37504
44302
61775
38081
1908
33639
17926
94463
16470
15347
78325
1574
97970
9688
30015
71602
53584
94770
30362
81909
84536
22728
77518
26323
49125
31869
11136
99720
59311
78063
79576
78128
10818
24458
80543
49349
81452
37939
66600
21156
4368
61911
68184
46424
55335
82090
91621
19203
68976
83448
51111
78705
4267
53371
11925
77071
4896
6698
9645
78241
56920
54553
93139
63187
89581
85491
70574
87232
69686
69020
63930
88582
22420
37817
99770
58289
33217
6462
46201
90663
13541
12708
10634
65944
86095
46705
4686
46949
91769
12147
40515
44739
36668
45478
87291
79081
96489
34682
6331
9653
6348
52846
19770
42796
76864
65623
56355
73267
98069
39032
62488
9026
31942
26766
52173
57844
68654
9312
27304
10554
63350
92695
51563
91223
2677
97766
12011
44956
35539
68740
73630
38336
64096
76843
79164
20638
36747
88228
48214
35682
48626
41278
20124
96185
14504
53468
66392
20271
17736
31045
68026
61237
77190
5313
26463
5042
36980
39049
32269
51633
52742
14497
70968
71949
67974
82848
99640
97868
96900
34977
14632
82752
24059
19948
61537
86628
99027
10750
71263
6529
65850
27170
8194
31742
3744
3314
12664
82278
58836
1952
52847
17195
25101
39025
518
25557
31902
94879
50587
80993
22789
46022
48739
57984
42005
51410
52778
50980
80706
27430
181
69677
14716
23651
46156
32789
23151
67394
12837
33961
12507
87863
50171
69690
99148
66025
28863
87317
64480
55493
32361
69060
83926
26529
86302
36822
60882
30993
44803
19718
69777
49896
58506
53993
31460
79467
67861
80708
4609
15477
50618
24528
59803
61608
2473
33546
19303
68264
71789
6567
82950
72417
18434
43477
31420
21930
76222
25567
56841
34331
92498
18519
77297
59637
76166
79073
94345
44783
80887
55162
35507
48557
77634
43506
83703
68266
28816
63395
66756
27362
23014
11752
59154
7480
72729
41967
95087
3401
57528
11087
83224
47094
90185
11223
10839
70070
2653
59723
99358
41606
16743
27593
60353
28256
88466
44814
39930
29408
50051
30900
99183
81626
86791
24195
88380
80549
20717
35609
62007
50298
81171
58914
49641
40215
49698
53091
98587
17213
61963
55440
5502
40420
80564
6312
65151
40749
49619
11769
9311
48579
7081
71772
92809
6287
33327
60631
32926
96024
67755
27324
5271
2021
96538
44460
19951
54938
73270
53947
24691
38814
53276
23833
75965
63294
59031
11370
50735
4029
82415
56791
32554
26410
38508
76068
88866
51620
4014
25118
79338
31852
47594
75241
33623
70624
495
56530
904
40156
82318
50820
3587
60965
34927
46945
89569
24935
64326
49015
26402
73186
522
739
89291
86623
97922
41275
91241
76008
31540
47961
42060
1131
27909
99040
35286
44214
81707
74287
737
83953
46822
76384
1056
85470
37009
81878
95879
87853
20301
81820
87272
21992
42107
73518
72148
93077
63323
14765
45952
73632
18693
93593
51322
48389
51781
25737
37925
35
87497
89536
41805
62857
3724
92985
33921
47464
93147
65533
69990
19973
86883
96248
84034
50543
78027
3176
12631
37341
54576
81996
53321
59556
18778
64304
91096
48870
45356
67892
23233
91327
91391
15850
31434
30461
59016
12449
58534
36131
34918
81211
55321
54440
54182
65427
71671
55276
84208
49548
63590
81233
9267
18884
38503
4855
13595
33540
95809
90109
34690
4025
23361
86333
47266
41080
37203
14819
9413
96962
6120
10533
5790
24711
70880
67537
29258
84698

