-1
-1
92638
30319
54574
87309
74664
7562
-1
41972
56509
48234
78938
7515
80632
34725
34216
21378
38236
11837
52976
75162
19895
47564
53439
92048
19197
63182
71703
43021
3107
19427
81885
95386
80800
30336
19117
82519
17283
5415
42224
99921
89094
23983
88421
83977
71161
95993
19850
86301
2885
40205
22378
33638
36777
71646
1224
49381
75715
99334
66290
18910
69149
81459
23889
17354
48388
30876
84407
58147
21327
53974
81869
44587
4391
65966
69398
82818
95494
69582
9819
95538
81850
2566
88638
3989
19219
91
5462
15445
15112
97208
78959
43231
35471
72075
54771
42706
3113
12003
77264
30942
63327
23924
89816
92963
17617
71430
70131
79710
32574
38755
75128
78545
71734
705
34555
96396
1212
63800
2417
71379
53177
41777
95309
42398
49292
35462
6244
7282
74476
15407
23879
41660
66152
71561
23820
3849
29230
35035
26830
19163
31930
42536
42728
27508
59372
35922
96827
71782
84351
23157
70962
89320
67634
50564
6691
78227
10745
78323
87606
53369
30578
94860
99312
71107
70368
70690
71039
85274
82797
85781
2132
25236
88441
61581
30405
73243
51112
8589
361
41278
11199
28143
74229
50161
60431
30725
8485
11779
22601
92072
39550
77704
84444
99834
72451
26691
1003
8782
54086
68668
81494
82853
41639
58338
64778
79459
39547
30148
46957
27596
54926
59241
10387
71335
2227
4574
47238
32709
37715
51345
48095
87809
17388
65383
37651
77495
23657
53864
70317
43269
84831
7768
69493
28347
55131
82359
1974
99877
54160
84807
3141
28680
635
74854
27113
81703
13340
78727
34767
10096
7805
32264
75168
90631
57269
3394
31008
52834
79256
47811
94101
72351
72984
7824
7608
86001
60884
48762
87152
94626
52156
25214
6094
9663
14549
40423
48486
38590
72
76682
26799
63737
62235
56464
21369
13764
47093
34461
20081
61875
16576
58556
97655
99123
69432
50415
6497
48498
49338
46336
58148
25884
41092
85213
42492
42799
97141
21302
91336
76660
60424
44852
58209
4371
74552
52100
78055
5809
76588
11099
12133
59589
11564
81585
70564
55001
19215
4979
50870
3932
53176
58661
45336
4343
36123
6967
38448
41386
93322
29955
97700
58170
37345
58895
10027
25269
49448
28733
62808
15493
96232
49441
20930
50003
19190
6701
11219
39827
37260

