96701
-1
20843
98710
60758
44742
23681
67693
26782
73448
71958
50892
79951
27611
41798
63290
62059
13321
39055
85982
86457
68094
61687
42507
90223
3961
68372
73418
76493
10512
35617
71914
90433
66954
20101
92937
50392
40950
13537
81383
76448
30197
34655
71484
94022
53931
26017
47003
3230
93434
67794
57388
40423
52973
93469
52685
91535
50237
23785
46188
88078
40622
37726
93379
91876
88186
4049
26144
11373
95411
15006
64849
22866
33887
55684
76632
1178
50921
33288
49114
1807
14521
21812
58998
29252
21448
62873
66660
49908
91611
5390
14427
33124
83774
46859
19331
14525
78235
9899
94537
32525
73851
49055
31603
35754
82336
88029
81008
10905
20956
23967
90117
31163
57107
42977
55369
41307
43366
81333
15334
5190
88298
25571
28613
798
48659
3556
89620
51841
91176
38745
99639
85528
48983
87533
9508
30331
62546
57935
7874
79767
68618
61886
49182
64675
22965
96257
47007
93241
93730
72077
56704
94631
14000
20599
22467
2267
6124
3556
59410
68131
46494
5534
80051
41449
81362
93451
63294
33693
22872
5807
70365
49324
42031
76786
12505
91297
63132
1221
21779
59093
1676
84587
24183
87201
54795
78062
13237
16767
20113
77097
56382
40929
64783
7186
59568
28115
96867
84311
6863
23907
90731
74454
95542
53466
85015
44338
31596
94268
80342
87508
44683
12633
3911
91387
67024
16628
71754
94792
32519
974
91810
28384
75972
8051
59729
19451
91157
32365
93732
75685
62777
33819
93980
96068
49193
7085
63613
97382
39969
43151
65427
78005
65774
49782
54503
37966
13431
85708
308
87361
32660
64741
8299
49614
91267
32218
59849
31328
96303
43253
52652
10128
41271
83381
50096
99609
40681
37667
20987
1583
70750
8955
37398
21400
75163
5019
48281
33225
96238
60858
62066
38494
50209
26779
63196
20223
91219
7527
29764
5552
69148
81676
7502
12682
7022
47554
84751
65571
1699
15425
48830
43437
25324
13172
91904
98580
28219
32300
1695
4128
50059
29205
81063
74351
21852
299
84358
67744
62203
12264
50494
27288
7679
62999
40089
57617
97293
71306
95671
55119
52917
36624
39281
93708
797
50719
90529
36094
11920
55911
87363
73274
56155
86161
16223
80350
70907
34317
67114
37482
67531
89112
47199
65572
87138
1450
58584
44531
41506
29277
12689
16432
91516
50076
51031
91468
24438
9210
66284
10612
9163
54379
94400
79197
18035
71279
34684
71257
6161
97711
89198
80319
18512
16842
95939
11140
47536
45382
43204
86232
37132
1297
97617
28803
26692
53035
37795
43184
21029
30910
41137
36944
6180
71146
14642
72408
80236
72440
1794
30590
32580
71048
32766
93549
67657
88469
34285
16619
36528
68927
86512
63081
49155
22848
87180
14529
83473
44886
51778
52465
94745
63993
76986
22387
25987
89292
29912
32011
91106
62929
42035
73698
45769
10059
22834
73635
20614
97080
58944
57735
87978
69224
32922
25623
31293
60418
54036
6902
79193
93811
51154
55479
93198
14032
41543
77026
9099
1712
8718
74786
40367
56994
76063
42065
61036
58784
94470
41737
73098
35237
3287
87943
49470
6600
93471
68967
84411
20824
87780
43030
96035
36271
37648
53228
54135
95623
18181
90694
7164
4443
56819
75308
68208
32201
77538
18264
94218
12441
98540
20884
59023
80509
78671
65594
63422
64967
25067
8099
52305
21484
49053
56224
65082
4478
43999
25215
46673
62008
20120
28979
93370
81117
81968
74868
28730
25271
37190
99978
63075
28442
5399
10721
20617
12371
64770
87441
65554
99672
7293
43123
80114
33376
73433
71639
86138
78092
37015
82642
81302
33827
64035
47185
43716
44483
44032
73172
47745
65500
79452
14566
68629
10161
87164
91014
78903
10381
15607
79471
36859
50686
26124
15330
90129
63117
27339
208
80283
1577
18067
66949
98121
25486
84357
4343
60368
47310
7654
80673
31400
66743
56815
76022
85378
93314
83490
79778
21161
88411
77496
72143
78784
24476
41533
29558
85127
47666
12445
63407
54269
61412
65232
67876
54791
15807
80907
7512
7180
90400
97841
47494
47332
88591
747
94039
75328
13781
55689
84562
82044
85407
80491
85018
82691
86051
50954
54268
37662
94678
58560
46623
64805
28292
13107
50297
55317
75973
41335
97953
86907
48287
33853
73964
54510
11785
37591
98402
59481
32615
83794
39050
32689
77592
9477
98825
41664
41201
49988
54171
38128
85876
64679
37011
22675
42632
68157
7931
4819
56239
57406
71706
73847
88999
18742
1455
18677
9296
62983
80302
48074
20901
98722
78343
29927
5301
43306
5175
22235
79208
16437
60666
34105
91578
70199
74914
7717
97607
77966
83667
55859
78388
2015
89390
92420
11300
93310
94458
25713
9543
84592
2235
928
46160
90115
95740
22979
14727
84079
59562
3387
41738
19340
22459
76894
41946
32356
22839
18763
68337
2871
82222
6329
84503
45276
96366
14732
97129
18494
15430
6923
67705
72909
47941
60110
86416
33185
73608
74972
33284
32990
69292
58995
53087
83718
33992
30213
34144
17383
87335
10567
84140
47748
90560
35755
61479
26078
74350
75857
44612
85559
46141
64347
23901
14148
11331
10313
41247
36127
28416
17391
5131
65237
24066
95703
19472
53314
36010
17470
90661
81129
40083
84050
99143
84272
53453
50478
88551
44502
71696
25290
28082
58021
75010
4195
40188
31228
32990
13966
47688
10536
10865
74264
83416
38446
94836
44844
66040
35432
65466
48317
12051
73052
76849
85831
48370
52039
70224
66916
32430
85241
25086
65627
87331
60668
47486
24053
96294
40054
63013
72275
80752
19735
69814
36079
12611
25003
6918
28541
93151
56969
64306
52651
45417
69282
73474
63231
30121
57082
12856
88314
13201
49504
58028
90485
46863
24203
50997
55420
3378
15258
99569
58595
81936
6420
61680
77874
88255
60761
52726
16277
88773
8837
37429
48591
41050
6684
74356
53727
17811
76760
45963
55840
24378
78591
96380
25380
6431
91444
1472
38431
61720
98463
79574
84133
92665
89227
78781
4897
37379
33328
4227
94781
71125
84378
92819
96211
54940
11095
23264
19903
10402
55114
65985
62767
41007
28776
77209
17599
33451
26807
26780
60300
70398
89554
84820
40819
77170
94124
35987
98037
73159
54980
45472
30410
50373
37709
11499
51065
72699
66144
90125
4824
70034
73727
95308
4259
66232
34472
26952
83958
98589
69597
99678
20599
90093
5212
39783
27512
96790
89434
13072
49384
83572
38234
91178
34878
47406
87932
18737
69054
99810
54129
1178
16705
22203
61013
10754
73369
31328
10688
59626
50936
65455
35264
26412
97150
41354
21981
48166
9466
4195
5164
79970
80135
62844
81922
52457
75515
82333
38295
96643
14711
4151
17291
48317
65401
25995
76279
21746
82361
10304
83691
89471
93437
75721
51763
2243
68588
4121
9241
48165
45764
84464
43416
23490
80022
77587
83148
56579
22231
5881
35111
78446
65678
19334
66825
37034
92407
54012
94438
82688
75709
74144
77452
73017
75720
37509
36675
33518
51984
45515
54393
70784
27804
21072
23440
81492
84663
70568
34199
96622
1529
81976
82053
67516
20923
17606
83456
59889
63099
94943
90628
82402
64729
32451
10929
19891
75353
56839
99721
32566
22334
37318
54275
75236
5153
60415
52144
3873
16211
70229
42532
54009
43637
73359
26988
42022
62580
96670
30934
74649
78321
1867
98174
8888
77263
27494
51072
38502
18603
92030
54794
54312
45720
29452
78307
32375
85995
57799
79377
77493
12524
4744
58560
32228
594
75595
58170
6139
39497
80047
94674
22929
12347
30479
69623
75288
46616
95339
3045
50806
35153
2840
94619
7073
628
79567
82544
88139
6603
61107
22799
70840
17466
10725
14818
86490
70927
73859
84917
57844
40078
92601
55275
47986
21129
67515
3537
40530
99447
79317
88632
51853
21140
25527
80619
200
23833
85482
13262
55426
89123
68616
70688
14997
78998
25352
14536
30032
81866
22114
43142
86909
12939
7778
7456
69650
94588
16917
35895
20688
67611
76307
43827
97393
35326
59037
94970
34612
87211
70765
6107
53832
43353
18798
44954
84117
98875
82839
84950
78771
68563
32288
15955
80170
28307
90380
10630
41275
87140
24845
90098
55070
73414
66000
27228
11936
72937
24899
63410
11513
16904
72304
64618
49131
62201
13317
55320
24893
54221
75497
22081
50130
71945
28441
46536
16435
13693
14711
44766
87130
74877
70400
39868
1255
5356
8769
79169
92270
75389
5448
74401
24702
5041
24806
28218
26868
52637
13573
4452
61819
4181
36396
24227
70175
34990
61877
27328
18738
68001
46118
89329
79681
29813
63388
99560
34176
30315
64431
92101
49622
46927
35923
59372
75870
6013
24838
34669
56236
90506
49770
18134
96141
20002
62401
36352
51853
54337
74748
57085
77629
14645
26914
53865
63811
34922
67346
15849
81525
77362
63165
97052
13729
45154
91398
16652
60389
92045
71604
79696
20727
11712
25678
44695
26520
34435
29468
75748
69452
6806
99255
21247
77220
24772
7172
65207
30070
56827
67352
45550
11381
72653
739
6871
65565
24201
10626
77368
57667
41313
65382
4564
7886
83589
67007
63436
39877
38738
48842
4926
14768
77749
9340
17543
78228
86549
20598
97504
40225
75004
15011
32117
26071
69398
68869
72486
72704
58645
5644
86098
17388
18251
45787
15368
31502
1449
88330
91190
27876
52791
39359
15008
42299
48153
62675
49877
22658
42293
77276
65461
99561
60489
78501
6342
75484
88975
54867
49670
11525
81084
39540
62262
33529
73192
99277
25835
11020
7180
14321
1945
44916
67736
39171
75285
89450
80506
29809
570
74868
34265
84999
57269
73455
59064
17870
93048
41110
26280
10399
63919
6389
97986
48934
25231
51904
41652
79109
78108
12871
45352
54453
83026
63007
55059
38365
91760
85193
93092
13831
20443
50313
70731
47750
98056
28811
69250
4009
6132
13301
26662
24627
23263
89019
56566
54729
66598
37881
36831
82199
99555
62553
7001
40800
9651
70227
30954
86165
82669
21583
20014
24361
3085
56414
18631
68520
69941
22220
42693
33246
42552
33961
55690
80999
72586
13930
68502
26357
40609
65280
52582
23698
31490
51135
28344
52371
67
12188
10100
12114
48944
73401
56673
17118
5565
68590
80235
44731
84532
86223
68766
93255
48348
5274
60692
78183
78967
76285
14289
88171
68001
54697
45606
96784
54534
3154
99046
70201
62624
69186
97857
38341
64431
43855
49597
89261
17071
7474
95794
5558
76657
25018
94605
66863
95291
33926
29893
58270
46989
38085
29957
17484
50510
8261
34819
41087
30065
84385
25671
19016
65280
71714
54093
94322
79014
44418
71417
1838
28028
32495
58127
84211
33669
30284
55797
42561
60015
61408
27440
24797
83242
68345
82490
6994
14403
10651
50268
8197
21607
19803
98691
45065
8652
3756
278
92605
37745
25179
77777
95987
48709
40296
45413
42684
98336
5353
20712
69240
67250
69030
31399
10515
9067
1432
19395
56651
46643
10704
20691
9082
55838
9416
6173
22601
23411
17035
99796
95865
51361
1646
85570
44796
88749
65131
85899
43167
29585
69397
35334
12481
6268
28108
22760
11478
25719
61301
93355
64198
48026
82683
36202
36396
35695
56753
89068
23397
95952
19200
25674
29860
76984
77650
18094
61279
64929
77254
33406
98658
9038
43353
43710
76610
50523
56186
28616
96220
71425
76278
34360
68537
48449
83102
73644
6461
39495
65937
74269
87824
15413
16473
30686
73458
24965
4340
32403
32640
32403
37455
3180
7003
61684
53777
93394
46086
33206
25012
56312
43747
61095
71294
85853
85667
54384
87052
55288
43501
34491
34815
40831
61463
31081
34639
72438
67467
54705
70659
48324
14283
87130
86766
85705
3117
69934
41441
64874
72591
69396
38512
74738
47036
87770
86917
73652
19507
71943
17615
87949
27806
90532
49506
41497
7608
56943
89197
24731
1944
92220
1185
48215
26226
63421
70262
71409
19209
51623
15596
19922
35623
60585
57313
7138
67184
5720
91309
91417
24874
12169
8328
88510
72589
81171
13384
44757
29933
53925
53467
17853
98154
77047
49592
1829
92657
1192
1562
63259
3343
21838
73004
86420
44776
30552
47173
10012
24374
68244
51958
58774
55629
64384
86156
86078
47815
93369
90872
46756
14041
2145
25737
13041
95129
10926
29698
33362
76060
4477
84644
61085
51735
66596
51083
12890
74221
90004
56607
85715
32398
38064
1177
28098
15460
76761
53737
50442
86713
97201
38541
58277
34091
45548
31594
90792
66460
15895
21148
46114
43020
89033
42378
17634
11802
27685
72981
94235
7076
3718
4469
88474
10721
7450
48071
13943
99120
71306
68005
44388
39828
36727
28794
78708
66688
98794
81542
78827
3365
37353
74976
95792
63484
93794
62147
63419
93174
56128
25198
21708
24485
41278
88377
89604
67635
92971
56233
16910
53975
21077
6370
46764
87786
92641
48613
30306
82847
76960
49763
630
1079
32295
25339
60287
79118
87537
43152
79329
30952
57271
60843
78780
35426
77427
28398
82443
44002
31011
9129
4642
4114
18968
51594
50690
87780
58782
8026
36275
30812
83933
72383
50565
84567
49982
68888
16381
65027
63750
50911
68004
97377
77355
51490
59480
2970
70655
28684
76499
34896
8436
97471
57802
31375
69452
64534
63341
18807
69841
90339
36455
91869
59929
51461
62965
69657
13525
89766
72
48918
36604
24900
99359
19615
3785
45231
12006
35431
84062
43949
10499
7443
58712
45943
70131
34602
23766
19189
29014
4430
26845
88759
61620
11892
74943
99449
19267
47010
19795
9159
44403
20050
18653
49463
27152
12381
89235
58820
95060
38480
35091
82510
92123
84981
48726
20706
52798
12719
84799
91116
68449
34832
80893
16099
43569
83610
48633
86883
4245
55732
68670
19207
42770
33392
24450
52897
95835
368
2502
79260
44866
29035
69737
83333
79549
81404
67446
13094
80695
18242
79365
93286
91850
45662
59345
53324
55161
29511
77339
12857
2197
33405
28237
45161
40764
89988
81188
79753
14279
28180
77156
82162
25555
6398
96499
38859
4308
14383
94014
20075
41758
52101
67985
40206
96991
6269
45015
31111
97249
85577
35132
54215
25535
61212
16125
3542
32023
77213
75325
4074
77953
7669
2270
42565
58043
79689
56636
96516
60901
6963
12059
58386
51739
4266
68421
34780
91741
25884
10432
57191
2570
67745
72290
25690
73469
81742
43095
24912
93071
1677
78680
31139
61680
202
57924
42399
94053
5786
32564
15202
95734
871
89557
22743
26562
97153
51827
96096
7323
27946
38021
59529
44437
19032
43436
74999
23020
45976
95336
85754
40819
86098
67555
27777
13225
4090
46782
6190
87955
90988
52796
3594
44927
43283
33827
99782
21485
64618
60892
47782
50479
10979
32586
38635
67530
21098
60790
58439
72512
86539
45903
4701
72171
49615
19288
49285
19074
90061
8948
85336
94728
33186
81557
21937
68765
52156
77832
80904
7077
4490
9205
81367
73610
17513
84630
98021
47269
55682
35718
74038
15521
91168
51570
21939
36296
38548
33086
6730
36111
32191
32503
73166
53604
33769
23654
277
58467
5607
90467
33351
72821
58539
71995
61629
59290
20852
85579
49092
9699
58228
40696
35810
80931
50711
43180
61952
79778
15509
60719
94259
10642
59886
85324
48492
67544
26406
56824
15006
93501
58052
75758
38346
77582
94197
3548
15489
56196
91321
59663
23431
20788
15333
23370
92225
97600
7327
59255
91388
85124
28538
80753
29034
92376
61225
76117
87355
34724
73458
61420
60093
74128
14510
33429
52448
5098
53270
45422
59525
20151
93827
29579
70147
39275
59445
82316
88320
7903
40990
69123
26552
87211
1878
98043
60810
34169
50922
33718
60776
2650
18070
99009
41922
40501
85935
44952
98007
36129
89431
37762
89066
75595
689
25157
85936
67510
23614
63484
16783
56265
44992
5439
37700
7335
48068
70676
6950
53755
63345
79598
76112
93804
12166
18432
51528
50567
50355
31061
96388
40798
45204
54936
7261
56441
25641
69178
50200
90002
81049
44032
7876
21715
39607
17655
99439
18153
52541
32883
88677
66093
37407
6535
1695
699
6199
65777
85246
33341
93063
69777
69722
45858
29354
12958
13726
32800
79970
24575
68986
19809
37022
26121
60908
35229
61856
79474
92259
60091
45685
83010
40904
4057
57863
30359
7599
74078
79665
33061
8983
80949
28981
53021
57644
4722
36138
87807
30410
28148
25287
83118
33257
60062
26296
97384
54553
4198
80774
23635
4854
9720
86460
66679
6106
68350
2374
5012
61992
16243
73441
70872
30023
11193
32396
42191
77466
42835
36837
22092
64473
87676
18614
32333
95316
12146
3620
13594
28893
57644
20538
31466
2759
99002
40230
66237
87176
84098
4688
2624
73960
95972
27091
78604
28067
27519
91295
68866
61534
83231
20803
26833
41548
71206
89234
45781
72979
45817
10815
94747
56955
41607
24687
6791
12781
16859
27302
46248
49801
6696
38596
96787
97664
4828
87199
45602
6797
59365
68464
97847
15928
65056
351
95896
56331
5768
29708
13859
77007
81172
3340
73479
13011
72326
15940
66376
7170
99495
39904
56088
46991
60936
47478
80312
3055
34453
78148
25405
85109
81172
14021
84764
47364
67512
7814
39163
69770
89788
60358
4475
8410
89188
3124
14665
7594
43442
58487
64699
5326
7695
7607
58499
40489
69140
98791
12149
37186
90107
60653
32412
42499
57723
32042
42735
75543
13118
51315
60393
76518
40586
44114
23343
86862
77750
29106
97770
71954
80602
98980
93848
39433
77672
73621
31656
68444
96192
69242
75117
92519
18980
77428
68485
86683
27283
81379
32355
34999
23080
5885
7552
20496
76224
44417
30382
45961
87610
99826
80075
89817
25756
95698
84186
29188
51824
34770
71995
12259
43900
63308
42593
60223
44585
96374
15216
49850
74160
70290
24399
20129
1533
30609
15784
11251
8977
17517
77525
40746
93212
10857
57111
23902
53139
84082
78997
48540
85456
24539
58744
53747
46326
95157
43866
84567
13572
77475
75028
82915
12050
25183
49219
96131
75618
27249
50293
85243
17293
88915
52944
44856
97504
90480
21261
32705
93111
51623
45406
21490
92166
29220
95587
43878
17614
32154
87441
59361
7512
25510
44296
14764
47738
98248
68535
38189
86367
24421
1667
77189
83545
64352
38009
65101
65951
76042
91259
58884
43760
94428
25648
16627
2928
83288
28619
37198
45550
26928
25695
24580
66756
71689
23587
50684
86113
78749
92767
46035
50877
48347
85626
91038
95598
47436
9250
26628
30608
90257
90306
45660
73624
82123
57110
5336
61377
77940
69606
32142
2032
65591
63658
58199
13822
47636
11099
21156
23747
1776
6862
40268
4666
84891
7324
68344
21780
22438
10532
16192
82803
10018
89405
55161
83939
37469
50420
50297
83824
83539
95639
61899
29168
30151
42788
30238
33463
65345
97987
78205
5552
32459
69590
34965
78115
11415
31294
37290
92239
2338
64128
53898
39903
37983
44526
82019
39723
19800
12623
32406
29270
70169
78169
47675
33830
51534
67118
93174
17585
56251
35901
15842
43522
48191
6413
8611
98285
78287
5136
67602
39060
67743
9196
94298
60741
11910
32064
39597
64417
59049
18798
98061
85318
88645
4849
79140
97327
30816
92047

