27915
52596
-1
-1
-1
49067
-1
-1
15106
36874
92184
85326
82869
63065
18906
63476
14320
95647
23866
36377
45414
13013
28727
68175
9114
46164
69199
71511
85521
99049
70128
71581
67310
63790
49692
22402
13950
13420
64151
3381
72366
20519
32817
82747
83559
42553
63065
80310
37135
94825
96040
94991
84398
76875
29042
19129
53135
72378
17638
60471
59557
50247
94726
30582
78288
99793
74286
45875
74675
13297
46217
67177
76574
82983
42834
95383
87635
84900
30070
96053
33498
83212
26744
69750
65591
14641
12463
63951
4648
3047
86305
55757
32837
73711
49375
55393
96299
95290
53335
11880
56618
92117
18632
46370
4456
4194
38640
86509
58607
61204
1818
41434
60921
50611
15326
29153
56241
23178
46614
98072
29527
85013
63247
94168
13779
20014
60221
32229
34194
76203
18488
47317
50779
78133
28558
85546
33467
15364
69961
41351
52280
17632
5464
93354
56014
79162
66266
73669
72532
61837
11879
73342
93145
92081
47567
58676
19338
98807
71432
53911
43903
47241
93345
37581
46929
35393
68248
85356
28623
23038
61303
40426
9944
23517
1858
63521
3625
95398
3078
29185
83064
58747
25557
6990
8423
79238
92212
94538
87966
41011
90717
14770
99058
39571
63223
59799
1399
15350
14887
3143
27311
36487
24909
58243
97719
51624
77985
14195
10319
9107
19300
69520
19422
33583
28989
25369
78084
2951
-1
-1
80312
26643
-1
18034
59702
21666
23773
87335
96809
98140
33883
62857
3915
679
42878
66913
72440
18226
54011
72165
1167
96935
65506
56681
53830
9888
53789
83883
79693
51033
4493
7768
98306
82859
50049
52354
50069
45052
4541
33050
78207
70700
52939
35286
77152
32467
18727
84428
27467
1141
95967
89371
31262
54775
22287
62618
90408
71281
9237
10094
91502
6784
44164
73953
85666
19936
13838
70389
27377
56486
47635
93613
6732
32702
57353
88636
68862
41994
7236
70417
86416
36976
97689
31963
44795
33031
64728
62541
38137
52751
94476
24718
87016
56075
52148
96931
98391
72333
19911
67046
69954
1398
31108
48061
22752
49580
82983
49776
27748
83299
9901
54135
61652
64563
85946
13090
48982
53720
87217
34954
56995
97498
52440
6138
24488
51864
82511
90538
83798
7945
10474
59794
80230
10710
41377
8314
33349
69151
44160
45526
57520
19030
60270
8101
23029
52740
35925
93605
65432
83609
55130
69744
10493
28043
29856
22020
73269
28994
8794
24995
18442
50714
71637
82619
66755
89030
36267
99234
78885
71700
18361
94092
17431
77337
84086
96502
27638
35815
23154
56695
72695
57373
98883
43629
23094
46797
35037
5709
35561
86245
85009
10813
9085
16872
59041
68066
1275
68428
49596
45232
38805
59582
79553
68239
15243
28339
75997
46991
85218
70935
14931
60451
82661
2432
82510
58632
67105
92599
3352
53730
39298
95995
45634
10149
56455
97294
45669
33536
82652
44412
57858
30098
36489
88145
26711
307
22455
16410
75513
76226
46859
71411
44641
71467
61811
43105
30535
761
82347
49319
79131
34913
95616
73306
97939
31398
97233
28418
59705
58133
4659
66691
60102
40063
79714
42739
38867
70723
88703
79954
70753
59085
89153
63225
75808
17736
30755
36612
44417
1208
60386
69820
41941
9613
62152
37913
96542
21692
820
54963
3456
42040
33296
13005
15324
39442
40216
98276
89601
31886
40746
69682
20578
30294
35778
73824
59490
32001
52914
20354
22112
34262
45269
43013
52650
39103
38863
42163
51923
93317
7752
16331
59870
5035
33107
64017
50539
52850
93250
50852
65372
20103
56600
48794
4552
45897
38961
51187
16559
47127
30059
80787
52399
47951
85561
92027
75878
14910
50535
82684
46047
374
28839
28764
19067
38923
6104
78470
27389
53409
2337
75923
16871
43982
6362
92008
47946
4279
89677
28266
55778
29551
46307
77812
95032
36781
69412
51350
53216
24652
95103
47224
99169
64495
50011
38919
80074
61328
29085
15156
21735
76548
5143
86289
24501
51609
53185
13577
47315
42497
75391
775
81655
44692
87225
46153
80173
85255
7302
25196
80571
23701
82507
3845
59403
66209
43973
16851
68746
28394
36299
48540
95789
57916
53762
88044
81978
92839
42840
82273
93005
75562
8890
47684
10934
15312
56167
59001
99500
94575
79470
48110
31849
71114
37033
2033
1157
31696
68496
82420
40870
52328
85338
8789
99511
97066
47237
46121
27316
72441
94220
80905
1519
90993
6678
99149
3341
43682
5705
53756
97806
57793
45321
47669
79379
1582
29374
45395
74888
70805
563
46779
45435
22868
66860
91750
21703
95209
37263
35571
13063
13543
40651
14342
43469
50524
29348
63255
16958
71478
51586
93938
86633
44854
22020
49729
46406
94187
96343
82064
33364
83585
33639
63167
44009
68257
73523
82856
20901
44588
43160
68697
23588
63805
1720
58641
27042
72603
28983
42379
8276
76156
63147
45480
2665
88262

