28930
43745
9465
77684
53927
3949
61986
73706
88427
14862
51298
99195
99429
52260
17398
62970
87473
19645
46285
43934
20625
86843
55430
77178
58020
20266
2762
37630
92537
16110
28096
93872
18922
62442
41586
55482
68565
20717
87406
57653
92372
43491
82004
54674
12400
72426
57967
27445
55976
64109
9657
32419
907
3411
76174
98402
66889
79846
11845
2416
94481
3540
91631
88112
35954
57926
25175
60209
27222
36930
40528
93412
73485
10002
80457
71036
70049
63498
81375
55173
58484
35915
1822
3849
85072
93539
26767
38679
16404
99409
13417
50227
27391
44814
22595
56054
47855
89158
86808
83972
80598
89523
65008
13534
44238
6573
43467
12372
92117
82557
11738
12212
43322
74557
80593
46317
16472
25117
99088
47753
58237
39793
51151
52114
29463
75105
15465
39973
31862
10004
12696
72443
37028
12319
72402
3978
52381
80046
23060
68156
30793
82964
19754
74242
61649
53015
1455
44900
91773
35319
57684
13200
55207
3245
16033
58086
32418
89618
96620
3723
1558
55913
48187
97220
38383
85332
95411
39323
77839
61341
50365
42351
89990
23207
44412
45635
75051
86380
22970
75683
10454
95519
73933
15505
26869
65951
70953
84049
70072
79554
92330
79043
94520
54882
39717
88510
57208
8466
41487
5074
61608
46487
22686
59808
96466
44769
34913
94352
71865
30487
28885
16634
63858
72973
5033
57395
51348
34025
64741
50760
44601
43530
5327
97706
94165
19186
82818
63258
21554
14995
81305
27762
52759
3745
82431
79286
22013
71675
54436
77848
84187
92576
54928
26000
21065
40296
8262
14071
49411
40068
28799
38229
62382
14222
63176
95149
95498
19692
73252
73980
88167
93601
7722
56367
61635
12764
50823
83396
98048
79098
54583
40739
33798
55653
94348
90200
98278
54043
16222
97163
41117
55022
63691
67663
9313
11602
83200
45591
40805
11967
83100
7490
37301
95081
99901
95504
46646
68217
28822
50111
63834
81610
45943
48382
56707
45023
85136
20463
24903
36073
31752
74208
33767
34018
89496
47723
51260
62345
9126
20508
56716
12624
93451
51362
29773
8913
95586
40477
39117
6780
27242
51733
52134
92185
74128
88694
54808
85792
15901
6669
85076
73860
71140
98942
20291
10238
57353
94111
82719
96050
82406
22849
82064
64653
80166
13681
5132
69840
42828
4989
58609
27599
89480
12507
30311
86768
45340
46392
77297
14420
91394
22066
26430
83378
30732
60826
18491
76911
88571
62316
2993
82505
85075
28264
83782
26436
78379
39540
27253
33270
75553
72474
18281
76567
77089
43514
48364
73809
82788
60696
31843
74221
20735
40265
50341
80791
75020
42670
57648
51335
8750
57698
62998
93815
13592
51165
67202
70982
1363
2443
92960
60686
20545
99957
71141
15426
35902
69687
72708
74602
63120
12934
85276
44793
87423
69126
9523
52053
8968
10845
62734
82473
67544
91968
787
35998
42293
56067
27627
63090
33571
76487
82818
21985
22814
2910
4629
87641
79690
80672
78520
62949
80732
80682
20901
51285
80434
72133
67187
30794
27231
86320
28325
99182
98172
34840
81116
83398
84368
84142
1202
24329
83735
58875
74821
98481
92718
34278
68904
35003
58600
48228
22772
15818
37056
64292
19060
36950
16419
80317
87667
60245
96346
37034
13387
8404
36189
47771
5707
93486
16761
92841
19548
7972
42714
11642
29433
30157
7672
41085
44390
84131
32403
48674
23633
42865
39954
80435
5223
69950
50546
87408
48874
39591
25897
67209
30926
32528
50403
29073
61847
73240
44003
86369
69348
58465
54002
91171
8908
86612
56877
20870
22100
61719
15129
13187
52530
97048
36534
17748
91649
76872
97826
16993
80591
79472
82006
62079
89984
72228
64509
84060
17840
-1
52136
27242
94352
31896
59596
71316
50376
62132
75478
98843
57465
79789
46159
1740
-1
-1
-1
-1
36998
16034
54060
-1
-1
-1
76729
-1
-1
-1
-1

