-1
-1
-1
-1
-1
-1
-1
-1
-1
64053
71682
11580
62345
51933
21548
16937
82860
72027
60019
50103
14348
42995
93410
38485
54419
12891
15079
36112
92109
72895
38573
89050
73239
76317
29782
33253
53779
95803
33797
8869
40955
58006
25701
46634
88995
68880
66627
41598
89562
50395
67467
97389
81118
51901
16223
91682
40908
53881
4476
65538
219
11364
17850
63734
53125
16800
43617
45645
42509
59127
84585
70243
72752
46746
17948
72711
-1
-1
8656
-1
18224
34341
122
24597
38425
71697
-1
12416
-1
-1
-1
46996
95622
33362
15240
3714
69578
79446
75853
89726
57665
41655
30473
-1
-1
-1
77367
60268
-1
1409
-1
-1
97753
14229
20890
94778
32614
22940
42787
82492
20683
75265
34958
84634
76233
16371
34334
84150
35109
8308
8501
892
51353
76067
37856
48071
18358
54592
42565
12377
58058
4260
783
92930
44047
29055
78376
2780
71689
229
52950
60302
63993
25640
45873
92174
-1
-1
-1
-1
-1
24359
47574
5511
37157
5300
51321
46581
66689
11308
89500
30525
63424
44427
36114
27375
66300
65942
16125
92026
69076
42244
25561
93800
53789
13335
19672
65320
59229
99269
80692
58512
57596
63045
66519
869
82564
26070
63053
17907
23101
93901
28582
55838
39920
18851
47335
30411
73768
99485
33970
64825
82772
54214
28020
80554
58902
47171
2102
88898
79899
66063
58848
54895
30892
10942
99190
84792
33150
77221
68493
31308
85706
4613
15679
9291
78962
89312
30511
25551
42821
7641
39649
22152
46247
19801
68495
64128
66574
-1
-1
20037
-1
-1
66056
84509
66972
-1
-1
71089
-1
98986
73123
77242
12659
48681
-1
9248
29412
56136
48997
10155
99433
7271
66385
40320
87989
3720
32213
96079
33811
20517
-1
-1
87332
33568
52271
97890
54038
51602
15920
73979
73034
29156
51083
12682
15667
23166
34806
33266
40946
98448
84430
11089
29911
96606
83741
64683
90752
74039
69110
62476
7926
45571
76653
9188
95677
73852
82784
21863
85218
72965
38910
83407
22333
42365
86798
61929
7166
53219
83083
82992
11687
72529
32981
6652
36282
86380
80481
93264
65778
74601
99673
61921
74689
71481
86552
54019
18005
56315
50349
10213
97619
86385
85605
25781
19970
42862
21423
82575
98250
87799
40059
2413
98173
13298
52705
42230
10136
31964
86658
1180
13309
8479
14813
83371
9541
29799
98693
87371
53931
98819
9035
54201
57033
19130
62944
87976
87150
53691
65193
75209
83830
82151
21324
87489
35136
75082
14148
1899
40612
33323
92180
19788
86672
84243
65169
37071
38605
67945
39626
49708
23551
64778
44534
75595
25124
63645
28372
20438
45214
98851
38133
87626
87738
71519
26699
95370
60433
77522
38489
47951
90685
1213
3333
89942
34955
80463
38859
30454
4214
75124
86996
71915
27534
45829
77158
35048
34490
86831
64735
62648
21621
70854
44230
23327
20331
57521
33377
7818
18288
75496
95732
44571
33705
36047
79728
92681
79332
61683
62813
86199
78059
15644
70563
53558
69614
188
63649
86546
48725
84964
94464
90366
6948
87157
74385
66885
29579
76340
64621
59972
26442
92126
4406
5617
55972
38112
26801
33414
78001
8198
45716
98054
57075
30954
99708
85300
89780
95958
43061
68659
44783
30286
59170
78383
77840
32832
73756
66251
25779
85045
41675
49698
63475
18392
90386
72627
30343
91876
30689
71359
64698
95821
64834
6019
88408
85162
85539
25990
20765
64925
58703
10546
51093
5151
36690
95218
82191
90718
75601
50756
86965
4818
51475
22949
37225
10891
54668
62753
32581
14503
32665
53732
88013
46343
51653
42990
21621
97801
55765
1462
84609
59949
37313
52622
64633
82025
59934
89711
48455
75498
81038
3334
14375
24815
73952
58795
89999
70138
71161
5745
57048
87596
39570
8391
98370
33069
15814
99706
95648
22002
98222
52946
48649
85711
33280
12425
19525
98505
340
44947
61525
58853
3185
26054
28960
43075
37748
49774
48885
67354
88384
90533
84185
13570
24586
33811
39127
637
47380
18112
64674
18187
82158
17572
17012
86349
49080
84829
47356
46917
77933
31742
42716
64050
77843
44587
50299
15521
59931
22659
644
84024
947
33855
63314
55148
8721
47354
41343
88664
50521
13832
74294
48727
14989
24620
51371
4166
68803
17535
90178
21681
66041
41330
7687
64517
25535
67040
6437
23788
57393
90999
76432
6709
26703
12822
9456
34055
28111
99710
1195
32461
5949
20282
70587
72109
44631
82659
18008
78505
48456
51828
14831
63804
18535
11863
10163
14997
30191
32144
99810
73724
46823
41068
75878
87152
13602
92869
16650
60961
18830
31619
89834
90585
44180
18492
168
7420
54863
22675
68636
86854
14167
56451
59870
88599
61333
42693
84075
85612
39444
67631
21193
65943
49778
99186
24882
78444
31615
51580
81929
60152
47466
20279
53732
38647
74879
39098
48461
4492
30912
78027
8372
57679
30716
83361
58748
10621
25309
48280
65361
88387
68301
34813
88929
87454
10763
7175
94449
19757
13226
46913
99067
72175
84863
74549
75339
82213
50817
26902
29744
55430
31149
76579
51199
65113
43934
42522
15410
93578
60093
12916
55189
8734
52735
60411
13933
86709
25581
78256
21660
97914
26562
52394
55578
83020
45166
56749
29581
60270
10253
63843
48527
10616
52607
52333
71593
87685
34376
232
44591
47999
12891
64873
43264
52312
20765
47255
40880
30705
31303
7065
50285
32141
68261
27205
84215
57594
11483
80796
36648
45955
70206
12887
41267
59131
21009
51502
63207
17248
26106
1099
31201
35425
98192
57047
8640
96121
37534
47567
36601
49103
40380
50471
37517
76920
18025
71644
73843
40812
21098
50101
91436
91667
91073
19928
14512
94641
90571
41080
16285
11779
92823
57141
9733
1107
7370
63919
97365
59031
90216
23256
25920
78287
62846
93531
1186
3214
53120
40637
78665
35663
63235
20008
75654
90634
84379
36721
67889
69349
95637
65024
21177
72598
62006
29765
9452
3994
90915
19652
45542
27936
36317
31485
90382
76068
26650
5155
16897
35919
20675
40104
92951
80730
63876
75086
80166
65657
87496
96916
36184
74672
29230
62823
80739
28458
18112
80182
94882
73699
94938
71108
63434
75717
89241
73839
50239
72266
91184
6120
13473
65673
18156
80797
64257
1916
98525
68859
6092
19607
91495
38268
18156
5995
46822
98520
94911
87774
22324
36150
84305
22556
65274
66870
87321
46145
110
64165
46131
76931
39817
61427
18017
67601

