17272
32490
3194
15073
29731
5966
909
17371
25144
27885
20967
28487
3167
27969
7561
29861
2310
3237
14531
17771
21336
24406
15803
11433
16245
17190
6570
25213
29907
32490
10177
30541
23401
24814
20246
9772
24112
5600
32574
10177
19837
23411
31071
13012
359
21500
24499
31137
20039
28974
5222
5010
115
28567
11630
16590
24506
1444
26600
15181
15093
17765
13937
9870
15994
18458
1684
31519
25531
2331
32163
1243
8199
30926
14773
23502
12202
13986
31917
8698
17253
2624
26252
4458
14701
30227
1966
22127
10538
10748
8656
29956
9919
30080
14733
960
17832
16900
8071
6137
22058
4268
18000
16305
6137
1513
4306
22013
22576
15073
11839
30596
25064
11110
31396
27021
24886
11206
25067
13096
31527
24804
18458
32592
26361
30545
4361
27664
5163
5121
24544
5860
31396
7099
21379
25205
22988
18957
5318
1230
2313
18957
9641
27885
9930
14907
11560
31277
298
13096
20747
27549
4102
8072
30987
20071
7137
13012
31924
7570
29443
19036
6183
28487
21349
22576
6609
17529
31226
8676
22032
22058
15456
18135
25338
9091
9732
945
504
11110
13062
17257
28662
22032
11834
27938
17549
23502
24098
11994
19309
6490
28977
25967
8566
14058
15093
27654
13579
4316
15704
17934
13016
9772
31279
25770
11433
31990
7164
355
15513
11560
31242
1966
28439
8358
17600
28152
14745
17529
23553
18880
29346
19759
24348
15073
6137
29956
1356
8071
16900
9870
10689
23715
16144
2624
10182
8199
27232
9870
21682
31546
27654
20474
2179
5600
7164
23655
1661
9546
16878
7747
28567
11994
19821
19142
27968
13579
4447
11645
20967
24568
4447
25639
17233
18128
29570
15159
3178
1444
11706
25627
21247
25921
12098
26600
20773
21922
14531
1159
13210
18880
11137
27931
21598
31149
25627
27941
22662
7747
6134
1159
32150
12781
18749
945
312
5589
21362
23411
18985
6497
20628
23970
23735
23718
30620
8964
6691
6134
11994
18957
22723
359
23502
30259
6092
25639
13579
11433
30596
4868
24335
31546
15919
11877
31519
17765
19491
14347
23612
24558
28567
23204
8333
10460
16069
11627
25921
21506
16266
18822
25943
29731
7303
10825
20482
28977
3797
31004
8111
27860
13210
21682
15513
24487
27931
15159
21598
19282
28434
18154
15218
17529
1159
29200
25967
25967
30824
9930
31309
7691
18552
13016
9335
18154
18135
21168
31104
32552
16200
23916
25769
22526
11994
18458
4398
10885
11137
29460
19184
8467
22346
650
25549
25064
2716
21168
25763
2600
6648
4188
8228
13096
10250
10146
16696
15274
8964
14576
23718
17190
24810
27176
21996
8719
15844
27969
32766
12418
4337
31868
23798
18387
5149
8228
17200
13084
4778
31457
15218
11433
15136
31100
25403
17272
3349
31918
5448
31457
15181
10689
15005
11630
5121
23286
22988
27844
6943
1627
24823
28229
10655
10689
300
4897
8656
6137
3184
960
6137
22127
15344
1487
31174
29861
115
25064
25076
9641
31519
20657
5181
11560
24558
23612
4212
28051
960
30259
5222
20515
15676
25769
504
4458
10177
29346
8111
31800
374
5562
28295
3194
7579
30544
29568
17817
6664
17727
27176
3797
13332
6017
5094
345
6746
16590
6648
20195
25639
6589
27938
28271
27886
19309
21814
21771
27968
31204
6287
32042
945
18267
25162
26255
17861
11772
312
17207
16956
15676
3617
2224
29245
26179
15334
24504
15344
7694
14425
10885
20113
32122
16200
10939
30256
8566
18880
14193
13016
10723
2716
9786
28988
1513
6137
7620
5600
15062
10388
23609
945
18985
2963
12149
29067
11834
24098
15031
14745
3167
8656
345
20967
13986
1843
359
6664
31457
504
32057
25763
17963
19142
12202
20930
23392
30256
7579
364
30248
17190
20592
23392
31187
18128
3611
25627
14492
2295
28977
12431
2645
650
16737
9778
29568
11364
909
18232
26272
4897
31100
28567
364
6137
7570
5010
9035
25067
32418
32439
20360
25610
4447
25449
25610
19036
15456
18610
32183
16144
2645
4805
20526
12431
14733
7994
18599
12364
11645
16144
25067
29231
28434
25387
20919
16305
21168
2678
24544
30926
22032
10064
15274
26720
16273
1159
25187
12089
9274
16571
20967
12402
23735
15512
8719
22740
15073
11488
29231
30926
15274
31924
12097
2007
19596
374
4337
2331
15522
26179
20165
21362
854
12781
30219
32490
298
18651
15239
17200
5136
18880
9101
17323
115
14773
8551
30545
32766
13012
11742
19469
14378
15453
16287
7694
9920
21350
7164
19837
5094
17817
28271
11606
20133
3167
20133
30899
22662
6943
21922
15073
17861
2313
5515
15837
10604
15159
28439
31279
31566
22988
6352
12431
12118
27931
2963
18812
29346
3167
5181
13986
2420
23401
20930
1966
14701
24343
9030
5589
11706
15456
9035
23647
31546
26544
24495
13579
24613
15453
13937
9532
29067
17371
8072
15073
14907
12136
21996
3652
16273
32167
5136
6017
26544
31187
14425
10827
30824
21756
8690
15704
2963
2224
623
7157
24558
30239
13570
8953
18812
25139
28977
30248
10146
2043
1407
30749
23919
10538
31004
24098
31917
18552
25136
13961
18957
31924
11630
15098
25265
9930
25265
4868
15522
945
16200
31277
20657
27585
17257
25205
28295
32167
24343
21039
20071
2635
17401
24098
19076
15334
15093
2122
9786
15919
12136
29225
21771
12781
23286
24343
11839
22887
18812
10304
5149
28977
7636
18985
15062
21682
25136
29956
16878
27886
19837
28525
4306
1684
10954
6570
15181
6523
18412
30080
1147
8360
20526
20039
29907
32150
3167
10655
6490
8566
17727
17963
32525
10064
23612
27459
18610
13937
28586
15159
22032
31071
23065
31918
23718
7695
4398
30259
29602
18880
19717
29200
9415
27664
6121
13570
23065
8742
15218
5283
8072
19184
29443
17272
5369
31004
12174
8467
20742
15286
20482
20360
8723
10655
24184
8461
24487
22662
24184
5094
15093
7137
20930
31174
27866
15844
24343
24499
31400
359
23502
136
25213
15919
20930
29460
17257
5810
20291
312
21168
11706
2295
22740
11137
25639
22576
14745
6092
32169
28487
8742
21362
2716
9415
28051
22887
9913
30545
30434
15672
18135
13096
15098
9778
4974
13332
14907
26179
23755
15073
6134
16956
18366
11560
28567
21780
16273
10939
2155
20238
18154
11110
9179
30586
18975
14745
24506
8071
31137
13598
6183
4212
25213
29577
30259
22032
4458
30596
28152
30926
31279
8196
9532
17549
9641
20487
