13684
22517
7497
7404
18167
23866
3959
24093
30751
29460
3876
10007
22205
30173
14066
24131
8917
7273
30123
13707
15380
15457
6988
31535
21786
17239
16148
28605
7014
12168
4525
6901
16874
7847
3423
17765
23201
81
26991
24825
4334
10875
2595
10095
25434
31350
18842
19119
23718
19553
20651
30162
29159
19748
7240
1726
15381
31308
23220
30536
11934
13129
28288
23027
6204
7952
11226
30906
22683
6003
23612
6408
15678
25316
22794
7014
13456
27592
25333
7248
19529
13423
7689
21234
5294
21576
17886
22693
32578
5456
7533
5117
15059
31237
12778
4474
18616
4670
21502
30276
1854
29420
25543
8335
6688
17132
2576
2589
1833
25091
13442
8675
7945
21824
21166
14918
6943
14174
24216
9252
17886
16518
8444
940
22205
5117
15380
13789
9509
7404
16946
22397
28696
6906
10845
11382
32700
19030
11919
25798
30162
19377
22503
9837
16946
21976
25854
3174
26321
20620
15639
6821
31718
2334
31535
7133
17139
21384
26763
29261
12079
30980
499
9558
31117
24132
30349
7627
25086
16335
7512
29563
2576
28966
22557
28157
23353
20804
27470
32412
20188
27524
5280
20620
15664
21227
24103
3906
6311
29917
9640
18162
22664
25854
5670
14250
27570
3575
17522
10116
3914
19506
29528
31117
28661
1275
16944
20182
26567
32742
11698
15639
7574
20679
3077
21642
6616
11020
1629
29
29208
2970
18935
9839
19520
19307
3099
7700
20783
793
4950
4001
2489
32353
5279
4119
27950
5456
5636
27151
3063
3278
17659
21287
8302
2812
29495
14405
8007
27592
23718
17829
2271
29794
18742
26024
3876
20165
18418
31863
28711
31425
1033
1326
6349
28288
27470
26656
8338
12887
23442
13647
22059
21578
23543
20651
28530
26221
16376
12002
4990
32535
1163
17862
3732
14787
11934
31584
32532
24531
27997
2876
25692
25028
1583
3290
8181
13789
14304
25908
4716
21114
19030
14250
30410
27628
12887
9509
21335
16335
16025
29250
20042
28841
7143
13141
29159
4798
2036
27382
2812
2352
15118
6262
18999
7332
25265
22747
29563
13040
10542
28443
18935
5636
7079
10026
11632
8181
22525
31787
9252
12925
5714
22948
8917
30173
8813
8007
9743
5280
4975
25355
17139
28292
31418
15635
11247
28244
7627
6993
1459
18227
10938
25074
2345
29460
4975
30075
26221
15264
5480
7123
8186
4140
580
22948
28676
19651
4525
11851
17027
1756
4352
6612
12971
32535
28966
13707
28157
20868
1583
31671
18999
28939
10102
31728
14410
31535
4566
32417
13707
12680
9968
26567
6423
6647
9520
5967
15923
3637
20823
30123
11029
20919
4538
22269
17659
32353
17894
28201
4073
1146
10984
16484
6048
3579
16680
14734
10624
3068
23377
4110
10849
21718
10181
25315
6616
12887
27728
12778
29628
17511
4270
2442
19359
22488
14131
6974
24719
4060
13707
24193
4334
28097
28292
29054
1629
31495
20478
940
12152
22708
19221
12971
1459
20482
21994
15728
2653
8335
7512
29553
10958
15918
11138
15664
21283
27524
14866
20165
18271
29054
25390
17862
25704
31418
1146
20819
19925
25833
31078
7660
7052
32230
15351
9539
28244
15295
9609
22747
22928
9968
32445
1326
28201
8951
18607
1326
9609
31319
8938
22948
15285
19221
7697
1469
15970
13318
7143
22782
27296
11648
11862
264
26627
2876
1211
26321
25803
15414
24014
4217
31305
11452
28867
8652
10657
25848
26182
20042
6262
17259
28757
11026
27877
13080
9520
28605
26688
7404
23355
2589
25833
14444
16241
25803
15295
13014
17113
30868
3359
28966
19476
7689
1756
13614
9933
23355
19748
27021
4538
29917
4466
24244
15868
15121
3633
21576
11301
25053
23748
11090
25817
22498
27444
19030
10598
3880
6165
2386
25386
22436
2800
19997
3935
25001
3134
20111
9133
14174
10598
12938
29341
7497
5207
951
18999
811
2745
10353
2389
4001
20819
28757
733
11090
20709
20345
22081
6825
486
6943
18002
716
24511
25897
3138
21754
12971
32578
25900
26627
18135
24939
29495
18135
16715
21355
12887
18215
22928
27524
26901
13423
13318
8938
21788
3915
9626
8444
31237
7697
17139
2534
4270
23644
945
6388
16647
24644
4782
19307
8346
10181
5670
25729
4670
3077
22530
24093
7945
31281
32582
17429
24680
20620
3602
19119
22664
4014
31349
12447
9545
15656
27686
12868
8951
3880
23201
11651
4110
26221
15151
22513
19520
16139
23588
25704
31004
15187
24924
13318
30938
12870
11020
11301
20964
14813
24400
25357
26770
24320
24272
5294
32595
30236
20465
25138
17959
16335
2946
22928
30745
1833
29553
11934
23317
29393
11100
50
6632
561
234
18070
18340
26616
15923
20896
25704
30720
6988
9133
17940
31584
6958
29
19866
30701
793
20823
28867
6690
28276
1756
8338
8346
16874
19668
11273
6906
6096
22269
8007
23879
15797
13251
29894
16362
21596
12971
29812
31350
21127
1726
8786
234
26358
7338
9525
7133
12579
24193
722
15078
13408
2386
29699
19221
20700
21127
30456
12931
20131
7106
13621
20964
9655
19364
25743
23500
23422
21384
9626
28443
26991
18030
29699
3633
5057
14627
6672
11283
16493
17835
13920
21287
14444
794
8938
7338
21354
23353
23612
32267
14871
5117
25057
11934
31117
20620
12938
13920
10624
5017
12976
11269
7235
21447
9198
6821
7453
7404
4924
30980
8527
16728
16496
21172
32285
8548
5694
27524
11026
8938
12799
7463
1019
10542
26719
23774
6423
8346
8302
9933
10496
2352
17914
4217
26518
16259
561
27728
8007
32248
8815
31749
27686
8552
6349
17827
4280
5207
25949
24825
7521
30162
794
31671
14772
21085
4119
18906
30201
28757
3069
5805
10280
14405
29424
12894
31140
25343
25386
24644
24390
6048
733
14250
21085
28443
18822
21823
21402
30315
1555
8386
18878
23353
27361
25091
31308
7248
14190
3906
7318
794
27570
30931
20858
15056
15151
7627
9133
4893
11283
13158
940
21166
18098
24400
1629
6795
2946
27628
29393
10026
29937
31835
28611
31584
7615
6204
11452
6710
23588
11632
4948
7615
31528
27748
30803
19377
6521
3255
12894
6953
18742
3293
11101
25057
31117
6388
18906
17894
5522
4205
25938
10657
8448
580
15351
11070
754
13141
26127
19377
7338
9014
15837
3876
27438
17959
