5166
2725
28138
27377
1617
31796
26962
7844
7724
31785
6102
29381
4393
27377
16084
24102
8850
26414
19261
16286
4896
3011
7358
24127
6715
8850
25297
29303
32608
25610
6292
6225
16195
9793
11894
20485
13577
7334
2725
9908
16111
24930
31796
6215
16420
19261
1613
25356
17822
7213
6102
27796
22689
27015
7639
17827
7341
2842
18187
18948
18948
15774
14425
25325
31796
32426
28254
26591
16877
9369
4604
9612
9531
4122
3852
9672
30728
16084
9912
28254
8358
10635
11430
22316
7844
14455
30728
16516
13068
4122
12144
12660
18492
6225
32434
1362
30328
26591
7334
21614
28460
18638
19511
9258
16084
16195
21276
2668
22450
15545
2340
24512
19170
26273
25610
15332
1617
5048
7213
4896
26273
12524
26591
4485
3487
24512
16420
16622
19347
22814
32587
9435
15774
16498
13068
20485
7334
30145
20355
24127
32608
21276
9612
31653
2842
7213
9435
13067
7341
27140
9014
10974
11430
24600
9672
7844
23368
17827
2218
5719
10992
16111
3487
22072
16420
14714
19141
22450
10511
24600
12144
16195
20355
20485
28138
27140
21276
22072
277
7358
2843
32346
22072
6716
30145
8850
17827
12466
19347
15457
1613
9531
432
11995
7358
5821
19347
11430
5719
4485
2218
28138
432
24512
19644
7474
10511
10904
9672
5821
9672
20485
9672
25779
30036
16420
31551
12466
13577
12660
7213
31551
24127
5719
17067
15214
25679
9912
18948
3487
24127
8850
9435
9612
16516
15214
18492
7844
18524
8888
1612
19261
18999
7334
24586
8850
6215
26948
32426
25356
17707
5966
8760
15893
16421
7341
11430
19209
25679
7341
13067
2218
25297
16084
16877
11750
3487
27057
9793
2340
26591
13574
30879
27057
32346
10511
32608
1617
7844
17707
13704
14832
19170
2668
15774
18492
26932
9672
16421
22014
12060
13574
8888
9612
7140
22316
24600
6292
29043
25610
16286
1612
25679
22316
9369
25356
4393
10974
4122
10904
29043
6102
13067
32719
16208
27267
5265
5265
25356
25325
31653
22814
18187
19170
3487
9455
6292
4485
7844
14145
6225
20355
5966
17067
22814
8888
27140
24102
11995
28138
19261
13574
9672
11430
15457
16111
4725
9672
21614
22072
12192
5048
6215
31785
9672
12192
14455
18187
5821
6881
13176
12144
5048
31551
2399
7215
11894
8760
9369
9672
17364
16421
16184
13068
30728
5166
26414
19141
10830
2842
10992
3852
30728
8019
24127
8850
25679
9908
27057
17067
9369
14714
19511
30879
12466
5336
26962
9369
14145
9455
277
2843
27057
29043
7639
19347
12026
9612
16516
17364
9908
15020
9612
16195
7215
27796
22689
9912
9672
2828
13067
6881
8888
16111
22689
5336
19209
18524
18948
4485
5821
7140
12466
32346
9912
32608
22000
1362
26964
12192
4604
26591
12524
16516
9435
4393
6225
16622
6225
6716
6215
20355
15545
9793
20485
16516
12524
5821
30145
10511
16184
15457
18948
2218
3852
25610
4122
6225
26948
10974
25356
2842
4122
1613
16420
24512
25779
8888
32608
11995
1612
1822
30328
6225
26591
12466
21614
31551
9258
13067
16184
12026
16516
4830
12524
19170
18187
21680
8760
32434
9612
16516
10830
26273
9435
9908
8760
9258
2218
28784
9612
19347
32434
10830
30879
16420
32434
30879
7724
10977
7844
9912
1613
277
25356
7140
28254
5821
19170
10977
5048
29749
28254
18488
14145
14145
19141
6102
16111
20485
16541
23368
32587
12060
25325
8019
32587
31653
7724
10974
24586
27377
8019
9369
18492
28254
15893
10830
15893
24127
18638
18638
18492
4830
28421
27796
4604
8850
26962
30036
432
16421
27015
25610
5048
20634
4485
3011
7341
8760
13574
4122
2668
24512
31653
10974
14145
16195
3011
7341
17067
7724
