27906
18077
25644
15248
28515
20328
17501
2709
13614
3129
8967
6060
16634
20408
15429
24210
17049
24307
4492
23431
8638
9554
24954
17732
21622
21809
14805
21636
25115
29525
14433
28683
19734
902
3029
3029
5317
26016
12137
3713
17328
29168
22697
12470
23365
1119
14405
4058
31839
26655
27229
13554
23558
25065
1307
15856
6690
5904
21631
2340
21531
26185
807
7614
31023
28316
15384
3530
16966
1344
2362
2190
19241
13530
2274
26797
29562
26914
14664
21068
24185
9070
28235
1920
10591
12867
17604
30152
7450
27628
17157
31194
30497
29035
27746
16555
8510
2769
16823
29946
23719
31902
22542
20967
18206
314
13914
8348
15565
19105
4370
21947
14405
30273
3040
13639
5283
13416
7766
26178
29035
24734
4856
13860
27372
31171
729
28338
32623
7348
1169
31907
14341
21926
29152
25703
15499
10200
21920
12964
31048
19684
5469
21869
14334
1703
17341
22542
22904
21056
28131
27107
10946
14251
12783
17396
16401
23212
9877
18382
2876
8914
12043
30334
29483
22358
6637
6138
15117
15882
12691
32102
18261
8166
10385
4136
13247
7657
26737
11771
10029
14181
82
17808
28096
9356
4058
23327
30302
11279
3459
15384
15014
15775
24334
23517
25736
17839
16274
3307
20039
16325
31262
30180
17487
15882
24386
22640
6836
15856
16701
12149
29704
4058
14691
21128
26507
23700
15852
28438
8580
14615
2368
29059
17554
23823
11517
17504
3748
12521
8228
28340
9857
1355
17404
19175
31929
5670
31907
28600
25548
14850
4188
28906
24076
16239
22750
23186
23305
24861
24909
10011
26335
27671
12668
31564
23439
21238
9227
25245
18809
4870
19760
23211
14473
4893
3950
4609
8427
20425
23740
32729
27984
13343
3891
27621
22954
29288
4730
26178
2210
9719
4673
902
32239
23719
9231
14914
22101
14703
9857
13860
32108
20838
24872
31194
2824
12235
3773
6280
24173
31711
11000
29260
32638
23480
32322
15577
10247
8841
15786
30517
15844
31600
27233
6212
28954
7298
1607
3440
8911
20039
1853
25424
29030
8263
4112
31570
26651
23861
16145
32047
16521
3633
19268
11870
16456
30961
4021
12939
28222
8070
22732
7961
8253
16916
19741
27255
24605
15571
1141
19752
31472
8510
28517
3610
30386
17049
31981
2504
11903
3294
32205
8638
15269
2213
22095
24519
31907
5067
22450
22492
17645
30591
18078
17505
10895
1910
11193
4849
15398
8338
14588
4378
25134
17994
14226
8197
23717
17845
20589
18299
11000
18143
20489
32755
28874
22358
23351
10463
23066
22633
13856
31193
58
18556
25924
8477
9758
22081
26319
16024
10812
22204
9842
8056
25393
19313
6054
3562
32234
294
16808
4296
20449
6339
19950
26056
7481
6106
8371
3707
20108
8342
7238
23173
1844
26796
16241
11051
24364
2012
5904
1265
16808
8894
4044
23118
2697
11270
26155
17931
27885
12228
22002
1393
22531
545
14123
3775
23186
521
13283
23073
29816
1823
3480
5242
24303
13830
12028
15061
25690
25546
31604
521
17370
19378
22296
26519
27571
27994
14508
19555
3613
23646
10200
12390
5324
19191
32570
20931
7870
12322
27750
15995
30495
28011
1703
32691
29748
2363
9290
16808
27062
29823
14837
22636
26605
10110
24439
15049
6206
1157
20979
9258
19315
32154
18403
17839
14159
10035
9659
31327
9085
4361
22130
5621
26245
14079
7806
8580
28523
5637
25066
485
5746
1404
27333
11986
24259
4080
11977
28100
21869
23874
24967
22530
22810
27613
17735
13544
25554
30064
31846
20720
304
17199
17384
17865
27056
23439
14691
13796
8580
5242
32573
29622
7884
11870
28867
1401
27600
22916
7559
30309
11357
22684
6412
3253
27286
4626
7046
21535
13820
27234
8199
28546
8541
29483
24073
4421
26821
16978
17098
5410
4870
3896
4484
17014
13489
22058
27463
29168
31048
14713
9930
22617
22483
27167
6196
32452
14966
6847
20049
21648
31552
29622
2397
6011
20682
1943
7948
10380
30877
15678
4651
30108
19629
172
3339
27598
6770
17668
10073
30864
12745
16208
1851
17504
31321
14842
9203
24250
15963
12964
24970
7190
16983
7159
8080
15224
3160
12861
29646
545
29511
21708
19903
12602
9085
10448
6011
29353
5670
86
9781
21650
21721
9659
2534
20613
21535
32561
9526
21721
5904
7260
7953
2876
12170
21269
11397
21341
26620
8779
8541
681
25304
677
25357
16208
22451
25910
20503
19378
20536
17574
4188
4959
16252
28338
4651
15361
31929
17384
11326
31570
24041
17732
22325
9127
6836
24250
26155
5071
23873
19903
16145
2124
17931
10217
27779
2856
20359
17931
11875
24550
29825
28815
17745
14903
11326
6989
26511
29268
28623
5022
24566
23639
30864
13914
26691
13244
9033
7046
31399
29495
23700
28823
31828
14230
23286
4403
24253
7014
16339
7194
6840
20429
15280
1740
11930
11750
11998
5440
2729
29179
18529
26233
13683
10187
3129
23310
23274
9260
29278
30689
20953
24801
16271
18821
1556
13925
29896
2695
31819
23598
18855
31376
14829
3056
16615
11533
25570
5165
21026
18478
15698
4374
15947
13314
8056
24253
15499
16948
572
31456
8631
5740
15361
20584
23530
26515
1124
14089
24999
23886
6405
899
4022
14329
27192
22309
28271
19378
3368
13532
17677
26309
25703
10285
26184
11998
23354
26335
29629
21123
12154
20967
30459
12701
627
17668
7153
13661
28728
25963
82
29935
15829
30087
3475
21342
9260
1003
26951
27793
26203
5904
18773
25644
10915
9290
18313
2721
15451
23586
25943
7175
1791
3512
69
31370
28400
11461
3885
1408
18324
3847
19303
9758
26030
21381
3841
10960
27740
8384
13618
25081
7161
10963
27409
8865
16214
16555
27804
27016
825
22904
6933
20498
28044
18695
27748
4856
8910
6849
3381
29763
26205
6762
1361
29288
28665
18731
26914
16726
27199
11872
6845
2721
2792
20156
12230
14140
9961
6983
20682
4052
13801
6451
17867
7614
21056
32340
32729
18694
11633
29935
3522
15540
28938
8166
27152
15262
28246
23061
18350
28489
19439
19995
20522
7882
19684
3238
29208
17684
27782
23233
8061
32623
3264
17684
9964
2504
26320
22864
7766
14713
4188
24205
7305
2918
25919
3879
13925
1844
25676
23118
29680
15658
8910
28246
14323
30152
15565
24696
17668
24049
17547
4361
16880
4320
605
10806
28097
28517
26185
5599
17049
19759
12480
8080
25884
27010
17412
25228
13247
2124
5395
7296
15511
11866
10025
29260
10742
29474
22742
27357
2039
18165
6566
17531
14789
17414
6987
11973
18187
5427
82
29169
24307
6540
11883
4324
1903
7870
28259
10247
24433
26439
13344
21093
29159
30014
10460
25240
32155
12978
4560
16210
31
11508
22911
29260
8311
28640
2107
20994
31193
31329
7296
27740
18338
12663
16364
14508
5440
22279
7276
16274
31564
12668
29240
11073
25164
16011
32654
23625
7774
4415
15415
13507
20618
304
12012
404
2706
7153
18791
27851
20426
22358
22904
1040
2734
5177
26489
19133
15142
20408
20206
24861
27749
30054
7424
3559
10025
26069
1419
6138
24649
5670
31949
8056
13282
31298
3746
4136
5637
23423
15458
5819
24598
18082
19333
13912
4975
21452
32410
24566
14337
31079
16977
21631
11073
28633
27984
20068
29384
10098
14689
30536
25323
21592
15829
5410
24621
16829
23749
7535
9737
3813
8963
8080
1549
14508
23355
591
31327
28812
15347
12002
13530
12827
19133
10080
19027
1903
2840
20322
30898
28091
25514
3657
29271
10994
8625
6527
24605
6838
19279
3116
24556
15877
12321
21069
30607
4000
20918
1285
14092
9559
18107
2748
19530
8510
31564
4266
30051
21982
20316
6566
26155
14268
20618
26133
28398
26300
11258
25671
31538
26971
12090
19682
4929
19829
26781
29622
17921
20308
10682
1028
30536
22431
17488
7355
24566
17112
25007
18383
21093
29622
5093
9240
9795
32436
26335
5737
16994
466
8670
32675
11727
10481
6449
19409
28548
24893
23114
20618
4741
9017
25401
6869
28828
28941
10017
30716
10615
1755
18634
5520
5704
10448
16963
18287
3410
14902
6196
14991
31497
10196
5178
30159
16096
15808
21646
13816
16169
7511
28546
7154
694
29167
32459
2504
22171
13343
26904
9877
17103
10156
2238
23902
8456
15963
8536
15844
24556
27000
2168
25090
16045
24843
16652
27056
12429
4415
336
27292
16521
3488
4460
14106
13546
3068
2694
7225
28757
24843
2292
5255
2373
23717
27546
73
6560
1549
28629
11406
20972
23066
10688
6840
28111
4324
22918
15347
7133
22304
4582
2783
11355
30045
17908
16808
1444
18268
7206
5748
18460
15418
57
9231
31487
22492
24327
12864
21382
6512
18913
7463
25671
10292
12298
14113
31564
12333
31581
21137
1444
18185
22325
30187
31781
8967
27463
8848
1755
19409
10176
12115
5410
23827
4403
4473
17654
23749
3947
26797
20627
19729
22919
10155
18460
25341
27613
13445
8536
3618
17014
23439
6151
19009
26630
11859
22742
9077
14855
3770
12704
4304
25833
22867
4372
12351
23351
12861
1061
9526
1106
10570
10257
30386
4000
12939
5636
11073
11810
15451
4123
24259
22047
5855
11366
19457
24472
20895
5914
27878
1181
26857
26486
29427
6293
18434
10385
15775
12051
8187
18258
2488
10579
6105
26319
1880
14569
8779
6957
12792
15182
24146
8076
10247
32477
25151
17531
13546
15474
30879
10960
22325
869
12225
25829
11373
9635
20969
13901
5545
23850
19903
25979
14177
11727
19933
21394
15511
29932
13856
17157
8631
4620
12119
2178
24792
13806
5186
6212
3288
24512
18473
11959
22204
29525
30407
3480
10682
19236
24896
31232
23644
16916
32477
28350
31970
22910
22930
16944
3727
7187
13041
5317
5820
4975
13821
29387
27008
17524
28473
29168
18191
6836
8579
23625
24220
29152
31977
7266
24253
12170
5670
2311
2262
24031
14077
32276
15727
30615
3800
13203
8397
5350
14852
5688
17921
1512
32205
3631
3192
13544
6190
9033
30362
29585
22178
6226
22325
9719
30948
8785
24850
18078
27817
18190
1566
17990
19241
8311
18800
9379
4657
21173
20589
32729
746
15967
4766
7450
9097
1119
22463
31048
14851
2729
5093
16160
18404
15414
13155
32659
24621
19944
12997
16559
4324
18913
18165
20346
4460
12259
5182
21837
19630
924
11227
4648
4112
26212
20608
17312
7212
24885
25362
18475
6011
24850
31487
9653
24734
6762
1751
4648
24008
5747
7214
10570
13721
8920
31570
32729
12070
32551
11209
22309
4588
946
31403
23616
19630
26360
2726
10930
16169
23233
16071
17710
12571
31321
316
10360
15413
22099
1903
26878
16274
30188
749
30615
23949
22796
11355
12992
2662
19457
19702
18174
28680
28224
21798
31022
31981
3985
22174
27372
7940
14569
32006
13629
30192
4976
15373
22742
2719
31864
13821
18625
22279
20382
25111
9526
4520
12386
26704
16096
22911
8624
30521
1368
22189
20609
24185
4266
1780
22270
32483
11347
4994
20927
9967
12298
9918
18383
24485
18063
21935
4564
28084
8913
7187
1576
24270
1235
19525
5443
729
15429
25763
30879
15831
11327
1355
15552
12853
32298
8493
27588
22927
13563
24334
32679
1064
23616
13317
2721
20800
6927
28748
18058
16710
18821
29909
20420
17498
5253
1162
27419
17675
11814
29177
22428
25681
24319
17830
19134
17323
9710
20239
42
30961
21128
7918
4091
29168
3368
20408
27687
6473
26156
28197
20319
16772
30152
18185
1968
11372
14468
14617
12390
16963
28006
25703
5161
10654
17596
19933
23247
30948
24439
22136
24153
8638
14687
29857
32647
7629
13172
23423
12964
32033
15437
20032
3339
336
20531
5947
1070
8
20316
14847
21636
22987
23873
3193
11910
29106
13589
14814
11870
27234
14705
21631
680
9759
26233
509
27851
26335
4515
10615
11998
18031
31665
11814
5369
11557
14350
22742
2721
12571
292
16249
22380
28112
7882
5904
18975
19763
6563
6222
4197
14709
15565
16252
3193
20967
21110
28956
13253
11234
20156
25674
17440
10863
1611
30245
188
29921
22309
27261
471
25357
28091
6836
14385
12780
29427
13374
30800
10156
1751
16562
15418
30386
22344
27186
18190
6660
22919
16770
4608
15150
18629
11316
20531
13637
29246
21110
18347
24015
6105
619
6911
29699
21338
16994
8051
4426
15658
2178
1835
14140
16634
19682
6446
7159
25488
7478
5410
2373
18281
24887
10659
18415
2570
3788
8523
16710
22916
27267
23114
12255
22491
2107
13030
20979
2011
24472
1102
22954
12070
11704
26857
22464
30674
32477
6350
5445
3437
12119
20755
20524
13842
9017
2012
5819
16270
4651
14203
2213
13073
21108
23870
11585
5904
21690
7272
26963
12645
10591
28901
26704
14194
23949
21736
1091
12827
22833
10184
12667
9033
8670
5283
4382
31641
22224
13124
14350
15991
10274
4033
7355
4787
4243
13295
5639
6800
25950
20717
24970
17383
16505
21063
2535
6200
26425
6151
2856
2302
30309
14777
29173
3129
23821
26004
4330
7348
6084
6533
7135
32117
11574
2188
3686
22058
6084
29
2286
5502
23066
24416
7315
16230
31913
23634
20878
1102
2237
103
3746
20237
1039
12940
3983
26667
27642
22755
1792
7657
28938
23717
10997
4509
27057
1906
24330
29124
7619
17102
1750
19734
21926
26203
20613
8740
9147
2
8149
6222
1661
4929
28197
27165
28434
8272
31259
32673
7909
11053
19782
19178
12602
16184
31365
23259
25671
21174
26965
5182
24861
12506
27633
3508
18855
20156
20104
22954
29391
5212
6226
15914
7967
29059
18216
22288
6242
2082
12505
20506
12115
2901
32573
23211
1827
30386
26562
14436
21164
18881
7257
14323
10897
2806
29680
9936
27613
21655
4651
20686
12349
29387
17399
1291
13463
31533
24620
23558
10829
23224
23088
20703
9669
20905
8567
30567
21531
10591
29854
8885
19313
25785
10360
30487
27318
4306
27261
30459
31066
25738
32107
173
28489
11104
6183
10285
24226
27964
15230
1157
2534
18261
1832
7147
10748
5368
4929
18130
4856
6755
16807
26514
28473
26563
29752
15130
29271
23664
28592
25283
15117
22789
24031
9370
24890
16772
21069
24805
1181
16370
22236
12614
31878
26702
3152
21121
15086
29334
207
10151
26804
30606
841
17948
18143
15975
12827
9400
7909
2178
7349
13856
9758
25004
14689
1359
2363
4204
29177
28096
20173
1329
28044
11202
20300
31753
13173
32759
9974
14436
3690
30722
7619
22697
16241
27774
25205
17677
10385
31571
10098
13779
29920
27419
3391
14016
11883
29715
19694
19835
30152
5652
20681
9254
21329
31783
12991
29489
17849
17994
8340
23003
1329
19516
1061
5489
29208
21261
3383
1378
31071
22009
26647
11348
12506
30267
19754
103
17159
20972
9585
29957
22640
22430
8636
13914
16476
1640
7037
27609
28665
3162
4608
9370
16636
7683
20796
10404
22531
2631
12236
24599
9669
3947
9422
779
30689
11870
1899
20295
16087
21982
5670
5726
489
30598
20113
31192
21341
2237
12614
8483
3106
20295
11064
785
19584
21890
1732
6869
10298
6814
4217
16011
1287
18268
22051
21542
8253
27781
5904
4501
32144
7817
14789
304
11939
9526
4651
1144
22325
6105
22243
25526
17808
18268
26318
29749
13158
902
31622
17440
18187
906
18632
3036
28737
2178
8393
5583
7384
7598
23114
19051
27758
12691
22058
16321
10494
16385
6499
5084
2262
31019
19516
23423
13173
2787
15280
14829
28152
3770
30921
12280
28488
6655
20336
10742
32691
18404
8371
21392
13227
4288
28338
16011
4022
22236
22300
28096
23682
26541
19442
9559
24204
3742
25437
4164
17865
3256
22911
24361
29161
24649
8555
17157
2738
15331
24792
8638
7159
2523
12686
28096
32124
27746
7159
21941
24307
17339
31864
24243
9193
29399
2189
24008
16087
22345
28984
3875
6659
21588
19256
8841
28945
25164
25103
17921
10202
11042
29306
13616
31952
29208
12154
12410
24926
1348
28257
19736
15132
1968
16750
22450
17908
22464
6563
9257
27984
23845
20479
2116
4442
4215
24183
14588
5583
10112
17404
23362
21840
28097
4786
9257
20359
12321
25238
15460
297
27076
24329
26794
22098
27463
2820
9717
21097
16271
10654
29946
29896
3622
6836
28182
57
17224
30797
20507
172
15277
18881
2637
27865
28748
10192
5760
23598
32594
32410
17746
10688
9905
13860
16710
31984
1312
8870
25611
3447
3480
11326
28706
7463
29957
30598
26963
20905
24542
1886
22916
14206
29495
28321
31806
27878
3877
3186
16615
5294
902
6981
13361
7893
21559
23712
14113
27750
4426
22136
30294
26570
14579
1520
9097
9961
2694
8299
23759
10806
27794
17140
17947
5711
4421
17343
32626
14976
29161
15844
4091
13255
19256
26178
19241
19962
11977
25454
16100
7082
31125
5791
29629
26511
15642
18975
11355
32212
26797
11514
27229
17947
26483
17141
23088
7544
25570
24031
12255
17776
17722
27509
13444
26177
14852
7725
20108
23598
5987
1196
11723
22778
12495
4204
11729
28097
24655
10930
10359
15732
16654
25937
15287
31059
14805
8437
10017
5125
8887
16724
11806
4751
24146
9659
159
23759
9635
24166
1162
29168
29511
32561
11915
10515
14206
20766
17564
18473
18107
9659
4636
30536
18094
12997
20576
26205
25101
16169
2897
22558
29245
7670
4651
4657
26673
8247
11729
2325
4509
19265
7385
9231
12414
16912
1640
16773
29635
4419
21383
4382
14991
20506
10029
17564
3307
25910
18478
7482
11180
25712
57
18800
6117
30811
3834
24410
15465
18752
23288
31781
22742
25164
28640
13227
103
6878
19105
12893
31487
4653
14807
30054
28096
14077
13832
8567
13492
32431
7535
26232
24512
27671
3780
16177
521
17440
12053
25190
11202
27742
2535
16184
19630
1512
21137
2488
25712
1002
23664
1459
8510
2820
18446
31013
24610
24924
22358
12486
29493
29245
12126
8325
25910
30177
11976
13344
18094
3368
22236
14502
4880
12170
26425
5520
304
463
27409
17721
8087
9416
31048
19759
3348
31868
15130
31246
13314
12390
3741
13779
15783
6854
15147
5638
4539
29678
27571
24073
10247
7534
15361
12663
4252
9221
22918
24729
16231
4730
29366
21809
24973
30727
20194
12760
11851
10216
30443
2011
31816
18592
12989
5923
31604
26082
20892
17776
6231
11963
29474
8837
21381
27612
15277
30054
30334
11180
22778
31019
12149
1886
16385
20105
1312
9987
14687
28091
3748
1576
7559
19878
11806
18231
4570
21068
24370
12432
29035
1390
16385
8433
2789
28221
29678
449
2453
29005
8427
4741
4415
2820
6105
303
31366
10606
26965
18281
24934
32447
395
3820
31822
24906
13661
31093
4651
24410
29489
20502
1732
20108
7777
28221
18062
3861
27238
24370
21798
30454
18416
4849
21236
23643
5502
20682
3968
10404
23081
14842
30069
21913
25891
28707
32467
1722
29173
31570
12423
14850
1181
17312
11814
16169
5380
9554
15277
24226
17228
4364
20991
2271
26120
15712
31333
14829
32102
1684
26016
4675
27740
3029
26233
10029
10922
1361
17521
3383
28152
10615
26376
14814
12225
25452
2198
23233
2792
4926
5855
15538
8744
23861
11780
26519
32047
20531
30011
21850
16145
12602
26989
9781
10922
29577
15732
20541
12303
7000
9033
17505
24192
28945
29867
9433
7598
14966
32281
22189
20629
8555
6196
14867
8393
17343
17574
16401
22476
6447
8967
16773
1359
1864
3530
4419
2834
10002
6105
2149
4250
351
31333
4893
18346
84
13502
22769
492
16407
20039
545
24007
7424
14079
17044
26937
11207
16386
10011
1910
23874
27931
6660
4929
15348
18597
27441
6447
10713
8187
2368
23614
16784
74
3001
4358
26128
23259
9202
16771
1844
16419
30554
7349
10606
29946
20049
5914
10519
4460
8119
2459
13489
22492
11142
571
31807
1695
28246
18473
5067
3877
3167
27984
29536
2843
32114
13826
28948
32072
27356
30362
16270
656
1462
20032
7534
746
28857
10742
22671
6339
17541
3189
13361
22302
11348
26691
24146
18975
8461
730
17141
24303
18473
15783
18597
25910
9795
15049
28097
15910
29536
26800
10812
5212
11814
5914
19200
26919
32333
31881
28559
1293
13293
22307
27758
15471
26684
3763
4619
20918
30187
18364
21994
15698
2155
10615
21896
17504
13725
29005
17973
28728
20639
1968
27782
16045
24406
28760
2637
4967
24869
31913
22228
15437
32072
13314
21955
27010
6306
16827
22820
21954
13444
8061
28653
27062
17947
10688
57
20326
23341
11691
27152
1695
20704
25891
18058
29661
24203
15911
22463
1576
28629
24210
3233
29525
26692
7133
3813
22304
15565
3813
21778
12170
29713
902
29132
18463
3368
49
7640
22130
28038
28592
30598
6057
12783
16978
17312
27324
2011
22960
12992
10202
801
16321
26035
21411
7994
11795
19378
6755
27613
20639
27309
22492
25131
21688
26203
24929
20629
18268
1291
17636
1311
7667
2190
19783
18617
10979
14508
2535
23906
19904
18092
26221
801
11051
8757
14855
28221
30220
28355
8536
2670
18382
4419
26965
6868
16239
25115
658
3447
2210
7614
22289
9103
19958
7153
15319
26594
24344
17776
8384
14024
28350
31403
8567
11461
30840
16086
26914
294
26156
11287
11870
19734
22769
13073
12423
21736
2008
1565
2274
27804
28975
8477
6400
9189
16825
8223
4871
18970
3056
31829
22300
28707
16799
19457
15280
8199
6512
489
14719
7961
2340
6981
26205
32483
571
11209
1708
3383
8666
3885
18324
14345
28039
6447
32703
32454
26857
21366
22550
24967
29035
29035
17121
7776
19835
1039
4328
28922
3391
3847
22498
5178
16239
24967
1270
29152
25963
394
13841
14505
8733
4374
27243
21798
25951
11180
17908
23092
10654
27270
22302
24861
27746
15914
12602
26515
30473
20303
24272
8107
11238
32754
20266
31552
4926
3582
26486
280
21411
26485
21198
7910
24880
15576
30835
4324
21026
23365
2721
21723
21913
18478
32014
32367
29132
17103
4112
1478
11514
7452
23717
11142
21773
26752
26120
28521
15829
5002
23903
10606
27748
24364
19409
26410
12230
17608
3186
10263
13344
9659
27687
1307
16274
29962
1106
5306
1851
12506
10672
20025
9060
15319
26798
24392
19271
14927
28131
28901
13323
3167
3759
12476
25401
8397
2
21655
27537
110
4962
12427
31828
28659
31326
1408
9852
15361
20956
32041
7817
31571
16982
18338
23119
26798
25228
2523
11872
17504
21653
22597
21342
16808
13295
21137
5636
9694
21256
6739
17339
21636
4883
21837
27234
6419
22769
31448
2
17496
18281
15538
8545
16231
18078
14115
16896
20156
14436
25824
27853
22377
13789
31984
30559
26963
22064
2488
2238
11557
26300
16773
26460
26704
16116
8078
5726
8841
19681
26433
3857
5904
20682
24576
18287
8080
23775
1564
21941
19342
3972
27261
6058
23073
11948
25880
22864
2617
27277
30517
16982
17521
31165
66
28820
27409
9694
9537
29957
31923
13227
5125
24433
26376
31785
14003
21653
13041
6084
21254
112
20206
19828
1322
30607
21269
28829
27928
16145
4361
21069
27076
32429
6690
30722
20895
22163
1141
3317
1167
28147
7725
32452
17044
7147
23861
28966
6546
19678
8621
9526
25570
14573
27709
3116
19017
2309
15437
22157
4361
8740
1780
24185
21236
18634
29385
25657
10407
28267
27742
20140
10615
28498
10994
30673
8437
31929
9211
10067
16239
28748
30567
4393
4112
2178
6655
21167
12861
28338
18592
28197
11253
10289
11535
30180
18187
14106
19236
13530
25205
2697
28338
15152
16583
17412
14510
16816
26433
23081
13542
32626
16456
29504
18714
10602
29679
30273
13253
21742
8666
32084
869
3746
7916
4177
534
6057
5077
18446
12255
19958
30799
3233
579
22163
10517
7953
14077
24970
571
13507
7482
9033
516
28948
10615
536
16071
19694
14544
11609
18752
27043
4792
23671
19681
19754
6814
5433
23730
10247
10217
2011
29360
23449
31712
19490
32275
11910
2416
28444
10092
857
8066
17534
25880
31837
10073
8580
26439
28948
24253
14499
22507
12853
11264
7183
17505
10979
21342
15852
4083
31367
30589
26796
7206
28350
19746
4619
26184
20720
2510
20911
20991
23429
8913
2265
14337
6656
6957
9085
7194
29857
20929
16334
27190
15413
19598
25203
15941
27016
12145
14177
15625
26108
14719
22178
5392
29339
19555
2373
23609
1118
12978
32298
9585
31048
23654
13542
21690
28629
29545
955
23286
4959
24655
1291
2954
69
17948
13155
28693
14177
26309
5227
2302
9635
9303
29288
19779
24549
14251
17534
6128
18073
1556
20717
4382
27537
11308
942
12395
27598
32704
12861
4651
20929
22167
25031
1612
10606
7967
27612
6536
16045
3763
21256
13179
9389
20425
12368
4091
28559
1886
31306
63
4046
32505
22171
29159
13611
19271
1098
4931
20956
24350
19903
3384
2869
20355
29353
17375
31254
12043
16759
29332
18350
1404
28302
14716
31637
27357
6541
13532
8013
11142
7639
23341
27736
24890
20755
15130
17396
28257
20507
29652
21542
10213
21952
15829
30517
6983
24629
28803
14722
3243
946
25277
5502
13041
21270
24893
19017
14091
30948
23532
4482
29409
9942
7511
15720
18899
15858
21646
13314
27052
9936
28221
9035
4849
13661
28267
23536
3879
26724
28307
17990
2948
10268
23001
26702
29920
4382
1040
1070
9203
27501
16045
22721
9526
30372
29164
28493
11935
27612
21786
27984
17112
9580
2788
7893
13227
26800
23207
31981
619
21481
21362
28438
12704
27152
13002
7544
12381
29367
30218
801
23874
17561
7609
7806
13260
28340
32132
16261
24620
4580
4058
20156
12588
13589
20258
13172
11299
30898
15829
19678
17504
3328
5820
21238
24999
4837
27052
27628
18466
18600
8887
29294
14508
7149
16169
29030
20057
1722
9877
12149
29360
10753
23948
5324
25891
13364
11513
23632
11931
27199
23789
4031
19137
12978
15702
8621
8865
9103
24012
23001
26004
746
29909
20838
19520
19131
8070
3657
31977
28491
30034
27550
26425
3558
4304
1235
25304
27238
444
29388
18653
32200
10628
31360
5409
9765
28884
14927
27069
9400
16766
22204
32263
13684
6105
21773
4619
25676
5247
32124
20513
9370
17849
16773
17931
16573
22892
28340
1823
25044
30521
25500
18403
9254
14615
27546
8502
20108
23854
21736
23112
7355
9737
8879
3748
30578
21485
27906
14411
21481
17973
27984
33
2820
12691
23127
27318
10145
9681
32114
26174
3657
23582
15858
5937
6058
10520
15182
483
27546
20385
19373
2840
8750
3381
25634
26082
10515
5747
23915
15783
4346
6339
4164
31937
18975
18046
12368
28411
6394
5350
25432
6854
28242
4673
20274
22613
30003
14688
25557
18911
28295
13444
6001
2769
27243
18031
7999
605
24012
19175
10579
25029
8259
15224
19496
30823
103
14003
2082
8197
4415
16636
29741
18043
32626
16386
23112
30250
13203
3054
19997
16425
17069
11633
26804
13806
16230
29159
20766
31538
21837
16208
29059
18094
29705
13532
23730
8913
28548
18832
28333
7198
15319
24872
21753
6576
13118
4177
16964
23730
19584
24165
19555
22289
17504
22344
5409
3562
25671
16672
2824
12587
12486
7206
22201
11143
29387
6105
22864
4324
21336
7322
14499
17645
14226
24647
8567
15398
7260
10213
18446
26466
31564
10756
4649
13697
11397
23915
29268
6840
188
16337
13725
31617
1483
8371
14893
26205
21835
21327
22279
6400
516
9203
25028
29106
4421
7670
29111
5887
4419
8913
19205
23259
23255
16799
26331
19678
17319
5808
8927
16912
16145
10029
31360
27386
17605
25272
16807
25203
23324
6836
24350
7463
31927
16783
13199
26647
1102
25192
6451
25736
26937
25785
31620
12611
7183
25826
12506
7624
31571
19175
750
11029
27746
25162
31251
32200
8617
27931
32056
4975
17839
10274
9585
17839
5583
21578
18710
1478
26511
28348
2787
19702
3862
6509
22430
29253
27794
15225
15413
5987
3384
20704
8638
26912
29139
29619
14621
1755
14405
28922
32086
20929
21038
24696
11209
16340
16938
24620
13507
11930
21481
11853
17849
22697
6144
26865
25432
13912
27793
26570
8657
17194
18165
19516
27844
28582
30808
13179
6655
9587
24172
4570
24696
24226
26392
15567
28267
15825
17312
26212
4164
24843
1395
14607
25205
12090
21636
15786
18063
31637
19027
12449
1393
30563
30373
4123
30689
1612
27167
26184
24909
9550
24082
8885
7355
18529
21545
6878
15947
14343
29353
7882
9768
26439
4141
28044
20048
7153
23095
31977
619
27463
28829
14615
8621
32114
1728
31048
7909
32435
27546
21988
26796
15729
22250
24701
30218
17436
8477
14000
25164
8822
16615
3116
17478
24472
173
32452
27746
22121
24869
20929
32594
6836
5515
3741
10607
3841
21622
28182
3333
18082
26232
27357
31032
26963
5636
17339
12002
12043
14437
30215
16252
20386
16071
9737
15956
9018
19532
24733
17608
19205
30800
1350
28201
11234
15068
25778
15150
3788
3773
10360
28777
21913
123
27062
15963
6507
14680
27292
17524
17370
6033
27613
14839
16271
7551
942
23439
15459
31828
29345
1089
9598
27333
6105
15991
22355
29496
27931
19611
20498
1576
18893
1089
27163
29168
19442
18324
12228
17732
15463
29680
13278
8433
19286
2617
23423
18911
28523
10196
18403
28044
16982
1096
27819
9189
15882
13744
15373
1708
15635
17554
2397
19286
11420
29493
4542
5652
84
30813
26174
19127
4975
13518
30102
1293
28667
18970
11348
18591
18212
23632
12343
2834
14199
26178
29598
5255
3381
10591
28640
25103
20275
23854
10866
23449
14003
3339
19333
26797
1886
23886
3727
30294
19316
26832
1600
6944
24165
352
16978
12370
29682
22531
11569
6183
29545
22344
9542
17412
26626
17856
21495
8822
29288
31838
13053
14809
29366
17070
11397
15639
10615
19490
11238
15149
10194
27993
5324
84
14714
31399
18791
16783
9356
27598
7153
24612
1566
19551
25164
14091
32608
12351
13030
31105
6058
9659
5923
20066
14688
1910
24334
545
9378
17645
16797
13914
1108
5242
26088
19880
3243
28938
28594
28984
25414
7322
2719
26594
31807
22820
15995
16521
7964
18434
28097
746
1493
19178
29409
5520
1232
8056
19016
22377
7921
26857
1600
14194
4739
20336
16252
22121
23233
22919
12864
17102
27243
18287
14544
6878
10683
22649
8199
1401
21493
11122
16401
24610
14437
28330
10501
16816
25522
8927
17396
21143
28491
30150
28815
20531
22604
2834
25423
1167
32195
23799
27054
13060
15471
22721
25712
10227
20032
15876
30835
24729
9248
6838
26203
23740
21588
30054
16983
22766
12602
17487
12505
29268
6814
11555
26406
6405
24226
9526
15147
12028
23351
20792
17860
17141
20905
19252
31044
10033
18058
16169
2617
32755
1102
6536
7910
32014
6405
9213
22037
4759
7137
30487
4653
21114
11633
30003
32030
23186
11193
9964
24756
18416
11402
22325
7961
21174
29080
16184
16274
31
17504
2856
20420
18287
28110
935
29163
13172
7884
30182
12861
23207
9370
7806
10098
14014
23370
19342
4442
7027
10519
28038
20259
7725
1827
7266
27851
22755
14839
25443
18415
9345
16473
15061
30152
6814
14150
1880
12321
27238
27804
30067
22721
32570
26921
11899
25192
3480
2806
21342
28201
2748
453
27812
29545
26030
13532
31487
20895
24287
13216
19145
9765
16784
14433
9942
12165
26489
18094
22828
10289
5440
16527
14405
10155
21988
5368
9894
1344
30045
29921
29536
19490
22707
8080
17446
22750
20621
3613
17856
25111
10364
19016
29050
20627
2050
21840
11744
8011
8221
10077
12991
27509
16773
2286
2205
27578
26035
1520
7362
14145
9737
31816
31533
7624
9433
26946
17677
8433
11931
25063
22047
6762
24183
18434
18809
19627
28097
25524
18632
30069
21385
10194
29409
4959
384
13676
17384
13796
26495
32014
19785
7133
27372
25690
26406
27578
8116
32172
15786
32107
32358
1895
29752
32403
17180
29268
17399
9155
20711
18475
8638
21329
13925
19153
7551
25773
3324
543
7670
4969
19832
4288
12701
26318
15321
26445
18145
18434
12333
12126
12225
6128
20760
23001
27107
18138
4484
27409
12449
13712
10092
11835
15911
22954
20766
30910
13193
22288
13544
21832
11915
23173
466
31949
23682
24701
17724
9875
899
23370
14221
11485
31193
21385
20209
19645
16880
21890
27052
24591
12667
21592
8555
18043
23759
9254
6196
31483
4346
19570
14002
22496
15511
22373
17675
5022
23886
3426
15967
825
31386
32691
5599
14829
27333
9905
9189
5369
8335
6199
7667
9659
17645
11835
3475
16481
12867
10092
22613
4588
26904
10268
7150
3339
20258
20738
26233
12667
24734
15829
11143
11727
31819
17931
27165
11938
3294
4651
12414
21471
30386
7967
18347
29245
26781
31620
31138
5002
1728
7817
12012
5583
29458
4349
8914
26371
19525
26737
11508
19253
12705
5611
66
26640
14437
25648
16548
16745
13661
6849
19490
28182
59
21535
16481
3522
6285
8841
28488
4304
29294
17300
7149
28038
1566
13850
31367
23173
3748
6927
2373
32172
12146
3690
1240
29208
23671
22178
30685
26544
29927
5613
6660
22960
3558
27725
11771
5599
5427
17403
18231
8029
16654
13785
20782
21903
24350
7000
9972
29169
31327
16022
3368
1241
26951
24696
11612
26503
14852
11915
2368
6040
5345
20183
1574
6151
8848
21327
4978
275
21531
10380
16481
8694
31600
31737
23644
32679
20338
297
29
29389
28307
32232
10602
29409
1880
10235
19859
23823
25304
28777
2286
25238
27268
24843
20206
18123
14115
1350
28523
25811
16169
6617
14753
11806
18231
28546
25522
5350
21646
8638
2286
8510
10580
7150
25736
27235
12330
23709
10748
32
28096
22387
18913
524
8967
28497
25357
13341
12710
6933
13611
17414
14944
21037
8070
22304
9974
19729
4626
19829
12864
13612
27613
29139
32458
24893
14405
13618
8740
1823
7450
32195
26155
16912
19979
28874
28350
3903
20108
1903
13051
23644
14562
7102
5737
13826
11935
14867
5255
19153
23709
13914
730
6836
4931
31048
4477
18797
4348
6660
193
31806
12587
32710
29159
23598
13767
15852
11804
17383
4515
32253
22099
17908
32006
7994
2869
25115
9820
22296
26233
23362
15130
27392
14573
20049
32281
5057
23643
20489
32359
17446
7953
23558
4217
20198
11347
24985
24624
30003
9136
32154
16489
4304
26797
23700
31066
12663
5746
280
31828
17860
54
6306
4374
1903
19049
20613
1722
8338
29393
1098
4249
7187
530
26489
18558
10753
32276
13179
11601
4739
13925
31181
8736
8625
24885
6411
19557
13799
14159
14508
15149
8435
11499
4243
22796
3622
31927
16230
26599
22910
3622
18773
25437
17141
8502
5324
2274
31278
12427
1232
10659
22492
24285
4141
12216
27782
15911
27486
32144
21650
25546
18191
16108
6507
17904
27052
10997
16622
25826
17504
27378
4319
3983
1827
24285
20627
11110
32082
29731
11073
23171
4636
6720
31105
9669
2454
26343
6560
23361
24780
11842
16024
30871
27259
3785
308
25205
5710
425
18875
19774
31913
22825
11938
26626
25824
32570
5380
32445
14350
29208
24165
15373
16797
17521
5143
4893
21108
2005
8338
6807
19163
24433
21495
10194
3816
5392
27409
11513
21742
19351
19830
15321
31367
12228
19630
18189
31138
530
10812
14842
19785
31138
15361
10512
20629
13267
7640
31326
1817
3896
4994
26335
14713
11973
15104
20609
6499
30126
15331
32047
31416
14150
4979
161
20032
18653
16214
4608
23114
23112
24082
16108
13051
16649
13670
23789
31182
19228
22615
12768
18787
16241
6838
6025
24153
15911
28906
14615
20003
1565
29059
15786
30676
11851
18145
8209
26724
7276
3645
20328
390
27613
18972
11986
3707
28511
15398
7276
18080
4112
26691
16944
212
27917
22201
26203
1273
6456
19779
7315
12801
15702
6655
6849
28187
26466
26035
20355
31125
26032
27646
2271
11064
16217
32072
6911
22599
9550
1794
15946
22640
4249
5380
2617
30882
18039
19570
27844
5445
28295
5161
26290
26460
112
19163
12867
32253
6751
4597
6057
17383
29749
31039
3440
20425
27036
31285
31877
25063
4164
8489
23075
16773
30407
26376
27938
27019
29682
13661
5748
22671
11258
69
1823
11557
3857
19200
12915
3054
30309
1612
17830
17721
29110
20929
3165
13850
1844
8470
18281
16334
18383
19153
2538
27389
11533
656
14529
750
4880
12853
1899
1505
11557
165
13415
1835
10035
10170
11548
1309
20336
8670
3391
15348
30309
14581
28201
29690
9694
15147
13544
4288
14089
12867
3748
29265
25833
30187
32594
9227
2719
11270
3613
16011
21123
5440
7154
16966
25826
29973
8299
6001
31637
20506
18930
29366
12322
29050
15576
6473
31298
17168
15152
30302
10606
13168
27758
2012
28044
13158
20386
31846
17384
6431
20426
24485
25827
23211
677
729
28680
1130
5031
32086
27120
29920
13807
21535
26912
18911
17384
29552
28815
8636
3681
29152
25524
14573
18313
9187
17561
17194
21894
18791
3483
13684
5914
1520
25260
5583
13697
11177
3381
13634
16086
20905
28222
18123
14805
6419
13914
26335
28764
7777
31617
10753
30192
15658
23906
14181
7667
12028
9260
18714
1512
10759
18206
11316
30386
27984
28633
32132
22415
26921
2721
4123
8299
173
13544
17412
14123
29682
26857
31368
6529
25203
12429
1348
27392
30344
4197
23915
15786
15946
8013
12543
1817
10448
8822
20359
5307
24344
3192
16975
22828
12386
28659
22178
9580
31824
22169
29462
19570
536
15985
11959
11648
17746
12351
30689
29334
14842
2459
10509
935
15858
8314
3129
26797
17501
29908
27548
20704
12146
3288
7869
24843
31651
4083
32250
16642
14689
10742
15248
21485
14814
19268
29152
13856
2362
20639
28065
21878
304
20329
4959
30152
9080
21982
10217
27548
23709
13489
18383
11973
30102
21690
678
869
23118
16808
8051
37
16654
8696
5890
12528
28659
29909
6272
19092
2870
15831
9202
16808
28066
4636
23654
15631
23365
32102
29525
5165
7817
29915
18475
13791
31977
15856
27000
24576
29745
16475
16169
1817
27006
25169
13030
3645
2662
19933
5740
25342
31753
9930
13345
29278
8510
7119
4371
28820
11875
32623
3613
7322
17034
1395
15351
26095
6690
25238
5605
20524
11494
25648
18881
6507
3162
22750
1061
22445
28434
4932
17732
1746
19736
12154
24649
21238
21994
8740
22387
7609
13801
11935
7062
13103
5465
13002
1545
23361
9459
27844
1160
20326
8411
4766
530
12028
15465
30622
32755
13250
9041
13416
12997
22530
2700
2325
8866
17636
17412
14569
16340
12466
7126
29867
18537
31641
15540
11574
1576
2188
20908
19191
18324
26233
9017
10080
30045
4091
31168
25891
29812
11714
19153
3040
28131
22893
14688
27571
1655
30508
22099
13612
1640
5748
18201
15321
10092
25063
30344
63
19333
19401
29629
22954
9681
22893
26205
29489
24967
3877
32172
25162
23157
4609
27851
314
37
12090
29409
16239
22615
23351
9537
18092
17875
29629
4849
8228
17710
123
26605
11835
22121
13322
29567
20048
16555
29367
19268
20969
32205
24734
8558
12657
29563
6655
11366
10380
26445
27056
25824
24885
16783
26878
11738
11086
17126
31861
1668
28629
27016
30627
6891
19754
2763
13343
32
28883
11264
11330
28339
4883
31278
26300
29748
23458
15947
29409
12705
28906
1061
7175
15642
11833
25951
25443
12343
29159
6563
19852
3229
24887
31168
1373
11227
25671
29352
23061
24951
9260
23118
32370
4620
20408
14345
26691
7871
6755
14341
15201
30459
21920
9044
15460
27642
16049
16325
13039
12300
26833
28422
12414
11068
16116
23915
15991
19525
4619
15061
12565
63
3786
9400
9894
21595
29101
10897
26965
28617
27277
21809
20796
5754
24004
7614
18463
12255
26155
4651
26371
19979
13255
6025
20549
16337
336
15436
19760
20796
30149
4060
22483
30334
23365
13052
28131
2824
8263
13807
4609
19408
165
193
24242
22344
26450
4346
5074
22157
19342
14003
6563
18556
23671
19729
6527
7210
25509
32445
18473
28489
749
1089
21042
4088
31807
22810
5208
27740
29271
22355
17224
10289
25703
9127
15104
4856
16475
12132
18632
24512
14414
22491
9857
15104
463
4636
14991
30188
3746
19345
9437
19530
17375
14323
22684
27145
29857
29748
25671
18281
1903
32234
22236
12137
30836
20796
1703
2213
13429
5637
13104
14478
16022
32281
30877
32281
10607
11133
17574
8787
8119
16254
19997
17908
1853
11750
30607
20003
12704
5445
32070
10654
12904
21411
11795
2787
3686
6282
16994
20356
18733
13684
21878
8231
12663
3056
19316
10515
18537
14334
32195
30456
32191
5704
8744
7451
16115
14615
2711
19557
449
26640
17323
24576
7206
26912
11976
4895
32429
10694
3968
18560
28316
29288
32283
3077
9787
26563
536
4250
8219
28493
22358
14544
11270
20685
7236
24893
24934
7900
31783
28267
11875
19094
27286
26371
21723
7183
14617
21037
9719
2414
1755
21952
13725
14809
58
4849
27818
28975
16726
30694
21657
8316
31259
19678
26989
12505
24204
12510
10170
9187
3775
15698
3895
18138
18364
4477
27056
18225
10112
13799
26300
30359
7101
11053
7869
18225
1141
27016
16527
23061
19904
571
428
32033
28708
16307
26082
5177
2856
19092
13282
20973
1880
10963
25676
172
31367
2954
23694
7720
16271
20108
7161
58
6040
22377
27372
22677
24173
8638
8638
4361
28434
16829
294
8437
11264
26343
8500
29353
4477
28680
2870
11099
7210
12760
28091
2350
22918
16481
32275
23260
19132
28956
13255
22450
7941
27598
14705
18475
22592
19496
7639
807
4296
29602
7921
19557
2079
10176
5212
9936
9518
17228
29920
11870
7994
4751
24346
17596
15436
30302
24850
31321
14850
21362
32234
14014
4613
4324
28942
24370
9080
18261
3328
619
31472
6669
10112
32440
19389
24220
11177
25509
24317
2469
20328
31
1718
15269
16548
23092
5987
23260
14047
24576
31368
7873
18123
27804
11063
7999
19316
14089
13344
2919
14047
5440
3707
1817
6533
13245
3788
11373
28642
10265
13314
10202
32275
12395
16548
27885
27238
18299
5812
28221
20717
31414
28242
23609
28941
27787
29661
17746
11633
8927
24550
4349
6995
17472
9717
29552
1462
7349
4935
12705
1520
1779
27019
21110
4413
3407
27964
2454
15590
32454
22283
22864
5013
4732
6869
7639
25028
3857
28617
29832
8470
20956
21657
25626
25732
5887
21636
20140
12368
2469
30551
4378
1747
25390
24453
25377
16169
17973
20259
12611
21622
27984
31822
2948
7774
5975
7037
1404
304
31507
23351
11499
26013
28039
22161
23957
17608
26541
14903
5469
4201
25117
9609
10360
12349
604
26800
3622
4193
28620
21011
1361
15186
18972
2189
29567
32459
24734
10033
10591
22451
21920
21222
14991
27120
1368
7362
4091
3741
21559
25531
26551
29511
25963
4492
27069
30150
11787
31360
303
27165
8348
27378
13193
27122
13322
22345
11462
27779
28176
1992
20382
30003
20274
20418
21850
1895
14617
29441
32567
19829
25363
28444
15769
12132
10077
24599
26599
26013
1329
30362
10198
2311
11000
11073
11738
30294
31781
11526
19531
4613
25260
2643
30054
13329
21646
6128
14323
12978
10448
26667
28011
17948
303
23616
27255
28521
10520
13265
22613
16993
6447
21913
22789
10505
28422
23341
28665
28498
20319
19098
13030
10257
20576
30218
9000
15049
28071
739
285
13216
9203
28307
19094
32459
23260
30051
15882
27372
12588
27917
1520
18216
9534
22793
16100
9125
31713
10462
17863
24361
2534
22288
2787
17224
16823
30898
3229
9303
12542
5933
8384
29360
11499
15049
5987
2869
14106
18971
2493
25342
1612
8176
5395
30444
4177
23220
15658
30108
22377
23712
1203
2901
30220
10448
24973
15941
20594
9060
29450
25151
3947
7307
9125
18281
7963
28271
3746
14411
21832
12717
25919
9529
18337
8666
23157
32056
15471
17343
3715
16642
17440
3212
12149
7194
23112
13718
3193
21261
11814
32679
2213
17683
27795
471
20295
19409
23730
13463
20274
22640
24792
30606
28782
24165
32276
21495
21832
20927
14655
22464
29909
15347
6878
2155
3713
18191
32155
5350
3981
13314
1844
21026
30930
22358
16759
7777
21411
32626
785
9136
29962
16252
21773
1823
2789
11612
13282
17159
27243
10073
16160
14902
19408
30607
21261
28201
9717
26178
29173
20967
22930
22344
4849
19557
20522
29035
22599
4348
3233
18483
4588
13331
16086
1600
1419
14719
25192
11633
11517
16701
19878
4346
2488
19903
17504
5212
9737
29294
21338
19774
23423
5748
22345
11279
14944
30890
28215
2373
19303
13816
27793
29152
19879
29670
15781
14491
6595
17312
25951
12381
17370
30034
4198
8927
5436
20522
9598
25362
10615
5125
14621
14077
5356
28473
2249
1373
9147
19830
516
14199
12528
11041
20681
14588
16639
4812
6419
29619
2011
3857
27509
9758
31864
23646
28901
16372
21123
17830
28659
28734
10217
27794
22833
24226
6104
14744
428
27840
30487
29525
27335
19692
11202
21411
14842
22833
275
14902
20209
22431
11122
26489
15882
3786
18695
18556
15829
25401
15565
7322
16944
1823
20300
20908
15398
18971
24060
22697
18710
9033
13161
29545
17472
17654
31055
10200
7963
20275
19376
3339
21636
21167
1779
18434
1102
27749
11535
12565
2749
26290
25912
12933
21636
20305
27229
2196
30598
12858
1791
1833
27372
6282
28774
5022
20237
1920
19490
27389
20003
19408
4786
21869
9254
4975
28942
26914
15515
1612
7150
22204
8670
8555
3036
27578
4324
10334
24970
17014
19995
6751
22228
26989
28422
30126
22161
304
19333
6339
3983
21943
27057
7844
27056
30627
12146
807
15911
22103
19265
8054
30666
25558
21832
17037
6706
22058
20973
17496
5654
27885
12656
32484
12432
1290
16115
29990
19754
8493
30598
17875
17404
14473
19828
7450
31571
13278
17488
1130
4217
308
30607
28489
2286
8056
29098
21840
5292
21708
7639
28333
31366
2190
7619
16100
889
15947
1285
12154
14505
11508
1118
16562
16024
12043
28006
15956
5242
8913
20639
6339
536
658
5605
30835
28803
7720
17472
31737
21736
3905
7963
12476
19835
19645
11292
18881
26692
5247
4013
25433
22636
17945
25007
17140
11316
21042
8967
29014
7212
11193
26335
9035
30034
21493
26233
31785
11833
14421
32410
32548
1747
12565
23614
29173
22786
29585
25736
14886
32283
27286
2598
30003
15786
21366
28091
28737
20895
26108
10115
29265
14181
29
12456
22513
29163
21167
24696
15248
1805
16634
23700
21942
3253
7000
9097
4539
19049
23664
29168
16254
13785
9765
26971
15471
28640
336
680
30454
24985
16964
18187
27812
3885
15639
4153
12330
22530
26360
23393
27178
17735
4442
1096
29339
3775
21489
13416
924
22548
27309
2834
25509
29458
31323
24631
18558
17904
28339
24253
24406
9231
29177
12255
7440
2274
8638
29857
15565
19286
9534
28218
25454
13767
11804
17849
20718
12905
3618
26620
12904
12974
18928
16672
6401
31456
21833
28166
32594
10672
31246
29959
20782
11872
1980
12090
17596
18800
7893
2137
14508
27335
15147
16364
7352
27267
729
14829
30359
10247
25115
16701
2709
5000
19027
17037
27267
11872
6617
24736
23854
19584
31977
19774
1611
14829
15588
27509
5621
12710
11899
14177
31868
17664
15429
28629
14024
25943
2919
31168
5022
20287
24220
29763
8976
21174
10145
18036
23212
9918
6350
18600
24015
23861
31181
13830
24566
14003
18970
18107
3488
20154
28883
13832
20032
14842
29177
20689
29670
8348
22236
30837
24769
14581
16011
3440
30192
28091
9894
12259
32459
17198
6572
10503
21162
30726
15321
1751
15321
2488
14113
31333
26110
7588
16975
22491
7478
31487
6183
32567
22250
26683
1395
7551
12864
8259
7940
9290
12470
23292
10606
19627
10602
4215
26928
16254
31902
22960
11963
21338
24265
15446
21362
29014
9737
7535
6720
13060
27936
14505
18189
11810
10806
27000
20639
21162
20264
15914
29159
22960
31929
6282
25919
18062
22919
12951
5071
18099
58
3480
5605
6025
17668
4088
22749
32191
13374
15086
30126
18792
2870
5440
15130
2313
20418
18554
1695
11287
22867
22828
19561
17049
19409
13060
4058
30685
30034
11462
26156
21471
20536
27546
30879
13158
27551
20140
7614
32691
20969
18809
18201
15511
26335
29294
18731
6868
22228
16337
6840
11395
2729
1566
14018
5316
29559
16011
31483
22309
13832
12645
7187
1285
27793
14902
16160
6058
17867
24076
24649
14230
22893
4141
27038
13611
27917
28215
20760
25548
21941
20576
31901
26662
5563
16117
7228
24999
3288
13634
294
6572
11150
16966
32463
3622
24433
8316
24733
18809
24075
28616
31163
10077
13444
6260
1864
15786
29152
32253
729
14689
24896
739
9737
23625
21688
14150
730
15738
7774
14226
24985
14508
7190
27633
19439
19205
3780
29713
16425
14992
27356
24749
13364
14468
10890
14414
22749
20639
2876
2510
22302
13856
18148
4370
11373
2534
21029
8378
4328
13489
5611
17190
4979
10298
27267
1459
19313
26483
9758
20664
345
15852
21955
4080
9759
11177
25634
24171
12926
11373
8913
15829
13489
12668
7535
5763
15823
15436
16948
28511
22910
8638
10959
10460
1119
10835
9029
8976
3212
22304
25679
4204
21636
10765
23861
28338
29409
9935
10806
730
8187
15938
5125
7725
4837
30606
3288
13953
16505
19098
3512
27571
12594
6351
12470
18130
8523
16456
26640
19228
821
4320
24631
28044
16783
2662
5026
16049
10672
18261
18673
4243
1061
13647
4252
28629
15588
18029
30159
24890
25738
17683
7766
21926
11063
28683
5637
524
9437
22358
13463
18913
10407
30344
13782
18231
8982
23177
5562
13725
31783
13654
29545
1181
6106
28246
19555
19752
27378
1293
27588
30508
1963
9517
20275
9759
31913
21093
12414
27000
6410
26832
8056
23609
20287
30150
1061
20183
31414
22707
21036
13002
3861
13826
82
19094
5621
7210
21097
19702
2184
26651
10072
2011
31165
28489
12386
17037
30188
29057
7961
16896
10759
27817
32754
4502
3881
25031
32107
10029
2213
9248
22697
405
3186
10863
27036
29168
13253
21341
10063
22500
9136
32431
21982
10263
1002
29646
8972
3871
516
9127
20929
22778
20386
1285
12571
28616
31013
16634
21559
24272
22749
7276
7766
23232
12300
11999
22867
26878
19759
10835
4177
10683
17157
17645
2368
10515
23827
694
29816
16231
19692
15590
28782
12403
30928
12783
