836883732
1933841935
515705329
114831394
-1328374350
-1080180745
-1073903675
-824136747
-506979361
-1268419828
1190361632
-956288631
-339535672
989481536
C?
-1195168762
-302320681
1773301824
844329608
-647806765
971053722
-102591777
1342189695
-1572339334
1674767161
1166970052
C?
1952011434
241933863
1814179892
-1335806546
1847531380
1242435972
1519359881
857684991
-1411589879
827042764
870005531
-1014042984
-1001972157
1217109827
-989810809
869546286
-388097400
-1078046855
-487185182
232853634
-1479416309
252729644
544457921
-429521372
-1267567618
-1063786431
-565219077
1522344976
-1655702449
992056897
378515305
C?
-1541199479
-141342392
-1023309296
-1990519015
C?
300703988
787167971
-613149263
-1385613132
859984998
-653381574
954685638
64586328
453818501
-589172626
-1199212168
1363185034
1450398289
1876437646
-1180877002
1458766742
702995642
912398327
1445465917
311249282
1662555072
-553575826
1880695050
-1035273284
1127063307
1720642971
-71705797
301623783
-124276395
-1109290722
1378882391
883449296
1684499941
141404073
-1723887570
662417057
-422204663
1442488534
-562226933
-1321882000
-555834342
-944227485
163563148
-1737954478
1922497285
1849246066
1680540877
930856342
C?
21800253
-826500008
-185168282
-617217587
-823678031
21153503
1378991095
-687112775
-1627725906
1181108300
851426468
-1443047210
75340160
-565086645
-1114540738
1957196107
C?
244344664
1256207226
510437731
1479535078
C?
470296347
695790030
300435733
C?
-1904500734
-1988438287
1480273064
4309632
1591494813
1427425602
1548463864
-183288036
209619398
719008899
247609236
553290962
-287367823
-909539357
-1819752219
1392149075
346966310
-1848439288
-99532129
C?
1693070132
1747385866
1882730947
263697960
-763700078
C?
1007131716
1522655568
433930115
-1729383976
1752604420
1073180029
-603127518
-1141383149
1449175353
-1212906982
-1856718960
-86484023
86640810
-618759329
1502206926
1355691879
957733028
-216677429
-954356988
-1722356241
-44905729
387135544
203263465
-1801629429
1163973843
1451953838
-134939835
360152926
1561051429
1051326508
433302775
-536780641
-286819436
1970098184
1746514756
-702085173
-311104440
51051172
-1381072188
-962061813
-772603139
1163165084
514188326
-1361260862
1724110721
-629031844
753877961
293659793
727624647
976612447
1785036409
-1847500925
341818245
-1567773158
1834270018
633650265
935956979
844268397
1089363760
-1001333900
106165006
C?
1129176225
-544321626
988594398
560936783
-1012075742
616758698
-1061177762
53928758
-154604503
1571669546
-210151683
C?
-1613503201
649473039
-123418160
-95000912
-355911132
C?
-146804970
1368786968
1854151531
71722090
395712927
-1440630280
-841533927
-574637311
-727316223
-1700296920
-169099589
689465814
-1740212770
450591886
-1108170461
-1452522819
1138384637
-1910587266
583034282
525083236
-866428997
1756322788
-24303434
91282907
-217487889
-827691122
112816062
596312356
-379688798
-1595757464
1743738786
686857370
661944218
1537503517
-256731431
275830886
-538718187
-1658139254
-1010742894
-789602379
1297165198
-1791538113
-1032440029
1086681827
470621446
-1029433648
1456530038
-1153293303
-747707375
1278367628
-478242503
18089169
1354742056
1110272532
899471775
1057959403
298299044
198818617
1494041939
1377393950
901656946
846645168
-1662555601
1054126646
1695152836
-1807124852
-915325334
-304967052
987820020
609709105
-643956302
588268320
-502405151
-1822455220
1173255462
1249813400
-1359238997
1685893121
1769008628
-547328707
1008394204
192661321
414130561
809017221
-1237640730
-174629846
-874985704
-429591953
-360292591
-37262238
-506209285
-1507620183
1756774862
-308471038
-39783797
-617083441
-1833453188
1755352074
1435839966
376083826
1832355583
1216114675
-1740867511
13429338
-424257822
1743406652
289071458
-131172366
-147704509
-1797180860
-1835438830
-473802529
1030440417
-290220922
1169515912
1242958280
-544460954
-731296976
383577988
C?
57108643
-705704452
-313504720
-894480237
1039418323
1131401952
1642569536
780011281
-1897313923
1341414528
-852868371
175362273
25673016
-103928873
826427310
264222772
-775265272
-1509847408
1877738114
606790943
1591937556
-1322311137
-1172601252
1092831527
522888065
-376635859
786148354
-855288304
-820591263
1907687878
-178810424
-437234681
-1368311980
-1748865096
-1946794696
-536037291
869441564
1414022978
1051350150
257858800
541040201
1778130761
1265171811
55427411
-1429843525
1644148315
1034915166
1998812015
876413281
-823273575
-1427686612
-1510110082
-1139926932
-1026661395
762408134
-50875912
-1074659157
-1107074354
85462064
-928610284
-1382699900
-1834169087
C?
-1478838923
1258168981
-1754585578
1875878146
1886365541
-1159808308
-1015946943
-79925557
-664604875
1020680975
1593798540
910530200
1063057994
387299386
1713804946
1442353008
-477176235
-1359056366
461256407
1347440180
C?
325299111
687350309
583864954
-1897291964
C?
1793725012
-721411334
225985073
-1599235702
-426862221
C?
1748868654
1791330292
316012007
-1286661289
-954334128
890281286
1531405800
-1496512029
1697945025
1809283877
1604836642
-1300787573
733672457
-1854104493
-1482654984
-416063313
-1273103481
1198680528
-1743535353
-536071483
207692565
-373556681
1324928231
847138851
853322036
1760387733
1476447260
-161749798
-559543692
-1299224529
395562962
-169939610
-706210926
-1847890780
438675646
1339472033
-1832709318
-1831203154
-1840292031
1893071507
74395221
1415773120
C?
916619140
C?
742864728
812133379
561606162
-470300452
-328632911
-531957962
-1825517349
-965139532
1428405802
C?
431480482
1065841186
1750036916
1563761118
1743252375
-55595511
-1720894186
1241638068
743751685
1757867355
-567576729
1890217122
-1092375298
-1214672757
488937762
-868342181
1257672979
308285335
-851398477
1829750598
-1173358192
-1799966667
-983572490
1533103533
292242021
240266666
-261400766
-1052977444
C?
-816865728
-280334248
404040602
-1340516570
-1743188546
-593454190
1622554522
439437345
-270650270
1010201073
1347964770
-600412724
-981826825
-1138125559
-635059974
827682850
316444239
1755912001
1341066002
-1555806122
-865031238
229178099
-13959066
-455497596
1884483779
1329732379
-1754579699
-890724285
220931587
322784537
1553069123
-444165293
1750561754
506668167
C?
1743335296
-1076343788
-1994016657
-227645642
1082700500
-800984704
369027950
1870566360
1434469752
607354116
-1790089278
-1981790679
-850153683
1463257643
99855232
581217863
-561652434
426577618
-287788386
-748357249
1311506668
1823862582
-964875520
375781264
-337551727
-415197660
-377055068
-1634893445
-151705252
-696524566
-1555505033
1050027013
106662767
-1323931404
1983508881
-326472512
1205884471
918581358
-1222973519
C?
-1237945800
-487285146
1471395578
-1630569904
1302712717
1772083547
-1353750095
-938989061
-1405633047
C?
718411374
-1285364061
388763742
564804751
519498137
-249737651
-735527792
1785448398
547755403
-74725881
-942403539
1205953833
420131846
-158258680
-1614204859
-1238704300
-1834478420
-6247918
-1515727656
-681811274
416235094
-809861075
-1108359812
-193285721
-816740485
912053889
-1997293585
-158721284
259926529
-220048975
-1767931924
-1680687528
1478015324
1447490561
-70636537
-67293786
1782114512
1135699604
-1891339019
1546959459
1358326190
1839338042
-67638870
-218145361
3094971
112117338
1729142995
1865065229
-1713514683
-479741463
422031552
726974036
-568515966
-1739386717
-1196071539
1772768522
1754474945
689064941
-1581982923
747502764
1612557716
-474461626
1743016839
-1147971669
-550937976
-1544057554
1018880480
-1380518869
430272561
-681630667
826970728
-1304030643
1044516986
-965259729
1215626960
90850382
-358671875
1508113273
-1054718602
1451754609
-1220649703
-1499188841
-1156592874
733661107
-1239480092
1309056125
-1413658265
-487887988
1263500131
1641590916
-216471925
1952890626
737570625
-1517534019
-476242929
1207813300
86015121
615872587
1773778079
1017906535
1200743398
C?
707750731
C?
697455273
-386933674
1906629181
1365858507
-774547066
C?
1863353865
-621788231
273822175
1747328097
774460570
1073752928
-1254212386
-158477304
C?
753119605
C?
405771923
332274939
-562982551
-924493284
231115631
-1297996613
-645183777
-12313279
-755466314
1796023868
1133275294
-238638705
327248954
-1755875901
1419266798
-1236969305
1275535866
762317305
780190929
1970037120
1726826387
753735506
-908687811
1967917053
999972508
-656081001
C?
1799120972
48578940
1076924566
-1240030214
-1441885843
-1033385456
-823325547
-1592783894
-797788671
-1119280420
38185165
-1908933854
-162306584
-1090326434
-247719806
-488658835
58733279
1886753819
1207783904
327946033
1972156256
1646982450
-660417116
-1188375624
C?
215155148
714016695
-477880444
-498866437
539818140
204720541
1816334017
-1571835847
-533640155
-69922280
-655353949
-162013360
387884873
604790254
-1827223635
-838101410
-285013067
508899653
C?
-1636890855
1665659002
C?
690882893
C?
167443875
-1327597913
-583894278
-1895822004
-667279553
1277577058
1772056761
-1779013669
-331505597
402673631
-225028945
-1831481346
-1376572517
1212468957
-993050092
900212019
287120830
1843588877
-519640204
1740101661
-1284877807
C?
-1508966649
109754627
1817492920
-98942394
-185807785
-1706943840
1339334935
-737805235
852195876
494266485
-1703373214
-1064581061
592960726
-920083059
934037059
1823937557
819103873
-523370188
-1709505424
-429932026
-1424594542
1577342043
1716502451
242883200
-1791801665
-1560078863
-1337592639
1239119381
143454031
556475709
-1719978010
-1963864910
475204113
-276536354
-1051067571
C?
-1386783666
1465013507
1368093274
-948005081
1947436136
-775668911
1033250820
1887363886
805122461
400887887
1521315454
1601015362
-1139989880
1984880816
-550966510
-59859369
1991609409
-727162565
-453693691
1165657352
1513355710
-1483823505
-559353016
466537790
-1513542792
952380878
374363347
559052092
-1227336067
-771505800
-543120676
1179810964
-1923986844
-1527311077
654603798
-618899059
-75145431
-198809800
-426580696
-173122705
865736865
486045225
655394956
881404146
-1665918239
-1983725786
1945974465
1640923830
1605753248
1806492772
-1937751079
-814010810
-1140229280
1382863293
697984815
-556730186
-1010357439
C?
985954553
-1654282697
-1415077298
-1586397464
-745677091
1926651515
1290324176
1877079630
