-1
91535
59433
-1
-1
66157
52866
7410
33805
3097
92860
65367
33605
34253
41482
65149
56032
88945
70241
45296
22371
71746
70296
60553
6665
-1
-1
-1
53303
30611
32825
41379
-1
-1
31959
-1
-1
-1
-1
17796
44955
83543
39979
79180
49201
54246
83943
11583
25749
6617
33942
83813
79804
31684
49961
13515
45428
88167
72600
34643
18012
34987
85266
35970
76440
20385
17077
41881
45329
2394
76730
98964
92316
87536
79048
98834
19707
21888
67806
67476
67886
63575
81137
83140
54551
8564
19447
41732
45855
88565
44452
27976
16695
22449
6248
31072
37589
30752
86694
45218
18722
8879
56264
70696
73887
54967
96019
55476
86141
5350
73504
76263
33965
99730
88120
77617
31766
14845
14316
98939
36104
48563
95937
3563
12421
49544
76485
70655
64991
73674
16682
45717
77469
23733
99280
59319
77859
43197
5264
61119
93717
32368
53105
30681
59943
16305
15105
84208
35744
85874
32613
76854
46202
74642
1660
21101
33499
88433
53793
28068
80329
99152
30027
68755
90827
84719
2549
50908
75387
51977
89846
9636
33977
71120
57426
16832
43082
34408
90131
78662
11542
14273
1866
85310
11552
20743
43693
64108
58769
26508
29112
27999
26739
58261
21408
41379
79183
18570
93543
9708
9344
11638
44388
99866
12552
74491
37964
5437
75267
15998
33038
8535
10693
94661
236
21860
5164
30495
41783
13799
81456
20924
65955
23430
16090
5792
13005
87837
1839
9614
58711
73545
88643
20377
34935
31966
28684
29584
19339
92992
73387
30464
8057
31136
17025
12872
35240
54938
45441
38729
25051
67879
18224
96720
13670
73004
82202
98261
61423
61713
82923
49328
18826
60668
87203
17692
94728
91994
75015
81487
21148
49566
1643
25848
67969
32127
8434
98735
98139
48132
87179
42157
27057
61906
95511
79822
60200
52308
75952
56348
26119
23520
59281
52839
38688
47513
90018
26514
51237
50555
69493
73058
89632
56078
28696
64925
15324
42894
14060
83695
27188
62842
9295
25972
34217
71302
12759
50272
15169
24830
968
25602
12982
48355
9560
47749
60931
6487
28448
30275
41328
67749
8009
4
68643
22143
56403
36202
88099
41633
82086
63074
77390
37805
11123
81781
46965
28010
19561
64205
83141
98686
11106
89056
29032
85710
7957
89048
53626
32571
89841
96974
23835
44026
18876
67536
25807
4775
51298
27142
58666
8362
27766
23726
49643
88603
71218
43838
39705
51552
95934
11344
80995
71002
68502
42385
47039
48258
89874
75401
98242
77342
96813
35308
66358
43322
12574
3360
80377
30007
59790
-1
-1
-1
80337
-1
62936
55390
88228
99866
68649
92499
61176
64800
84438
39773
15319
6435
93815
59202
55294
11672
94729
909
71944
31870
70300
87148
96866
26518
18904
26998
31370
65483
57097
34073
48991
75641
19010
13300
86229
544
21372
5463
41729
61617
68635
93691
46843
35793
97789
7834
69768
48371
88339
15453
64931
89295
65671
42201
51878
63017
59422
45948
32324
57205
50613
59548
65992
9819
77509
51640
37707
58488
43905
47960
90870
55427
94172
81356
94176
2321
87055
37430
69922
23395
26379
37608
85974
2519
52790
85101
44132
7800
25807
286
22141
91324
47328
18429
2648
38493
40541
4059
95261
9958
72332
10896
22394
7256
76277
29763
73628
42207
11054
41258
78546
14317
66686
64603
77818
53849
29959
46755
69862
39922
26463
65911
43563
58653
87648
9947
2364
24684
20090
3033
38433
83042
18895
59166
93906
55258
98395
91288
99886
66323
77400
1532
59273
49827
15912
65970
18576
83097
60617
32416
17162
32975
67565
32282
73221
50224
34186
93075
41755
30682
11815
75830
5518
26662
24930
96097
7637
64514
78203
54063
71792
70244
58200
745
14679
41862
36715
58738
35328
20497
72078
11930
92241
61139
58302
58771
9757
25654
88115
58881
23725
99219
66834
357
77730
8617
55085
11607
92937
55759
97569
11143
98771
14227
58745
23777
57364
39567
30163
97005
64747
38788
55262
87709
47581
70921
4659
93081
39505
2676
7568
28813
17407
74175
10240
71318
23028
34610
9610
30474
99924
49641
36688
58396
19328
59168
16889
97985
33854
9384
91628
63349
19028
38485
56075
14773
76267
36276
53514
31911
31224
78528
73718
81168
69664
21855
92171
71138
51003
14715
37110
93116
84243
73758
85956
38850
55289
91228
30951
28562
78570
70434
55790
10996
20035
27384
36757
87391
31007
73896
27845
10056
64913
60843
14829
59198
26039
82406
38753
25654
27855
26191
42594
17873
77855
77806
65337
3025
25503
38897
71609
23585
29369
28525
70047
68409
93041
14672
34931
31930
11710
19253
84932
82804
6958
70407
91557
12777
11081
21118
14342
85846
23488
90075
18547
33070
18078
31468
50834
93423
29826
24947
66985
84272
671
86512
56658
64687
64931
67518
35972
55711
43662
77372
76473
15231
78393
40051
24069
44135
32091
69291
15318
52024
25405
27574
47047
63184
12278
20730
28062
96003
9893
1661
51083
25303
18841
57515
71548
76751
31117
9343
53052
91879
59271
43910
80070
25051
6667
32362
65829
87268
88061
-1
40459
7069
93968
92600
30505
52600
85132
9124
13985
47835
80511
34821
19859
50820
48734
14086
7377
37648
9554
10933
8976
51228
35690
80857
38819
11566
92808
49611
78277
54474
67437
27943
38400
21994
83890
30940
1059
52910
88565
91358
-1
98708
31795
66688
21275
4710
22119
17427
62455
49054
27811
43922
45089
25918
70303
27433
23549
96263
47701
65791
21115
31197
44572
13172
51646
84736
45230
59871
40103
11215
31301
53656
90701
83187
16575
26517
86241
97513
6880
76078
55815
78975
57143
30371
46029
73995
23147
24500
60789
90769
29460
58134
88177
37092
42081
19701
474
14867
11176
52058
90897
66711
63744
1383
31550
43746
46343
81699
47157
86963
-1
15618
49882
-1
58686
66455
59115
80077
19868
10091
-1
7469
-1
-1
-1
-1
75739
52031
86030
37648
86888
10042
5390
15554
87315
462
8499
5995
83082
55348
1085
14723
44762
31615
71896
97958
63911
41625
58573
98158
53991
72956
9800
-1
61342
46063
7692
35280
61696
-1
-1
98979
13098
30223
61588
19817
69195
96150
1448
73031
41678
56916
50189
39583
47453
-1
37074
-1
-1
-1
-1
54365
58404
95135
29610
12247
15154
9411
28158
359
19930
72522
60871
7117
4175
50158
33314
91496
61136
89291
14962
92222
15255
39540
25145
82199
1613
66057
96599
88147
55386
82408
18309
30860
82261
98257
39372
32411
1160
214
76755
17772
33722
16870
32338
26852
76966
36581
84091
7033
41473
46843
83646
61818
70678
16213
5999
79282
44037
29518
60969
32732
2750
74104
71367
63918
83368
23025
7014
26488
22152
9472
50446
63261
34135
24430
389
67148
38473
32246
71646
25665
53838
22583
20806
16088
19075
70997
65794
95062
39875
13843
95997
55161
31656
20382
12739
37641
25644
65062
18636
39027
36777
46906
65824
94327
43456
68799
48991
16705
2426
48210
43668
47994
89764
62634
35796
44463
28747
90533
88685
92016
32550
43163
14467
57331
3691
15502
7560
32915
79886
82759
98424
27433
92877
50838
76655
43018
62882
34384
17844
3135
89396
26591
74118
17106
75782
85759
37122
57930
65375
83932
94954
56883
73606
25470
42448
7580
47179
76375
81129
81386
87475
86000
47120
9579
65325
22205
34915
82224
59595
25875
41566
50935
41573
89453
15283
-1
9913
84888
15832
37153
64388
2419
46644
89385
22530
62035
9118
75409
87732
84729
76799
75613
43410
32643
5406
10678
35548
98500
36247
79420
3359
19376
57820
60043
20788
48679
15659
64321
8367
75874
9102
70165
64260
87388
77826
12774
58806
87403
81056
96190
31040
39191
23796
63012
40493
41177
97678
1726
60925
68716
43011
11069
92369
35047
43184
42031
93424
26302
9190
41859
40356
9980
47980
6652
49278
36810
1199
37400
7504
-1
67134
89571
-1
-1
47824
74285
53949
1554
78496
8906
74298
60311
82861
-1
-1
-1
70140
91445
28802
-1
48202
60580
-1
92060
74623
72489
-1
18883
-1
85382
-1
76082
80954
-1
88462
26120
29722
60468
89142
78204
84275
41084
90325
-1
-1
-1
-1
-1
-1
-1
-1
1725
-1
-1
29858
1738
23055
17799
27253
23541
24133
92981
7021
60254
17430
87278
22508
90690
80850
88271
52985
19435
80725
82011
22520
11534
50794
96568
92212
55702
46388
22233
53621
62541
7532
35978
47296
58920
92072
8677
97729
51245
73531
70563
21493
31936
70467
94639
779
64409
5737
29902
41055
44771
225
40885
23928
84534
49718
34449
13
88188
96300
54249
92657
50828
71562
86057
84590
66797
90293
93865
163
44962
24613
35250
57663
18425
96844
97977
98073
828
9430
22738
20545
69417
75893
49374
57978
19182
15859
21020
39188
38091
51286
23695
55479
93847
36987
56286
52991
28117
71010
50845
59420
19319
82888
84444
25194
82194
17715
95033
799
31710
78852
52893
29122
74226
48862
28805
83894
67799
43514
1197
54075
99836
57388
92977
39581
51839
15938
58736
73484
30264
31215
93715
31448
-1
87566
54046
91880
-1
40155
-1
-1
-1
30637
77743
13732
29461
85438
71972
73985
41161
88534
2760
74036
74318
24010
77323
31627
12904
78866
53389
45817
99145
7251
32385
41704
26091
41158
93427
12432
40149
78369
22406
10532
25640
6640
94401
97732
47724
55298
24887
95719
96877
5505
31357
59388
70707
48216
59384
39416
10897
14317
22539
27786
39757
55641
2506
49094
99653
92764
61192
45364
81843
6033
54334
5842
78647
63437
62311
36920
75667
30038
12569
25312
87273
20925
7097
55887
69121
32594
46513
60534
60609
9588
31978
20707
97218
75428
30549
21239
21331
44669
37543
3509
68874
14130
75228
7120
96278
18440
86722
98764
37220
40279
22082
58316
65296
18296
99494
65107
76994
55483
9369
88042
48415
49642
93035
-1
19478
93856
65595
73676
49243
-1
-1
-1
-1
96008
-1
-1
-1
50751
-1
88585
-1
89079
72902
52974
15722
-1
-1
-1
5974
-1
-1
-1
96462
26067
35154
34984
83149
26853
4923
96623
9928
51187
19308
8997
39594
-1
-1
-1
-1
94099
46640
-1
-1
-1
9831
94957
48210
64288
80232
-1
-1
-1
-1
82835
78351
88621
43557
19731
54919
62021
86993
14308
17964
2671
41878
89287
82223
22542
25620
6171
84837
79773
62892
12610
44704
81361
92422
36414
27226
43593
73338
24518
5235
65415
20538
35090
19164
15445
70699
57654
-1
4382
44343
94382
89512
97510
30277
1178
16671
3120
57842
91315
13505
97430
36357
34791
99385
79124
35144
59564
88320
54328
14335
88810
85159
91968
83935
75909
53707
2584
34655
64261
5454
17738
76085
91211
74951
15762
28668
46982
10271
22114
65312
24225
80918
73052
7480
74709
19474
66578
27732
8560
36947
20049
20492
7337
16665
62018
63323
38206
68650
43896
8224
69898
42274
86877
94358
75439
46844
74863
58709
57243
2442
78026
5222
7866
71280
40657
82497
88261
99618
69082
3694
73856
35600
99453
94124
15988
56303
16002
96938
22161
5913
59705
14863
62009
75306
96819
89344
11964
37179
9744
60359
35559
57210
94187
80786
6550
83985
88390
12736
35426
24788
95166
77152
53073
9379
50329
90429
79842
81341
81226
57770
57715
53018
1192
89787
98003
34963
32684
94773
68958
52509
99467
81783
24665
78092
30793
55068
10037
86473
29586
5535
4607
20499
63803
27366
14548
30970
13922
39631
86687
79660
75349
24334
2507
64607
59732
91381
10746
42020
30072
70928
7131
77076
49830
24361
54836
28336
34337
48675
52825
41019
36842
15821
11547
77605
94346
38270
54499
34854
39980
1910
79950
2860
57784
52213
78356
57390
50927
76198
11075
99399
8948
53362
25466
53594
51554
85271
53225
52571
28069
67070
51321
81687
47785
22369
99998
81747
80186
91255
19604
9583
98010
97423
3866
88851
15025
83848
54020
80428
18920
72156
404
74811
748
40464
61891
48373
64868
76859
96691
79802
73653
5373
8112
71872
85304
43663
2714
61606
96828
22422
84435
9056
63326
38230
33084
15307
75403
79575
40576
17872
69923
67378
19756
39824
91712
39102
21984
74782
65017
39554
67550
66781
55239
74039
30292
85599
84875
38727
54165
25800
13151
93031
84741
49652
19021
74106
89317
90134
10692
63568
44621
11062
74592
9368
2807
46180
47054
46532
82803
8941
24506
48641
43810
61319
79604
25900
94080
16405
2360
9827
86621
54159
55981
57820
96773
61100
53460
89199
49719
13052
81550
60439
51099
25631
11783
795
57431
54052
73122
8308
896
61260
62818
46020
77017
32391
40876
85744
16702
99016
29455
3950
96310
66477
54464
56623
40726
30091
48311
36894
75985
54268
6823
53385
96533
54662
95719
72719
58043
5063
45433
86349
9118
92684
83548
17435
46667
92737
4149
98306
47411
16930
88326
53260
95811
87756
46432
46306
17954
45809
75557
45194
8482
14513
35981
68378
67480
66596
25798
29840
78602
20670
6821
16552
70701
4127
34212
57956
23164
69163
25200
83949
31637
90483
67560
40535
89194
6619
56530
22745
86096
63662
3534
87107
97259
24493
53059
22362
62663
88999
61619
77596
65900
39868
88297
47975
5462
72871
99400
83936
96074
22020
42101
23248
22393
14602
86213
55426
1692
71310
79049
11369
24209
90897
26662
78521
1265
66994
23751
32202
69222
73987
8827
24935
29270
49543
50864
56288
25398
26799
95158
67215
95403
26251
89885
73450
64368
84781
15027
25895
69749
43440
11452
75614
161
86747
74722
6124
11223
22834
55184
93391
15541
68912
79440
26595
25524
83986
76611
57660
4658
10898
88623
23707
37651
39387
10525
45782
57578
88788
26678
59235
84335
33255
71170
52821
94496
7100
48032
22163
57869
85915
72412
63404
95766
95776
59733
30202
281
6766
57504
36367
92630
98241
63034
87946
92726
99822
44096
8840
94134
83931
61010
92569
23757
7468
15635
22951
13406
96025
50440
70252
5564
74636
81910
87247
98261
38876
5259
67913
47658
48963
31693
94899
81674
58583
1674
14431
25155
34726
65744
53494
61268
68964
14066
4744
24066
59733
54230
40213
31076
51551
17525
91990
91599
62244
45613
38768
42440
53908
69851
22363
8506
23182
38207
22619
25663
80427
69808
82908
29941
64489
98998
92743
62740
74794
99771
238
52981
51703
91347
50312
80238
84997
3507
21175
17951
36656
24133
64081
31458
79170
26101
44790
1223
21919
98320
73988
12089
64042
46782
5093
28764
85154
32931
4303
87446
87982
7628
58518
33341
5773
57238
47642
94155
26642
13382
89819
22864
4875
90195
56340
81587
96014
78941
41214
23641
18732
19632
82556
24326
73482
99853
92060
27142
62153
83874
15624
43481
41037
75974
39449
49146
93113
72851
92970
-1
36632
-1
64575
98924
24463
42663
85402
-1
-1
-1
67856
29301
92134
-1
87182
-1
-1
18414
-1
39473
-1
99180
30003
32461
20969
75469
31583
72221
1278
57139
94601
-1
83271
-1
33049
84403
72062
90524
70522
88718
22059
19152
80708
10230
27122
18920
-1
60533
23866
21456
-1
-1
-1
-1
33168
83919
76336
30592
72271
55903
12244
90502
65336
29387
57133
64171
42992
35794
80958
59419
75384
35353
52999
62848
36914
20643
52031
48453
33591
55919
86240
13266
2053
65506
59975
11285
14774
21562
98090
6498
-1
-1
-1
68755
59692
-1
-1
21927
91020
67974
71235
21795
50382
44989
97356
66898
34780
63244
34173
93163
21195
29901
67321
11318
45963
10411
-1
37627
70676
-1
86595
72467
2233
39867
40440
-1
-1
-1
85650
84895
-1
-1
67407
20631
73692
18238
20589
78093
922
1025
3894
-1
-1
-1
81511
74969
19691
27850
45069
52407
44046
49027
66021
85756
45152
44898
69087
16906
13563
77852
41570
95433
97343
33215
88634
71259
95846
57122
60469
22160
29096
41153
91447
13766
-1
73311
-1
35173
18730
50661
76998
59949
47981
95653
59936
779
81427
1027
49662
6082
-1
43373
18847
40672
36895
62578
22034
1454
82642
56442
47572
93494
48465
71939
94692
47919
45185
67581
12740
36031
91492
53474
90545
18584
56251
44201
52077
18228
80909
98034
14316
23484
7191
23709
17182
4098
49876
63020
9392
96314
94757
60871
90430
88981
68530
24540
48565
36427
5973
95195
5179
12819
1772
-1
-1
96300
25587
25536
4152
76511
53053
92902
37644
40843
75620
55571
15740
60632
94031
2927
20898
33278
-1
2763
-1
69125
65249
42292
-1
-1
-1
9221
-1
-1
-1
60838
98034
21303
21228
67158
86623
22296
50767
45470
62818
-1
36265
1598
75886
-1
64019
52472
18517
45740
57493
45317
49369
79837
49698
20096
76357
72610
48054
94027
23963
56313
69825
4889
74100
66826
49110
7380
11051
95213
81660
81007
31991
55128
61128
87112
8325
84600
85641
32328
3647
93191
25555
17025
44126
72918
78292
28272
-1
54457
56759
33730
10873
30881
55703
73497
11677
3269
13965
2248
34739
65744
97735
17372
30913
57892
69346
56692
78197
4560
11932
86253
38505
57507
67390
42033
44950
96514
65166
14739
17454
4381
28713
65592
26301
76528
59346
32731
75773
72015
36898
89265
55371
90643
5233
9102
86480
86918
46847
5488
24269
69683
76514
58692
4328
40944
495
52669
96700
61262
58330
65335
34687
16141
94880
98048
60373
85190
72378
17768
9719
65478
58093
79891
28865
31356
45816
57422
75647
5640
38925
6211
90617
41295
1029
46409
29499
72661
57763
18681
34876
10159
47232
51071
30645
44768
49636
9280
99442
2468
59530
75021
41871
10312
87615
86192
78267
55229
22109
97890
5905
42210
52054
92774
20681
63552
39350
63742
8516
6400
51034
27066
56068
36203
61188
83693
73419
50860
1395
31909
83380
35455
13005
63742
52915
70903
37084
35173
3474
94668
94070
43010
62812
20139
48589
99638
82316
30286
87704
28779
90
75336
71196
97985
14276
41599
61830
43666
46468
14388
92267
30126
85964
3555
58956
24492
1971
51415
10589
53895
80059
45161
3736
50702
72252
60022
79230
79197
2604
26667
17703
80843
24827
28452
68497
34955
52799
50916
5890
64527
41601
77681
63733
66244
83435
88341
90722
97642
71834
83334
26103
74861
22995
1076
30995
835
19473
11636
94245
71857
17201
23445
447
41961
38224
20353
91765
36561
92276
49799
99838
29741
94295
90381
81790
42891
5076
86657
52996
86770
13339
56845
78124
61063
62833

