-1
-1
25371
67263
83637
90647
924
37573
60011
46771
67540
69511
99869
41329
66617
97129
-1
60145
-1
-1
-1
33046
13663
84975
63166
3615
60908
72242
98537
43560
26910
51311
59413
20235
19801
96273
74144
95377
32716
91874
43627
27099
7471
97909
56029
22710
77763
47315
31544
73739
4163
-1
61326
8279
34301
49577
37527
83700
40522
31486
82174
107
44623
95705
3751
12321
30378
7532
58497
90284
60770
72717
41890
8937
796
60918
73008
92833
72507
14820
57773
78672
70984
48069
83866
90066
57683
58927
60408
72750
25883
57857
98039
75707
36714
46218
68150
17526
7662
61310
10265
9167
84007
91064
92134
8219
77054
85270
31613
5856
22434
59940
87617
75528
87229
-1
84730
62423
52552
-1
74153
5227
73203
75028
80888
36167
9183
39865
18694
7388
92923
61785
33317
92972
36130
21745
15017
45508
38889
26972
22716
12752
70729
64211
9885
26044
29281
76090
72246
90640
65326
43026
50524
27115
41229
24974
4298
69601
33944
38875
94484
24908
96981
9087
47367
54598
66039
13391
28738
33237
64180
54082
30231
83821
11396
60795
51855
49114
7895
90101
62819
44634
76469
76887
1440
91948
12066
49498
31469
69316
41956
45807
24592
36005
50768
23600
22246
72474
73563
26031
90861
60398
16899
52536
82983
34727
5517
13083
9209
90246
92846
28116
38545
15653
78493
20416
72256
30743
89581
34890
62798
48422
23858
41463
86040
131
79400
40188
60301
71745
8988
43263
6701
9750
7662
3817
76171
19060
9294
17304
13372
70540
10375
20252
47979
53741
87959
64745
32945
43535
78640
35950
65618
52039
29637
78113
70360
43189
35351
85184
48921
59566
94930
-1
71032
10541
9007
77366
41696
65171
36731
-1
-1
75524
-1
92291
27865
31556
76172
34886
5798
-1
-1
77521
-1
81021
65593
-1
95215
44188
20290
-1
-1
2322
82005
73315
-1
75737
92248
48875
50762
93777
21766
50517
-1
74690
53291
-1
-1
-1
21316
-1
25956
31982
-1
-1
-1
51563
-1
19157
-1
8167
74494
12170
84522
40816
61512
40181
228
61576
42719
19922
97376
32720
60895
0
15776
75781
7870
72049
77912
30141
85710
37380
25906
85234
96599
69360
7964
80334
13285
85750
55441
8437
78394
42288
67913
29231
41552
94810
40233
63025
18294
24264
18465
23942
60280
70196
54502
86473
26643
34852
52847
56690
9194
82011
11206
99716
82273
83637
16477
83340
47007
63750
94788
42300
31205
51258
89027
35255
84903
39181
12155
40093
47109
12387
89627
66645
77085
24103
51088
76604
50431
28481
23707
69329
61383
29787
14198
36498
54817
2916
50015
98086
48109
7426
83425
98389
55418
71094
57304
38376
10211
90849
35671
22107
61551
72580
29162
31712
41555
51253
82366
46933
12911
97031
37642
40559
24012
86235
35522
86340
16544
57588
39755
4207
98450
29790
20418
43019
83447
98699
53491
65141
94410
34201
83702
64570
75103
33444
66562
37856
64286
16972
158
31683
96354
99115
47443
49666
1240
9116
15951
98604
19109
56255
14161
55901
85210
78667
84486
46073
3514
638
2464
37875
19382
61688
91836
24781
85648
85690
79355
9195
36640
4627
33786
89789
52861
10952
99223
91002
66145
62759
10368
5256
58196
20115
17789
26398
35844
14189
1468
37022
16012
20097
45692
34965
-1
16823
47482
87828
25591
23259
14767
75483
17181
56729
56837
14793
26273
62540
55303
32045
99016
-1
-1
81453
94941
70040
51323
20692
19486
92801
29722
86686
18626
17155
49640
16973
59556
3222
75085
38734
97526
64102
99573
65750
15971
90156
23516
89980
2728
83648
50236
3208
22587
92918
42796
5461
92655
71185
23610
81775
9366
48976
26989
31301
8790
7103
23818
11402
5752
16284
71216
37174
2455
76081
40994
60055
45695
42178
65007
39688
59953
88195
59503
93145
18002
11459
68585
87321
29874
65911
17766
82190
54570
15067
85705
57803
73470
19803
19906
80349
34236
6336
55283
55267
23982
91421
39903
30534
97487
44623
50778
64762
8497
6949
83395
28194
92281
41867
55814
84173
72867
30932
31930
76003
65058
69441
36328
4497
21187
97219
67920
33545
80472
67726
24713
74294
14748
58778
24606
8642
-1
-1
75357
71138
50786
41930
78223
42947
34000
14447
60663
18983
1494
28445
2626
45609
85874
8043
-1
-1
33486
46314
17157
72608
74533
50825
14176
96571
10969
11702
79486
30514
17
63345
25324
72049
24314
3364
-1
61843
21682
-1
-1
24497
16511
23865
87858
48800
32641
80862
6640
45461
53522
6058
3760
61655
61947
21333
35825
-1
-1
-1
-1
-1
-1
99552
99324
61387
69847
71781
92843
39043
-1
-1
27175
12458
-1
39399
-1
5960
18757
44048
32136
92922
14802
45270
25339
3958
2240
43105
61347
93682
64113
80477
88360
91161
85215
86157
19952
-1
-1
37545
347
72139
96912
27883
21585
85779
91787
60056
2577
75084
55613
40797
20856
73490
58898
67660
87617
30131
62647
14764
14990
23485
61701
75832
22903
38429
66301
79597
92052
58021
89787
53121
64011
559
39215
95035
65712
951
98017
13112
66351
97706
45584
89808
77178
11852
79256
56765
15229
72350
35193
74702
23155
37178
84211
68358
86594
53544
54130
9740
52893
5301
71773
29919
34905
58129
1056
42536
28
81524
11719
90473
42358
59698
22538
98580
67864
55960
2935
33367
1045
-1
-1
-1
-1
-1
-1
79536
51701
46769
52073
6201
67134
62614
17526
34732
93611
29689
-1
54805
16426
-1
-1
-1
-1
60705
-1
31441
15186
86146
11421
91305
61199
98518
17
35074
50894
48182
16299
26479
82255
20336
97763
53885
18550
16911
11924
63064
71383
37465
25640
15806
25713
25301
91904
27511
8789
65464
53944
10745
85957
47692
96516
91269
5703
66836
45498
97823
50477
6783
40972
80458
53655
39118
71767
63716
56305
61112
68714
50391
3552
76730
41750
61679
7453
43710
97816
93911
16219
81492
85865
82799
38004
67036
60259
98074
35527
45135
75036
59179
5870
86269
63144
66389
20299
54831
18405
5139
11480
47399
34845
67074
18308
55306
93938
14625
5234
378
48907
46231
51963
66550
94668
62346
24164
54301
78252
24406
14838
23209
217
76938
62562
87772
45031
53220
101
22015
20728
65941
27034
6452
8771
4491
5985
6428
53892
59035
73466
84422
96968
70352
3910
46617
22725
57787
11452
16010
45509
82844
82458
81331
28440
99118
97204
65042
49997
50590
98544
42335
81240
76256
62970
73649
46690

