-1
-1
92638
7562
87309
54574
30319
74664
-1
70885
83847
21378
34725
56509
41972
78938
48234
7515
80632
34216
88593
36486
11987
42799
43021
52976
11837
38236
53439
19895
75162
47564
92048
19197
71703
63182
3107
19427
81885
42492
69432
99123
95386
97655
40423
60884
86001
65383
19850
71161
17283
82519
80800
30336
19117
5415
42224
99921
83977
89094
88421
23983
95993
71646
33638
22378
2885
86301
40205
36777
1224
17388
49381
75715
87809
48095
51345
37715
18910
99334
66290
71561
53177
81459
69149
2417
63800
1212
32574
79710
23924
30942
30876
23889
17354
48388
77264
58147
84407
21327
53974
4391
44587
81869
95538
65966
69398
82818
69582
95494
9819
3113
88638
81850
2566
3989
97208
19219
15445
91
5462
15112
72075
78959
43231
35471
54771
42706
12003
63327
17617
89816
92963
70131
71430
38755
78545
75128
705
71734
96396
34555
71379
41660
23879
41777
95309
74476
42398
49292
35462
7282
6244
15407
66152
23820
42536
31930
35035
3849
29230
26830
19163
74229
28143
42728
27508
59372
11199
41278
85781
71039
70368
71107
87606
67634
89320
70962
35922
96827
71782
23157
84351
50564
78227
6691
10745
78323
53369
30578
99312
94860
70690
85274
82797
361
2132
25236
61581
88441
8589
51112
30405
73243
41639
82853
39550
30725
60431
50161
8485
11779
92072
22601
81494
77704
68668
8782
26691
84444
99834
72451
1003
54086
58338
32709
2227
64778
71335
10387
59241
79459
54926
39547
30148
46957
27596
4574
47238
69493
7768
70317
23657
77495
37651
53864
84831
43269
7608
7824
55131
28347
72984
82359
1974
72351
94101
84807
54160
99877
3141
28680
47811
79256
635
10096
34767
13340
74854
81703
27113
78727
52834
57269
7805
75168
32264
90631
3394
31008
6094
52156
48762
87152
94626
25214
9663
14549
48486
58556
38590
16576
72
13764
56464
76682
62235
26799
63737
21369
47093
34461
61875
20081
25884
50415
49338
48498
6497
46336
58148
41092
85213
97141
91336
21302
75078
76660
52100
4371
58209
44852
60424
74552
78055
19215
59589
76588
5809
12133
11099
55001
11564
70564
81585
4979
20259
50870
72439
45191
72439
4915
37260
3932
11219
6701
53176
62808
6967
36123
4343
45336
58661
38448
28733
49448
25269
58170
97700
29955
41386

