59904
9512
52596
41560
5275
27915
36143
20042
32781
33929
26786
95127
49067
38592
-1
54960
-1
56172
2951
81463
10319
17632
52280
77223
86509
38640
63476
18906
63065
63755
36983
36874
20450
88079
6349
15106
17149
69557
31230
93107
82869
92184
31623
86341
85326
20455
64186
46762
71798
91060
18632
14320
34643
60646
95647
42117
23866
41035
57671
62766
33223
36377
30207
23688
10676
82137
28727
45414
94369
71199
13013
48614
4553
71581
75172
3721
68175
73934
99780
5421
9114
11177
61172
55179
46164
27429
40916
56820
69199
33982
30197
71511
70615
30763
81885
92177
98807
82135
85521
21205
85209
34889
70128
26112
34411
34792
99553
99049
83716
48868
69957
99165
43950
82747
67310
23792
32817
20519
72366
93204
63790
12463
55743
85816
49692
69005
22402
91533
21334
33841
10453
91943
14147
92360
3381
39082
62989
30485
2053
13950
13420
79802
64151
58717
23405
76009
9405
58054
89383
86451
76339
68931
60949
42553
36813
83559
86606
67292
4648
24706
53172
63951
94825
37135
9749
63065
67613
67636
73840
18863
9673
80310
18802
3961
83900
80227
54958
77503
64461
77673
91701
98306
51882
65591
76446
69750
44271
79023
49382
94991
96040
16415
26744
83212
84398
8032
50247
17638
23353
72378
53135
76875
11899
19129
29042
28097
56510
17859
74146
60471
67210
73756
76383
12362
91954
59557
15806
23047
94349
20575
96053
4402
94726
42349
30070
75059
30582
52001
51088
39858
40246
39517
44023
99793
19898
78288
84900
50031
50681
87635
81820
22137
74286
92067
13297
45875
19580
65347
64217
36657
51739
74675
8417
54423
46217
73968
83916
67177
83510
95383
82983
76574
44570
35783
39148
34198
42834
24351
41777
82331
94268
10149
55444
21158
37884
42219
69965
58781
33498
73023
62345
7707
7588
12463
14641
74361
32837
55757
86305
26318
4666
3047
28666
43527
62947
13258
73711
14584
87549
75746
17669
74898
79524
53352
19447
55393
37942
810
49375
63872
90047
96299
70114
92117
56618
53335
95290
47824
9545
11880
41874
12824
4456
46370
22283
27234
4194
50542
14105
58607
61204
41351
69961
87004
1818
15364
32806
41434
72680
49230
78133
10165
52529
29527
46614
78225
23178
25806
62779
56241
60921
83713
83693
15326
50611
24044
54943
73094
29153
37518
10723
86865
53712
58114
98072
26268
85013
81087
39336
50779
63247
63231
62462
68185
56314
63852
47317
16622
75086
89902
90781
60221
94168
67738
13779
76530
53199
56984
44435
20014
77160
21143
32229
24484
40377
18488
76203
69324
34194
40078
11296
41799
97594
20808
24985
31130
4214
33467
85546
28558
51245
37292
25751
97216
42769
5464
93354
40839
79522
14195
34544
79162
56014
13675
36949
21759
56467
61837
72521
74420
73669
75157
66266
72532
44045
43932
55940
43520
99972
77985
77136
24909
5296
58676
26798
47567
239
4003
93145
73342
46440
11879
14164
4834
51473
23505
9146
92081
57194
79582
86956
18836
65834
50175
15254
19338
45288
28566
44904
88807
94927
15350
39571
61266
98807
42149
71432
4625
36174
99058
53911
63510
94762
32425
68248
63404
43903
47241
39330
81509
91377
13615
14219
35393
93345
34213
46929
37581
3506
69548
90173
10424
70351
16362
51031
41011
85356
43070
51686
52711
81515
80908
67358
2438
8423
61113
47797
21877
6990
95398
95163
1858
15329
89587
19153
93090
91724
40426
25755
69307
46757
77757
49981
53625
61303
82646
80
23038
6180
28623
25661
7334
32987
36373
34923
72761
74731
82247
12006
23517
9944
45374
96353
3625
72209
45729
81587
63521
11876
66052
54019
5103
25557
36229
3078
83064
90790
29185
26074
79200
65687
58747
37885
48918
72241
50318
63345
84896
55658
8062
87966
39349
53074
36519
79238
6026
26726
94538
72524
92212
15927
79124
83033
41282
90717
14770
26043
28198
82986
93239
50499
63223
3649
1399
59799
39017
56167
27327
79639
82624
27311
12923
77534
14887
23598
3143
8787
36487
48189
22467
172
74131
51624
60046
58243
97719
23302
9107
11899
89386
22398
9622
69520
19300
42783
19891
18676
91760
84847
33583
19422
4720
28989
94433
25369
23175
78084
32253
98910
64251
48315
89882
963
47721
28269
13860
40556
80312
1555
12105
26643
55563
20123
94963
59702
96101
53323
18034
43448
62407
21666
61354
35499
63228
32911
64144
46285
25849
96809
74169
23773
89734
20239
76769
94246
87335
55575
83096
84559
64785
98140
52748
72440
33883
62857
42841
46093
40616
85322
679
33448
3915
99297
54863
13596
72227
46731
51319
4677
42878
27644
61514
36983
26002
41752
66913
72728
45181
82581
50740
9888
53830
18226
71464
54011
72165
56681
65506
12021
46743
1167
14449
96935
86207
20647
51033
99727
37147
79693
83883
25376
53789
52675
42339
4493
31266
57741
98532
74751
53168
90354
52354
92237
50049
19049
82859
98306
46007
66082
7768
35442
12738
41457
54111
18455
24199
16055
51855
18350
42099
77193
29927
26058
75522
14685
90711
8287
50069
85692
11342
5974
45052
78207
33050
4541
80839
93305
13404
32467
70700
31816
53293
98220
77152
26284
52939
35286
41618
28998
2007
97109
58295
71336
85089
47857
80248
18446
7236
53950
54914
84428
18727
35672
25214
1973
38934
27467
53840
54775
1141
95710
6252
31262
89371
97786
32432
95967
72954
72490
624
14403
30794
41994
60614
66925
22900
91502
16242
9010
9237
22287
2297
62618
26483
90408
94128
69916
54557
71281
52498
40156
83999
38183
42583
74235
10094
85666
6784
84081
30599
43262
8122
44164
11030
59897
73953
35540
39125
47635
15716
41175
19936
33485
88238
70530
13838
39370
70389
42982
24215
2761
65922
27377
5582
56486
319
82414
24249
7592
68862
93613
47764
39951
6732
88636
57353
37612
32702
70531
35643
23042
75123
14125
29719
47927
74974
88231
38150
40610
28747
70417
86538
30304
95489
85513
40100
14932
18956
12144
52751
36310
44795
36976
86416
14336
15898
36219
67033
31963
40353
97689
93860
90474
38137
93810
58199
33031
49377
64728
99635
45032
22880
93488
3344
62541
91098
20088
49776
47704
57314
31809
94476
79555
69829
87016
59379
30975
1451
24718
82983
56075
94710
22752
1398
78111
96931
52148
2204
69954
67046
98391
33820
19911
72333
37355
98315
84286
28180
45769
50591
35914
53135
58080
48061
92363
77903
93852
31108
65122
51139
34086
66094
49580
4811
27748
32194
1762
9901
97972
83299
60135
22087
29484
54135
44664
61652
92844
18769
82304
87252
44581
10710
82947
65563
64563
50494
50521
43814
84673
80230
85946
53755
27443
20302
5768
48982
13090
46227
59794
55937
83798
53720
71
99335
87217
34954
90376
65469
22013
56995
86675
10877
62086
28706
97498
55125
90538
92365
82511
51864
24488
6138
1694
52440
99378
35338
13779
87166
32177
36684
54963
86813
17264
7945
45437
61144
14796
83592
74395
15491
95549
88818
32172
97776
512
10474
20690
50423
36313
94253
31949
6788
44160
69151
33349
8314
4521
41377
19031
41755
86225
17772
57822
45526
51880
6941
57520
63132
6672
78365
19030
22640
2305
32609
76088
46187
92639
64727
67745
92780
50714
60270
94256
66300
21317
8101
72215
18442
94421
50291
23029
65129
77811
27827
21048
24995
36486
10493
71298
27638
83609
72405
32247
94383
40603
52740
61133
59839
93605
35925
74895
65432
4261
4336
69744
58588
55130
63738
46057
70127
8794
73269
38811
44052
29856
91918
44072
86826
18352
28043
20691
31523
69198
31368
22020
1153
28994
16132
4125
10640
58422
32171
82619
71637
14225
60768
95616
66755
13138
52756
5532
89030
95158
30535
15667
84410
68166
33053
16646
17
43105
61811
27052
88145
47700
97294
72695
41241
56695
50795
36267
94608
99045
35815
70904
99234
84086
78885
7977
42628
18361
71700
77337
94092
71863
90053
77637
21927
96552
17431
33460
93100
27638
6859
96502
37124
87609
27218
67460
96230
82358
41138
17114
33279
23154
59330
56455
57373
38464
64706
18112
37273
98883
26206
43629
37571
70090
56925
87688
23094
6509
5709
35037
42004
46797
1382
62385
89621
84107
88126
121
17019
22414
87560
10149
3352
92599
50340
67105
35561
7952
486
51896
86245
86852
10813
47424
61452
60889
85009
16572
58632
9085
42541
13400
2432
18274
97865
16872
82661
60451
31920
32514
98332
68066
42570
59041
20924
1275
1693
68239
38805
41748
68428
89343
92848
48079
30216
49596
45232
97199
30015
83584
35005
36049
72473
90674
79553
3148
59582
79789
14931
37430
11966
67167
75997
72231
68440
43658
49310
15243
75777
28339
46991
38690
85218
33128
49771
70935
46973
87569
43100
17568
99555
39286
33562
84497
26470
95152
6939
82510
63341
85304
75080
4174
26075
80121
53482
90759
39298
53730
40544
95995
45223
45634
33536
80580
72286
44354
45669
8153
36489
82887
36636
73030
28853
94221
65651
30098
31949
44412
82652
46785
13188
3263
8360
57858
64436
54783
49716
25225
89227
36671
48098
61760
47083
31253
49634
26711
2580
71467
44641
22455
28757
21608
307
99131
76226
92542
44471
16410
37592
35913
84080
75513
53808
46859
95770
71411
2541
48647
72670
57452
51150
34444
34913
70679
79131
22963
78247
761
67167
49319
82347
82864
87132
62918
17854
11193
64180
79209
8101
59866
14011
73306
21047
97939
62659
76704
31334
10867
31398
61921
10350
97233
88095
91961
7106
71580
28418
66230
24249
46792
6310
2710
69412
20354
18925
30294
23235
1208
36612
66691
92105
36067
59705
63444
4659
52910
43744
83455
40048
50024
27959
58133
21904
83837
17736
60102
98328
75808
33592
40063
89681
70723
79714
13918
65867
78629
15561
42739
38867
23935
63225
70753
75602
88703
39867
55568
3460
79954
6907
89153
4119
59085
5968
74961
83279
72232
30755
38366
50209
47443
70428
81136
63951
44417
63052
20578
53658
40048
26645
86435
31886
60386
44104
49801
95295
69820
97451
41941
3267
97095
73870
62152
9613
30695
18393
89601
52985
92453
27494
98276
37913
98349
9061
68227
96535
40216
39442
15324
3456
49392
64284
96542
60564
61628
21692
54963
820
98633
54195
42040
13005
33296
79674
28098
43818
75847
87318
8757
96043
69682
40746
32981
15697
96283
75106
37643
52914
75643
73824
35778
83411
32001
8755
59490
87575
58752
23685
92831
42761
98946
66138
22112
3347
36781
29551
28266
25632
17382
34262
51492
21605
78605
45269
83875
48118
59870
62500
45401
43013
52650
22217
39103
99260
66806
1009
80083
38863
2015
42163
15361
3521
16331
7003
7752
93317
51923
18071
14273
5667
72040
4279
4552
91884
33107
40890
5035
64017
9112
48794
20103
52850
39385
50539
76851
35813
25232
65372
50852
93250
19616
1158
56600
96597
98625
65657
45702
230
98310
76421
77397
71789
47946
8631
92008
34782
16871
74340
2337
32281
38923
46721
16559
29931
45897
86005
51187
75789
85530
38961
12837
8388
19067
23939
80787
30059
1737
47127
38521
50535
56528
40617
14910
52399
75878
70864
85561
47951
8094
61270
21779
97464
43294
39050
92027
41233
2760
83976
6434
374
57835
82684
32317
38260
46047
70426
43573
14960
99459
13476
29063
99740
28839
37700
52223
60736
28764
87259
44992
53409
78992
27389
79173
82120
13306
77194
48746
81104
7093
78470
6104
32597
21071
89046
31116
1594
95567
15294
54751
11986
72758
40988
75923
58872
95796
98630
43982
6362
40171
73294
56196
84548
43982
95525
93570
99976
81214
89677
10170
12251
55778
6001
95032
46307
42920
66953
24766
77812
79954
64923
51603
16612
8602
73091
33729
87561
96739
60454
49297
54663
62701
99964
84051
29777
6307
51350
46900
54455
84166
67980
36786
54056
53216
86269
81384
72281
26472
50471
50011
57659
20196
94580
24652
71782
64495
95153
52112
95103
47224
69026
50574
89540
58897
99169
8180
39843
53420
79098
500
22170
16102
50914
38919
46382
80074
48913
68353
15156
64299
97939
29085
61328
48538
21735
89775
10193
20851
55416
76548
59035
12745
64297
86289
5143
85907
53450
7649
2205
88262
49729
93281
58184
75970
51683
87322
6645
86633
47878
19289
71478
16958
73054
99511
60292
68496
31696
1157
24501
66397
87225
62728
19022
45151
66948
9504
47315
85709
83079
14294
76498
46180
30806
13577
90231
55352
53185
42198
64185
61329
31513
51609
3806
58202
44692
42497
79375
66010
10813
81655
9755
775
75391
94736
74661
65332
66340
93323
65852
12583
54171
85255
41243
80173
46153
30690
77315
7302
46476
95640
80630
25196
51169
42684
17214
53253
80571
74502
43973
36396
41628
23701
17931
62691
37994
29273
82507
46992
64001
3845
59403
66209
89706
60164
10218
14348
59486
16851
37033
73344
75390
48540
82326
36299
9617
68746
71680
54252
95866
50484
22739
10121
53697
29167
88656
22431
32767
80737
28394
95789
15312
57916
86883
42840
41897
60937
92839
81978
24263
6725
53762
88044
50944
92918
10934
580
8890
33374
75562
82273
70834
3462
93005
18209
92234
18789
67782
75244
21779
47684
33115
35971
37854
43247
16692
56167
31572
36390
86153
12588
7665
59001
80258
60531
89440
28506
55786
21426
24884
99500
71114
57459
79470
94575
91859
668
7019
85471
52684
58696
31849
48110
57022
29716
93428
53247
79352
9384
87154
2033
52961
52795
82420
40915
8789
85338
52328
9833
40870
82559
88326
80129
19911
88046
18315
29348
97066
27691
47237
13543
13063
46121
27316
72441
8361
35571
79537
94220
45946
22323
80905
36313
76223
90094
66754
82023
79944
86926
27224
90993
1519
98041
96581
28164
12960
97791
86137
37263
91246
4985
95209
83406
66617
66860
89122
22868
55734
99792
44563
97540
62564
46779
64695
563
3164
6678
16793
44498
53756
87939
3341
99149
46215
16823
43682
76431
5705
57439
51053
90735
15795
97806
70805
30828
74888
14165
8929
45321
57793
22548
51235
79379
10302
47669
23031
9290
29374
13409
28197
1582
98041
69228
87284
45395
7148
76433
23889
83723
35596
45435
72640
37735
74122
65028
62998
91750
77617
55550
80468
21703
69728
32764
77075
40651
56883
50524
14342
8380
88299
43469
79234
13688
7543
63255
33319
90336
14516
39266
44168
22905
93938
14961
64777
61812
51586
35997
29315
56648
20871
19118
80928
49616
46667
65712
80383
22020
44854
85873
43531
39646
45745
18921
2665
5136
45480
46406
36931
11543
27042
33639
83585
76259
92966
43516
76676
33364
82064
64191
62820
4640
94187
6861
96343
41152
57285
89013
58656
68257
63167
55110
44009
44033
53573
42700
78053
24386
64177
1720
73523
18735
63805
23588
82856
42187
68697
77653
8312
20901
16548
60928
8707
43160
44588
94103
44847
30283
72538
67739
57231
58641
25306
72603
53458
79343
91115
97354
63147
74701
40119
28983
39298
12944
13681
97166
61391
42379
44108
76156
12340
8276
38364
78011
64812
68494
91193
22204
78442
86445
35411
39883
21126
14436
85772
2843
89367
53442
70736
9775
11116
2501
16890
72399
30278
22046
56182
39143
77205
58681
32991
41978
76263
10537
68605
2570
14647
17052
64675
33968
7495
85131
89541
77195
43042
35199
53388
52419
78112
25504
21185
45627
24642
89302
6227
45011
50686
29191
83682
29019
80398
21102
46135
2664
3692
11327
2015
93046
13509
40471
34597
83587
36852
34191
25104
11450
96676
8510
252
87854
57363
28235
18934
29123
61949
7133
49483
62134
42021
1255
28102
75804
4538
96657
12315
89190
51865
88689
88861
76573
88495
29420
26157
80532
67293
11313
42837
10215
80375
84078
16711
50698
12257
6152
13021
52393
74029
78738
14851
90452
23511
85433
51641
17952
3890
69769
15459
61816
23286
14004
70731
70322
8953
91057
41159
10750
32927
5213
79235
76236
67832
96684
95350
78202
8901
92591
34889
82209
34738
3351
18895
10064
90401
79708
56968
12435
12796
95926
689
61967
43977
72755
19147
49238
6791
81353
16569
7193
26547
86629
13326
36627
33732
92377
73062
3926
50784
45776
44225
7677
98937
63808
61635
64804
30775
73814
23722
3736
27136
46846
30745
42132
92052
93711
11027
92669
41441
79213
54077
2765
97364
92391
75574
7524
15510
68744
44293
1302
58991
75532
92488
8197
34447
5383
74562
87192
55919
9161
50049
85294
81187
4040
45428
51241
14145
74994
29572
36032
63398
17939
64420
57145
20819
8637
84229
35724
78315
69177
50543
60624
37121
18449
43433
85182
32045
46672
92323
2595
34154
87055
16523
7710
23081
42417
41063
56443
31337
54320
57826
1571
77667
2295
17845
77746
57775
42159
68129
58806
89189
33116
56649
16365
22414
49744
54741
91979
43517
66432
43847
22688
73468
52214
92540
30683
68895
60905
11514
78815
95048
3559
73503
83509
22617
59034
61009
84451
16785
41472
88162
91374
16401
80779
23260
97056
6839
76666
40356
10985
63237
87653
49915
70899
24572
38413
14432
20779
30325
68076
51273
17035
95410
80060
71962
53392
99948
54801
52057
6170
99521
90898
60162
9760
82469
4296
18821
32832
50528
95817
56962
71286
90856
95922
3402
58333
15608
13717
27949
70957
76255
44770
55413
69355
28898
44742
5636
26542
37509
8398
68841
24095
90969
63495
25174
89538
13834
30265
5741
61463
2411
99457
15461
41716
78902
63755
49156
26233
97397
95919
93640
55633
60121
45551
63197
13292
1019
72083
82050
85266
29814
9409
86534
54125
35340
39788
34030
87683
56676
92286
65080
29920
4533
80520
66169
22495
23542
75421
11756
37864
38273
4569
27477
96957
24396
52151
19370
67379
43656
14574
44536
84950
55861
59285
56925
52006
66073
15987
43155
75456
47587
87375
15279
50596
89881
91640
52904
78469
90247
47134
99226
60280
84363
92
64647
85036
77222
22129
10782
17945
94264
44455
74157
44058
18374
12237
25188
29311
29394
47198
36385
76807
2077
20638
76984
99072
93121
99403
27642
77626
3422
83629
57884
60253
84325
70826
70860
19658
37578
27490
78213
39045
41550
80753
61311
84460
35669
46406
67816
46681
29605
13558
23959
88861
91050
24183
76793
8765
67798
40355
26650
33725
1642
6807
78780
17191
40691
61791
56239
97937
75688
13427
30479
96591
25341
48651
94235
73970
13925
67333
29110
44614
42387
81371
35478
57811
19767
9508
87898
4525
56857
25058
34954
79152
46101
29142
23402
90367
29432
49287
37836
32045
44999
49640
58619
46126
66122
68072
93859
26360
61974
75693
18885
57763
78573
71772
10803
81608
99404
77366
62123
6653
9101
65722
39523
54863
55184
86583
18691
28268
60988
963
57606
43426
42457
17577
87048
60286
99042
56244
14499
65055
42644
19541
55616
47470
7187
13406
8639
13699
97261
14822
17738
33089
20907
22951
96233
17479
11310
67105
25280
56896
11344
12821

