90265
59248
79472
93166
86984
31908
31562
28930
32832
88427
60395
9465
43745
73706
52879
61986
27558
77684
79283
76635
59673
3949
18120
35203
57765
53927
19551
77243
36428
5171
14862
16993
51298
18854
-1
76872
17748
43691
4460
52530
70517
7249
99195
22172
10297
80059
13187
99429
26927
94297
9548
42351
13182
42531
70497
62970
52260
17398
2695
80078
50365
31658
44534
77178
86843
87473
19645
13240
96925
3612
20625
46285
80804
73395
53645
40775
43934
60859
87003
15094
1222
96268
55265
59019
17914
55430
45486
67579
92996
46129
89618
93852
48320
43868
91773
58020
45254
18384
2762
20266
21870
53914
89061
44900
79721
27445
27362
89470
4183
57967
69065
37630
92537
37785
54674
8194
62442
56727
94726
28096
16110
53987
57791
93872
53977
16961
18922
4441
19784
3310
41586
43491
55482
20317
92372
68565
96169
96961
26173
57355
35218
20717
56027
9194
95063
35035
93543
78679
57653
87406
63980
93166
45532
82004
67646
18173
49587
12400
72426
7289
53015
70702
58237
9657
64109
55976
51487
36756
99705
72657
10177
25351
51026
35457
12212
53677
32419
21701
57425
55497
82603
48661
87045
3540
11845
92343
66889
78526
907
83854
3411
36175
49750
8543
76174
3
98402
79846
2416
94481
65087
99853
36259
82466
47884
11738
35767
65008
54441
89523
91631
76447
80598
26767
50015
91486
96929
25175
36741
54348
38420
91256
65531
88112
925
57926
35954
68102
96861
96889
24635
109
60987
60209
27347
27222
94790
3784
93539
36930
27758
80457
10002
40528
56910
70014
60241
84121
10242
93412
87960
73485
94589
74332
55173
25073
63498
280
49448
69290
71036
63719
34005
50369
96442
70049
84617
44449
81375
72219
77776
91820
3849
58484
34582
65135
1822
32095
35915
24750
85072
63494
88370
38679
83972
70168
86808
39885
56684
18016
16404
1850
89158
32321
51730
70945
90945
13417
97040
80057
99409
10777
9134
31600
47855
50227
70133
56054
86588
22595
44814
27391
8047
1049
28963
82673
72368
17988
13387
97057
23409
53440
13534
28703
33450
88882
82557
37217
43467
6573
83232
80786
50976
45695
44238
30675
92117
12372
11248
17138
93846
43322
65593
90018
38079
54974
16472
80593
74557
83061
99396
84355
61585
96942
46317
49009
25117
47753
3474
99088
33068
29544
32231
69241
10409
54353
76449
40521
9633
39793
69971
31914
65999
68156
78691
35853
85566
63983
3978
12319
89906
45299
37028
48242
38183
6795
72443
51151
78690
52114
50739
75489
15465
2235
29463
65136
75105
3525
82545
19490
79165
19521
12696
31862
20907
82276
39973
55035
52052
34783
37609
10004
86311
72402
22862
30416
52381
88565
33192
23060
80046
15020
72258
26880
69871
97015
56609
17196
8484
76814
82964
37430
30793
78738
96386
74242
11815
15141
19754
83826
85571
98658
61649
1455
66921
25260
40862
16790
65011
1959
63402
48473
69789
96004
34252
47822
8354
35319
51228
16033
55207
57684
98639
13200
77009
3245
74754
75963
50160
58086
74447
32418
96240
66451
63836
13048
42137
5526
61341
96620
59393
52820
3723
53126
77839
45589
85837
104
39323
95411
1558
21216
85332
76519
97107
91178
26317
47511
82409
39173
55913
97220
48187
4817
89139
17423
27347
38383
51721
20328
93045
4839
88632
38485
15129
89990
2550
61719
60037
94622
23207
19188
46652
84791
16484
22100
19751
21483
20870
92017
70953
5752
44412
26869
75051
38337
84394
45635
26906
75683
38837
86380
75891
58513
99302
26433
67456
22970
14494
15505
89284
16309
56277
73933
35095
10454
94714
95519
83609
36968
11676
12646
85536
18791
975
65951
80430
22621
89485
51626
33661
84049
29433
14702
12918
46119
39606
79554
70072
28639
35524
19782
83371
83421
48108
42907
79043
52950
92330
93886
27929
87675
12143
11642
47771
76070
36189
94520
15207
44148
54882
8404
52254
48768
52260
41470
45361
13387
64434
39717
80620
56849
60996
85902
52018
87641
4629
2910
9303
21985
3082
57208
88510
67550
61931
41290
91626
36608
10314
33571
56067
94934
51793
27762
81278
81305
50770
22686
8466
7220
41487
448
70396
84944
46487
7930
5074
61608
99009
68537
59808
4689
20471
28885
71865
44769
96466
70804
94352
1792
34913
30487
64083
17244
16634
14634
65982
21554
51348
36830
63858
30183
1088
57395
5033
72973
92273
8440
63749
79095
14103
64741
93268
6097
34025
72812
23018
29239
63258
98485
50760
36827
56173
46891
69830
97706
81033
63479
27484
44601
90927
43530
93631
5327
82818
19186
94165
10271
68830
29058
94585
73139
82368
14995
87
33270
52759
12625
66141
3745
51509
79286
48817
82431
83672
1492
22013
71675
78379
24903
6355
54436
18245
77848
28822
40068
4538
8262
28527
84187
55186
81083
54928
84611
92576
41744
40296
28192
56323
18036
23482
66263
26000
28794
21065
73378
31283
49799
70645
55095
18974
49411
14071
10784
56238
38652
5628
31538
68217
46646
95081
87026
40543
28799
7490
91909
38229
83214
14222
62382
76995
93524
49372
31435
27072
83100
96446
63176
97736
45591
68370
64609
89389
95498
63081
65250
95149
19692
7128
61683
17080
34312
9313
33798
14724
40739
56367
68884
93601
73252
88167
73980
91252
35451
43357
7722
60821
61635
55652
9795
92721
39766
91643
15698
54583
85957
12764
50823
79098
13325
98048
83396
98278
55653
40081
89976
13244
90200
94348
34201
20197
72594
54043
63691
17310
16222
37161
92896
41117
74621
97163
46803
35574
36573
50761
55022
24108
3124
25930
39210
67663
85141
83200
11602
55419
37253
68103
57987
40805
11967
73416
50009
93235
50925
37301
29473
95504
99901
35155
16356
11055
11228
53498
37747
4944
6621
20463
74208
9557
50111
64281
52765
1277
81610
63834
13745
59373
83103
89071
85136
31503
78469
404
61853
45943
87549
45904
54743
97783
30915
48382
49007
34374
24809
56707
14758
11187
45023
25771
1315
47638
82064
22849
71011
61676
51906
80577
82406
27783
96050
10238
31752
70513
82367
69636
36073
32746
51733
74208
90843
18598
88184
33767
96201
68920
6780
68735
42557
95586
30037
8913
93451
34018
20679
64752
32907
12624
89496
56117
37938
29783
51260
80222
47723
59840
60908
62265
72900
62345
26538
20508
6521
9126
6072
56716
22173
29773
12454
51362
8572
59253
13467
40477
39117
62310
89942
64178
27242
20291
81085
52134
70393
96331
65501
62751
42414
92185
98942
55124
19072
67347
71140
80671
12688
6669
45351
5214
15901
74128
88694
85792
69602
54808
82170
53489
89322
14559
75379
71810
94838
62037
16179
70715
17918
90151
6764
85076
66126
57532
39302
73818
73860
94111
57353
82719
85746
71177
56244
61254
69455
1203
64653
30849
80166
29308
69510
9708
15641
61658
83378
67816
83189
13681
22811
78661
62333
41457
91394
14420
69840
5132
64918
42413
754
42828
13854
81829
65472
89480
10243
63125
15271
40123
40907
27599
58609
4989
11623
71577
65112
21263
77149
434
50748
11662
13234
33462
77297
46392
40179
12507
76466
67870
45340
97969
44026
86768
14960
11203
53919
30311
14564
8572
30804
48952
94134
22066
69315
74268
24899
23022
86199
26430
98600
9999
26436
95302
93805
4923
2993
93922
30732
67050
69346
32309
62316
16902
78279
51982
3905
88571
76911
41693
18491
67604
71784
60826
38575
36026
40076
10967
60690
55163
59782
47363
80248
93349
65505
55080
28264
82505
26309
85075
65911
83782
21001
11531
93861
12793
27253
39540
64419
72474
75553
53082
19181
87425
38585
73809
39282
87307
18281
24232
76567
77089
47049
43514
23556
38315
48364
11646
46676
74602
72708
69687
60696
73328
82788
17926
2443
1363
18335
29342
31843
2105
74221
20735
40265
71119
70390
55850
50341
80791
12752
35251
44012
7443
70982
67202
53639
93895
69849
57698
8750
5129
75020
42670
57648
32753
12634
94835
51335
45789
10464
62998
93857
92112
63161
51165
47931
93815
84954
99653
16707
13592
45046
88193
1219
35902
43283
21571
71141
99957
20545
45714
84061
50240
86495
92960
32605
96589
61819
98653
1094
60686
4454
96776
96112
51318
15426
14727
47830
27629
59511
26045
47854
7385
12202
42293
10845
4414
52053
7435
9523
63120
20623
85276
12934
44793
56238
36904
30776
53423
11025
69126
87423
70744
12669
34132
65409
98149
78270
73640
8968
89093
62734
27362
35998
787
91968
31332
25570
21177
99707
67544
19816
82473
17152
12795
45497
63090
27627
40514
40556
23309
886
57199
82818
5874
76487
84721
37188
55468
85477
22814
40494
37034
4012
78520
80672
95082
47995
71178
65046
3511
79690
23749
20063
34647
31876
42539
7746
51285
31141
54176
80732
70306
62949
53107
1883
76870
20901
35356
80682
35813
41882
4188
60245
22353
87667
36950
48043
4012
80434
54075
72133
15818
78423
67187
30794
67952
92718
27231
98481
88221
28325
86320
42766
34765
99182
82467
75038
98172
74821
93546
81116
34840
9183
79600
25251
91444
77292
83398
47342
46184
99161
83735
84142
73156
95200
84368
57947
88498
23936
24329
1202
60280
58875
2368
25239
51282
58600
68904
18027
20366
71400
34278
30150
48100
13597
36889
88889
35003
86683
9515
48228
22772
31420
57521
98275
99560
19060
76535
37056
62033
74070
64292
22431
41179
80317
16419
67499
72595
26710
52629
99903
37851
29998
72069
96346
164
22448
18481
25484
16761
94729
93486
35772
5707
79053
43638
80024
41712
94913
33628
51600
86845
19583
26299
42714
83704
92841
7972
69382
44912
19548
14465
70980
58536
59674
30157
59105
23936
91128
44054
27082
98665
53462
56877
7672
83454
10846
5207
91171
54002
58465
44003
73240
41085
75447
44390
59568
25022
32528
37117
48674
77362
32403
75814
84131
809
46479
1377
30926
39591
80470
69950
5223
84455
83586
80435
23633
46020
49743
23654
42865
20771
39954
27849
77871
57091
25948
97166
69168
48874
50546
23416
87408
95420
40894
7566
22607
45216
25897
67209
29073
50403
50534
-1
2840
61847
-1
-1
-1
-1
-1
69348
86369
-1
-1
-1
81600
53399
25158
684
91625
14105
-1
86612
8908
-1
37444
15917
66897
-1
-1
-1
-1
-1
-1
-1
-1
-1
94309
-1
-1
-1
77719
15244
36534
97048
30803
68196
61232
-1
13066
74037
85151
50957
61744
91649
97826
54446
-1
-1
-1
80591
44107
10809
16898
16037
82006
70100
88304
24220
7300
84957
17840
26677
64509
10600
62079
72601
72228
89984
45352
13502
87335
12474
84060
83248
19534
22070
78741
20660
80216
89891
34276
46159
57465
52136
89753
98843
32056
94352
59641
26694
27242
79527
41354
85138
54097
22370
82134
31896
73391
12772
59596
95474
75478
32545
87036
30682
62132
66878
71316
11081
50376
29917
68067
79789
80140
1740
45742
33222
31132
19601
-1
-1
-1
79779
-1
-1
54060
36998
96690
95056
16034
11788
-1
-1
51286
66546
-1
-1
60392
-1
38240
76729
16291
98345
-1
34205
34735
95112
-1
-1
-1
12604
1820
97679
19586
25569
67364
7018
8838
13730
15070
87915
6910
63912
25969
20085
40787
76906
90865
40701
27771
89396
90796
57044
9769
70684
3998
7373
11481
4479
30948
10377
58478
39596
51950
86018
84631
11101
53800
62954
46820
90431
46994
45697
7046
6126
91266
97822
8510
21352
46081
27846
81651
38157
27808
76171
7264
55948
79396
29414
94685
78380
74370
14071
32097
6444
62412
74182
57688
97408
96575
93710
22432
43511
73441
33832
20176
55945
47223
60636
72067
69443
7296
9377
21305
60046
74817
52409
45989
89588
739
47567
86070
15345
2965
88883
60111
82394
26241
22324
4682
77657
81342
28231
90827
59972
37563
60643
35123
77916
10917
60946
70977
89787
5662
81906
79840
19347
38026
16115
19534
70535
15578
51597
13968
45593
22684
36762
71834
89253
76849
24720
11743
42761
95871
-1
-1
-1
-1
-1
90135
-1
-1
-1
-1
-1
48644
-1
-1
88021
1807
40806
66646
31223
45952
72435
7725
24849
59912
11996
15100
31188
50647
17161
62738
97323
86255
52999
22451
36388
57149
99995
42118
94258
58011
19981
61480
71403
6639
90293
32506
16181
92450
90104
99645
86682
81910
39388
66461
26740
96434
81563
51302
41147
96219
35978
42367
4782
7138
91992
15616
20012
39785
49900
72448
27857
54728
84789
67760
18927
11609
22698
81024
36953
6100
17206
75592
27394
41182
73580
28504
87953
14332
48713
77413
80038
64686
53095
6912
84842
77425
40362
64086
22373
34894
99792
61106
24988
10475
28698
40488
47433
86673
51620
67521
66946
65720
46334
84120
81168
35842
89654
77856
17644
77605
72328
13996
84560
94991
38654
23836
93827
41596
32339
923
56126
54503
28501
35571
28244
93092
10645
72572
56680
55782
80820
63987
7400
97268
9661
22486
86582
32402
10106
768
74537
32215
14920
20772
10938
26484
19430
92153
99700
75542
11897
94601
16051
98554
30759
95914
90972
70851
74535
2393
65058
7333
84326
78593
1173
16774
10930
12452
34648
77274
37098
34073
73449
51630
94276
87007
49324
20373
24165
97474
43717
28
83344
6495
54894
87548
90207
14116
91149
18942
60840
66143
19201
78746
80171
37972
62259
11948
94163
250
43071
49702
97793
18041
55421
21002
6487
11571
61130
28677
65674
51353
33931
47760
53363
78451
10286
70789
39362
40470
20724
56606
2458
51683
44482
28308
94751
45702
41018
10216
90717
88725
36204
87376
62151
58486
71707
82538
74311
64686
17075
83121
10716
75442
3362
64847
93015
18209
1556
22902
48414
52920
18163
97710
29213
8155
98198
63021
71138
8396
69788
36798
51152
34056
59832
56159
78128
26219
8742
96558
96047
23751
23527
97322
39502
89794
21191
81682
58669
99332
96958
94296
13862
72014
80796
67116
3055
38351
96703
34841
56059
23436
6234
74348
67913
553
28937
57426
57881
59081
58267
58898
10943
17204
8499
77025
58617
19300
27905
41239
78364
33345
2443
9386
80735
10288
63744
66550
16042
27254
85392
20007
19752
98531
93019
43716
3034
10646
94732

