-1
59433
91535
-1
-1
52866
66157
7410
33805
92860
65367
41482
34253
65149
33605
3097
88945
22371
45296
71746
70241
56032
70296
6665
60553
-1
-1
-1
41379
32825
30611
53303
-1
-1
31959
-1
-1
-1
-1
83543
44955
54246
49201
79180
11583
83943
6617
83813
33942
45428
13515
34643
72600
88167
49961
34987
18012
31684
79804
20385
2394
45329
41881
17077
76440
98964
76730
79048
87536
92316
21888
67886
63575
67476
81137
8564
16695
27976
44452
88565
45855
22449
6248
31072
30752
45218
18722
86694
73887
70696
56264
54967
96019
8879
37589
41732
5350
73504
86141
88120
99730
33965
77617
31766
76263
49544
76485
70655
73674
64991
12421
77469
23733
45717
16682
3563
43197
61119
5264
77859
93717
53105
59943
16305
84208
35744
33499
21101
1660
28068
53793
90827
68755
30027
99152
80329
84719
2549
50908
75387
51977
88433
74642
46202
9636
33977
89846
76854
32613
85874
71120
15105
34408
43082
16832
57426
30681
32368
78662
90131
11542
1866
14273
20743
43693
29112
27999
26508
58769
64108
11552
85310
26739
59319
99280
58261
79183
41379
21408
95937
18570
48563
9708
93543
9344
36104
44388
11638
98939
14316
99866
14845
55476
19447
54551
12552
83140
37964
74491
5437
75267
15998
67806
19707
98834
35970
33038
94661
236
10693
8535
41783
13799
30495
81456
16090
13005
5792
9614
58711
88643
73545
20377
1839
29584
28684
31966
31136
17025
8057
12872
38729
25051
45441
54938
35240
67879
73004
13670
96720
98261
82923
61713
49328
60668
17692
91994
75015
94728
87203
21148
1643
49566
81487
67969
25848
32127
87179
48132
98139
42157
98735
27057
95511
60200
52308
79822
61906
8434
18826
61423
56348
26119
90018
26514
47513
38688
52839
50555
51237
59281
73058
56078
28696
64925
89632
15324
83695
14060
42894
9295
34217
12759
24830
15169
25602
968
50272
71302
25972
62842
27188
69493
12982
23520
75952
82202
48355
47749
9560
60931
28448
41328
67749
30275
8009
6487
18224
30464
73387
4
92992
68643
19339
22143
34935
87837
23430
56403
65955
88099
36202
82086
41633
20924
81781
46965
11123
64205
19561
83141
98686
89056
11106
29032
85710
89048
7957
32571
89841
53626
28010
37805
77390
63074
5164
21860
96974
18876
67536
25807
44026
51298
4775
27142
8362
58666
49643
51552
11344
95934
39705
43838
71002
48258
77342
98242
96813
75401
66358
35308
89874
47039
42385
43322
68502
80995
12574
80377
3360
71218
88603
30007
23726
59790
27766
23835
85266
25749
39979
17796
-1
-1
-1
80337
-1
88228
55390
61176
64800
15319
39773
59202
93815
55294
11672
6435
94729
909
84438
31870
71944
92499
68649
26518
31370
65483
26998
75641
19010
48991
34073
57097
86229
21372
5463
68635
61617
93691
41729
46843
48371
69768
7834
97789
35793
544
63017
51878
32324
45948
57205
59422
59548
50613
65992
58488
37707
51640
77509
43905
9819
42201
90870
23395
69922
26379
37430
87055
2321
85974
37608
85101
52790
44132
286
47328
91324
2648
18429
4059
9958
72332
95261
40541
38493
22394
76277
41258
14317
66686
78546
53849
46755
29959
77818
64603
11054
69862
26463
65911
39922
43563
87648
58653
42207
73628
29763
7256
9947
24684
2364
10896
3033
38433
83042
59166
18895
20090
93906
55258
98395
22141
91288
99886
66323
25807
7800
2519
77400
94176
1532
81356
94172
49827
65970
18576
15912
59273
83097
55427
32416
67565
32975
73221
32282
93075
34186
50224
41755
11815
75830
5518
30682
17162
24930
26662
60617
47960
65671
89295
64931
96097
64514
7637
15453
58200
70244
71792
745
14679
41862
58738
36715
54063
35328
78203
88339
13300
20497
11930
61139
58302
58771
88115
25654
8617
77730
97569
55759
92937
11607
58745
14227
39567
57364
23777
55262
93081
39505
7568
2676
4659
28813
70921
47581
10240
74175
17407
71318
23028
87709
34610
38788
30474
99924
58396
36688
19328
97985
91628
9384
33854
16889
59168
49641
9610
19028
63349
38485
64747
36276
76267
78528
31224
31911
53514
14773
81168
73718
56075
21855
69664
92171
97005
30163
98771
11143
51003
71138
55085
85956
38850
91228
55289
28562
78570
30951
73758
70434
20035
10996
87391
31007
36757
73896
27845
59198
26039
14829
25654
38753
82406
26191
27855
60843
17873
42594
77855
64913
77806
10056
25503
38897
3025
65337
27384
55790
23585
28525
29369
68409
70047
93041
14672
34931
31930
71609
11710
84243
93116
37110
14715
357
66834
19253
84932
99219
82804
6958
91557
11081
12777
21118
70407
14342
23488
85846
23725
58881
9757
92241
93423
29826
50834
66985
24947
31468
18078
84272
671
86512
56658
64687
64931
35972
24069
44135
69291
15318
32091
52024
25405
27574
40051
47047
78393
15231
96003
28062
9893
51083
18841
25303
76751
71548
57515
31117
1661
9343
20730
12278
63184
76473
53052
77372
43910
80070
59271
91879
43662
55711
67518
33070
18547
90075
25051
72078
18904
32362
65829
6667
96866
87148
70300
99866
62936
87268
88061
-1
7069
93968
80511
48734
7377
14086
50820
19859
37648
9554
34821
8976
10933
35690
80857
11566
38819
51228
92808
47835
13985
9124
85132
78277
49611
54474
27943
21994
38400
67437
30940
83890
52600
30505
91358
88565
52910
1059
92600
40459
-1
98708
21275
4710
27811
49054
43922
62455
27433
47701
65791
96263
21115
23549
70303
25918
31197
51646
13172
45230
11215
40103
59871
84736
31301
53656
44572
90701
83187
26517
97513
6880
86241
76078
23147
24500
73995
46029
30371
57143
90769
60789
58134
88177
42081
37092
29460
78975
55815
16575
19701
474
45089
11176
14867
17427
63744
1383
66711
90897
31550
43746
52058
46343
22119
66688
81699
47157
31795
86963
-1
49882
15618
-1
66455
80077
19868
10091
59115
58686
-1
7469
-1
-1
-1
-1
75739
52031
15554
5390
10042
86888
462
5995
8499
83082
87315
37648
86030
55348
97958
41625
63911
71896
58573
31615
44762
14723
53991
98158
72956
9800
1085
-1
35280
7692
46063
61696
61342
-1
-1
30223
13098
96150
73031
1448
41678
56916
69195
39583
47453
50189
19817
61588
98979
-1
37074
-1
-1
-1
-1
9411
28158
15154
72522
7117
60871
19930
33314
91496
50158
4175
359
61136
12247
96599
66057
1613
88147
82199
25145
39540
55386
82408
82261
30860
98257
18309
39372
32411
1160
15255
76755
214
92222
32338
16870
33722
26852
17772
14962
89291
29610
76966
95135
84091
7033
41473
36581
58404
61818
44037
79282
5999
16213
70678
32732
60969
74104
2750
83368
63918
71367
23025
7014
26488
63261
50446
9472
22152
34135
71646
70997
95062
13843
95997
39875
65794
55161
19075
16088
20806
20382
31656
18636
65062
25644
37641
12739
94327
65824
46906
36777
43456
39027
2426
89764
47994
43668
48210
62634
44463
28747
88685
90533
32550
92016
35796
16705
3691
7560
15502
57331
14467
43163
48991
32915
82759
79886
68799
98424
50838
43018
62882
76655
92877
17844
3135
89396
74118
26591
34384
27433
22583
75782
85759
57930
65375
37122
17106
53838
25665
32246
83932
38473
67148
94954
73606
42448
7580
47179
25470
56883
76375
389
24430
29518
83646
81129
46843
54365
81386
87475
9579
25875
41566
50935
59595
82224
34915
22205
65325
47120
41573
89453
15283
86000
-1
15832
84888
89385
87732
75409
84729
98500
36247
19376
3359
20788
48679
64321
15659
60043
57820
12774
77826
58806
87388
64260
87403
70165
81056
9102
75874
8367
96190
39191
31040
79420
35548
63012
23796
10678
5406
32643
43410
40493
75613
1726
11069
92369
43011
35047
68716
43184
60925
97678
41177
93424
42031
26302
9190
76799
9118
62035
41859
22530
40356
9980
47980
49278
37400
1199
36810
6652
46644
2419
7504
64388
37153
9913
-1
67134
89571
-1
-1
47824
1554
78496
8906
60311
74298
82861
53949
74285
-1
-1
-1
91445
28802
70140
-1
60580
48202
-1
92060
74623
72489
-1
18883
-1
85382
-1
76082
80954
-1
29722
26120
88462
84275
90325
41084
78204
89142
60468
-1
-1
-1
-1
-1
-1
-1
-1
1725
-1
-1
17799
7021
17430
87278
60254
90690
22508
92981
88271
80850
24133
23541
19435
52985
27253
80725
11534
22520
96568
92212
55702
50794
82011
23055
22233
92072
58920
73531
51245
97729
8677
21493
31936
70563
47296
35978
70467
7532
64409
44771
41055
29902
5737
779
94639
23928
40885
49718
84534
225
13
88188
54249
96300
34449
62541
53621
46388
1738
84590
86057
93865
90293
66797
71562
35250
24613
57663
44962
163
18425
50828
97977
828
98073
22738
57978
49374
19182
75893
69417
21020
15859
20545
9430
39188
38091
96844
51286
92657
23695
56286
52991
36987
28117
71010
59420
50845
84444
82888
19319
25194
82194
17715
93847
55479
95033
31710
799
52893
78852
83894
28805
48862
67799
1197
43514
74226
99836
54075
29122
29858
57388
15938
58736
30264
31215
73484
51839
31448
93715
39581
92977
-1
87566
54046
91880
-1
40155
-1
-1
-1
13732
85438
29461
88534
24010
77323
41704
32385
26091
41158
40149
78369
22406
10532
6640
97732
47724
24887
95719
96877
55298
94401
25640
5505
31357
12432
93427
70707
59388
48216
7251
10897
22539
14317
39416
27786
59384
92764
99653
6033
81843
54334
5842
45364
61192
49094
63437
62311
78647
2506
55641
39757
36920
75667
99145
25312
7097
20925
87273
12569
55887
30038
69121
20707
31978
9588
60609
60534
46513
32594
97218
45817
30549
75428
44669
3509
37543
68874
21331
21239
14130
53389
75228
7120
96278
98764
86722
18440
78866
37220
40279
58316
22082
18296
99494
65296
65107
76994
55483
9369
12904
31627
74318
74036
2760
41161
73985
88042
49642
93035
48415
71972
77743
30637
-1
73676
65595
49243
93856
19478
-1
-1
-1
-1
96008
-1
-1
-1
50751
-1
88585
-1
72902
15722
52974
89079
-1
-1
-1
5974
-1
-1
-1
26067
26853
83149
34984
35154
4923
96462
51187
9928
19308
96623
39594
8997
-1
-1
-1
-1
46640
94099
-1
-1
-1
48210
64288
94957
9831
80232
-1
-1
-1
-1
78351
43557
88621
14308
22542
6171
25620
82223
89287
41878
84837
2671
17964
79773
12610
62892
44704
36414
27226
43593
65415
5235
20538
35090
24518
73338
92422
81361
86993
62021
19164
70699
15445
57654
54919
19731
82835
-1
44343
89512
94382
4382
97510
1178
30277
97430
34791
79124
88320
54328
88810
85159
53707
2584
64261
34655
75909
5454
83935
91968
17738
91211
74951
28668
15762
73052
80918
24225
7480
65312
74709
19474
66578
22114
27732
36947
8560
10271
46982
76085
20492
7337
16665
62018
20049
43896
68650
42274
86877
75439
94358
69898
8224
46844
74863
38206
63323
2442
7866
88261
99618
82497
40657
71280
69082
3694
5222
99453
35600
94124
73856
16002
56303
5913
22161
62009
14863
59705
75306
37179
9744
60359
35559
11964
94187
80786
57210
89344
96819
96938
83985
12736
88390
35426
24788
6550
77152
95166
53073
9379
15988
50329
78026
81341
79842
98003
34963
89787
1192
32684
53018
57715
94773
68958
57770
81226
52509
78092
24665
30793
10037
4607
20499
5535
29586
63803
86473
55068
81783
99467
27366
14548
90429
30970
57243
39631
79660
24334
2507
64607
75349
86687
13922
58709
14335
59564
59732
35144
10746
91381
42020
30072
99385
49830
24361
54836
52825
41019
15821
54499
39980
34854
38270
2860
78356
57390
52213
57784
79950
1910
50927
76198
94346
11075
99399
8948
77605
11547
36842
25466
53362
48675
34337
53594
51554
85271
53225
52571
51321
99998
80186
81747
22369
91255
47785
81687
67070
19604
9583
28069
98010
28336
97423
88851
15025
83848
54020
3866
77076
72156
18920
74811
748
76859
96691
64868
5373
73653
85304
2714
43663
71872
22422
84435
9056
96828
61606
33084
38230
63326
75403
15307
40576
79575
8112
79802
17872
19756
39824
21984
39102
55239
66781
67550
39554
85599
30292
84875
74039
65017
54165
25800
93031
13151
74106
19021
49652
63568
11062
44621
46180
47054
2807
9368
46532
8941
82803
43810
48641
24506
74592
94080
16405
25900
79604
2360
86621
54159
9827
57820
55981
61319
10692
90134
96773
89317
84741
38727
74782
53460
49719
89199
61100
91712
60439
51099
81550
13052
67378
69923
11783
896
61260
8308
62818
73122
54052
57431
795
77017
32391
46020
85744
40876
3950
29455
66477
54464
30091
48311
36894
40726
56623
96310
99016
75985
54268
6823
53385
96533
16702
54662
45433
83548
17435
46667
92737
92684
4149
9118
86349
98306
5063
58043
72719
95719
47411
16930
25631
48373
95811
87756
46432
53260
88326
61891
45809
45194
14513
67480
68378
16552
6821
20670
78602
70701
29840
4127
25798
69163
23164
57956
34212
66596
31637
90483
83949
25200
40535
67560
35981
89194
8482
22745
86096
56530
63662
3534
87107
6619
97259
75557
61619
88999
62663
22362
53059
47975
96074
71310
79049
1692
55426
86213
24209
90897
26662
11369
78521
14602
73987
69222
32202
29270
24935
8827
50864
49543
23751
25398
95158
26799
56288
66994
1265
73450
89885
26251
95403
15027
84781
69749
43440
25895
75614
11452
64368
86747
161
74722
6124
11223
67215
22834
15541
93391
68912
55184
22393
25524
83986
26595
76611
79440
4658
57660
23248
42101
10898
22020
88623
83936
99400
39387
37651
26678
88788
57578
59235
84335
45782
48032
72412
85915
57869
63404
95766
95776
59733
281
30202
22163
7100
6766
94496
52821
36367
57504
63034
99822
92726
87946
98241
92630
71170
33255
44096
10525
92569
15635
13406
96025
50440
70252
74636
67913
47658
5259
48963
94899
81674
58583
31693
38876
25155
53494
14066
68964
24066
40213
31076
51551
54230
59733
17525
4744
91990
62244
45613
91599
61268
65744
34726
14431
1674
38768
23182
22619
80427
25663
82908
69808
29941
64489
98998
99771
74794
238
62740
52981
51703
92743
38207
91347
50312
80238
84997
3507
8506
22363
69851
21175
53908
17951
42440
98261
87247
81910
36656
5564
22951
31458
64081
26101
79170
44790
24133
21919
73988
98320
1223
7468
23757
61010
64042
5093
46782
28764
12089
83931
94134
8840
4303
32931
85154
87446
7628
87982
23707
72871
58518
5462
57238
5773
33341
88297
39868
47642
65900
77596
94155
24493
26642
17954
46306
40464
13382
404
22864
89819
80428
56340
96014
81587
90195
78941
4875
7131
70928
36357
13505
91315
41214
82556
19632
18732
73482
99853
24326
92060
23641
57842
83874
62153
15624
41037
43481
49146
39449
93113
72851
75974
27142
92970
3120
16671
-1
36632
-1
98924
42663
24463
85402
64575
-1
-1
-1
67856
92134
29301
-1
87182
-1
-1
18414
-1
39473
-1
31583
72221
75469
20969
1278
32461
30003
57139
99180
94601
-1
83271
-1
33049
70522
22059
80708
10230
27122
19152
88718
90524
18920
72062
84403
-1
23866
21456
60533
-1
-1
-1
-1
30592
12244
90502
29387
65336
64171
57133
42992
55903
35794
72271
76336
80958
52999
62848
35353
75384
36914
52031
20643
59419
33591
48453
83919
55919
13266
86240
33168
65506
2053
11285
59975
21562
14774
6498
98090
-1
-1
-1
68755
59692
-1
-1
91020
21927
21795
44989
50382
34780
66898
97356
71235
93163
29901
11318
67321
21195
34173
45963
63244
10411
67974
-1
70676
37627
-1
86595
39867
40440
2233
72467
-1
-1
-1
85650
84895
-1
-1
20631
18238
20589
78093
922
1025
73692
67407
3894
-1
-1
-1
81511
52407
45069
27850
49027
85756
66021
69087
44898
45152
44046
13563
16906
41570
95433
77852
97343
19691
88634
33215
57122
95846
22160
60469
29096
71259
91447
41153
13766
74969
-1
73311
-1
35173
59949
76998
50661
47981
95653
81427
1027
779
59936
49662
18730
6082
-1
82642
56442
1454
47572
71939
94692
47919
12740
67581
45185
36031
91492
18584
90545
53474
48465
93494
56251
14316
98034
23484
17182
4098
23709
49876
7191
80909
63020
9392
18228
52077
44201
96314
22034
62578
36895
40672
94757
90430
60871
88981
24540
36427
48565
68530
18847
43373
12819
1772
5179
95195
5973
-1
-1
25587
96300
25536
75620
60632
15740
94031
55571
2927
40843
33278
20898
37644
92902
53053
76511
4152
-1
2763
-1
69125
65249
42292
-1
-1
-1
9221
-1
-1
-1
60838
98034
21303
67158
21228
22296
50767
86623
45470
62818
-1
75886
1598
36265
-1
18517
52472
64019
45740
49369
49698
76357
72610
20096
56313
69825
23963
4889
74100
49110
66826
11051
81007
31991
81660
95213
55128
7380
94027
48054
61128
85641
32328
84600
93191
72918
78292
44126
17025
25555
28272
3647
8325
87112
79837
45317
57493
-1
56759
54457
33730
10873
30881
55703
73497
13965
3269
11677
97735
69346
57892
30913
17372
56692
65744
34739
86253
38505
57507
67390
65166
14739
96514
44950
17454
65592
28713
26301
4381
76528
72015
75773
32731
36898
55371
89265
5233
90643
9102
59346
42033
86918
46847
86480
5488
11932
4560
76514
4328
40944
495
61262
96700
52669
58692
69683
65335
58330
24269
94880
16141
98048
34687
72378
85190
65478
9719
58093
79891
31356
57422
72661
10159
47232
30645
49636
9280
44768
99442
51071
75021
87615
10312
41871
86192
22109
97890
55229
5905
52054
42210
8516
6400
51034
63742
61188
83693
73419
50860
36203
56068
31909
1395
83380
70903
52915
63742
13005
37084
35173
43010
20139
62812
94070
48589
99638
30286
82316
94668
87704
28779
3474
90
35455
27066
14276
41599
61830
97985
71196
46468
43666
75336
39350
63552
30126
92267
14388
58956
3555
51415
10589
45161
80059
53895
3736
72252
50702
26667
80843
28452
68497
52799
34955
24827
50916
17703
2604
5890
64527
79197
63733
77681
66244
41601
83435
71834
97642
26103
74861
83334
90722
22995
88341
1076
94245
11636
71857
23445
17201
447
19473
41961
38224
20353
91765
36561
835
30995
99838
49799
92276
42891
86657
52996
5076
86770
56845
13339
81790
78124
61063
54043
11241
75092
1160
33398
20139
27212
30851
25943
9709
56279
41307
6338
79211
42026
4385
69912
99193
91217
95856
10191
93627
13665
28566
35936
93753
36610
91377
91905
53730
36531
57497