-1
-1
67263
25371
924
46771
60011
37573
99869
41329
69511
67540
66617
90647
83637
97129
-1
60145
-1
-1
-1
33046
84975
63166
98537
72242
60908
43560
3615
59413
96273
19801
95377
91874
32716
74144
20235
51311
27099
43627
7471
26910
56029
97909
22710
47315
77763
13663
73739
31544
4163
-1
8279
83700
37527
40522
31486
82174
107
95705
3751
58497
60770
72717
90284
41890
7532
8937
30378
796
12321
44623
60918
49577
14820
72507
92833
73008
78672
83866
90066
48069
57683
70984
25883
46218
17526
68150
36714
75707
98039
57857
7662
72750
60408
58927
10265
61310
9167
57773
8219
77054
92134
31613
5856
59940
22434
85270
91064
84007
34301
87617
61326
87229
75528
-1
84730
62423
52552
-1
73203
5227
80888
36167
75028
7388
61785
92923
92972
33317
21745
36130
45508
26972
38889
22716
64211
9885
70729
27115
41229
50524
4298
24974
43026
69601
33944
65326
38875
90640
24908
94484
72246
76090
29281
66039
54598
13391
28738
33237
47367
9087
64180
96981
11396
83821
30231
60795
49114
51855
54082
7895
90101
62819
26044
44634
76887
76469
12752
1440
15017
31469
50768
23600
73563
90861
26031
34727
5517
82983
52536
13083
92846
28116
38545
90246
9209
15653
16899
60398
72256
20416
78493
30743
89581
72474
22246
36005
62798
34890
48422
86040
41463
23858
131
79400
40188
24592
60301
45807
41956
69316
71745
8988
43263
49498
6701
9750
7662
12066
3817
91948
18694
39865
17304
13372
9294
19060
76171
9183
74153
53741
47979
20252
87959
64745
10375
32945
78640
78113
29637
52039
70360
85184
35351
43189
48921
65618
94930
59566
35950
43535
70540
-1
10541
71032
9007
77366
41696
65171
36731
-1
-1
75524
-1
76172
34886
31556
27865
92291
5798
-1
-1
77521
-1
65593
81021
-1
20290
44188
95215
-1
-1
82005
2322
73315
-1
75737
48875
92248
21766
93777
50762
50517
-1
53291
74690
-1
-1
-1
21316
-1
25956
31982
-1
-1
-1
51563
-1
19157
-1
12170
84522
61512
40181
42719
19922
32720
60895
15776
72049
7870
77912
30141
85234
25906
37380
78394
8437
55441
85750
41552
40233
18294
56690
82011
9194
52847
34852
11206
26643
99716
82273
83637
86473
83340
16477
63750
94788
47007
54502
51258
31205
39181
84903
35255
89027
40093
24103
76604
51088
50431
77085
66645
23707
69329
29787
14198
61383
28481
89627
54817
2916
98086
50015
7426
48109
36498
12387
47109
98389
83425
55418
57304
71094
10211
38376
35671
22107
90849
12155
42300
70196
60280
61551
23942
29162
31712
72580
18465
24264
97031
12911
46933
82366
51253
41555
63025
94810
29231
67913
24012
86235
40559
37642
42288
35522
13285
80334
86340
7964
4207
39755
98450
57588
43019
83447
20418
29790
53491
98699
65141
94410
64570
33444
75103
83702
37856
64286
158
31683
16972
96354
66562
34201
47443
99115
49666
16544
69360
15951
9116
1240
56255
19109
14161
98604
96599
85710
55901
85210
75781
3514
638
46073
37875
2464
84486
61688
24781
91836
36640
9195
33786
4627
79355
89789
85690
10952
52861
85648
19382
99223
78667
62759
66145
91002
0
97376
10368
61576
228
58196
20115
17789
26398
35844
14189
5256
40816
37022
1468
20097
34965
45692
16012
74494
8167
-1
25591
87828
47482
17181
56729
75483
14767
26273
62540
14793
56837
55303
23259
16823
32045
99016
-1
-1
51323
70040
59556
16973
3222
99573
64102
65750
97526
38734
15971
90156
89980
2728
23516
83648
75085
49640
22587
92918
3208
50236
42796
92655
71185
5461
17155
18626
81775
23610
48976
9366
86686
29722
92801
26989
7103
8790
23818
31301
19486
11402
5752
2455
37174
60055
40994
76081
42178
65007
59953
39688
45695
71216
88195
16284
59503
93145
20692
11459
18002
68585
29874
87321
15067
85705
19803
19906
34236
55283
6336
80349
55267
23982
39903
91421
97487
44623
64762
8497
6949
50778
30534
83395
73470
57803
54570
82190
17766
41867
84173
55814
92281
31930
30932
72867
76003
28194
65058
4497
67920
33545
97219
80472
21187
67726
36328
24713
69441
65911
94941
74294
58778
14748
8642
24606
81453
-1
-1
34000
14447
18983
60663
42947
78223
41930
28445
2626
1494
45609
50786
85874
8043
71138
75357
-1
-1
46314
14176
50825
74533
72608
30514
79486
11702
17
63345
25324
10969
96571
24314
3364
72049
17157
33486
-1
61843
21682
-1
-1
23865
87858
80862
32641
48800
45461
53522
6640
16511
24497
3760
21333
61947
35825
61655
6058
-1
-1
-1
-1
-1
-1
69847
61387
99324
71781
99552
39043
92843
-1
-1
27175
12458
-1
39399
-1
14802
92922
32136
44048
45270
43105
93682
61347
2240
80477
88360
64113
3958
25339
18757
5960
91161
85215
86157
19952
-1
-1
347
21585
27883
96912
91787
85779
72139
60056
37545
2577
58898
73490
30131
87617
67660
62647
23485
14990
61701
22903
75832
66301
58021
92052
89787
559
64011
53121
79597
38429
14764
20856
40797
39215
55613
65712
95035
951
98017
13112
56765
15229
79256
11852
72350
77178
35193
23155
74702
68358
54130
9740
53544
86594
29919
71773
58129
34905
5301
52893
84211
1056
37178
42536
28
89808
45584
81524
97706
11719
66351
42358
59698
98580
22538
55960
67864
90473
2935
75084
33367
1045
-1
-1
-1
-1
-1
-1
52073
46769
67134
17526
62614
93611
34732
29689
6201
51701
79536
-1
16426
54805
-1
-1
-1
-1
60705
-1
86146
15186
11421
61199
16299
48182
50894
35074
26479
17
82255
98518
91305
18550
53885
97763
71383
63064
37465
25640
11924
25713
15806
25301
16911
20336
27511
91904
8789
31441
85957
47692
10745
45498
6783
50477
40972
80458
97823
39118
63716
71767
53655
66836
68714
50391
61112
3552
41750
76730
61679
56305
43710
16219
93911
81492
82799
85865
67036
98074
75036
59179
45135
35527
86269
5870
60259
66389
63144
38004
97816
20299
11480
67074
34845
55306
18308
14625
51963
46231
48907
62346
94668
66550
24164
54301
62562
22015
101
20728
6452
27034
65941
53220
8771
45031
53892
96968
46617
3910
22725
82844
28440
99118
65042
50590
98544
49997
97204
42335
81331
82458
76256
81240
45509
16010
73649
46690
62970
11452
57787
53761
70352
84422
73466
42987
59035
6428
14964
98623
5985
74110
14470
4491
87772
76938
70160
28423
75148
90479
98269
58024
50751
10188
32452
39100
51865
63335

