97242
50848
56794
59670
59619
4472
24556
10396
7645
2582
11410
50012
55252
71992
15046
98176
98636
4101
50611
88375
5862
60708
62588
62061
88602
61377
46248
94598
76811
41294
39044
36959
-1
-1
9649
27719
7269
35224
26319
39993
89427
55812
97992
59160
7630
23779
12391
2200
3011
30603
73126
8691
420
78792
33573
65786
19116
99517
10956
6850
93069
26459
85285
74707
87036
56955
11006
89179
29250
44301
69124
98776
68575
75299
41003
72713
56566
5249
34942
36805
39891
79059
19686
74374
69128
87095
78728
28339
93623
18756
65760
44190
23891
76534
56112
74884
7419
88646
33594
32011
8382
15397
21288
56742
79055
93585
20371
13715
5701
54266
33414
3216
82968
36268
74747
46852
29490
78530
94142
81273
19006
50947
55614
29120
94152
42525
73719
13508
86391
55825
36585
89671
60927
49832
57249
73887
66863
16721
26360
2102
39591
78183
45101
54134
64652
10716
7559
12192
54626
78167
10773
84138
25405
14922
74735
14411
39052
19772
60246
47856
67234
8812
77151
39212
78761
90930
56699
78319
16119
3877
74687
85864
47336
68460
14207
35509
74823
33203
60005
91386
-1
96819
52811
28988
66654
91026
53770
34962
77720
6063
56662
96132
84762
94462
88062
-1
26322
1083
18281
23029
-1
-1
46208
-1
6876
61942
6248
43114
35032
20132
-1
-1
92477
55255
77948
-1
-1
56915
39525
87713
11176
51542
66928
-1
26573
-1
90882
42051
6654
26805
88536
-1
-1
-1
-1
25138
55263
90042
76402
19336
16723
72881
88947
31411
33286
49692
45686
7584
-1
-1
-1
55012
62207
-1
94339
-1
-1
13003
53933
-1
-1
62614
93442
29345
85846
74573
26399
85712
33055
42061
61892
69730
55909
60432
19064
49767
26074
18527
86039
37646
61233
15933
32090
17383
42084
52737
48390
7463
49638
64401
24138
40938
60951
33141
20273
3683
22904
47466
16770
25447
24752
62348
36637
9866
82813
23950
19645
89395
79623
60726
76602
37337
54563
25074
59145
1857
71495
31055
31634
63251
84691
91444
16876
45821
22621
10066
61862
87222
16275
65097
97920
92863
56213
70606
53291
48621
81239
11542
19326
79400
66957
21637
92918
14236
96755
49775
38162
57789
11563
82440
74479
18239
77558
75244
58601
74319
96633
69392
34682
70558
11225
76222
12174
92194
68792
70892
80122
49175
29857
63294
15740
18995
90396
72742
68655
7887
69674
69572
13222
38766
62492
53511
89622
81458
42546
33751
77857
89052
92174
61405
82654
63199
5358
78955
22344
52084
42976
50805
66610
45863
82914
7067
59545
22300
32040
20192
16178
52264
59792
50404
99931
49643
81231
3745
8362
80474
69416
22687
34106
98013
20129
19977
1659
40103
19424
14976
75449
85071
85236
5012
22925
36706
63344
9040
10488
53825
77656
84015
68295
93962
75452
61775
77583
61121
77567
24301
39465
5067
64143
90373
76379
66260
51138
87012
51926
73784
50193
82230
4732
80569
8263
58406
7330
80460
3083
84460
42091
65502
68373
98982
95662
77940
42170
81997
94452
52259
43348
29007
96176
89050
62486
63258
30324
13137
72246
92996
17486
48127
0
48146
98878
16234
26955
8398
13822
51717
96279
93276
78960
73002
96340
63840
10907
29122
63290
96103
88868
14740
22340
22477
18497
68966
50530
63147
93698
17563
99498
67774
91311
61079
49497
13906
75836
92223
73038
38160
9502
46327
26273
76788
41691
80203
69858
83384
91658
3284
78677
99918
80094
66124
84292
53008
63190
23378
98593
83969
97771
93062
45576
56018
73479
60962
82803
12768
73289
35289
99824
4028
67285
49993
95157
1551
80447
42171
8275
52393
1085
44328
72960
98888
6043
86557
70555
24735
58323
45171
52586
48750
81864
78856
44831
26924
17243
61759
8200
91250
16341
24087
23966
54805
99931
70566
14633
95925
45041
29577
7403
74177
67001
60245
53260
78565
24924
79148
99776
73623
65919
41305
87475
65877
6938
81802
81946
46884
47326
40907
682
54876
90802
31269
87125
25536
34364
56852
39838
42914
31524
14408
45183
12570
72142
40241
71984
74601
13136
52319
71222
61247
21266
71870
90049
48403
71268
87248
69141
28376
32846
15010
87020
37868
49083
78168
74257
48147
97847
62604
26416
27863
78966
81405
94009
77329
41815
37763
31993
49733
54349
19783
27910
88520
10105
37087
14907
59664
90855
2128
2897
17881
13416
6256
35181
62568
31480
92593
50645
88626
20365
10992
20353
28272
22706
88273
33928
99287
15756
68393
96834
83854
34354
78541
87686
5476
85562
57533
48725
62744
84764
11072
37841
6855
90469
79337
59595
674
45263
10254
52906
49080
60633
80410
88087
83246
49457
98222
89634
34363
76248
61839
20743
30158
82377
83602
62782
98204
47229
44410
45524
97095
38626
83398
64496
90732
96988
46241
29255
67322
41974
80651
84520
76886
80624
72512
98958
6132
60186
25446
5914
93215
60948
62325
49499
22287
83125
92902
76891
19662
18928
46237
1840
81777
84343
7366
53700
69549
69854
8366
99015
96504
16900
57985
10222
62088
21246
42954
37427
73983
27997
24383
80186
28583
72634
44004
71697
43344
95590
19682
72229
49337
17158
68847
85614
87119
55646
73489
99989
3612
39643
7424
64835
60999
48118
23269
75276
88837
92028
28099
31499
36588
73890
44689
96235
21887
82698
34050
40639
19001
93126
91166
30516
28159
93432
95527
70923
47729
97700
77054
20446
82975
81875
40538
24749
29781
57542
30837
43586
84816
10889
16491
54885
61800
83793
19007
45607
33069
63824
46492
9268
59848
77393
15368
75031
9928
20662
40844
73427
1066
95236
90222
78581
88459
43320
35820
40026
89997
94095
33913
3295
59045
13558
10309
73891
10677
1442
45140
94613
79412
45501
54470
72801
76604
53816
59781
74040
59201
36923
22970
60708
70481
49841
30361
30585
79479
8148
12265
32551
37207
98834
53160
47045
85331
92063
83589
67265
53497
69125
21818
65439
13827
6424
85281
57519
61650
2512
40988
22063
55245
3749
63886
19455
48212
16882
34681
85792
34560
31752
6478
72286
93407
4900
27879
73636
6856
10216
89089
52574
23627
43396
45346
76598
34437
45789
22935
22339
7673
60699
39413
33835
77976
79873
42496
41859
43375
97378
37861
25622
14357
77829
56044
52728
7729
18511
72941
75581
88350
62353
4869
52488
71412
9223
55683
74755
46415
41160
35986
57943
60046
7478
81577
24418
90699
38682
23891
93075
94598
90105
12851
70939
58049
30829
54294
3265
81147
9140
60474
38531
-1
-1
-1
78563
-1
-1
31194
24160
47994
93374
-1
-1
15181
-1
-1
-1
51789
97837
11665
21997
50062
22340
66896
94827
72618
69845
3650
3501
12386
10846
51612
16967
47998
5557
91007
71436
56317
60425
48240
13766
30400
87814
53774
75425
93572
41532
63198
69242
82199
12292
-1
363
73812
48535
73612
91229
11430
-1
71061
5243
14496
12538
85508
74508
10664
33724
93719
80945
77627
92090
25811
33418
23702
67551
28931
53625
44276
82102
93
51087
10937
64742
87286
96087
67731
12964
67871
25873
55513
23671
91450
10728
63053
89178
99423
53036
25866
56677
42517
68320
44292
83965
27209
17771
47806
37462
92450
36728
47039
8115
63546
68825
35652
72639
2341
49009
66311
75811
43402
56626
82375
76773
81486
173
4957
72921
17489
36636
34367
60746
14603
40986
56251
22643
42923
1343
5317
85759
26179
84393
59277
86556
33708
93980
75630
95214
13718
2821
93522
98224
28085
12240
93112
18376
74093
74935
91748
62847
99554
87158
72838
25377
11996
54561
56898
43663
32612
36523
54135
69967
88820
21486
50042
30279
87792
1527
87376
12093
45052
52464
80316
53018
36734
88712
59509
14660
96641
41373
95871
90850
17282
37202
36949
35093
30591
60850
63999
51120
32486
74543
94413
99477
94735
23443
37966
31622
96556
14364
40802
20124
53855
35092
77792
18778
89436
33044
56634
92959
34075
96358
381
2950
54960
47832
90253
17507
8931
31884
18053
91557
44545
30138
32111
50394
78795
664
27888
38160
28361
33474
28642
93876
55610
34762
18037
70202
57460
14731
70519
58346
97059
61245
10940
17566
35793
73591
70220
3420
94334
26654
64623
67636
32190
89923
24465
62296
78440
32078
61096
93215
99357
43986
3048
32101
10809
99806
26844
92852
84606
69084
19583
29778
55689
57733
94080
68332
84391
96077
45150
65605
2430
17289
20979
29735
98591
7618
53280
69780
67279
18376
2549
43700
23803
41285
60055
27902
43075
2848
77615
46327
7172
35236
46669
35260
70060
12885
34564
30773
67017
46228
20195
74741
46680
14968
5286
26915
13363
69582
44329
32955
38790
1820
34626
10005
59408
21953
62062
32001
5566
85145
77385
73590
44444
5419
76053
58806
20191
82909
81652
37423
65342
74290
98507
15260
42194
9482
-1
39245
11774
15536
73577
68525
39340
72742
92063
69122
77846
62345
57386
61899
30015
32874
12142
96303
72199
78903
83929
10496
34337
83612
7949
20300
53813
28821
85263
7866
73731
30440
96630
94276
90312
5558
60857
42723
15481
91973
18056
29600
54758
27351
77355
27676
7371
8953
94513
71539
70784
23890
71643
60408
63645
52578
2814
89615
29309
43603
28375
51592
18688
42306
51810
52131
16566
10913
72596
52503
1419
26708
43848
41310
1195
85354
65128
11855
86601
47847
368
48385
37045
11253
17273
84785
90935
87331
58266
79585
280
26572
80342
50076
43739
21862
14357
70373
96913
71387
89710
58245
43946
10192
35401
47862
66846
44477
94618
77217
47669
86595
41373
6462
37784
49031
30912
12620
84316
19460
46938
22968
63220
21936
57015
78477
90312
20113
45404
53862
49571
80605
53709
97028
80558
83726
14715
62935
30160
48674
30199
1495
32337
55596
67494
93589
1900
50092
45130
40201
2594
42204
62762
45633
83025
72612
41815
228
53881
61799
44209
79070
88425
16679
72214
69258
23372
41568
56012
3410
20084
63471
89943
47274
34893
17986
97773
82596
68197
92351
19822
11104
59229
78863
62760
69903
42192
20038
54244
80000
95494
32550
47074
59688
58733
11446
11991
93164
99864
91779
59024
80925
71868
53951
89055
25725
3958
93746
44188
39304
40802
43859
46482
16143
36876
86799
18307
92618
910
10325
86866
91665
91758
4525
66434
80163
15663
37275
38141
96406
30981
16801
41936
48344
98898
66764
24908
98290
64013
60984
19154
20610
61047
30325
29210
16008
160
29990
55671
14664
45707
98020
93211
74632
46745
89108
93955
64729
22771
71742
71702
4237
22975
27437
55708
35792
47313
61783
80916
89194
16635
33257
31321
72680
3496
87927
55221
51813
23094
12986
18365
41440
6455
29392
84696
65769
25219
4209
944
13143
89258
37516
16504
14065
78353
37113
34253
83370
80070
63751
92284
67835
56442
71570
49686
43692
11962
19497
42244
6569
49294
18904
73364
78043
16400
28722
6969
73625
61010
7785
12975
56340
4347
66755
64070
1907
58992
57960
84782
12449
91396
59715
38795
8067
48226
72037
82103
95815
72779
78761
29140
81789
50997
30827
82672
69378
20443
79218
12703
66155
90057
35910
25785
40013
51084
97720
82687
51526
25711
49448
9397
64143
18547
26696
6686
17795
64218
38595
50192
95693
4916
4563
32640
1502
12412
57193
44922
523
80324
85770
24651
10852
47536
85509
34928
27288
73356
98854
75533
64384
18664
7958
96009
69251
39253
27754
61327
57069
35447
75293
48477
1945
83008
90260
7610
23753
28971
11182
17380
99406
58206
19055
281
92879
13757
12577
25157
1487
61197
24595
11025
32667
33720
90947
90056
88801
56308
20843
48869
23753
18873
78265
72213
4543
72563
76578
95729
57369
73595
40950
57948
77540
21183
75605
9525
27157
39048
24002
20522
29813
94865
74386
79026
45064
33312
79636
88264
43330
40025
89156
35661
20770
94889
70228
71210
33971
87295
74644
45832
50290
68878
41426
63006
3184
48996
49147
32762
23632
47979
46400
91112
89374
3402
38583
44914
80487
4800
98092
617
7270
46224
45191
23700
41541
95631
5686
92016
16113
7703
2135
52031
19319
35937
97670
49105
92297
67187
73402
73625
48369
21945
29184
52617
55462
36017
39210
51406
1527
13340
34654
66607
88646
43350
32491
82343
80108
83932
6911
33985
8487
81778
44430
14974
94691
71464
85150
83410
475
62581
47169
88296
59060
32554
99728
77807
87693
48653
7465
91413
58974
16057
81299
17593
17848
34687
87004
31809
44470
59143
38189
24571
24962
87695
73613
27670
6347
14809
8540
54889
46468
26077
41867
81907
84544
15992
92640
16074
46219
48914
74016
31522
34164
20999
16737
65870
77003
24732
4831
42007
63795
56822
54443
39582
11517
2484
93196
85157
21787
30274
74623
14817
98927
97500
49365
48289
77791
21213
7443
52137
25167
26231
6320
2823
32130
59616
52140
84974
9149
76493
68926
16657
66007
30054
15386
53403
52391
58561
43695
67556
58557
94923
53456
5100
7116
57219
44159
36921
20871
22062
37642
39382
22086
48953
22198
23811
95344
84928
45667
92568
13800
45837
39045
73466
91110
12779
56103
69515
71211
57367
79541
82814
48958
89833
2210
98210
17203
25123
73334
38592
57602
97052
2129
86768
16130
37399
64271
85623
59449
4974
24251
49358
90654
76393
45476
64571
17456
