36143
27915
32781
20042
26786
33929
95127
5275
41560
52596
9512
38592
49067
59904
-1
54960
-1
56172
81463
10319
17632
77223
86509
38640
63476
18906
36983
69557
17149
31230
15106
93107
82869
31623
92184
86341
71798
46762
91060
64186
20455
85326
6349
88079
20450
36874
63755
18632
60646
34643
14320
42117
95647
63065
57671
41035
33223
23688
30207
82137
28727
94369
45414
71199
13013
10676
36377
62766
68175
3721
55179
61172
11177
46164
9114
56820
30197
33982
69199
30763
70615
82135
85209
21205
34889
99553
83716
99049
48868
34792
34411
26112
43950
82747
23792
67310
99165
32817
20519
93204
63790
72366
85816
49692
55743
69005
22402
12463
92360
13950
2053
30485
79802
13420
62989
64151
39082
9405
86451
89383
68931
76339
58054
76009
60949
23405
58717
36813
67292
86606
83559
42553
3381
53172
63951
94825
67613
63065
80310
9673
3961
91701
77673
51882
76446
49382
94991
96040
79023
16415
44271
69750
26744
83212
84398
65591
50247
23353
72378
53135
76875
17638
11899
19129
29042
8032
98306
64461
77503
54958
80227
83900
28097
18802
74146
76383
73756
91954
15806
59557
94349
23047
20575
94726
4402
42349
75059
51088
52001
44023
19898
78288
99793
39517
40246
39858
50681
22137
74286
81820
92067
13297
64217
65347
51739
8417
54423
74675
36657
46217
19580
83916
83510
67177
73968
95383
82983
44570
76574
35783
45875
34198
94268
82331
55444
10149
21158
41777
42219
37884
58781
69965
24351
42834
39148
33498
87635
7707
62345
73023
7588
50031
84900
30582
12463
14641
30070
96053
12362
67210
60471
17859
56510
74361
32837
55757
28666
3047
4666
26318
86305
18863
73840
67636
13258
14584
73711
19447
810
63872
49375
90047
37942
55393
96299
53352
70114
92117
56618
53335
9545
47824
95290
79524
11880
74898
41874
17669
12824
75746
87549
62947
43527
4456
46370
9749
37135
24706
27234
4194
22283
50542
4648
14147
91943
14105
58607
10453
33841
61204
21334
91533
41351
87004
1818
69961
69957
32806
72680
41434
49230
52529
29527
78225
62779
56241
83713
60921
83693
15326
24044
50611
54943
25806
73094
10723
37518
29153
23178
46614
10165
86865
78133
58114
98072
53712
15364
70128
26268
85013
85521
39336
50779
68185
62462
63852
90781
60221
67738
94168
89902
44435
56984
53199
20014
76530
21143
77160
13779
40377
24484
32229
18488
69324
34194
76203
11296
40078
20808
97594
41799
75086
16622
47317
56314
63231
33467
85546
51245
28558
4214
31130
24985
63247
37292
81087
98807
92177
25751
81885
71511
40916
27429
5421
42769
5464
97216
99780
93354
73934
79522
34544
79162
36949
13675
56014
14195
56467
74420
75157
66266
73669
72521
61837
21759
72532
40839
43932
44045
99972
77136
26798
93145
46440
14164
11879
4834
73342
4003
92081
9146
18836
86956
65834
79582
15254
28566
45288
94927
15350
61266
98807
39571
42149
4625
36174
99058
94762
63510
32425
63404
43903
68248
53911
47241
71432
14219
35393
34213
93345
13615
46929
3506
37581
91377
81509
39330
16362
70351
51031
41011
85356
10424
21877
6990
95163
91724
53625
25661
28623
7334
6180
23038
72761
34923
12006
23517
45374
9944
82247
74731
96353
36373
32987
81587
63521
45729
66052
11876
5103
54019
36229
3078
25557
72209
90790
26074
29185
83064
3625
65687
37885
58747
63345
50318
55658
84896
72241
48918
36519
6026
26726
72524
92212
94538
79238
53074
83033
79124
41282
15927
39349
90717
87966
8062
26043
14770
79200
80
93239
82986
50499
3649
63223
1399
39017
59799
79639
27327
82624
56167
28198
77534
23598
14887
12923
8787
3143
27311
82646
172
22467
74131
48189
36487
60046
58243
51624
61303
97719
49981
77757
46757
69307
25755
40426
93090
19153
89587
23302
89386
11899
69520
42783
19300
18676
19891
84847
33583
19422
91760
9622
22398
28989
4720
94433
23175
25369
9107
78084
15329
98910
32253
48315
64251
28269
47721
40556
1555
12105
26643
80312
13860
963
20123
94963
53323
62407
43448
18034
96101
59702
63228
35499
32911
64144
25849
74169
20239
89734
94246
87335
76769
23773
96809
55575
64785
98140
84559
52748
72440
33883
83096
46285
42841
62857
85322
33448
54863
99297
72227
13596
41752
26002
36983
72728
66913
50740
82581
45181
9888
53830
18226
61514
71464
54011
27644
42878
72165
4677
51319
56681
46743
14449
1167
12021
96935
65506
86207
46731
3915
679
20647
40616
46093
61354
21666
37147
79693
25376
53789
83883
99727
51033
55563
89882
1858
95398
47797
52675
42339
53168
74751
90354
92237
19049
82859
66082
7768
46007
41457
12738
24199
18455
51855
16055
26058
29927
77193
75522
14685
50069
8287
45052
5974
11342
78207
33050
4541
85692
90711
42099
80839
18350
13404
32467
53293
31816
98220
26284
52939
77152
70700
41618
35286
93305
54111
2007
28998
97109
58295
47857
80248
18446
54914
84428
35672
18727
1973
38934
53840
27467
25214
54775
95710
1141
31262
32432
72490
72954
624
95967
14403
97786
89371
6252
30794
22900
9237
2297
22287
26483
62618
9010
94128
90408
54557
71281
69916
74235
42583
38183
10094
83999
40156
52498
16242
85666
84081
6784
44164
8122
59897
73953
11030
39125
35540
43262
41175
19936
15716
70530
39370
13838
88238
2761
65922
5582
27377
56486
24215
42982
70389
68862
39951
47764
93613
6732
7592
24249
88636
37612
32702
57353
82414
319
35643
70531
75123
23042
33485
47635
47927
29719
88231
38150
40610
28747
30304
86538
85513
40100
14932
12144
36310
44795
36976
86416
52751
15898
14336
67033
40353
97689
31963
36219
18956
95489
70417
90474
58199
49377
33031
93810
45032
99635
91098
62541
3344
93488
20088
22880
64728
31809
69829
79555
94476
24718
1451
30975
59379
87016
82983
56075
57314
94710
22752
78111
96931
52148
1398
47704
49776
69954
67046
98391
2204
33820
19911
28180
84286
45769
98315
50591
37355
35914
72333
58080
53135
38137
93852
65122
31108
51139
77903
34086
92363
66094
49580
48061
93860
74974
14125
30599
27748
4811
91502
97972
22087
60135
83299
9901
29484
54135
1762
44664
18769
92844
61652
44581
65563
43814
50521
84673
80230
5768
20302
48982
46227
13090
27443
53755
85946
55937
83798
71
99335
87217
53720
59794
65469
90376
22013
62086
10877
28706
97498
86675
55125
92365
82511
51864
24488
52440
1694
6138
90538
56995
34954
99378
50494
35338
64563
36684
32177
17264
86813
54963
7945
87166
512
20690
10474
36313
50423
97776
32172
6788
31949
44160
69151
33349
19031
41377
41755
4521
8314
94253
88818
95549
15491
74395
17772
57822
45526
86225
83592
6672
63132
78365
19030
57520
92780
50714
60270
67745
21317
8101
66300
72215
50291
77811
65129
21048
36486
27638
40603
59839
61133
52740
93605
35925
94383
74895
32247
72405
4261
65432
83609
58588
63738
55130
69744
4336
46057
71298
70127
8794
44052
18352
31523
20691
31368
69198
28043
22020
86826
1153
44072
4125
16132
28994
10640
91918
29856
38811
58422
73269
32171
82619
14225
71637
10493
24995
60768
95616
5532
52756
95158
89030
13138
43105
27052
47700
97294
41241
50795
94608
36267
99045
70904
99234
35815
56695
84086
7977
42628
18361
71700
78885
72695
88145
61811
77337
94092
17
96552
17431
21927
77637
90053
93100
33460
71863
37124
96502
6859
27638
82358
96230
33279
59330
23154
17114
41138
67460
27218
87609
56455
37273
18112
64706
98883
38464
26206
37571
43629
87688
23094
56925
5709
42004
46797
35037
1382
22414
17019
87560
10149
3352
50340
67105
7952
51896
86852
86245
486
60889
85009
61452
47424
10813
16572
58632
42541
9085
13400
97865
16872
18274
2432
82661
98332
42570
59041
68066
32514
31920
20924
1275
60451
68239
41748
89343
68428
30216
49596
48079
92848
30015
97199
45232
38805
90674
79789
59582
3148
79553
72473
36049
35005
67167
49310
75777
15243
43658
28339
68440
72231
75997
11966
38690
46991
37430
33128
85218
49771
70935
14931
83584
1693
35561
92599
17568
43100
26470
84497
82510
6939
75080
85304
4174
80121
26075
90759
53482
63341
39298
40544
53730
95152
33562
39286
95995
99555
45223
45634
87569
46973
121
88126
84107
89621
62385
6509
44354
8153
45669
72286
80580
65651
31949
44412
82652
30098
3263
54783
64436
61760
48098
31253
47083
36671
89227
49634
26711
25225
71467
44641
21608
307
28757
99131
22455
2580
44471
37592
16410
84080
75513
35913
92542
76226
53808
46859
49716
95770
71411
57858
2541
51150
57452
72670
48647
8360
13188
34444
46785
94221
70679
78247
67167
761
22963
49319
82347
79131
87132
82864
62918
34913
79209
64180
8101
14011
21047
73306
59866
10867
31334
76704
61921
31398
10350
7106
71580
24249
66230
2710
69412
18925
23235
1208
36612
36067
63444
59705
92105
27959
58133
50024
83837
21904
40048
83455
43744
17736
98328
60102
52910
33592
89681
40063
75808
70723
13918
79714
15561
42739
78629
65867
23935
38867
4659
66691
30294
63225
75602
88703
70753
6907
79954
3460
55568
5968
74961
59085
4119
89153
39867
20354
83279
6310
72232
50209
38366
81136
70428
63951
63052
44417
47443
30755
46792
86435
31886
44104
60386
95295
69820
49801
97451
3267
73870
62152
18393
30695
9613
97095
41941
27494
98276
9061
96535
40216
39442
15324
64284
96542
49392
61628
21692
60564
3456
54963
98633
820
54195
68227
98349
37913
92453
42040
52985
89601
13005
79674
33296
28098
26645
75847
43818
40048
53658
8757
96043
87318
20578
28418
91961
88095
97233
69682
40746
62659
32981
97939
11193
17854
96283
15697
37643
75643
73824
83411
35778
52914
75106
28853
87575
59490
23685
58752
92831
8755
32001
73030
66138
22112
98946
36781
29551
17382
34262
25632
78605
83875
45269
48118
45401
43013
62500
59870
52650
21605
22217
1009
80083
38863
66806
15361
42163
7752
93317
51923
7003
18071
16331
5667
14273
3521
2015
99260
72040
4279
91884
40890
5035
33107
4552
39103
51492
64017
28266
48794
20103
39385
76851
50539
35813
52850
25232
65372
50852
93250
9112
3347
42761
36636
82887
36489
33536
65657
98625
96597
56600
77397
76421
71789
34782
74340
32281
46721
29931
45897
16559
86005
85530
38961
75789
51187
38923
8388
12837
23939
80787
38521
47127
1737
30059
19067
2337
16871
40617
14910
52399
56528
50535
70864
85561
8094
39050
43294
97464
41233
92027
21779
61270
2760
83976
47951
57835
32317
82684
38260
99740
29063
13476
99459
14960
37700
28839
60736
28764
52223
87259
43573
44992
70426
46047
78992
78470
21071
32597
1594
11986
54751
15294
95567
72758
31116
40988
98630
95796
58872
75923
89046
43982
6104
7093
40171
6362
56196
73294
99976
93570
95525
43982
81214
89677
84548
81104
48746
12251
55778
10170
77194
13306
95032
46307
6001
24766
16612
51603
8602
73091
64923
79954
77812
66953
33729
96739
54663
84166
54455
46900
36786
54056
53216
67980
86269
26472
50471
94580
24652
20196
71782
52112
95103
95153
64495
50574
69026
58897
8180
500
79098
16102
22170
50914
38919
53420
39843
46382
68353
48913
80074
97939
29085
61328
64299
48538
15156
99169
89540
47224
21735
57659
89775
55416
64297
12745
59035
86289
7649
2205
53450
88262
19289
71478
73054
60292
68496
31696
1157
66397
24501
99511
30806
55352
31513
3806
51609
61329
58202
64185
42198
53185
90231
44692
10813
66010
79375
775
75391
9755
81655
42497
13577
46180
74661
94736
76498
14294
54171
41243
80173
30690
46153
85255
12583
77315
65852
93323
95640
46476
80630
42684
51169
53253
80571
17214
74502
41628
62691
17931
29273
82507
37994
64001
3845
46992
23701
59403
36396
43973
60164
89706
66209
25196
59486
16851
14348
10218
75390
82326
53697
10121
80737
28394
32767
22431
88656
29167
22739
50484
95789
95866
54252
15312
57916
71680
86883
60937
92839
53762
6725
24263
50944
88044
81978
41897
42840
68746
9617
36299
92918
580
33374
75562
3462
70834
93005
82273
18209
8890
92234
10934
21779
43247
37854
35971
33115
47684
75244
16692
31572
56167
28506
89440
24884
99500
21426
55786
57459
79470
7019
668
91859
58696
31849
29716
57022
53247
93428
48110
52684
9384
87154
2033
79352
85471
94575
71114
60531
80258
59001
52795
82420
52961
40915
8789
85338
40870
9833
82559
52328
19911
80129
88326
7665
18315
88046
12588
29348
97066
86153
27691
47237
36390
67782
13543
13063
46121
18789
48540
27316
73344
37033
72441
7302
79537
45946
94220
22323
82023
66754
27224
90993
98041
1519
12960
28164
86137
66617
89122
62564
64695
6678
3164
44498
87939
3341
99149
53756
16793
563
16823
76431
43682
46215
90735
51053
57439
5705
15795
97806
46779
97540
30828
45321
57793
8929
22548
14165
51235
10302
47669
79379
9290
23031
28197
1582
13409
98041
29374
87284
7148
83723
23889
76433
45395
69228
74888
35596
70805
44563
37735
72640
74122
45435
62998
65028
99792
80468
55550
77617
21703
91750
69728
55734
22868
66860
83406
95209
4985
91246
77075
32764
37263
56883
40651
97791
50524
8380
88299
13688
79234
43469
14342
7543
96581
39266
14516
44168
90336
22905
33319
63255
61812
51586
64777
20871
56648
29315
35997
80383
22020
85873
44854
39646
43531
18921
45745
65712
45480
46406
5136
11543
27042
33639
76676
33364
6861
94187
96343
4640
41152
62820
64191
82064
43516
92966
89013
57285
58656
68257
55110
63167
76259
64177
24386
78053
42700
53573
1720
18735
73523
44033
63805
23588
82856
44009
42187
8707
60928
43160
44588
16548
44847
94103
20901
8312
77653
68697
83585
36931
57231
67739
72538
58641
30283
2665
46667
25306
72603
49616
97354
40119
39298
28983
61391
44108
42379
97166
12340
8276
76156
13681
12944
38364
74701
63147
91115
78011
79343
53458
80928
19118
91193
68494
64812
22204
14961
93938
86926
78442
79944
90094
35411
86445
39883
85772
14436
70736
53442
89367
2843
16890
22046
30278
39143
58681
77205
32991
10537
2570
14647
64675
17052
68605
76263
41978
56182
33968
72399
7495
2501
11116
85131
77195
89541
43042
9775
21126
35199
24642
50686
83682
29019
29191
45011
80398
21102
2015
40471
13509
34597
83587
34191
36852
93046
11450
96676
57363
28235
87854
252
8510
18934
25104
29123
11327
3692
2664
61949
46135
6227
89302
75804
4538
96657
28102
12315
88495
76573
29420
26157
88861
80532
67293
88689
51865
42837
50698
12257
6152
16711
84078
13021
52393
74029
80375
10215
14851
78738
90452
51641
17952
85433
23511
23286
61816
15459
70731
8953
70322
14004
69769
3890
91057
41159
11313
10750
89190
32927
79235
5213
76236
67832
1255
78202
92591
34889
3351
18895
10064
34738
82209
79708
56968
90401
95926
689
43977
72755
61967
12796
49238
81353
6791
26547
33732
36627
13326
86629
63808
98937
7677
44225
23722
73814
3736
27136
30775
42132
92052
30745
46846
11027
92669
54077
2765
15510
7524
75532
5383
74562
87192
34447
9161
55919
8197
85294
50049
81187
92488
58991
1302
4040
51241
45428
44293
14145
68744
75574
92391
29572
74994
97364
36032
63398
17939
20819
8637
84229
35724
78315
57145
64420
79213
69177
50543
18449
46672
32045
85182
43433
37121
60624
92323
2595
41441
93711
64804
61635
45776
87055
16523
7710
34154
23081
50784
3926
73062
41063
31337
77667
1571
57826
68129
33116
89189
58806
42159
16365
54741
91979
49744
43517
22414
43847
22688
73468
66432
52214
92540
30683
56649
68895
57775
77746
60905
17845
2295
54320
56443
42417
92377
7193
11514
16569
3559
95048
73503
78815
61009
59034
84451
41472
88162
16785
16401
80779
91374
22617
83509
19147
12435
23260
40356
63237
10985
87653
76666
6839
49915
97056
8901
24572
38413
70899
68076
30325
17035
51273
71962
80060
52057
99521
6170
60162
82469
9760
90898
4296
50528
71286
56962
95817
32832
90856
3402
95922
15608
13717
58333
18821
54801
99948
53392
70957
76255
44770
69355
28898
55413
27949
95410
20779
44742
8398
37509
26542
5636
14432
68841
63495
90969
24095
95350
13834
30265
89538
5741
25174
96684
42021
41716
49156
63755
78902
45551
63197
13292
60121
1019
55633
82050
72083
93640
29814
85266
95919
97397
26233
15461
86534
54125
39788
34030
87683
35340
9409
56676
29920
80520
4533
65080
66169
23542
75421
22495
92286
37864
11756
38273
4569
99457
2411
27477
61463
62134
49483
96957
24396
7133
52151
45627
19370
43656
67379
21185
25504
78112
52419
44536
14574
53388
76223
36313
55861
84950
80905
35571
56925
59285
8361
66340
66073
15987
52006
65332
83079
85709
87375
15279
50596
47587
91640
78469
90247
52904
47134
89881
92
84363
60280
99226
75456
43155
47315
64647
9504
85036
22129
77222
10782
66948
94264
17945
45151
74157
18374
44058
25188
29394
36385
76807
47198
20638
99072
76984
99403
93121
77626
83629
60253
57884
84325
70826
70860
3422
27642
2077
19658
27490
39045
41550
80753
78213
37578
84460
61311
35669
29311
12237
46406
67816
44455
19022
62728
13558
29605
23959
24183
76793
8765
91050
67798
88861
46681
26650
33725
40355
1642
78780
17191
6807
87225
61791
56239
75688
97937
40691
16958
30479
25341
13925
29110
67333
35478
81371
9508
19767
87898
57811
4525
56857
25058
29142
46101
90367
23402
29432
79152
34954
49287
42387
32045
37836
44614
73970
94235
68072
61974
26360
10803
81608
71772
78573
99404
57763
18885
75693
77366
6653
62123
93859
9101
66122
65722
39523
54863
46126
55184
58619
86583
28268
963
60988
43426
57606
18691
49640
44999
42457
17577
60286
87048
48651
56244
65055
14499
42644
19541
13406
7187
8639
47470
97261
14822
13699
55616
22951
20907
17479
96233
11310
33089
17738
56896
25280
67105
99042
11344
95739
43293
34537
62886
45823
73568
12821
96591
86319
39242
13427
33635
65220
18185
41394
79412
9253
6640
43609
64672
29917
21246
67362
55705
43662
84676
80973
12421
15102
18926
64841
34881
47878
97237
26115
34408
70423
4031
23510
52536
58526
73475
75464
59581
87857
75063
19661
9999
56909
28133
29553
8088
73066
82180
25731
89372
85022
8437
49816
77597
20083
18115
73495
60045
65951
38738
19581
83840
97160
24442
79172
53951
1387
81925
80289
44243
52773
4092
26830
97810
84736
216
15772
81955
39739
88861
25639
83746
20934
92818
2398
40472
35190
562
18230
91870
7046
11766
99873
52317
14728
64348
33274
16772
52063
40629
32074
88402
35558
52351
20565
95532
45758
5446
29326
86929
19440
67268
63482
45085
2809
80831
12015
7412
68837
