59248
31562
32832
28930
31908
60395
9465
43745
88427
86984
93166
79472
52879
27558
77684
61986
59673
57765
77243
19551
53927
35203
18120
3949
76635
79283
5171
36428
14862
73706
90265
16993
18854
51298
-1
76872
80059
10297
22172
13187
94297
26927
70497
62970
52260
42531
13182
2695
17398
42351
80078
44534
77178
86843
87473
31658
50365
96925
13240
20625
53645
73395
40775
43934
80804
1222
17914
59019
55265
45486
55430
67579
96268
46129
43868
91773
45254
58020
18384
2762
21870
20266
48320
93852
89061
79721
69065
37630
57967
4183
37785
92537
89470
94726
28096
16110
56727
62442
8194
57791
93872
53987
16961
18922
53977
4441
41586
3310
19784
43491
20317
55482
54674
92372
96169
68565
35218
9194
78679
57653
87406
93543
35035
95063
56027
20717
45532
93166
63980
82004
57355
49587
18173
67646
12400
26173
96961
72426
27362
27445
44900
7289
53914
70702
58237
9657
64109
36756
51487
55976
53015
99705
89618
35457
53677
82603
55497
87045
3540
92343
78526
907
66889
83854
36175
3411
76174
8543
3
98402
49750
11845
48661
57425
79846
21701
32419
12212
51026
2416
25351
10177
47884
82466
36259
99853
65087
35767
54441
89523
91631
65008
76447
80598
96929
65531
88112
91256
925
57926
68102
35954
96861
38420
60987
109
24635
60209
96889
27347
27222
54348
93539
27758
36930
3784
80457
10002
60241
70014
10242
87960
93412
84121
73485
56910
74332
94589
40528
94790
36741
25073
69290
96442
50369
34005
70049
63719
84617
71036
44449
77776
72219
81375
49448
91820
3849
58484
280
65135
32095
35915
1822
34582
63498
55173
25175
24750
85072
91486
63494
50015
26767
11738
88370
38679
94481
72657
70168
18016
16404
56684
90945
80057
10777
99409
9134
31600
47855
70133
50227
97040
86588
22595
44814
27391
56054
8047
1049
13417
70945
82673
28963
72368
51730
32321
89158
17988
1850
39885
86808
97057
13387
83972
92996
53440
28703
13534
88882
37217
43467
45695
30675
44238
50976
80786
83232
6573
82557
92117
11248
12372
33450
23409
15094
87003
60859
46285
17138
3612
93846
43322
19645
54974
16472
80593
84355
99396
83061
74557
96942
49009
46317
61585
38079
90018
25117
65593
9548
99088
3474
33068
47753
10409
69241
65999
31914
69971
63983
3978
45299
72443
51151
6795
78690
75489
50739
52114
29463
2235
65136
75105
15465
3525
19521
12696
82276
55035
39973
52052
20907
37609
86311
10004
34783
31862
79165
19490
82545
38183
48242
37028
89906
72402
12319
22862
85566
30416
88565
52381
33192
23060
8484
17196
56609
97015
69871
76814
37430
96386
78738
30793
82964
26880
15141
85571
83826
98658
19754
11815
61649
74242
72258
15020
80046
66921
1455
65011
16790
1959
35319
8354
51228
16033
55207
98639
57684
47822
77009
13200
34252
96004
69789
74754
3245
48473
63402
50160
74447
58086
75963
96240
32418
66451
40862
61341
96620
5526
52820
3723
59393
53126
104
39323
95411
21216
1558
85837
39173
55913
82409
47511
97220
48187
26317
4817
27347
51721
38383
20328
17423
89139
91178
97107
76519
93045
85332
4839
88632
45589
38485
77839
42137
15129
89990
13048
94622
16484
84791
46652
21483
92017
44412
5752
70953
26869
84394
45635
38337
26906
75051
20870
38837
26433
99302
67456
22970
58513
75891
86380
14494
56277
35095
10454
73933
94714
95519
16309
83609
89284
12646
11676
36968
15505
975
22621
80430
89485
65951
33661
84049
51626
18791
39606
79554
48108
83421
42907
83371
19782
52950
92330
79043
93886
35524
12143
11642
76070
36189
44148
15207
94520
54882
47771
87675
45361
64434
56849
80620
52018
87641
4629
57208
88510
3082
61931
67550
10314
33571
51793
81278
50770
22686
8466
81305
41487
7220
84944
5074
7930
46487
61608
70396
448
27762
94934
56067
68537
4689
20471
28885
71865
44769
96466
59808
70804
99009
36608
34913
1792
94352
91626
41290
21985
9303
30487
2910
85902
60996
17244
65982
14634
16634
21554
36830
63858
51348
57395
5033
72973
1088
92273
30183
8440
63749
64083
14103
23018
72812
29239
34025
6097
98485
46891
56173
69830
27484
90927
44601
63479
43530
81033
93631
5327
97706
36827
50760
63258
82818
19186
94585
29058
68830
10271
73139
94165
93268
64741
82368
79095
39717
87
14995
13387
41470
52260
48768
33270
66141
12625
52759
3745
52254
51509
48817
83672
82431
79286
8404
22013
1492
27929
71675
28639
70072
78379
54436
6355
18245
77848
24903
46119
28822
28527
84187
8262
81083
84611
41744
92576
54928
55186
4538
66263
28794
26000
23482
21065
18036
55095
70645
49799
31283
18974
49411
10784
14071
5628
38652
56238
31538
68217
46646
40543
28799
87026
95081
91909
83214
38229
7490
14222
31435
49372
27072
93524
76995
96446
63176
83100
97736
89389
65250
95149
63081
95498
64609
68370
7128
34312
9313
14724
40739
68884
93601
73252
56367
33798
88167
73980
17080
61683
19692
35451
91252
43357
7722
45591
60821
62382
73378
9795
15698
85957
12764
54583
91643
50823
39766
92721
13325
98048
83396
79098
55652
61635
56323
28192
40296
40068
12918
14702
29433
85536
75683
98278
89976
40081
13244
90200
20197
34201
72594
94348
55653
19751
22100
54043
19188
23207
17310
37161
16222
92896
74621
36573
35574
50761
46803
97163
55022
41117
3124
39210
67663
25930
85141
24108
63691
83200
11602
60037
68103
37253
55419
61719
57987
40805
2550
63836
50925
93235
50009
73416
11967
25260
35853
29473
37301
78691
68156
39793
95504
99901
9633
40521
76449
11228
11055
4944
6621
37747
64281
50111
81610
83103
59373
13745
63834
89071
61853
30915
97783
54743
48382
45904
24809
11187
14758
56707
45023
34374
25771
49007
1315
47638
87549
45943
82064
80577
27783
96050
10238
69636
32746
36073
82367
70513
31752
51733
74208
82406
88184
96201
33767
68920
42557
30037
8913
93451
20679
34018
32907
12624
29783
37938
56117
80222
47723
51260
60908
59840
72900
62345
62265
26538
9126
6521
6072
20508
56716
89496
64752
95586
68735
6780
22173
12454
51362
29773
8572
18598
90843
51906
61676
13467
40477
59253
71011
64178
89942
62310
39117
22849
27242
404
78469
31503
85136
81085
65501
96331
42414
92185
62751
70393
67347
12688
15901
74128
5214
45351
88694
6669
80671
69602
54808
85792
53489
82170
14559
89322
62037
94838
39302
57532
73818
73860
66126
85076
6764
90151
17918
70715
16179
71810
75379
71140
94111
57353
19072
55124
98942
52134
82719
20291
56244
71177
61254
85746
69455
1277
1203
52765
64653
9557
30849
9708
61658
83189
13681
67816
41457
91394
14420
69840
42413
64918
754
5132
62333
81829
13854
65472
40907
27599
58609
4989
40123
434
77149
11662
50748
13234
21263
33462
77297
40179
76466
12507
67870
44026
53919
14564
30311
11203
14960
8572
86768
97969
94134
48952
30804
45340
46392
65112
71577
23022
24899
86199
26430
74268
9999
98600
93922
69346
67050
32309
88571
41693
71784
38575
60826
67604
18491
40076
36026
47363
59782
80248
55163
55080
65505
93349
28264
26309
82505
60690
65911
85075
10967
76911
3905
11531
21001
93861
83782
51982
78279
12793
27253
64419
39540
16902
62316
30732
2993
4923
72474
53082
75553
19181
93805
38585
87307
18281
39282
24232
76567
73809
87425
47049
77089
95302
38315
23556
43514
11646
48364
26436
69315
46676
74602
72708
69687
73328
82788
60696
22066
11623
17926
2443
29342
31843
18335
74221
2105
1363
20735
15271
63125
40265
10243
55850
50341
70390
71119
12752
80791
70982
69849
57698
75020
5129
8750
42670
93895
53639
32753
57648
94835
10464
45789
51335
12634
67202
7443
44012
93857
62998
63161
47931
93815
51165
16707
13592
99653
84954
92112
35251
89480
42828
78661
22811
83378
88193
45046
21571
71141
99957
86495
61819
96589
4454
60686
1094
98653
32605
92960
50240
51318
15426
96112
96776
84061
14727
45714
7385
47854
26045
12202
42293
9523
63120
7435
20623
85276
12934
52053
4414
10845
59511
53423
30776
11025
69126
12669
70744
87423
36904
73640
78270
98149
65409
34132
8968
56238
89093
44793
27629
27362
62734
47830
35998
787
99707
19816
17152
82473
67544
21177
25570
31332
91968
20545
12795
43283
35902
1219
15641
69510
45497
63090
40514
27627
40556
29308
23309
80166
57199
84721
76487
5874
82818
55468
37188
85477
22814
886
74208
20463
40494
53498
16356
35155
54353
78520
31876
34647
20063
23749
79690
3511
54176
70306
62949
80732
1883
76870
35356
80682
20901
35813
53107
31141
51285
22353
87667
54075
80434
4012
72133
48043
36950
78423
67187
15818
60245
30794
4188
67952
92718
27231
41882
7746
88221
28325
86320
98481
42539
65046
34765
75038
82467
99182
98172
42766
71178
93546
81116
9183
34840
74821
77292
47342
83398
99161
83735
95200
57947
84368
88498
73156
23936
24329
1202
84142
46184
91444
25251
79600
60280
2368
25239
58875
47995
95082
80672
4012
51282
58600
71400
13597
48100
36889
30150
88889
35003
34278
20366
18027
48228
9515
86683
31420
22772
57521
68904
99560
76535
74070
62033
37056
64292
19060
98275
37034
41179
22431
32231
80317
52629
26710
37851
99903
72595
67499
29998
16419
72069
96346
29544
99429
99195
7249
70517
164
52530
22448
4460
18481
43691
25484
94729
35772
79053
5707
93486
16761
43638
17748
26299
83704
92841
42714
19583
44912
14465
19548
59674
58536
70980
69382
7972
86845
51600
33628
94913
53462
98665
27082
56877
5207
10846
91171
54002
58465
44003
73240
41085
83454
75447
44390
7672
25022
37117
77362
75814
84131
32403
46479
809
48674
32528
30926
80470
69950
83586
80435
23654
49743
46020
42865
23633
20771
27849
39954
84455
5223
77871
39591
25948
57091
69168
48874
50546
97166
23416
87408
1377
95420
59568
7566
45216
25897
22607
40894
67209
44054
91128
23936
59105
30157
41712
29073
50534
50403
80024
-1
61847
2840
-1
-1
-1
-1
-1
69348
86369
-1
-1
-1
25158
53399
684
81600
14105
91625
-1
86612
8908
-1
15917
37444
66897
-1
-1
-1
-1
-1
-1
-1
-1
-1
94309
-1
-1
-1
15244
36534
97048
77719
68196
30803
61232
-1
61744
91649
50957
85151
74037
13066
54446
97826
-1
-1
-1
44107
80591
16037
16898
10809
7300
84957
26677
10600
62079
64509
72601
72228
89984
17840
87335
13502
12474
45352
24220
19534
83248
78741
22070
80216
20660
34276
46159
57465
89753
52136
89891
32056
26694
27242
59641
54097
85138
82134
31896
22370
12772
59596
73391
95474
30682
66878
11081
71316
62132
50376
87036
32545
75478
41354
79527
94352
98843
84060
88304
68067
79789
29917
70100
82006
80140
45742
1740
19601
31132
33222
-1
-1
-1
79779
-1
-1
54060
95056
96690
36998
11788
16034
-1
-1
66546
51286
-1
-1
60392
-1
38240
98345
16291
76729
-1
95112
34735
34205
-1
-1
-1
97679
19586
87915
15070
63912
6910
25969
13730
40701
90865
76906
40787
20085
8838
27771
89396
7018
67364
90796
9769
70684
3998
57044
30948
39596
53800
11101
62954
84631
6126
97822
21352
27846
81651
46081
7264
76171
27808
38157
8510
91266
7046
45697
55948
46994
94685
78380
32097
14071
62412
6444
74182
57688
97408
96575
22432
73441
43511
93710
33832
74370
72067
60636
47223
69443
55945
7296
20176
29414
21305
60046
9377
79396
90431
46820
86018
51950
58478
10377
74817
739
47567
15345
88883
60111
2965
86070
89588
45989
52409
82394
4479
22324
4682
26241
90827
28231
81342
59972
37563
77657
11481
60643
77916
5662
19534
16115
38026
70535
19347
15578
79840
13968
51597
36762
89253
71834
22684
45593
81906
89787
76849
70977
60946
10917
24720
11743
35123
7373
42761
25569
95871
1820
12604
-1
-1
-1
-1
-1
90135
-1
-1
-1
-1
-1
48644
-1
-1
7725
31188
15100
11996
59912
24849
50647
97323
86255
99995
94258
92450
16181
90104
99645
81910
39388
26740
66461
96434
51302
81563
86682
41147
32506
90293
6639
71403
61480
19981
96219
58011
42118
42367
35978
7138
20012
15616
39785
49900
67760
84789
75592
17206
27394
6100
36953
41182
73580
28504
87953
81024
22698
11609
18927
64686
6912
84842
77425
40362
22373
64086
51620
86673
67521
47433
40488
28698
46334
65720
77856
89654
72328
13996
77605
17644
84560
35842
81168
84120
66946
10475
38654
94991
24988
61106
99792
23836
32339
923
41596
56126
93827
34894
53095
80038
77413
54503
48713
28501
14332
35571
54728
27857
28244
72448
91992
10645
55782
56680
72572
93092
80820
86582
22486
9661
97268
7400
10106
74537
20772
14920
10938
32215
19430
26484
99700
92153
75542
11897
768
95914
30759
98554
70851
90972
16051
94601
74535
32402
10930
34648
12452
34073
37098
77274
73449
16774
1173
78593
94276
87007
20373
49324
51630
24165
84326
7333
97474
28
83344
43717
65058
2393
63987
6495
4782
90207
87548
18942
91149
14116
78746
19201
37972
80171
250
97793
18041
49702
21002
55421
6487
11571
43071
61130
94163
11948
62259
28677
65674
66143
47760
33931
51353
53363
60840
10286
78451
54894
57149
36388
22451
39362
40470
2458
51683
44482
56606
20724
70789
52999
62738
17161
94751
36204
87376
82538
74311
17075
83121
64847
3362
75442
10716
93015
64686
71707
1556
22902
52920
48414
18163
18209
97710
29213
98198
63021
8155
8396
71138
58486
36798
69788
62151
51152
88725
90717
78128
26219
8742
96558
56159
23527
97322
89794
21191
39502
81682
99332
58669
23751
94296
80796
72014
13862
96958
3055
67116
96703
34841
38351
96047
59832
74348
553
67913
28937
57426
59081
58267
10943
58898
8499
17204
57881
19300
78364
80735
9386
10288
63744
16042
66550
27254
2443
20007
85392
19752
33345
41239
27905
58617
77025
6234
23436
56059
34056
98531
43716
93019
10646
97296
93047
7516
54104
40314
18611
94732
3034
23516
65410
385
92065
98354

