68380
-1
-1
-1
-1
-1
63671
-1
8324
35163
33498
-1
-1
84763
39765
68053
-1
-1
14949
64053
67467
55793
69657
62039
71682
91405
11580
40190
41598
62345
53517
20500
35415
51933
46054
67374
83204
21548
88995
40737
46634
30657
36112
90665
16937
82860
91253
29782
2441
19191
50103
60019
48583
39108
72027
42995
88743
67228
15028
38384
20980
12827
97921
62004
38485
2995
11355
56276
93410
69655
54419
89694
15079
5159
23207
12891
29525
12125
53268
92109
19385
14348
73239
26051
72895
53779
48376
69019
35353
97342
89050
6840
90894
34569
76317
38760
39981
88615
93206
21800
44987
74113
75022
95803
50293
74053
35071
33797
78464
8869
94476
93205
25701
2064
16979
32783
20185
58006
4966
72455
16804
40955
68787
68880
87659
16547
92093
95743
18861
31646
33253
21998
50395
46799
33007
57233
36353
51901
31441
97389
81118
82695
40432
94962
41462
12367
85939
34871
16223
6616
69503
91385
49773
42230
64151
40908
34421
53881
40196
11364
4476
63734
84278
219
65538
60577
65982
73316
52523
51483
90165
9896
17850
65648
18886
53125
89457
17972
17948
96539
45645
90022
16800
90351
71746
95798
41124
43617
79129
42509
5529
70243
59127
46746
913
84585
57357
54268
91682
54467
42582
48712
72752
58817
96761
68827
24107
47191
66444
72711
5057
39959
96909
8656
21671
73711
19240
34341
18224
15602
95679
68817
64111
24597
57188
122
6085
74839
34032
98296
38425
71697
38573
24191
40250
83552
98701
12416
6785
37105
91827
11147
66627
91707
68413
33362
46996
15240
89562
62998
95622
2049
81024
-1
-1
20116
41655
79446
3714
2212
59954
69578
14640
87616
837
68537
75853
57665
208
39629
89726
76293
18644
23980
36900
84958
81716
21119
13664
30473
57078
14451
66186
67922
-1
60268
90677
77367
89780
15351
64147
38396
31309
1409
95207
31058
42310
66270
-1
-1
56149
97753
92174
96913
65149
14229
56800
45873
42787
46991
89242
66105
32614
49878
31475
53576
94693
94778
29007
47975
771
47894
88499
82492
22940
72659
20683
1581
34334
22829
76233
84634
57791
33071
90164
1852
69766
34958
75265
89128
96363
94004
10282
16371
88001
84150
60545
55264
44572
25085
64667
6471
63130
96681
85324
75516
98454
8308
20147
8501
31741
70080
33660
76067
31177
35109
92930
18358
37856
99125
36425
48071
38989
93494
892
30637
87214
44734
54592
42565
85368
51353
783
41701
12377
58058
72023
73595
49014
4260
30394
60185
44047
33782
51447
96253
18142
81159
29055
95979
97345
81864
78376
2780
97931
48636
78988
21041
88007
35172
25640
60302
229
1891
63993
52950
62222
9986
71689
45626
84388
63323
51195
28741
52429
62629
20890
69046
72455
75353
11015
69729
-1
-1
-1
-1
65788
69846
82504
24359
47574
37342
97546
5300
37157
25763
92277
66879
5511
1013
40018
66574
92026
11426
95194
75548
36310
51321
46581
63424
34150
77333
25023
49953
45018
69876
73561
59344
40546
30525
37730
90433
20242
40377
44427
66689
11308
95711
36114
27375
51580
68256
89500
65942
3304
66300
25727
36797
71308
16125
-1
-1
-1
64128
23101
30733
69076
70803
42244
5738
31187
25561
2040
14185
59229
13335
93800
99269
68460
91025
53789
2097
54104
27170
19672
49674
6387
65320
91265
74590
86526
60467
29139
58153
36325
57263
58512
67647
57596
84234
67548
92058
63045
26070
17297
87956
66519
51991
97768
869
82564
60691
32646
80692
85010
83912
29981
38258
63053
48593
55576
4182
93901
20140
31002
30511
21460
99485
90572
18851
39920
55838
84444
28582
47335
64825
22148
24117
89020
93151
32334
17907
54054
30411
7597
3761
55438
20585
46886
83800
41999
86389
17170
40511
47462
82772
25165
88898
36325
54214
91773
58902
28020
17543
78061
80554
73882
33970
73768
39075
62563
15797
2102
98248
42328
47171
61271
701
16929
84792
11289
79899
62106
10942
54895
66063
83488
44410
66018
557
66567
58848
90853
22315
30892
61099
71900
75649
78121
99190
17467
31308
57668
68493
77221
29733
60017
35623
99147
33150
89312
8734
42370
86669
85706
63153
66468
9291
42716
4613
55513
18714
15679
-1
-1
78918
78962
-1
-1
-1
-1
-1
21396
19801
25551
-1
-1
55054
42821
-1
46247
39649
7641
1000
53194
54010
69755
34117
26112
67783
34702
97323
86295
41480
68495
16019
38134
45303
22152
-1
-1
-1
-1
-1
5037
20037
-1
-1
-1
-1
57688
30280
66056
84509
-1
-1
52470
72564
30990
66972
95355
45571
71089
2011
59249
67317
27536
12659
98986
19661
34783
20701
79745
63212
77213
28722
37494
43294
53297
88592
48681
74341
42097
98162
9248
61519
53660
40320
86873
7271
13492
5017
56136
3081
91404
71344
48997
10155
4874
10169
88709
31498
20987
16045
33021
35049
69037
96318
96079
21792
42903
87989
28064
55296
81852
17886
62593
32213
65608
7474
11767
20517
10127
64360
46390
92565
3720
17576
32841
8796
87332
33568
84025
59592
36268
65830
52271
97890
40582
54211
85382
37116
41332
54038
29754
35040
88719
57751
12512
73947
98859
51602
59032
83931
67916
15920
92223
73034
73979
29432
70168
72736
18094
73264
12682
29156
15667
40673
59036
25370
51083
1708
31437
65784
47358
98880
23166
4571
76206
2153
96606
29911
65118
34806
33266
34481
27271
75978
11797
13595
40946
98448
76191
17198
13370
83745
36206
27414
21159
61537
84430
8602
69713
30137
98505
83741
50603
25882
64683
11089
28374
73901
74799
82868
90752
29412
31698
64247
17263
82992
82129
68312
76766
57985
86977
62476
27535
46873
66366
95677
7926
73852
55641
45571
20346
76653
1480
90670
19118
9188
5191
2260
82784
9673
23133
83407
10433
80800
85218
21863
72965
66159
29937
77376
89819
21225
84699
46325
46488
10712
29496
44340
19585
45044
53219
84895
86798
35927
61929
56946
52373
54252
71902
3368
7166
54999
83083
99888
855
27950
21313
59251
38910
22333
19429
19261
86249
19742
17691
31964
82932
7675
14216
69399
6652
38981
33998
86380
36282
13298
15863
94367
45101
98173
2413
65778
80481
69205
81412
35564
93264
86331
83504
10201
40059
51349
74601
87799
44717
42862
4986
48297
65881
86552
61921
46697
78358
71481
74689
84304
84588
88614
19970
99673
94197
50349
18005
38522
54019
60042
67697
31721
18063
98109
56315
55271
74526
69781
91755
81333
10213
97619
16118
47583
85605
86385
25781
47245
36113
45521
57825
15884
52635
32981
99519
42230
98250
82575
22344
21423
69867
75722
23524
65811
70644
45759
97222
90789
87227
11017
42812
31206
95778
41659
30724
21570
88013
26476
52705
42365
37642
41036
30255
10136
86658
93
48546
42807
50941
1180
51369
13309
76751
69110
8479
6402
74160
98363
14813
11687
9379
80073
76780
12526
72718
9541
83371
40304
62539
86943
9035
77413
98693
9543
29799
50165
42248
87371
58741
14981
58907
40480
79583
69215
25603
59704
60055
89360
92264
83749
11423
49207
26957
54201
74857
19130
88702
5874
75905
87976
95047
95306
47758
99614
94992
49708
82783
87150
53691
27390
87774
48718
93537
68935
93547
51317
38605
75209
65193
46844
83830
42396
37487
37071
65169
39165
82151
86672
75931
19788
92180
11984
87489
9778
21324
20839
35136
49465
49040
16553
40940
28147
28328
75082
88663
14148
77142
54723
30362
60765
73524
56497
33323
3155
87996
40241
40612
55245
84243
1899
6357
70462
37157
53259
59185
38874
67945
22324
74478
87465
44842
47995
39626
83059
94911
13226
23551
19078
59185
64778
98003
19757
35901
50359
44381
44534
14401
59541
90975
7175
71359
87192
58720
49698
93583
20438
60432
38946
38699
25124
63645
33705
28372
90386
72627
3939
85897
62508
45214
44571
83882
38359
98851
95732
59932
88416
20331
24187
21621
64735
88077
38133
53285
77555
87626
75644
44740
77158
70091
27534
87738
7970
71519
45829
86831
44209
97009
87159
80716
75124
89942
3333
73811
95370
57259
60433
26699
71525
85130
47951
14243
77522
38489
90685
3164
62748
1213
17145
43311
14919
86996
44627
23327
57521
89674
91876
76585
71181
80463
94679
34955
24834
37320
30454
2442
37430
20388
66675
53384
60114
80817
53768
11087
43229
71915
28138
49603
44525
62876
44654
93217
17854
49094
43022
41023
70386
35048
34490
78195
38859
36373
4214
80195
73907
62648
98169
14515
39801
70854
76014
36678
95217
44230
54820
16205
95282
41778
73822
75595
7818
36176
33377
28676
96020
65698
9847
53823
18288
83072
2737
61020
16748
14305
75496
24340
65681
36047
83871
79728
82
78890
92681
94449
88675
46833
85045
73756
44783
47946
45716
79332
75357
99475
24165
78001
61683
54561
60510
62813
8198
59316
4406
46880
86199
13960
59972
66885
78059
37062
85832
87157
11112
90366
67144
63649
188
69614
70563
34490
66758
15644
9083
95696
69991
189
53558
16146
25109
94464
28937
6948
86546
26142
99949
17885
38043
77704
84964
35771
29376
15071
40735
6587
94389
58516
26955
86584
83670
74385
9539
14256
64097
29579
83095
42219
62347
37682
64621
76340
78344
48725
79607
53750
26442
96159
92126
75490
3564
55680
64846
20796
92278
55972
79916
76487
87720
92816
38112
49515
38401
91346
79659
76746
46417
47478
41166
52870
6244
75208
72763
98054
32074
57075
7928
6853
59905
43061
39881
89780
58606
99708
38703
85300
95958
30954
38500
79721
20254
62473
65043
24051
33414
26801
96222
96340
30286
59170
91889
4281
56459
99100
78383
5617
77840
40849
77765
32832
68659
41675
7384
47252
25779
97530
17767
66251
93079
50963
24202
48785
65274
23285
93636
88361
63475
1210
85162
18392
23129
57033
62944
5083
30903
30343
87000
26277
15494
78352
30689
16900
38277
34407
28997
94778
38809
19449
87454
43092
95011
95821
83032
91182
74756
80193
28996
62264
64925
83816
88408
70143
63152
24033
35094
91278
70542
31608
56314
93051
25990
582
20765
16557
93180
27499
57780
58703
57173
10546
85162
82827
47999
73549
19944
85859
96769
5151
34813
65361
3334
44897
92535
76464
96504
83883
14503
75601
95218
90102
32665
95751
82191
50190
48465
90718
14992
57582
90018
22605
50756
26557
4818
49497
25420
18935
98695
11225
22949
22776
91533
51475
86965
77258
39941
62903
37225
10891
99862
54668
73608
2958
45785
61209
62753
32581
35518
14069
19275
30641
56137
98075
88013
2407
53732
35920
36690
75498
4000
89711
42990
49853
57031
51653
5610
66164
35539
97944
29503
16739
93145
21621
97801
40387
84612
1462
55765
79817
26551
84609
13434
82025
59934
64633
37313
28411
85065
32791
59949
13200
52622
78886
25290
73194
60573
46343
66448
82145
72150
23841
56960
67224
48455
15736
82856
56464
64395
81038
18897
93882
21992
65377
21193
14375
78027
42899
30191
70410
29537
24815
73952
1451
62288
38070
29448
58795
89999
34269
61364
70138
90587
50579
36265
27645
45306
14997
82659
90594
91466
42647
31808
31271
70587
20282
98456
42420
87596
57048
845
86041
99706
80928
15814
33069
64718
39570
98370
91431
8391
71682
86718
61537
9777
77483
77502
36894
52946
20392
98222
89810
95648
44311
22182
98025
22002
78726
71304
21593
5027
45117
93875
48649
1195
85711
59039
11655
60248
43774
6000
33280
40579
91114
37733
87648
44947
340
62624
19525
37087
73390
6471
98505
5137
59713
61525
15947
26703
6709
58853
55194
37738
3185
73236
37772
26054
83417
12822
28960
12425
28111
44922
83306
37748
43075
67354
49468
87816
30377
11280
49774
68756
48885
51298
637
61611
90461
15938
22705
88384
90533
47190
13570
41596
42761
84185
64508
56441
66118
39127
24586
84889
40291
33811
22609
28204
43481
93832
72952
72418
79536
94846
47380
12310
18112
76432
32461
64674
40273
58160
55870
35977
18187
42267
98541
46917
17572
82158
77933
86699
57393
10522
39868
27383
12826
84829
91848
87088
86349
71236
49080
97423
62819
37678
83919
21424
47012
6093
16787
77843
64050
65409
10118
31742
67000
64707
66935
43605
82473
42716
47356
58733
58302
44587
68870
48933
36879
59931
38418
25930
50299
64747
10242
15521
64517
48695
22659
96547
6437
52338
56285
644
296
68768
29548
84024
33855
66287
95844
947
66706
33347
8721
21303
63314
9742
92380
55643
6345
55148
48731
51371
14989
57599
41343
8885
96454
13832
50521
52163
88664
91671
48727
9068
77427
74294
90738
41739
38575
33803
75627
56391
33930
24620
5280
45059
66041
4166
34317
64773
21681
92298
59144
68803
90178
87560
61983
37736
10582
62710
28934
36716
17535
32850
54479
24088
7687
77635
54980
87810
25094
22437
25535
13545
96572
67040
35986
51925
42919
47354
99862
54646
41330
85358
74892
98740
23788
7227
17012
9918
88286
44578
73906
23013
9456
43794
64455
79978
34055
63480
42586
78449
41787
57037
33837
11097
58827
77707
19390
70081
14851
63478
7030
77752
82982
72998
86741
80520
5949
45699
50119
31534
3730
59282
78505
11057
94353
90803
51828
7208
10575
18535
63804
14831
98567
82228
41242
73521
72427
51504
81523
71916
43459
11863
31021
18008
45367
48456
424
64273
55690
41627
93654
99810
70346
15011
63989
66444
73724
80656
92869
87152
75878
46823
57786
20645
85187
86158
43184
33345
30799
96519
62857
41699
13602
19829
50300
93432
31277
16650
62903
33438
60961
15856
80252
66660
76369
31619
64465
90585
17846
48203
89834
54599
50520
5348
82740
18492
44180
36964
55467
96202
84647
93359
22675
43748
86088
54863
28220
9209
44540
68636
12028
85612
25929
11514
14167
86854
88599
42693
25107
66267
23440
55563
41467
62311
59870
56451
23354
83838
61333
71292
89958
18830
15442
8876
84075
9796
44992
168
82094
55705
17120
38547
38655
76987
65943
57070
16957
94047
9873
27088
99186
49778
36887
24882
78444
70453
41068
31589
75954
84560
75625
33041
51580
55264
56027
60152
8088
70934
38647
71099
47466
57760
55453
69884
20279
78880
25674
53732
7629
15690
74879
30912
21350
1386
68281
72663
65205
6732
40114
48461
44944
47013
62943
57679
11796
8372
82617
34141
61670
35952
30716
55184
39098
52694
58748
38055
41324
10621
4492
88440
48280
25309
5975
36979
44591
81929
22768
95081
92628
88387
25896
14511
16374
67968
68301
86323
48340
69779
96268
44004
10763
58400
98100
78372
29284
49663
55358
70966
45381
84029
88024
27209
93531
62846
78287
46913
73517
52071
43264
96949
30125
93578
15410
55430
20501
60692
99067
18876
72175
40820
26902
84863
34376
35401
82213
82686
74549
75339
84899
56705
32021
14813
232
50817
37889
3421
50244
50244
80503
19116
29744
29391
30171
28002
97675
42522
64581
76579
65113
90473
90321
51199
31149
59069
88885
43934
5995
58509
13497
14328
31615
59853
56033
90099
87685
12916
60093
7420
40791
39444
98920
88510
85674
55189
52607
68965
46508
69116
8734
16029
71660
53066
60411
29581
77143
41966
13933
4560
52394
40034
37777
86709
25581
1199
41915
12041
78256
26562
97914
21660
36826
78288
59015
29284
63151
34821
53467
65163
56749
55578
19140
96671
86610
83020
45166
15887
52519
4511
9204
86942
60270
62941
59972
29815
10253
64607
63874
48527
12178
63843
10616
97599
2974
55586
29871
68687
45929
32577
71593
22667
50579
31290
12027
25263
44637
52735
22708
64873
47999
89956
44591
34506
52333
44521
75589
12891
3495
40801
32144
33662
25920
47255
20765
58174
41138
52312
23053
12819
41592
57594
21131
40880
45118
85457
30705
2409
35318
32141
5702
38962
50285
12071
7065
35113
38304
90958
31303
51077
71603
57920
82050
80720
27205
48267
25539
17240
20036
84215
80796
11483
80273
68261
43905
11245
52477
36648
95119
79730
76920
26935
45955
51021
37000
55088
47357
37517
62051
32770
75011
12887
41267
50471
21069
40380
51502
30398
76179
86262
21009
74335
63605
20223
21509
48012
63207
59131
44493
17248
93201
76228
26106
64958
8213
35425
31201
2797
55116
54937
72394
47567
98192
1099
40565
37534
34741
57047
49814
8640
54178
32055
96121
61032
70206
18025
5793
71644
62021
36601
60577
66600
83236
49103
23256
6577
46550
10163
43857
70144
43239
95573
31269
10782
92704
71944
99710
90216
44374
73843
18082
51155
49838
89487
7370
89692
21098
54264
91436
78904
50101
31029
40812
87717
92823
91667
79407
57234
11779
50993
64085
58198
87639
2722
10286
14512
19928
49983
94641
96103
4709
5164
15491
16285
95870
43694
68197
4496
59191
86307
57141
8799
12733
9733
1107
90571
89698
41080
12134
77315
63919
43977
57238
66107
99323
97365
59031
92709
33706
39256
5626
64596
92948
90243
16927
79786
99054
34669
49635
23328
93493
10640
59781
46297
56418
69480
70404
69754
38596
53120
51592
59555
54402
58553
18086
10105
35663
75788
38268
19607
6092
87838
63235
8164
98525
52423
75654
20008
1916
43275
18156
67084
72491
12941
54497
80797
84379
36309
10694
36721
86871
39027
40104
99235
16897
15048
69349
67889
52017
64539
95637
1716
35919
65024
4488
92951
41051
49524
31744
38759
86430
21177
41982
52645
99935
5155
90915
3994
37978
99183
29765
24807
84230
91875
46050
83667
9452
46520
44552
71984
11245
76068
94542
41734
45542
75740
95215
64147
46468
27936
88273
32231
31485
49573
98714
36317
13518
73347
72527
26650
95195
33852
91086
757
95014
57926
12228
90382
34172
20675
99796
93729
26381
19652
72598
1553
80730
18156
8768
63876
29230
65657
75086
63419
82774
80166
56760
59249
95539
56497
87496
86253
38996
72942
96916
94443
22749
64384
36184
74672
81359
93442
93387
20372
11806
62823
62006
65673
80739
48818
16040
6120
73839
89241
44140
94882
71405
28458
28695
80182
18112
94938
60300
52446
87499
94680
90634
4437
7897
63434
71108
9999
19003
92360
31397
75717
93207
96981
71779
8046
50239
3117
38077
76444
33249
72266
5052
44676
91184
77146
89474
13473
68444
96985
34848
74094
53198
73699
76024
64257
21437
13378
68004
39090
3214
42389
14348
68859
76145
75393
33825
40637
1186
91495
92015
67787
78665
58628
15503
40603
57427
86825
16997
46822
39817
98520
92894
98573
87096
15658
36031
91073
10727
74453
22556
36150
21763
75295
10436
84305
90999
11116
72109
50305
10211
95737
98785
61848
87321
9397
85505
40620
39099
86468
46145
22462
9013
110
64165
77362
60991
57182
46131
71389
43964
51300
15291
41437
61427
10449
52851
86378
91001
39817
18017
28524
34119
60360
67601
76931
16975
37584
79876
66467
58433
44538
6411
15168
32794
26316
99251
39268
74700
45848
17369
62190
17655
37329
53196
69603
82688
93187
81562
23281
60745
1372
1174
38337
98335
38947
47566
59628
79082
66870
43314
5745
49048
39340
74907
23956
36579
44631
93939
34722
33746
71161
23169
3140
81989
8080
34910
21446
29345
61444
46119
52740
33890
21930
60607
47739
92269
85106
80273
93228
15536
67631
79740
41973
92553
83361
24764
88420
67553
98028
13563
11180
75003
11706
41795
51093
47391
21532
85539
70509
74338
49062
3469
10912
78563
68973
61147
23722
7416
27143
73107
69315
27531
91640
59262
40835
37706
34528
93166
69325
61882
38938
53728
74193
35212
51729
33661
17511
10302
34394
21434
15966
97285
46537
55676
37396
52748
6475
43690
31348
33874
69701
64505
56161
47131
79848
76927
38210
70847
99414
59199
46148
24770
67268
76697
37011
98318
72559
66712
47971
16036
57977
11797
88664
14109
72936
20652
26674
70922
74030
15405
50610
62486
36503
63776
5586
30552
46980
92651
46767
15383
86811
72750
99437
9908
72192
62390
2366
90888
23268
5907
83855
45043
12236
16156
50981
76482
27659
94390
75235
34532
82011
15902
7339
58209
65386
42640
55855
87874
32828
58066
67837
92111
93445
63780
85271
7729
50103
51687
65962
61354
83800
62621
98445
29184
30347
2667
57615
1365
77593
97536
88548
4489
94374
77594
88727
4695
60618
96794
54659
91595
9704
49343
65202
88307
79506
47127
78864
86688
18527
99683
14268
76080
87411
23133
35743
2613
42101
78822
22949
23192
42723
9793
78023
80733
64857
48333
34054
15859
40468
56972
49722
79798
61344
82989
69161
87799
71702
9135
34017
1155
74872
93919
45986
77083
48971
2614
25504
32444
56220
6493
67305
72861
78886
675
6008
93186
8776
61350
39580
30432
73262
45322
17389
61208
40716
60528
71278
37477
23894
48529
80622
5309
7604
66707
80186
16205
6582
73127
23544
15160
89810
70369
40534
89305
75990
89307
23764
22026
11260
44907
42420
47110
68237
12854
55166
26615
10909
62647
90598
26483
85360
24496
30655
68063
4571
54410
2277
79477
99716
73566
39409
56045
52772
36894
45062
35631
7192
23985
64506
96091
67198
89841
81083
29141
29771
25251
37791
78066
20563
69604
76088
41660
24067
8096
59614
36991
74659
84461
3657
35600
31621
7166
17479
8798
38180
17785
34257
76746
3999
17887
29756
78611
15787
11438
80556
93406
88929
63324
24633
76032
88870
16022
81212
88557
29479
48473
55814
9165
84322
32618
93466
69744
35507
19241
96000
85901
7030
92185
73520
26343
74440
23582
56929
41921
34845
38130
50496
48518
93071
25308
79678
60893
81331
47866
53495
46403
5417
45091
47202
92172
45692
39368
97713
75909
24315
94741
77352
6881
29069
41791
14246
52800
20656
76580
19474
25182
78255
36614
97560
21870
52910
12019
90100
35262
70934
49110
11717
45175
88376
82364
67491
19510
99661
38371
90104
78833
39970
44911
27966
93371
89798
79859
81773
15813
60617
387
98477
91195
12792
15853
868
3504
8394
16436
85894
93469
16600
33084
80489
49459
92767
55354
74267
14069
75146
78232
43181
32483
44593
62504
64720
28739
19376
25230
367
65574
99799
76659
78760
5483
81653
33255
40341
79276
58882
57914
37273
93112
59286
9369
767
10630
33918
26522
91323
85079
55841
32786
76024
67273
11793
2034
64856
88485
80779
55588
7121
50365
92646
95079
60318
67718
56153
99570
27651
32556
13931
88590
62411
96568
28845
74025
74875
36422
43584
31406
51161
91134
33813
21030
32736
96512
83713
12208
72689
73298
15601
56645
68577
25544
25660
37780
82815
3189
25745
79440
69039
95703
19260
50758
29259
45276
89588
76296
70171
43811
76392
22254
37142
99611
92292
51687
74277
45845
91396
5209
81856
92763
10425
20937
67022
24476
35428
13248
47260
81466
84064
45192
15843
84598
90035
38793
15112
88243
47774
32543
67885
89998
95636
92144
19228
19845
67011
41038
96139
9338
11400
56818
48137
55526
45974
56724
61329
14387
90228
64566
61115
17958
50773
3366
19303
87739
4292
39436
11643
3294
12894
35489
29291
23049
56817
8060
8021
41783
14100
94206
22790
13804
55757
4719
24147
46404
44444
84495
47522
48236
75896
90596
84345
32212
80467
8525
80149
32242
89087
42917
19759
32459
60673
88634
14199
20840
3918
91751
33240
85610
26346
91825
10434
89908
10652
28884
55164
37526
30508
50378
38164
52534
96207
18371
53956
52914
10382
39412
52161
25105
59608
40374
28795
88942
83331
75886
12521
38487
30763
68181
12128
94096
42142
7607
26515
55596
64472
71678
81038
73415
46473
5853
92009
92596
19986
93983
13628
69768
75250
50277
27099
99122
12260
23503
22878
53485
21105
72327
70214
68262
68705
70509
91417
398
2804
96551
17852
51086
81064
63804
54790
75187
10178
27614
59429
83495
69960
59079
61133
69365
56054
91832
50979
94331
50066
82088
88818
2526
78761
1870
94527
89708
47958
14076
21718
57939
50878
66750
61789
40760
80015
16617
81834
88673
71801
52544
99243
46603
91037
53649
22195
73499
74277
12380
50684
54881
17954
68776
90388
52596
55447
83825
89763
69528
71277
65867
29665
62371
58009
75968
93924
97749
51642
73777
20790
30907
2495
44321
96618
18982
16214
42903
80125
24984
25008
51084
46720
25518
62345
60802
94914
82377
84644
82898
66802
82036
55897
80477
94271
85964
99261
87976
94992
13618
59825
74215
64634
17800
25679
21514
63103
20776
12235
80885
73364
1763
98425
32975
14373
29673
25224
52437
21124
54992
73691
28207
14772
53388
50657
12028
40506
15313
83212
